<?xml version="1.0" encoding="UTF-8"?>
<testsuite name="hello.helpers.PatchClassTest" tests="1" skipped="0" failures="0" errors="0" timestamp="2017-04-16T10:40:52" hostname="Puget-99033" time="0.003">
  <properties/>
  <testcase name="performAPatchUpdatesTheMainObject" classname="hello.helpers.PatchClassTest" time="0.003"/>
  <system-out><![CDATA[]]></system-out>
  <system-err><![CDATA[]]></system-err>
</testsuite>
