<?xml version="1.0" encoding="UTF-8"?>
<testsuite name="hello.repositories.RoleRepositoryTest" tests="2" skipped="0" failures="0" errors="0" timestamp="2017-04-16T10:41:29" hostname="Puget-99033" time="0.694">
  <properties/>
  <testcase name="testRoleRepository1" classname="hello.repositories.RoleRepositoryTest" time="0.331"/>
  <testcase name="testRoleRepository2" classname="hello.repositories.RoleRepositoryTest" time="0.361"/>
  <system-out><![CDATA[2017-04-16 05:41:20.480  INFO 8432 --- [    Test worker] .b.t.c.SpringBootTestContextBootstrapper : Neither @ContextConfiguration nor @ContextHierarchy found for test class [hello.repositories.RoleRepositoryTest], using SpringBootContextLoader
2017-04-16 05:41:20.481  INFO 8432 --- [    Test worker] o.s.t.c.support.AbstractContextLoader    : Could not detect default resource locations for test class [hello.repositories.RoleRepositoryTest]: no resource found for suffixes {-context.xml, Context.groovy}.
2017-04-16 05:41:20.481  INFO 8432 --- [    Test worker] t.c.s.AnnotationConfigContextLoaderUtils : Could not detect default configuration classes for test class [hello.repositories.RoleRepositoryTest]: RoleRepositoryTest does not declare any static, non-private, non-final, nested classes annotated with @Configuration.
2017-04-16 05:41:20.483  INFO 8432 --- [    Test worker] .b.t.c.SpringBootTestContextBootstrapper : Found @SpringBootConfiguration hello.Application for test class hello.repositories.RoleRepositoryTest
2017-04-16 05:41:20.485  INFO 8432 --- [    Test worker] .b.t.c.SpringBootTestContextBootstrapper : Loaded default TestExecutionListener class names from location [META-INF/spring.factories]: [org.springframework.test.context.web.ServletTestExecutionListener, org.springframework.test.context.support.DirtiesContextBeforeModesTestExecutionListener, org.springframework.test.context.support.DependencyInjectionTestExecutionListener, org.springframework.test.context.support.DirtiesContextTestExecutionListener, org.springframework.test.context.transaction.TransactionalTestExecutionListener, org.springframework.test.context.jdbc.SqlScriptsTestExecutionListener, org.springframework.boot.test.mock.mockito.MockitoTestExecutionListener, org.springframework.boot.test.mock.mockito.ResetMocksTestExecutionListener, org.springframework.boot.test.autoconfigure.restdocs.RestDocsTestExecutionListener, org.springframework.boot.test.autoconfigure.web.client.MockRestServiceServerResetTestExecutionListener, org.springframework.boot.test.autoconfigure.web.servlet.MockMvcPrintOnlyOnFailureTestExecutionListener, org.springframework.boot.test.autoconfigure.web.servlet.WebDriverTestExecutionListener]
2017-04-16 05:41:20.486  INFO 8432 --- [    Test worker] .b.t.c.SpringBootTestContextBootstrapper : Using TestExecutionListeners: [org.springframework.test.context.web.ServletTestExecutionListener@3ddb6196, org.springframework.test.context.support.DirtiesContextBeforeModesTestExecutionListener@568e1980, org.springframework.boot.test.autoconfigure.SpringBootDependencyInjectionTestExecutionListener@6dae29fb, org.springframework.test.context.support.DirtiesContextTestExecutionListener@4eb78288, org.springframework.test.context.transaction.TransactionalTestExecutionListener@28868d19, org.springframework.test.context.jdbc.SqlScriptsTestExecutionListener@e62c390, org.springframework.boot.test.autoconfigure.web.servlet.WebDriverTestExecutionListener@121fd256, org.springframework.boot.test.autoconfigure.restdocs.RestDocsTestExecutionListener@604ea15f, org.springframework.boot.test.autoconfigure.web.servlet.MockMvcPrintOnlyOnFailureTestExecutionListener@7c3c060a, org.springframework.boot.test.mock.mockito.ResetMocksTestExecutionListener@645a245e, org.springframework.boot.test.mock.mockito.MockitoTestExecutionListener@8bbd7e1, org.springframework.boot.test.autoconfigure.web.client.MockRestServiceServerResetTestExecutionListener@1deadbf0]

  .   ____          _            __ _ _
 /\\ / ___'_ __ _ _(_)_ __  __ _ \ \ \ \
( ( )\___ | '_ | '_| | '_ \/ _` | \ \ \ \
 \\/  ___)| |_)| | | | | || (_| |  ) ) ) )
  '  |____| .__|_| |_|_| |_\__, | / / / /
 =========|_|==============|___/=/_/_/_/
 :: Spring Boot ::        (v1.4.4.RELEASE)

2017-04-16 05:41:20.516  INFO 8432 --- [    Test worker] hello.repositories.RoleRepositoryTest    : Starting RoleRepositoryTest on Puget-99033 with PID 8432 (started by Hector in D:\SHRPAS_Project)
2017-04-16 05:41:20.516  INFO 8432 --- [    Test worker] hello.repositories.RoleRepositoryTest    : The following profiles are active: production
2017-04-16 05:41:20.516  INFO 8432 --- [    Test worker] s.c.a.AnnotationConfigApplicationContext : Refreshing org.springframework.context.annotation.AnnotationConfigApplicationContext@786d31b1: startup date [Sun Apr 16 05:41:20 CDT 2017]; root of context hierarchy
2017-04-16 05:41:20.785  INFO 8432 --- [    Test worker] j.LocalContainerEntityManagerFactoryBean : Building JPA container EntityManagerFactory for persistence unit 'default'
2017-04-16 05:41:20.785  INFO 8432 --- [    Test worker] org.hibernate.ejb.Ejb3Configuration      : HHH000204: Processing PersistenceUnitInfo [
	name: default
	...]
2017-04-16 05:41:20.792  INFO 8432 --- [    Test worker] o.h.s.j.c.i.ConnectionProviderInitiator  : HHH000130: Instantiating explicit connection provider: org.hibernate.ejb.connection.InjectedDataSourceConnectionProvider
2017-04-16 05:41:23.652  INFO 8432 --- [    Test worker] org.hibernate.dialect.Dialect            : HHH000400: Using dialect: org.hibernate.dialect.MySQLDialect
2017-04-16 05:41:23.652  INFO 8432 --- [    Test worker] o.h.e.t.i.TransactionFactoryInitiator    : HHH000268: Transaction strategy: org.hibernate.engine.transaction.internal.jdbc.JdbcTransactionFactory
2017-04-16 05:41:23.652  INFO 8432 --- [    Test worker] o.h.h.i.ast.ASTQueryTranslatorFactory    : HHH000397: Using ASTQueryTranslatorFactory
2017-04-16 05:41:23.677  INFO 8432 --- [    Test worker] org.hibernate.tool.hbm2ddl.SchemaExport  : HHH000227: Running hbm2ddl schema export
Hibernate: alter table FileResource drop foreign key FKA9E235CAB48D8B31
Hibernate: alter table TargetGroup drop foreign key FKE5D68F4E7B9A9682
Hibernate: alter table UserSession drop foreign key FKC7BC0C2B851F324
Hibernate: alter table assessment_question drop foreign key FK4C78B0C37B9A9682
Hibernate: alter table assessment_question drop foreign key FK4C78B0C343BE3602
Hibernate: alter table group_participant drop foreign key FK79CA7D732B9D2B41
Hibernate: alter table group_participant drop foreign key FK79CA7D73C2A00DD2
Hibernate: alter table user drop foreign key FK36EBCB64557002
Hibernate: alter table users_assessments drop foreign key FK8659C23A98033E2
Hibernate: alter table users_assessments drop foreign key FK8659C23A7B9A9682
Hibernate: alter table users_targetgroups drop foreign key FK1049037C98033E2
Hibernate: alter table users_targetgroups drop foreign key FK1049037C2B9D2B41
Hibernate: drop table if exists FileResource
Hibernate: drop table if exists Participant
Hibernate: drop table if exists Question
Hibernate: drop table if exists Quiz
Hibernate: drop table if exists Role
Hibernate: drop table if exists TargetGroup
Hibernate: drop table if exists UserSession
Hibernate: drop table if exists assessment
Hibernate: drop table if exists assessment_question
Hibernate: drop table if exists group_participant
Hibernate: drop table if exists user
Hibernate: drop table if exists users_assessments
Hibernate: drop table if exists users_targetgroups
Hibernate: create table FileResource (fileResourceId CHAR(40) not null, fileDescription varchar(255), fileName varchar(255), filePath varchar(255), uploadedBy_username varchar(255), primary key (fileResourceId))
Hibernate: create table Participant (id integer not null auto_increment, email varchar(255), name varchar(255), phone varchar(255), primary key (id))
Hibernate: create table Question (id integer not null auto_increment, content varchar(255), hasHint boolean not null, hint varchar(255), status varchar(255), type varchar(255), primary key (id))
Hibernate: create table Quiz (id integer not null auto_increment, Content varchar(255), Status varchar(255), Type varchar(255), primary key (id))
Hibernate: create table Role (id integer not null, role varchar(255), primary key (id))
Hibernate: create table TargetGroup (id integer not null auto_increment, name varchar(255), assessment_id integer, primary key (id))
Hibernate: create table UserSession (SessionID CHAR(40) not null, LinkedUser_username varchar(255), primary key (SessionID))
Hibernate: create table assessment (id integer not null auto_increment, allowed_time_sec integer, createdAt datetime, expirationDate datetime, istimed boolean, name varchar(255), subtitle varchar(255), primary key (id))
Hibernate: create table assessment_question (assessment_id integer not null, question_id integer not null, primary key (assessment_id, question_id))
Hibernate: create table group_participant (group_id integer not null, participant_id integer not null, primary key (group_id, participant_id))
Hibernate: create table user (username varchar(255) not null unique, email varchar(255), organization varchar(255), password varchar(255) not null, title varchar(255), role_id integer, primary key (username))
Hibernate: create table users_assessments (assessment_id integer not null, user_id varchar(255) not null, primary key (assessment_id, user_id))
Hibernate: create table users_targetgroups (group_id integer not null, user_id varchar(255) not null, primary key (group_id, user_id))
Hibernate: alter table FileResource add index FKA9E235CAB48D8B31 (uploadedBy_username), add constraint FKA9E235CAB48D8B31 foreign key (uploadedBy_username) references user (username)
Hibernate: alter table TargetGroup add index FKE5D68F4E7B9A9682 (assessment_id), add constraint FKE5D68F4E7B9A9682 foreign key (assessment_id) references assessment (id)
Hibernate: alter table UserSession add index FKC7BC0C2B851F324 (LinkedUser_username), add constraint FKC7BC0C2B851F324 foreign key (LinkedUser_username) references user (username)
Hibernate: alter table assessment_question add index FK4C78B0C37B9A9682 (assessment_id), add constraint FK4C78B0C37B9A9682 foreign key (assessment_id) references assessment (id)
Hibernate: alter table assessment_question add index FK4C78B0C343BE3602 (question_id), add constraint FK4C78B0C343BE3602 foreign key (question_id) references Question (id)
Hibernate: alter table group_participant add index FK79CA7D732B9D2B41 (group_id), add constraint FK79CA7D732B9D2B41 foreign key (group_id) references TargetGroup (id)
Hibernate: alter table group_participant add index FK79CA7D73C2A00DD2 (participant_id), add constraint FK79CA7D73C2A00DD2 foreign key (participant_id) references Participant (id)
Hibernate: alter table user add index FK36EBCB64557002 (role_id), add constraint FK36EBCB64557002 foreign key (role_id) references Role (id)
Hibernate: alter table users_assessments add index FK8659C23A98033E2 (user_id), add constraint FK8659C23A98033E2 foreign key (user_id) references user (username)
Hibernate: alter table users_assessments add index FK8659C23A7B9A9682 (assessment_id), add constraint FK8659C23A7B9A9682 foreign key (assessment_id) references assessment (id)
Hibernate: alter table users_targetgroups add index FK1049037C98033E2 (user_id), add constraint FK1049037C98033E2 foreign key (user_id) references user (username)
Hibernate: alter table users_targetgroups add index FK1049037C2B9D2B41 (group_id), add constraint FK1049037C2B9D2B41 foreign key (group_id) references TargetGroup (id)
2017-04-16 05:41:28.053  INFO 8432 --- [    Test worker] org.hibernate.tool.hbm2ddl.SchemaExport  : HHH000230: Schema export complete
2017-04-16 05:41:28.058  WARN 8432 --- [    Test worker] o.h.e.i.EntityManagerFactoryRegistry     : HHH000436: Entity manager factory name (default) is already registered.  If entity manager will be clustered or passivated, specify a unique value for property 'hibernate.ejb.entitymanager_factory_name'
2017-04-16 05:41:28.058  INFO 8432 --- [    Test worker] j.LocalContainerEntityManagerFactoryBean : Initialized JPA EntityManagerFactory for persistence unit 'default'
Hibernate: select role0_.id as id907_0_, role0_.role as role907_0_ from Role role0_ where role0_.id=?
Hibernate: insert into Role (role, id) values (?, ?)
Hibernate: select user0_.username as username909_0_, user0_.email as email909_0_, user0_.organization as organiza3_909_0_, user0_.password as password909_0_, user0_.role_id as role6_909_0_, user0_.title as title909_0_ from user user0_ where user0_.username=?
Hibernate: select role0_.id as id907_0_, role0_.role as role907_0_ from Role role0_ where role0_.id=?
Hibernate: insert into user (email, organization, password, role_id, title, username) values (?, ?, ?, ?, ?, ?)
Hibernate: select user0_.username as username909_0_, user0_.email as email909_0_, user0_.organization as organiza3_909_0_, user0_.password as password909_0_, user0_.role_id as role6_909_0_, user0_.title as title909_0_ from user user0_ where user0_.username=?
Hibernate: select role0_.id as id907_0_, role0_.role as role907_0_ from Role role0_ where role0_.id=?
Hibernate: insert into user (email, organization, password, role_id, title, username) values (?, ?, ?, ?, ?, ?)
Hibernate: select user0_.username as username909_0_, user0_.email as email909_0_, user0_.organization as organiza3_909_0_, user0_.password as password909_0_, user0_.role_id as role6_909_0_, user0_.title as title909_0_ from user user0_ where user0_.username=?
Hibernate: select role0_.id as id907_0_, role0_.role as role907_0_ from Role role0_ where role0_.id=?
Hibernate: insert into user (email, organization, password, role_id, title, username) values (?, ?, ?, ?, ?, ?)
Hibernate: select user0_.username as username909_0_, user0_.email as email909_0_, user0_.organization as organiza3_909_0_, user0_.password as password909_0_, user0_.role_id as role6_909_0_, user0_.title as title909_0_ from user user0_ where user0_.username=?
Hibernate: select role0_.id as id907_0_, role0_.role as role907_0_ from Role role0_ where role0_.id=?
Hibernate: insert into user (email, organization, password, role_id, title, username) values (?, ?, ?, ?, ?, ?)
Hibernate: select user0_.username as username909_0_, user0_.email as email909_0_, user0_.organization as organiza3_909_0_, user0_.password as password909_0_, user0_.role_id as role6_909_0_, user0_.title as title909_0_ from user user0_ where user0_.username=?
Hibernate: select role0_.id as id907_0_, role0_.role as role907_0_ from Role role0_ where role0_.id=?
Hibernate: insert into user (email, organization, password, role_id, title, username) values (?, ?, ?, ?, ?, ?)
2017-04-16 05:41:29.912  INFO 8432 --- [    Test worker] hello.repositories.RoleRepositoryTest    : Started RoleRepositoryTest in 9.422 seconds (JVM running for 500.629)
2017-04-16 05:41:30.020  INFO 8432 --- [    Test worker] o.s.t.c.transaction.TransactionContext   : Began transaction (1) for test context [DefaultTestContext@56ce6dfb testClass = RoleRepositoryTest, testInstance = hello.repositories.RoleRepositoryTest@2100e586, testMethod = testRoleRepository1@RoleRepositoryTest, testException = [null], mergedContextConfiguration = [MergedContextConfiguration@713cd48d testClass = RoleRepositoryTest, locations = '{}', classes = '{class hello.Application}', contextInitializerClasses = '[]', activeProfiles = '{}', propertySourceLocations = '{}', propertySourceProperties = '{org.springframework.boot.test.context.SpringBootTestContextBootstrapper=true}', contextCustomizers = set[org.springframework.boot.test.context.ImportsContextCustomizer@9eb2aee9, org.springframework.boot.test.context.filter.ExcludeFilterContextCustomizer@6addc39f, org.springframework.boot.test.mock.mockito.MockitoContextCustomizer@8cad61d6, org.springframework.boot.test.autoconfigure.OverrideAutoConfigurationContextCustomizerFactory$DisableAutoConfigurationContextCustomizer@238ec062, org.springframework.boot.test.autoconfigure.filter.TypeExcludeFiltersContextCustomizer@2e1fca17, org.springframework.boot.test.autoconfigure.properties.PropertyMappingContextCustomizer@6158aea3, org.springframework.boot.test.autoconfigure.web.servlet.WebDriverContextCustomizerFactory$Customizer@29c2ae0], contextLoader = 'org.springframework.boot.test.context.SpringBootContextLoader', parent = [null]]]; transaction manager [org.springframework.orm.jpa.JpaTransactionManager@4052df00]; rollback [true]
Hibernate: select role0_.id as id907_0_, role0_.role as role907_0_ from Role role0_ where role0_.id=?
Hibernate: update Role set role=? where id=?
Hibernate: select count(*) as col_0_0_ from Role role0_ limit ?
2017-04-16 05:41:30.251  INFO 8432 --- [    Test worker] o.s.t.c.transaction.TransactionContext   : Rolled back transaction for test context [DefaultTestContext@56ce6dfb testClass = RoleRepositoryTest, testInstance = hello.repositories.RoleRepositoryTest@2100e586, testMethod = testRoleRepository1@RoleRepositoryTest, testException = [null], mergedContextConfiguration = [MergedContextConfiguration@713cd48d testClass = RoleRepositoryTest, locations = '{}', classes = '{class hello.Application}', contextInitializerClasses = '[]', activeProfiles = '{}', propertySourceLocations = '{}', propertySourceProperties = '{org.springframework.boot.test.context.SpringBootTestContextBootstrapper=true}', contextCustomizers = set[org.springframework.boot.test.context.ImportsContextCustomizer@9eb2aee9, org.springframework.boot.test.context.filter.ExcludeFilterContextCustomizer@6addc39f, org.springframework.boot.test.mock.mockito.MockitoContextCustomizer@8cad61d6, org.springframework.boot.test.autoconfigure.OverrideAutoConfigurationContextCustomizerFactory$DisableAutoConfigurationContextCustomizer@238ec062, org.springframework.boot.test.autoconfigure.filter.TypeExcludeFiltersContextCustomizer@2e1fca17, org.springframework.boot.test.autoconfigure.properties.PropertyMappingContextCustomizer@6158aea3, org.springframework.boot.test.autoconfigure.web.servlet.WebDriverContextCustomizerFactory$Customizer@29c2ae0], contextLoader = 'org.springframework.boot.test.context.SpringBootContextLoader', parent = [null]]].
2017-04-16 05:41:30.375  INFO 8432 --- [    Test worker] o.s.t.c.transaction.TransactionContext   : Began transaction (1) for test context [DefaultTestContext@56ce6dfb testClass = RoleRepositoryTest, testInstance = hello.repositories.RoleRepositoryTest@716d3519, testMethod = testRoleRepository2@RoleRepositoryTest, testException = [null], mergedContextConfiguration = [MergedContextConfiguration@713cd48d testClass = RoleRepositoryTest, locations = '{}', classes = '{class hello.Application}', contextInitializerClasses = '[]', activeProfiles = '{}', propertySourceLocations = '{}', propertySourceProperties = '{org.springframework.boot.test.context.SpringBootTestContextBootstrapper=true}', contextCustomizers = set[org.springframework.boot.test.context.ImportsContextCustomizer@9eb2aee9, org.springframework.boot.test.context.filter.ExcludeFilterContextCustomizer@6addc39f, org.springframework.boot.test.mock.mockito.MockitoContextCustomizer@8cad61d6, org.springframework.boot.test.autoconfigure.OverrideAutoConfigurationContextCustomizerFactory$DisableAutoConfigurationContextCustomizer@238ec062, org.springframework.boot.test.autoconfigure.filter.TypeExcludeFiltersContextCustomizer@2e1fca17, org.springframework.boot.test.autoconfigure.properties.PropertyMappingContextCustomizer@6158aea3, org.springframework.boot.test.autoconfigure.web.servlet.WebDriverContextCustomizerFactory$Customizer@29c2ae0], contextLoader = 'org.springframework.boot.test.context.SpringBootContextLoader', parent = [null]]]; transaction manager [org.springframework.orm.jpa.JpaTransactionManager@4052df00]; rollback [true]
Hibernate: select role0_.id as id907_0_, role0_.role as role907_0_ from Role role0_ where role0_.id=?
Hibernate: insert into Role (role, id) values (?, ?)
Hibernate: select count(*) as col_0_0_ from Role role0_ limit ?
2017-04-16 05:41:30.614  INFO 8432 --- [    Test worker] o.s.t.c.transaction.TransactionContext   : Rolled back transaction for test context [DefaultTestContext@56ce6dfb testClass = RoleRepositoryTest, testInstance = hello.repositories.RoleRepositoryTest@716d3519, testMethod = testRoleRepository2@RoleRepositoryTest, testException = [null], mergedContextConfiguration = [MergedContextConfiguration@713cd48d testClass = RoleRepositoryTest, locations = '{}', classes = '{class hello.Application}', contextInitializerClasses = '[]', activeProfiles = '{}', propertySourceLocations = '{}', propertySourceProperties = '{org.springframework.boot.test.context.SpringBootTestContextBootstrapper=true}', contextCustomizers = set[org.springframework.boot.test.context.ImportsContextCustomizer@9eb2aee9, org.springframework.boot.test.context.filter.ExcludeFilterContextCustomizer@6addc39f, org.springframework.boot.test.mock.mockito.MockitoContextCustomizer@8cad61d6, org.springframework.boot.test.autoconfigure.OverrideAutoConfigurationContextCustomizerFactory$DisableAutoConfigurationContextCustomizer@238ec062, org.springframework.boot.test.autoconfigure.filter.TypeExcludeFiltersContextCustomizer@2e1fca17, org.springframework.boot.test.autoconfigure.properties.PropertyMappingContextCustomizer@6158aea3, org.springframework.boot.test.autoconfigure.web.servlet.WebDriverContextCustomizerFactory$Customizer@29c2ae0], contextLoader = 'org.springframework.boot.test.context.SpringBootContextLoader', parent = [null]]].
2017-04-16 05:41:30.615  INFO 8432 --- [    Test worker] s.c.a.AnnotationConfigApplicationContext : Closing org.springframework.context.annotation.AnnotationConfigApplicationContext@786d31b1: startup date [Sun Apr 16 05:41:20 CDT 2017]; root of context hierarchy
2017-04-16 05:41:30.616  INFO 8432 --- [    Test worker] j.LocalContainerEntityManagerFactoryBean : Closing JPA EntityManagerFactory for persistence unit 'default'
]]></system-out>
  <system-err><![CDATA[]]></system-err>
</testsuite>
