<?xml version="1.0" encoding="UTF-8"?>
<testsuite name="hello.controllers.AssessmentControllerTest" tests="14" skipped="0" failures="0" errors="0" timestamp="2017-04-04T18:38:27" hostname="Puget-99033" time="0.686">
  <properties/>
  <testcase name="deletingAnAssessmentWillReturnTrueAndOkStatus" classname="hello.controllers.AssessmentControllerTest" time="0.195"/>
  <testcase name="addingAnAssessmentReturnsAnOkStatusAndAssessmentJSON" classname="hello.controllers.AssessmentControllerTest" time="0.209"/>
  <testcase name="gettingNonExistingAssessmentReturnsABadRequest" classname="hello.controllers.AssessmentControllerTest" time="0.032"/>
  <testcase name="updatingAnAssessmentShouldUpdateAssessmentAndReturnOk" classname="hello.controllers.AssessmentControllerTest" time="0.031"/>
  <testcase name="addingQuestionToNullAssessmentThrowsException" classname="hello.controllers.AssessmentControllerTest" time="0.015"/>
  <testcase name="addUserToAssessment" classname="hello.controllers.AssessmentControllerTest" time="0.016"/>
  <testcase name="getAllAssessmentsForUser" classname="hello.controllers.AssessmentControllerTest" time="0.031"/>
  <testcase name="addingExistingQuestionToNullAssessmentThrowsException" classname="hello.controllers.AssessmentControllerTest" time="0.016"/>
  <testcase name="addingExistingQuestionToAssessmentReturnsAnAssessmentWithAQuestion" classname="hello.controllers.AssessmentControllerTest" time="0.015"/>
  <testcase name="gettingAssessmentReturnsAnAssessment" classname="hello.controllers.AssessmentControllerTest" time="0.032"/>
  <testcase name="addingNullQuestionToExistingAssessmentThrowsException" classname="hello.controllers.AssessmentControllerTest" time="0.015"/>
  <testcase name="nullAssessmentShouldThrowException" classname="hello.controllers.AssessmentControllerTest" time="0.031"/>
  <testcase name="addingQuestionToAssessmentReturnsAnAssessmentWithAQuestion" classname="hello.controllers.AssessmentControllerTest" time="0.016"/>
  <testcase name="deletingANonExistingAssessmentWillThrowException" classname="hello.controllers.AssessmentControllerTest" time="0.016"/>
  <system-out><![CDATA[13:38:16.614 [Test worker] DEBUG org.springframework.test.context.junit4.SpringJUnit4ClassRunner - SpringJUnit4ClassRunner constructor called with [class hello.controllers.AssessmentControllerTest]
13:38:16.614 [Test worker] DEBUG org.springframework.test.context.BootstrapUtils - Instantiating CacheAwareContextLoaderDelegate from class [org.springframework.test.context.cache.DefaultCacheAwareContextLoaderDelegate]
13:38:16.630 [Test worker] DEBUG org.springframework.test.context.BootstrapUtils - Instantiating BootstrapContext using constructor [public org.springframework.test.context.support.DefaultBootstrapContext(java.lang.Class,org.springframework.test.context.CacheAwareContextLoaderDelegate)]
13:38:16.661 [Test worker] DEBUG org.springframework.test.context.BootstrapUtils - Instantiating TestContextBootstrapper for test class [hello.controllers.AssessmentControllerTest] from class [org.springframework.boot.test.context.SpringBootTestContextBootstrapper]
13:38:16.661 [Test worker] INFO org.springframework.boot.test.context.SpringBootTestContextBootstrapper - Neither @ContextConfiguration nor @ContextHierarchy found for test class [hello.controllers.AssessmentControllerTest], using SpringBootContextLoader
13:38:16.677 [Test worker] DEBUG org.springframework.test.context.support.AbstractContextLoader - Did not detect default resource location for test class [hello.controllers.AssessmentControllerTest]: class path resource [hello/controllers/AssessmentControllerTest-context.xml] does not exist
13:38:16.677 [Test worker] DEBUG org.springframework.test.context.support.AbstractContextLoader - Did not detect default resource location for test class [hello.controllers.AssessmentControllerTest]: class path resource [hello/controllers/AssessmentControllerTestContext.groovy] does not exist
13:38:16.677 [Test worker] INFO org.springframework.test.context.support.AbstractContextLoader - Could not detect default resource locations for test class [hello.controllers.AssessmentControllerTest]: no resource found for suffixes {-context.xml, Context.groovy}.
13:38:16.739 [Test worker] DEBUG org.springframework.test.context.support.ActiveProfilesUtils - Could not find an 'annotation declaring class' for annotation type [org.springframework.test.context.ActiveProfiles] and class [hello.controllers.AssessmentControllerTest]
13:38:16.770 [Test worker] DEBUG org.springframework.boot.test.context.SpringBootTestContextBootstrapper - @TestExecutionListeners is not present for class [hello.controllers.AssessmentControllerTest]: using defaults.
13:38:16.770 [Test worker] INFO org.springframework.boot.test.context.SpringBootTestContextBootstrapper - Loaded default TestExecutionListener class names from location [META-INF/spring.factories]: [org.springframework.test.context.web.ServletTestExecutionListener, org.springframework.test.context.support.DirtiesContextBeforeModesTestExecutionListener, org.springframework.test.context.support.DependencyInjectionTestExecutionListener, org.springframework.test.context.support.DirtiesContextTestExecutionListener, org.springframework.test.context.transaction.TransactionalTestExecutionListener, org.springframework.test.context.jdbc.SqlScriptsTestExecutionListener, org.springframework.boot.test.mock.mockito.MockitoTestExecutionListener, org.springframework.boot.test.mock.mockito.ResetMocksTestExecutionListener, org.springframework.boot.test.autoconfigure.restdocs.RestDocsTestExecutionListener, org.springframework.boot.test.autoconfigure.web.client.MockRestServiceServerResetTestExecutionListener, org.springframework.boot.test.autoconfigure.web.servlet.MockMvcPrintOnlyOnFailureTestExecutionListener, org.springframework.boot.test.autoconfigure.web.servlet.WebDriverTestExecutionListener]
13:38:16.802 [Test worker] INFO org.springframework.boot.test.context.SpringBootTestContextBootstrapper - Using TestExecutionListeners: [org.springframework.test.context.web.ServletTestExecutionListener@278f3802, org.springframework.test.context.support.DirtiesContextBeforeModesTestExecutionListener@3b59cd2, org.springframework.boot.test.autoconfigure.SpringBootDependencyInjectionTestExecutionListener@25a969e8, org.springframework.test.context.support.DirtiesContextTestExecutionListener@59cbddac, org.springframework.test.context.transaction.TransactionalTestExecutionListener@75aa1bf, org.springframework.test.context.jdbc.SqlScriptsTestExecutionListener@2826fe8a, org.springframework.boot.test.autoconfigure.restdocs.RestDocsTestExecutionListener@462e344f, org.springframework.boot.test.autoconfigure.web.client.MockRestServiceServerResetTestExecutionListener@418fb79b, org.springframework.boot.test.mock.mockito.MockitoTestExecutionListener@130ab14c, org.springframework.boot.test.mock.mockito.ResetMocksTestExecutionListener@cc7df09, org.springframework.boot.test.autoconfigure.web.servlet.WebDriverTestExecutionListener@3bfc0e92, org.springframework.boot.test.autoconfigure.web.servlet.MockMvcPrintOnlyOnFailureTestExecutionListener@7f35519]
13:38:16.817 [Test worker] DEBUG org.springframework.test.annotation.ProfileValueUtils - Retrieved @ProfileValueSourceConfiguration [null] for test class [hello.controllers.AssessmentControllerTest]
13:38:16.817 [Test worker] DEBUG org.springframework.test.annotation.ProfileValueUtils - Retrieved ProfileValueSource type [class org.springframework.test.annotation.SystemProfileValueSource] for class [hello.controllers.AssessmentControllerTest]
13:38:16.817 [Test worker] DEBUG org.springframework.test.annotation.ProfileValueUtils - Retrieved @ProfileValueSourceConfiguration [null] for test class [hello.controllers.AssessmentControllerTest]
13:38:16.817 [Test worker] DEBUG org.springframework.test.annotation.ProfileValueUtils - Retrieved ProfileValueSource type [class org.springframework.test.annotation.SystemProfileValueSource] for class [hello.controllers.AssessmentControllerTest]
13:38:16.817 [Test worker] DEBUG org.springframework.test.context.support.AbstractDirtiesContextTestExecutionListener - Before test class: context [DefaultTestContext@3795ea52 testClass = AssessmentControllerTest, testInstance = [null], testMethod = [null], testException = [null], mergedContextConfiguration = [WebMergedContextConfiguration@675ae285 testClass = AssessmentControllerTest, locations = '{}', classes = '{class hello.Application, class hello.Application}', contextInitializerClasses = '[]', activeProfiles = '{}', propertySourceLocations = '{}', propertySourceProperties = '{org.springframework.boot.test.context.SpringBootTestContextBootstrapper=true}', contextCustomizers = set[org.springframework.test.context.web.socket.MockServerContainerContextCustomizer@36af801b, org.springframework.boot.test.context.SpringBootTestContextCustomizer@726f7bca, org.springframework.boot.test.context.filter.ExcludeFilterContextCustomizer@1fb2e490, org.springframework.boot.test.mock.mockito.MockitoContextCustomizer@0, org.springframework.boot.test.autoconfigure.properties.PropertyMappingContextCustomizer@0, org.springframework.boot.test.autoconfigure.web.servlet.WebDriverContextCustomizerFactory$Customizer@20adce09], resourceBasePath = 'src/main/webapp', contextLoader = 'org.springframework.boot.test.context.SpringBootContextLoader', parent = [null]]], class annotated with @DirtiesContext [true] with mode [AFTER_CLASS].
13:38:16.817 [Test worker] DEBUG org.springframework.test.annotation.ProfileValueUtils - Retrieved @ProfileValueSourceConfiguration [null] for test class [hello.controllers.AssessmentControllerTest]
13:38:16.817 [Test worker] DEBUG org.springframework.test.annotation.ProfileValueUtils - Retrieved ProfileValueSource type [class org.springframework.test.annotation.SystemProfileValueSource] for class [hello.controllers.AssessmentControllerTest]
13:38:16.942 [Test worker] DEBUG org.springframework.core.env.StandardEnvironment - Adding [systemProperties] PropertySource with lowest search precedence
13:38:16.942 [Test worker] DEBUG org.springframework.core.env.StandardEnvironment - Adding [systemEnvironment] PropertySource with lowest search precedence
13:38:16.942 [Test worker] DEBUG org.springframework.core.env.StandardEnvironment - Initialized StandardEnvironment with PropertySources [systemProperties,systemEnvironment]
13:38:16.942 [Test worker] DEBUG org.springframework.test.context.support.TestPropertySourceUtils - Adding inlined properties to environment: {spring.jmx.enabled=false, org.springframework.boot.test.context.SpringBootTestContextBootstrapper=true, server.port=-1}
13:38:16.942 [Test worker] DEBUG org.springframework.core.env.StandardEnvironment - Adding [Inlined Test Properties] PropertySource with highest search precedence

  .   ____          _            __ _ _
 /\\ / ___'_ __ _ _(_)_ __  __ _ \ \ \ \
( ( )\___ | '_ | '_| | '_ \/ _` | \ \ \ \
 \\/  ___)| |_)| | | | | || (_| |  ) ) ) )
  '  |____| .__|_| |_|_| |_\__, | / / / /
 =========|_|==============|___/=/_/_/_/
 :: Spring Boot ::        (v1.4.4.RELEASE)

2017-04-04 13:38:17.614  INFO 8664 --- [    Test worker] h.controllers.AssessmentControllerTest   : Starting AssessmentControllerTest on Puget-99033 with PID 8664 (started by Hector in D:\SHRPAS_Project)
2017-04-04 13:38:17.614  INFO 8664 --- [    Test worker] h.controllers.AssessmentControllerTest   : The following profiles are active: developer
2017-04-04 13:38:18.005  INFO 8664 --- [    Test worker] o.s.w.c.s.GenericWebApplicationContext   : Refreshing org.springframework.web.context.support.GenericWebApplicationContext@37887e98: startup date [Tue Apr 04 13:38:17 CDT 2017]; root of context hierarchy
2017-04-04 13:38:19.704  INFO 8664 --- [    Test worker] o.s.b.f.s.DefaultListableBeanFactory     : Overriding bean definition for bean 'managementServletContext' with a different definition: replacing [Root bean: class [null]; scope=; abstract=false; lazyInit=false; autowireMode=3; dependencyCheck=0; autowireCandidate=true; primary=false; factoryBeanName=org.springframework.boot.actuate.autoconfigure.EndpointWebMvcHypermediaManagementContextConfiguration; factoryMethodName=managementServletContext; initMethodName=null; destroyMethodName=(inferred); defined in class path resource [org/springframework/boot/actuate/autoconfigure/EndpointWebMvcHypermediaManagementContextConfiguration.class]] with [Root bean: class [null]; scope=; abstract=false; lazyInit=false; autowireMode=3; dependencyCheck=0; autowireCandidate=true; primary=false; factoryBeanName=org.springframework.boot.actuate.autoconfigure.EndpointWebMvcAutoConfiguration; factoryMethodName=managementServletContext; initMethodName=null; destroyMethodName=(inferred); defined in class path resource [org/springframework/boot/actuate/autoconfigure/EndpointWebMvcAutoConfiguration.class]]
2017-04-04 13:38:20.630  INFO 8664 --- [    Test worker] trationDelegate$BeanPostProcessorChecker : Bean 'org.springframework.transaction.annotation.ProxyTransactionManagementConfiguration' of type [class org.springframework.transaction.annotation.ProxyTransactionManagementConfiguration$$EnhancerBySpringCGLIB$$a51e0bb4] is not eligible for getting processed by all BeanPostProcessors (for example: not eligible for auto-proxying)
2017-04-04 13:38:21.131  INFO 8664 --- [    Test worker] j.LocalContainerEntityManagerFactoryBean : Building JPA container EntityManagerFactory for persistence unit 'default'
2017-04-04 13:38:21.287  INFO 8664 --- [    Test worker] o.hibernate.annotations.common.Version   : HCANN000001: Hibernate Commons Annotations {4.0.1.Final}
2017-04-04 13:38:21.287  INFO 8664 --- [    Test worker] org.hibernate.Version                    : HHH000412: Hibernate Core {4.1.0.Final}
2017-04-04 13:38:21.287  INFO 8664 --- [    Test worker] org.hibernate.cfg.Environment            : HHH000205: Loaded properties from resource hibernate.properties: {spring.jpa.hibernate.naming.implicit-strategy=org.hibernate.boot.model.naming.ImplicitNamingStrategyLegacyJpaImpl, hibernate.bytecode.use_reflection_optimizer=false, spring.jpa.hibernate.naming.physical-strategy=org.hibernate.boot.model.naming.PhysicalNamingStrategyStandardImpl}
2017-04-04 13:38:21.287  INFO 8664 --- [    Test worker] org.hibernate.cfg.Environment            : HHH000021: Bytecode provider name : javassist
2017-04-04 13:38:21.321  INFO 8664 --- [    Test worker] org.hibernate.ejb.Ejb3Configuration      : HHH000204: Processing PersistenceUnitInfo [
	name: default
	...]
2017-04-04 13:38:21.568  INFO 8664 --- [    Test worker] o.h.s.j.c.i.ConnectionProviderInitiator  : HHH000130: Instantiating explicit connection provider: org.hibernate.ejb.connection.InjectedDataSourceConnectionProvider
2017-04-04 13:38:21.974  INFO 8664 --- [    Test worker] org.hibernate.dialect.Dialect            : HHH000400: Using dialect: org.hibernate.dialect.MySQLDialect
2017-04-04 13:38:21.990  INFO 8664 --- [    Test worker] o.h.e.t.i.TransactionFactoryInitiator    : HHH000268: Transaction strategy: org.hibernate.engine.transaction.internal.jdbc.JdbcTransactionFactory
2017-04-04 13:38:21.990  INFO 8664 --- [    Test worker] o.h.h.i.ast.ASTQueryTranslatorFactory    : HHH000397: Using ASTQueryTranslatorFactory
2017-04-04 13:38:22.318  INFO 8664 --- [    Test worker] org.hibernate.tool.hbm2ddl.SchemaExport  : HHH000227: Running hbm2ddl schema export
2017-04-04 13:38:23.943  INFO 8664 --- [    Test worker] org.hibernate.tool.hbm2ddl.SchemaExport  : HHH000230: Schema export complete
2017-04-04 13:38:24.006  INFO 8664 --- [    Test worker] j.LocalContainerEntityManagerFactoryBean : Initialized JPA EntityManagerFactory for persistence unit 'default'
2017-04-04 13:38:24.756  INFO 8664 --- [    Test worker] o.s.b.f.config.PropertiesFactoryBean     : Loading properties file from class path resource [rest-default-messages.properties]
2017-04-04 13:38:25.739  INFO 8664 --- [    Test worker] s.w.s.m.m.a.RequestMappingHandlerAdapter : Looking for @ControllerAdvice: org.springframework.web.context.support.GenericWebApplicationContext@37887e98: startup date [Tue Apr 04 13:38:17 CDT 2017]; root of context hierarchy
2017-04-04 13:38:25.755  INFO 8664 --- [    Test worker] s.w.s.m.m.a.RequestMappingHandlerAdapter : Detected ResponseBodyAdvice bean in org.springframework.boot.actuate.autoconfigure.EndpointWebMvcHypermediaManagementContextConfiguration$ActuatorEndpointLinksAdvice
2017-04-04 13:38:25.864  INFO 8664 --- [    Test worker] s.w.s.m.m.a.RequestMappingHandlerMapping : Mapped "{[/api/login],methods=[POST],consumes=[application/json]}" onto public hello.models.LoginResults hello.controllers.AdministratorController.login(java.lang.String,hello.models.LoginRequest,org.springframework.validation.BindingResult,javax.servlet.http.HttpServletResponse)
2017-04-04 13:38:25.864  INFO 8664 --- [    Test worker] s.w.s.m.m.a.RequestMappingHandlerMapping : Mapped "{[/rest/assessments/{id}/users],methods=[POST]}" onto public org.springframework.http.ResponseEntity<hello.models.Assessment> hello.controllers.AssessmentController.addUser(int,hello.models.User) throws java.lang.Exception
2017-04-04 13:38:25.864  INFO 8664 --- [    Test worker] s.w.s.m.m.a.RequestMappingHandlerMapping : Mapped "{[/rest/assessments/{id}],methods=[PATCH]}" onto public org.springframework.http.ResponseEntity<hello.models.Assessment> hello.controllers.AssessmentController.updateAssessment(int,hello.models.Assessment) throws java.lang.Exception
2017-04-04 13:38:25.864  INFO 8664 --- [    Test worker] s.w.s.m.m.a.RequestMappingHandlerMapping : Mapped "{[/rest/assessments/{id}/],methods=[GET]}" onto public org.springframework.http.ResponseEntity<hello.models.Assessment> hello.controllers.AssessmentController.getAssessment(int)
2017-04-04 13:38:25.864  INFO 8664 --- [    Test worker] s.w.s.m.m.a.RequestMappingHandlerMapping : Mapped "{[/rest/assessments/{id}/delete],methods=[DELETE]}" onto public org.springframework.http.ResponseEntity<java.lang.Boolean> hello.controllers.AssessmentController.deleteAssessment(int)
2017-04-04 13:38:25.864  INFO 8664 --- [    Test worker] s.w.s.m.m.a.RequestMappingHandlerMapping : Mapped "{[/rest/assessments/{id}/question],methods=[POST]}" onto public org.springframework.http.ResponseEntity<hello.models.Assessment> hello.controllers.AssessmentController.addQuestion(int,hello.models.Question) throws java.lang.Exception
2017-04-04 13:38:25.864  INFO 8664 --- [    Test worker] s.w.s.m.m.a.RequestMappingHandlerMapping : Mapped "{[/rest/assessments],methods=[POST]}" onto public org.springframework.http.ResponseEntity<hello.models.Assessment> hello.controllers.AssessmentController.addAssessment(javax.servlet.http.HttpSession,hello.models.Assessment) throws java.lang.Exception
2017-04-04 13:38:25.864  INFO 8664 --- [    Test worker] s.w.s.m.m.a.RequestMappingHandlerMapping : Mapped "{[/rest/assessments],methods=[GET]}" onto public java.util.ArrayList<hello.models.Assessment> hello.controllers.AssessmentController.getAllAssessments(javax.servlet.http.HttpSession) throws java.lang.Exception
2017-04-04 13:38:25.864  INFO 8664 --- [    Test worker] s.w.s.m.m.a.RequestMappingHandlerMapping : Mapped "{[/rest/assessments/{id}/question/{questionId}],methods=[POST]}" onto public org.springframework.http.ResponseEntity<hello.models.Assessment> hello.controllers.AssessmentController.addExistingQuestion(int,int)
2017-04-04 13:38:25.864  INFO 8664 --- [    Test worker] s.w.s.m.m.a.RequestMappingHandlerMapping : Mapped "{[/rest/session],methods=[DELETE]}" onto public void hello.controllers.AuthenticationController.logout(javax.servlet.http.HttpSession)
2017-04-04 13:38:25.864  INFO 8664 --- [    Test worker] s.w.s.m.m.a.RequestMappingHandlerMapping : Mapped "{[/rest/session/logout],methods=[POST]}" onto public org.springframework.http.ResponseEntity<hello.models.LogoutResponse> hello.controllers.AuthenticationController.logout() throws java.lang.Exception
2017-04-04 13:38:25.864  INFO 8664 --- [    Test worker] s.w.s.m.m.a.RequestMappingHandlerMapping : Mapped "{[/rest/session/login],methods=[POST]}" onto public org.springframework.http.ResponseEntity<hello.models.LoginResponse> hello.controllers.AuthenticationController.login(hello.models.LoginRequest,javax.servlet.http.HttpSession)
2017-04-04 13:38:25.864  INFO 8664 --- [    Test worker] s.w.s.m.m.a.RequestMappingHandlerMapping : Mapped "{[/rest/session],methods=[GET]}" onto public hello.models.User hello.controllers.AuthenticationController.session(javax.servlet.http.HttpSession)
2017-04-04 13:38:25.864  INFO 8664 --- [    Test worker] s.w.s.m.m.a.RequestMappingHandlerMapping : Mapped "{[/rest/session/is-logged-in],methods=[GET]}" onto public org.springframework.http.ResponseEntity<hello.models.LoginResponse> hello.controllers.AuthenticationController.isLoggedIn(javax.servlet.http.HttpSession)
2017-04-04 13:38:25.864  INFO 8664 --- [    Test worker] s.w.s.m.m.a.RequestMappingHandlerMapping : Mapped "{[/files/upload]}" onto public hello.models.JSONResponse hello.controllers.FileUploadController.uploadFile(org.springframework.web.multipart.MultipartFile)
2017-04-04 13:38:25.864  INFO 8664 --- [    Test worker] s.w.s.m.m.a.RequestMappingHandlerMapping : Mapped "{[/files/{filename:.+}],methods=[GET]}" onto public org.springframework.http.ResponseEntity<org.springframework.core.io.Resource> hello.controllers.FileUploadController.serveFile(java.lang.String)
2017-04-04 13:38:25.880  INFO 8664 --- [    Test worker] s.w.s.m.m.a.RequestMappingHandlerMapping : Mapped "{[/app/*]}" onto public org.springframework.web.servlet.ModelAndView hello.controllers.HomeController.index(javax.servlet.http.HttpSession,javax.servlet.http.HttpServletResponse)
2017-04-04 13:38:25.880  INFO 8664 --- [    Test worker] s.w.s.m.m.a.RequestMappingHandlerMapping : Mapped "{[/app/*/*]}" onto public org.springframework.web.servlet.ModelAndView hello.controllers.HomeController.index2(javax.servlet.http.HttpSession,javax.servlet.http.HttpServletResponse)
2017-04-04 13:38:25.880  INFO 8664 --- [    Test worker] s.w.s.m.m.a.RequestMappingHandlerMapping : Mapped "{[]}" onto public java.lang.String hello.controllers.HomeController.home()
2017-04-04 13:38:25.880  INFO 8664 --- [    Test worker] s.w.s.m.m.a.RequestMappingHandlerMapping : Mapped "{[/rest/participants/{id}],methods=[GET]}" onto public org.springframework.http.ResponseEntity<hello.models.Participant> hello.controllers.ParticipantController.getParticipant(int)
2017-04-04 13:38:25.880  INFO 8664 --- [    Test worker] s.w.s.m.m.a.RequestMappingHandlerMapping : Mapped "{[/rest/participants],methods=[GET]}" onto public java.util.ArrayList<hello.models.Participant> hello.controllers.ParticipantController.getParticipants()
2017-04-04 13:38:25.880  INFO 8664 --- [    Test worker] s.w.s.m.m.a.RequestMappingHandlerMapping : Mapped "{[/rest/participants],methods=[POST]}" onto public org.springframework.http.ResponseEntity<hello.models.Participant> hello.controllers.ParticipantController.addParticipant(hello.models.Participant)
2017-04-04 13:38:25.880  INFO 8664 --- [    Test worker] s.w.s.m.m.a.RequestMappingHandlerMapping : Mapped "{[/rest/participants/{id}],methods=[DELETE]}" onto public org.springframework.http.ResponseEntity<java.lang.Boolean> hello.controllers.ParticipantController.deleteParticipant(int) throws java.lang.Exception
2017-04-04 13:38:25.880  INFO 8664 --- [    Test worker] s.w.s.m.m.a.RequestMappingHandlerMapping : Mapped "{[/rest/participants/{id}],methods=[PUT]}" onto public org.springframework.http.ResponseEntity<hello.models.Participant> hello.controllers.ParticipantController.updateParticipant(int,hello.models.Participant) throws java.lang.Exception
2017-04-04 13:38:25.880  INFO 8664 --- [    Test worker] s.w.s.m.m.a.RequestMappingHandlerMapping : Mapped "{[/rest/questions],methods=[POST]}" onto public org.springframework.http.ResponseEntity<hello.models.Question> hello.controllers.QuestionController.addQuestion(hello.models.Question)
2017-04-04 13:38:25.880  INFO 8664 --- [    Test worker] s.w.s.m.m.a.RequestMappingHandlerMapping : Mapped "{[/rest/questions/{id}],methods=[DELETE]}" onto public org.springframework.http.ResponseEntity<java.lang.Boolean> hello.controllers.QuestionController.deleteQuestion(int)
2017-04-04 13:38:25.880  INFO 8664 --- [    Test worker] s.w.s.m.m.a.RequestMappingHandlerMapping : Mapped "{[/rest/questions],methods=[GET]}" onto public java.util.ArrayList<hello.models.Question> hello.controllers.QuestionController.getQuestions()
2017-04-04 13:38:25.880  INFO 8664 --- [    Test worker] s.w.s.m.m.a.RequestMappingHandlerMapping : Mapped "{[/rest/questions/{id}],methods=[PATCH]}" onto public org.springframework.http.ResponseEntity<hello.models.Question> hello.controllers.QuestionController.updateQuestion(int,hello.models.Question) throws java.lang.Exception
2017-04-04 13:38:25.880  INFO 8664 --- [    Test worker] s.w.s.m.m.a.RequestMappingHandlerMapping : Mapped "{[/rest/questions/{id}/],methods=[GET]}" onto public org.springframework.http.ResponseEntity<hello.models.Question> hello.controllers.QuestionController.getAQuestion(int)
2017-04-04 13:38:25.880  INFO 8664 --- [    Test worker] s.w.s.m.m.a.RequestMappingHandlerMapping : Mapped "{[/rest/targetGroups/{id}/assessment/{assessmentid}],methods=[POST]}" onto public org.springframework.http.ResponseEntity<hello.models.TargetGroup> hello.controllers.TargetGroupController.addExistingAssessmentToTargetGroup(int,int) throws java.lang.Exception
2017-04-04 13:38:25.880  INFO 8664 --- [    Test worker] s.w.s.m.m.a.RequestMappingHandlerMapping : Mapped "{[/rest/targetGroups/{id}/participants/{participantId}],methods=[POST]}" onto public org.springframework.http.ResponseEntity<hello.models.TargetGroup> hello.controllers.TargetGroupController.addExistingParticipantToTargetGroup(int,int) throws java.lang.Exception
2017-04-04 13:38:25.880  INFO 8664 --- [    Test worker] s.w.s.m.m.a.RequestMappingHandlerMapping : Mapped "{[/rest/targetGroups],methods=[POST]}" onto public org.springframework.http.ResponseEntity<hello.models.TargetGroup> hello.controllers.TargetGroupController.addTargetGroup(javax.servlet.http.HttpSession,hello.models.TargetGroup) throws java.lang.Exception
2017-04-04 13:38:25.880  INFO 8664 --- [    Test worker] s.w.s.m.m.a.RequestMappingHandlerMapping : Mapped "{[/rest/targetGroups/{id}],methods=[GET]}" onto public org.springframework.http.ResponseEntity<hello.models.TargetGroup> hello.controllers.TargetGroupController.getTargetGroup(int)
2017-04-04 13:38:25.880  INFO 8664 --- [    Test worker] s.w.s.m.m.a.RequestMappingHandlerMapping : Mapped "{[/rest/targetGroups],methods=[GET]}" onto public java.util.ArrayList<hello.models.TargetGroup> hello.controllers.TargetGroupController.getTargetGroups() throws java.lang.Exception
2017-04-04 13:38:25.880  INFO 8664 --- [    Test worker] s.w.s.m.m.a.RequestMappingHandlerMapping : Mapped "{[/rest/targetGroups/{id}/participants],methods=[GET]}" onto public java.util.ArrayList<hello.models.Participant> hello.controllers.TargetGroupController.getParticipantsInTargetGroup(int) throws java.lang.Exception
2017-04-04 13:38:25.880  INFO 8664 --- [    Test worker] s.w.s.m.m.a.RequestMappingHandlerMapping : Mapped "{[/rest/targetGroups/{id}],methods=[DELETE]}" onto public org.springframework.http.ResponseEntity<java.lang.Boolean> hello.controllers.TargetGroupController.deleteTargetGroup(int) throws java.lang.Exception
2017-04-04 13:38:25.880  INFO 8664 --- [    Test worker] s.w.s.m.m.a.RequestMappingHandlerMapping : Mapped "{[/rest/targetGroups/{id}/participants/{participantId}],methods=[PUT]}" onto public org.springframework.http.ResponseEntity<hello.models.TargetGroup> hello.controllers.TargetGroupController.removeParticipantFromTargetGroup(int,int) throws java.lang.Exception
2017-04-04 13:38:25.880  INFO 8664 --- [    Test worker] s.w.s.m.m.a.RequestMappingHandlerMapping : Mapped "{[/rest/targetGroups/{id}/participant],methods=[POST]}" onto public org.springframework.http.ResponseEntity<hello.models.TargetGroup> hello.controllers.TargetGroupController.addNewParticipantsToTargetGroup(int,hello.models.Participant) throws java.lang.Exception
2017-04-04 13:38:25.880  INFO 8664 --- [    Test worker] s.w.s.m.m.a.RequestMappingHandlerMapping : Mapped "{[/rest/targetGroups/{id}/participants],methods=[POST]}" onto public org.springframework.http.ResponseEntity<hello.models.TargetGroup> hello.controllers.TargetGroupController.addNewParticipantsToTargetGroup(int,java.util.List<hello.models.Participant>) throws java.lang.Exception
2017-04-04 13:38:25.880  INFO 8664 --- [    Test worker] s.w.s.m.m.a.RequestMappingHandlerMapping : Mapped "{[/rest/targetGroups/{id}],methods=[PUT]}" onto public org.springframework.http.ResponseEntity<hello.models.TargetGroup> hello.controllers.TargetGroupController.updateTargetGroup(int,hello.models.TargetGroup) throws java.lang.Exception
2017-04-04 13:38:25.880  INFO 8664 --- [    Test worker] s.w.s.m.m.a.RequestMappingHandlerMapping : Mapped "{[/rest/targetGroups/{id}/assessment],methods=[POST]}" onto public org.springframework.http.ResponseEntity<hello.models.TargetGroup> hello.controllers.TargetGroupController.addNewAssessmentToTargetGroup(int,hello.models.Assessment) throws java.lang.Exception
2017-04-04 13:38:25.880  INFO 8664 --- [    Test worker] s.w.s.m.m.a.RequestMappingHandlerMapping : Mapped "{[/error]}" onto public org.springframework.http.ResponseEntity<java.util.Map<java.lang.String, java.lang.Object>> org.springframework.boot.autoconfigure.web.BasicErrorController.error(javax.servlet.http.HttpServletRequest)
2017-04-04 13:38:25.880  INFO 8664 --- [    Test worker] s.w.s.m.m.a.RequestMappingHandlerMapping : Mapped "{[/error],produces=[text/html]}" onto public org.springframework.web.servlet.ModelAndView org.springframework.boot.autoconfigure.web.BasicErrorController.errorHtml(javax.servlet.http.HttpServletRequest,javax.servlet.http.HttpServletResponse)
2017-04-04 13:38:25.927  INFO 8664 --- [    Test worker] o.s.w.s.handler.SimpleUrlHandlerMapping  : Mapped URL path [/webjars/**] onto handler of type [class org.springframework.web.servlet.resource.ResourceHttpRequestHandler]
2017-04-04 13:38:25.927  INFO 8664 --- [    Test worker] o.s.w.s.handler.SimpleUrlHandlerMapping  : Mapped URL path [/resources/**] onto handler of type [class org.springframework.web.servlet.resource.ResourceHttpRequestHandler]
2017-04-04 13:38:25.942  INFO 8664 --- [    Test worker] .m.m.a.ExceptionHandlerExceptionResolver : Detected @ExceptionHandler methods in repositoryRestExceptionHandler
2017-04-04 13:38:25.942  INFO 8664 --- [    Test worker] .m.m.a.ExceptionHandlerExceptionResolver : Detected ResponseBodyAdvice implementation in org.springframework.boot.actuate.autoconfigure.EndpointWebMvcHypermediaManagementContextConfiguration$ActuatorEndpointLinksAdvice
2017-04-04 13:38:25.989  INFO 8664 --- [    Test worker] o.s.w.s.handler.SimpleUrlHandlerMapping  : Mapped URL path [/**/favicon.ico] onto handler of type [class org.springframework.web.servlet.resource.ResourceHttpRequestHandler]
2017-04-04 13:38:26.524  INFO 8664 --- [    Test worker] oConfiguration$WelcomePageHandlerMapping : Adding welcome page: ServletContext resource [/index.html]
2017-04-04 13:38:26.974  INFO 8664 --- [    Test worker] o.s.d.r.w.RepositoryRestHandlerAdapter   : Looking for @ControllerAdvice: org.springframework.web.context.support.GenericWebApplicationContext@37887e98: startup date [Tue Apr 04 13:38:17 CDT 2017]; root of context hierarchy
2017-04-04 13:38:26.974  INFO 8664 --- [    Test worker] o.s.d.r.w.RepositoryRestHandlerAdapter   : Detected ResponseBodyAdvice bean in org.springframework.boot.actuate.autoconfigure.EndpointWebMvcHypermediaManagementContextConfiguration$ActuatorEndpointLinksAdvice
2017-04-04 13:38:26.989  INFO 8664 --- [    Test worker] o.s.d.r.w.RepositoryRestHandlerMapping   : Mapped "{[/api/ || /api],methods=[HEAD],produces=[application/hal+json || application/json || application/*+json;charset=UTF-8]}" onto public org.springframework.http.ResponseEntity<?> org.springframework.data.rest.webmvc.RepositoryController.headForRepositories()
2017-04-04 13:38:26.989  INFO 8664 --- [    Test worker] o.s.d.r.w.RepositoryRestHandlerMapping   : Mapped "{[/api/ || /api],methods=[OPTIONS],produces=[application/hal+json || application/json || application/*+json;charset=UTF-8]}" onto public org.springframework.http.HttpEntity<?> org.springframework.data.rest.webmvc.RepositoryController.optionsForRepositories()
2017-04-04 13:38:26.989  INFO 8664 --- [    Test worker] o.s.d.r.w.RepositoryRestHandlerMapping   : Mapped "{[/api/ || /api],methods=[GET],produces=[application/hal+json || application/json || application/*+json;charset=UTF-8]}" onto public org.springframework.http.HttpEntity<org.springframework.data.rest.webmvc.RepositoryLinksResource> org.springframework.data.rest.webmvc.RepositoryController.listRepositories()
2017-04-04 13:38:26.989  INFO 8664 --- [    Test worker] o.s.d.r.w.RepositoryRestHandlerMapping   : Mapped "{[/api/{repository}],methods=[POST],produces=[application/hal+json || application/json || application/*+json;charset=UTF-8]}" onto public org.springframework.http.ResponseEntity<org.springframework.hateoas.ResourceSupport> org.springframework.data.rest.webmvc.RepositoryEntityController.postCollectionResource(org.springframework.data.rest.webmvc.RootResourceInformation,org.springframework.data.rest.webmvc.PersistentEntityResource,org.springframework.data.rest.webmvc.PersistentEntityResourceAssembler,java.lang.String) throws org.springframework.web.HttpRequestMethodNotSupportedException
2017-04-04 13:38:26.989  INFO 8664 --- [    Test worker] o.s.d.r.w.RepositoryRestHandlerMapping   : Mapped "{[/api/{repository}/{id}],methods=[OPTIONS],produces=[application/hal+json || application/json || application/*+json;charset=UTF-8]}" onto public org.springframework.http.ResponseEntity<?> org.springframework.data.rest.webmvc.RepositoryEntityController.optionsForItemResource(org.springframework.data.rest.webmvc.RootResourceInformation)
2017-04-04 13:38:26.989  INFO 8664 --- [    Test worker] o.s.d.r.w.RepositoryRestHandlerMapping   : Mapped "{[/api/{repository}],methods=[HEAD],produces=[application/hal+json || application/json || application/*+json;charset=UTF-8]}" onto public org.springframework.http.ResponseEntity<?> org.springframework.data.rest.webmvc.RepositoryEntityController.headCollectionResource(org.springframework.data.rest.webmvc.RootResourceInformation,org.springframework.data.rest.webmvc.support.DefaultedPageable) throws org.springframework.web.HttpRequestMethodNotSupportedException
2017-04-04 13:38:26.989  INFO 8664 --- [    Test worker] o.s.d.r.w.RepositoryRestHandlerMapping   : Mapped "{[/api/{repository}/{id}],methods=[HEAD],produces=[application/hal+json || application/json || application/*+json;charset=UTF-8]}" onto public org.springframework.http.ResponseEntity<?> org.springframework.data.rest.webmvc.RepositoryEntityController.headForItemResource(org.springframework.data.rest.webmvc.RootResourceInformation,java.io.Serializable,org.springframework.data.rest.webmvc.PersistentEntityResourceAssembler) throws org.springframework.web.HttpRequestMethodNotSupportedException
2017-04-04 13:38:26.989  INFO 8664 --- [    Test worker] o.s.d.r.w.RepositoryRestHandlerMapping   : Mapped "{[/api/{repository}/{id}],methods=[PATCH],produces=[application/hal+json || application/json || application/*+json;charset=UTF-8]}" onto public org.springframework.http.ResponseEntity<org.springframework.hateoas.ResourceSupport> org.springframework.data.rest.webmvc.RepositoryEntityController.patchItemResource(org.springframework.data.rest.webmvc.RootResourceInformation,org.springframework.data.rest.webmvc.PersistentEntityResource,java.io.Serializable,org.springframework.data.rest.webmvc.PersistentEntityResourceAssembler,org.springframework.data.rest.webmvc.support.ETag,java.lang.String) throws org.springframework.web.HttpRequestMethodNotSupportedException,org.springframework.data.rest.webmvc.ResourceNotFoundException
2017-04-04 13:38:26.989  INFO 8664 --- [    Test worker] o.s.d.r.w.RepositoryRestHandlerMapping   : Mapped "{[/api/{repository}],methods=[OPTIONS],produces=[application/hal+json || application/json || application/*+json;charset=UTF-8]}" onto public org.springframework.http.ResponseEntity<?> org.springframework.data.rest.webmvc.RepositoryEntityController.optionsForCollectionResource(org.springframework.data.rest.webmvc.RootResourceInformation)
2017-04-04 13:38:26.989  INFO 8664 --- [    Test worker] o.s.d.r.w.RepositoryRestHandlerMapping   : Mapped "{[/api/{repository}],methods=[GET],produces=[application/hal+json || application/json || application/*+json;charset=UTF-8]}" onto public org.springframework.hateoas.Resources<?> org.springframework.data.rest.webmvc.RepositoryEntityController.getCollectionResource(org.springframework.data.rest.webmvc.RootResourceInformation,org.springframework.data.rest.webmvc.support.DefaultedPageable,org.springframework.data.domain.Sort,org.springframework.data.rest.webmvc.PersistentEntityResourceAssembler) throws org.springframework.data.rest.webmvc.ResourceNotFoundException,org.springframework.web.HttpRequestMethodNotSupportedException
2017-04-04 13:38:26.989  INFO 8664 --- [    Test worker] o.s.d.r.w.RepositoryRestHandlerMapping   : Mapped "{[/api/{repository}],methods=[GET],produces=[application/x-spring-data-compact+json || text/uri-list]}" onto public org.springframework.hateoas.Resources<?> org.springframework.data.rest.webmvc.RepositoryEntityController.getCollectionResourceCompact(org.springframework.data.rest.webmvc.RootResourceInformation,org.springframework.data.rest.webmvc.support.DefaultedPageable,org.springframework.data.domain.Sort,org.springframework.data.rest.webmvc.PersistentEntityResourceAssembler) throws org.springframework.data.rest.webmvc.ResourceNotFoundException,org.springframework.web.HttpRequestMethodNotSupportedException
2017-04-04 13:38:26.989  INFO 8664 --- [    Test worker] o.s.d.r.w.RepositoryRestHandlerMapping   : Mapped "{[/api/{repository}/{id}],methods=[DELETE],produces=[application/hal+json || application/json || application/*+json;charset=UTF-8]}" onto public org.springframework.http.ResponseEntity<?> org.springframework.data.rest.webmvc.RepositoryEntityController.deleteItemResource(org.springframework.data.rest.webmvc.RootResourceInformation,java.io.Serializable,org.springframework.data.rest.webmvc.support.ETag) throws org.springframework.data.rest.webmvc.ResourceNotFoundException,org.springframework.web.HttpRequestMethodNotSupportedException
2017-04-04 13:38:26.989  INFO 8664 --- [    Test worker] o.s.d.r.w.RepositoryRestHandlerMapping   : Mapped "{[/api/{repository}/{id}],methods=[GET],produces=[application/hal+json || application/json || application/*+json;charset=UTF-8]}" onto public org.springframework.http.ResponseEntity<org.springframework.hateoas.Resource<?>> org.springframework.data.rest.webmvc.RepositoryEntityController.getItemResource(org.springframework.data.rest.webmvc.RootResourceInformation,java.io.Serializable,org.springframework.data.rest.webmvc.PersistentEntityResourceAssembler,org.springframework.util.MultiValueMap<java.lang.String, java.lang.String>) throws org.springframework.web.HttpRequestMethodNotSupportedException
2017-04-04 13:38:26.989  INFO 8664 --- [    Test worker] o.s.d.r.w.RepositoryRestHandlerMapping   : Mapped "{[/api/{repository}/{id}],methods=[PUT],produces=[application/hal+json || application/json || application/*+json;charset=UTF-8]}" onto public org.springframework.http.ResponseEntity<? extends org.springframework.hateoas.ResourceSupport> org.springframework.data.rest.webmvc.RepositoryEntityController.putItemResource(org.springframework.data.rest.webmvc.RootResourceInformation,org.springframework.data.rest.webmvc.PersistentEntityResource,java.io.Serializable,org.springframework.data.rest.webmvc.PersistentEntityResourceAssembler,org.springframework.data.rest.webmvc.support.ETag,java.lang.String) throws org.springframework.web.HttpRequestMethodNotSupportedException
2017-04-04 13:38:26.989  INFO 8664 --- [    Test worker] o.s.d.r.w.RepositoryRestHandlerMapping   : Mapped "{[/api/{repository}/{id}/{property}],methods=[GET],produces=[application/x-spring-data-compact+json || text/uri-list]}" onto public org.springframework.http.ResponseEntity<org.springframework.hateoas.ResourceSupport> org.springframework.data.rest.webmvc.RepositoryPropertyReferenceController.followPropertyReferenceCompact(org.springframework.data.rest.webmvc.RootResourceInformation,java.io.Serializable,java.lang.String,org.springframework.data.rest.webmvc.PersistentEntityResourceAssembler) throws java.lang.Exception
2017-04-04 13:38:26.989  INFO 8664 --- [    Test worker] o.s.d.r.w.RepositoryRestHandlerMapping   : Mapped "{[/api/{repository}/{id}/{property}],methods=[DELETE],produces=[application/hal+json || application/json || application/*+json;charset=UTF-8]}" onto public org.springframework.http.ResponseEntity<? extends org.springframework.hateoas.ResourceSupport> org.springframework.data.rest.webmvc.RepositoryPropertyReferenceController.deletePropertyReference(org.springframework.data.rest.webmvc.RootResourceInformation,java.io.Serializable,java.lang.String) throws java.lang.Exception
2017-04-04 13:38:26.989  INFO 8664 --- [    Test worker] o.s.d.r.w.RepositoryRestHandlerMapping   : Mapped "{[/api/{repository}/{id}/{property}/{propertyId}],methods=[DELETE],produces=[application/hal+json || application/json || application/*+json;charset=UTF-8]}" onto public org.springframework.http.ResponseEntity<org.springframework.hateoas.ResourceSupport> org.springframework.data.rest.webmvc.RepositoryPropertyReferenceController.deletePropertyReferenceId(org.springframework.data.rest.webmvc.RootResourceInformation,java.io.Serializable,java.lang.String,java.lang.String) throws java.lang.Exception
2017-04-04 13:38:26.989  INFO 8664 --- [    Test worker] o.s.d.r.w.RepositoryRestHandlerMapping   : Mapped "{[/api/{repository}/{id}/{property}],methods=[GET],produces=[application/hal+json || application/json || application/*+json;charset=UTF-8]}" onto public org.springframework.http.ResponseEntity<org.springframework.hateoas.ResourceSupport> org.springframework.data.rest.webmvc.RepositoryPropertyReferenceController.followPropertyReference(org.springframework.data.rest.webmvc.RootResourceInformation,java.io.Serializable,java.lang.String,org.springframework.data.rest.webmvc.PersistentEntityResourceAssembler) throws java.lang.Exception
2017-04-04 13:38:26.989  INFO 8664 --- [    Test worker] o.s.d.r.w.RepositoryRestHandlerMapping   : Mapped "{[/api/{repository}/{id}/{property}/{propertyId}],methods=[GET],produces=[application/hal+json || application/json || application/*+json;charset=UTF-8]}" onto public org.springframework.http.ResponseEntity<org.springframework.hateoas.ResourceSupport> org.springframework.data.rest.webmvc.RepositoryPropertyReferenceController.followPropertyReference(org.springframework.data.rest.webmvc.RootResourceInformation,java.io.Serializable,java.lang.String,java.lang.String,org.springframework.data.rest.webmvc.PersistentEntityResourceAssembler) throws java.lang.Exception
2017-04-04 13:38:26.989  INFO 8664 --- [    Test worker] o.s.d.r.w.RepositoryRestHandlerMapping   : Mapped "{[/api/{repository}/{id}/{property}],methods=[PATCH || PUT || POST],consumes=[application/json || application/x-spring-data-compact+json || text/uri-list],produces=[application/hal+json || application/json || application/*+json;charset=UTF-8]}" onto public org.springframework.http.ResponseEntity<? extends org.springframework.hateoas.ResourceSupport> org.springframework.data.rest.webmvc.RepositoryPropertyReferenceController.createPropertyReference(org.springframework.data.rest.webmvc.RootResourceInformation,org.springframework.http.HttpMethod,org.springframework.hateoas.Resources<java.lang.Object>,java.io.Serializable,java.lang.String) throws java.lang.Exception
2017-04-04 13:38:27.005  INFO 8664 --- [    Test worker] o.s.d.r.w.RepositoryRestHandlerMapping   : Mapped "{[/api/{repository}/search],methods=[OPTIONS],produces=[application/hal+json || application/json || application/*+json;charset=UTF-8]}" onto public org.springframework.http.HttpEntity<?> org.springframework.data.rest.webmvc.RepositorySearchController.optionsForSearches(org.springframework.data.rest.webmvc.RootResourceInformation)
2017-04-04 13:38:27.005  INFO 8664 --- [    Test worker] o.s.d.r.w.RepositoryRestHandlerMapping   : Mapped "{[/api/{repository}/search/{search}],methods=[GET],produces=[application/x-spring-data-compact+json]}" onto public org.springframework.hateoas.ResourceSupport org.springframework.data.rest.webmvc.RepositorySearchController.executeSearchCompact(org.springframework.data.rest.webmvc.RootResourceInformation,org.springframework.util.MultiValueMap<java.lang.String, java.lang.Object>,java.lang.String,java.lang.String,org.springframework.data.rest.webmvc.support.DefaultedPageable,org.springframework.data.domain.Sort,org.springframework.data.rest.webmvc.PersistentEntityResourceAssembler)
2017-04-04 13:38:27.005  INFO 8664 --- [    Test worker] o.s.d.r.w.RepositoryRestHandlerMapping   : Mapped "{[/api/{repository}/search/{search}],methods=[OPTIONS],produces=[application/hal+json || application/json || application/*+json;charset=UTF-8]}" onto public org.springframework.http.ResponseEntity<java.lang.Object> org.springframework.data.rest.webmvc.RepositorySearchController.optionsForSearch(org.springframework.data.rest.webmvc.RootResourceInformation,java.lang.String)
2017-04-04 13:38:27.005  INFO 8664 --- [    Test worker] o.s.d.r.w.RepositoryRestHandlerMapping   : Mapped "{[/api/{repository}/search/{search}],methods=[HEAD],produces=[application/hal+json || application/json || application/*+json;charset=UTF-8]}" onto public org.springframework.http.ResponseEntity<java.lang.Object> org.springframework.data.rest.webmvc.RepositorySearchController.headForSearch(org.springframework.data.rest.webmvc.RootResourceInformation,java.lang.String)
2017-04-04 13:38:27.005  INFO 8664 --- [    Test worker] o.s.d.r.w.RepositoryRestHandlerMapping   : Mapped "{[/api/{repository}/search],methods=[HEAD],produces=[application/hal+json || application/json || application/*+json;charset=UTF-8]}" onto public org.springframework.http.HttpEntity<?> org.springframework.data.rest.webmvc.RepositorySearchController.headForSearches(org.springframework.data.rest.webmvc.RootResourceInformation)
2017-04-04 13:38:27.005  INFO 8664 --- [    Test worker] o.s.d.r.w.RepositoryRestHandlerMapping   : Mapped "{[/api/{repository}/search],methods=[GET],produces=[application/hal+json || application/json || application/*+json;charset=UTF-8]}" onto public org.springframework.data.rest.webmvc.RepositorySearchesResource org.springframework.data.rest.webmvc.RepositorySearchController.listSearches(org.springframework.data.rest.webmvc.RootResourceInformation)
2017-04-04 13:38:27.005  INFO 8664 --- [    Test worker] o.s.d.r.w.RepositoryRestHandlerMapping   : Mapped "{[/api/{repository}/search/{search}],methods=[GET],produces=[application/hal+json || application/json || application/*+json;charset=UTF-8]}" onto public org.springframework.http.ResponseEntity<java.lang.Object> org.springframework.data.rest.webmvc.RepositorySearchController.executeSearch(org.springframework.data.rest.webmvc.RootResourceInformation,org.springframework.util.MultiValueMap<java.lang.String, java.lang.Object>,java.lang.String,org.springframework.data.rest.webmvc.support.DefaultedPageable,org.springframework.data.domain.Sort,org.springframework.data.rest.webmvc.PersistentEntityResourceAssembler)
2017-04-04 13:38:27.005  INFO 8664 --- [    Test worker] o.s.d.r.w.BasePathAwareHandlerMapping    : Mapped "{[/api/profile/{repository}],methods=[GET],produces=[application/alps+json || */*]}" onto org.springframework.http.HttpEntity<org.springframework.data.rest.webmvc.RootResourceInformation> org.springframework.data.rest.webmvc.alps.AlpsController.descriptor(org.springframework.data.rest.webmvc.RootResourceInformation)
2017-04-04 13:38:27.005  INFO 8664 --- [    Test worker] o.s.d.r.w.BasePathAwareHandlerMapping    : Mapped "{[/api/profile/{repository}],methods=[OPTIONS],produces=[application/alps+json]}" onto org.springframework.http.HttpEntity<?> org.springframework.data.rest.webmvc.alps.AlpsController.alpsOptions()
2017-04-04 13:38:27.005  INFO 8664 --- [    Test worker] o.s.d.r.w.BasePathAwareHandlerMapping    : Mapped "{[/api/profile],methods=[GET]}" onto org.springframework.http.HttpEntity<org.springframework.hateoas.ResourceSupport> org.springframework.data.rest.webmvc.ProfileController.listAllFormsOfMetadata()
2017-04-04 13:38:27.005  INFO 8664 --- [    Test worker] o.s.d.r.w.BasePathAwareHandlerMapping    : Mapped "{[/api/profile],methods=[OPTIONS]}" onto public org.springframework.http.HttpEntity<?> org.springframework.data.rest.webmvc.ProfileController.profileOptions()
2017-04-04 13:38:27.005  INFO 8664 --- [    Test worker] o.s.d.r.w.BasePathAwareHandlerMapping    : Mapped "{[/api/profile/{repository}],methods=[GET],produces=[application/schema+json]}" onto public org.springframework.http.HttpEntity<org.springframework.data.rest.webmvc.json.JsonSchema> org.springframework.data.rest.webmvc.RepositorySchemaController.schema(org.springframework.data.rest.webmvc.RootResourceInformation)
2017-04-04 13:38:27.021  INFO 8664 --- [    Test worker] .m.m.a.ExceptionHandlerExceptionResolver : Detected @ExceptionHandler methods in repositoryRestExceptionHandler
2017-04-04 13:38:27.021  INFO 8664 --- [    Test worker] .m.m.a.ExceptionHandlerExceptionResolver : Detected ResponseBodyAdvice implementation in org.springframework.boot.actuate.autoconfigure.EndpointWebMvcHypermediaManagementContextConfiguration$ActuatorEndpointLinksAdvice
2017-04-04 13:38:27.099  INFO 8664 --- [    Test worker] o.s.b.a.e.mvc.EndpointHandlerMapping     : Mapped "{[/mappings || /mappings.json],methods=[GET],produces=[application/json]}" onto public java.lang.Object org.springframework.boot.actuate.endpoint.mvc.EndpointMvcAdapter.invoke()
2017-04-04 13:38:27.099  INFO 8664 --- [    Test worker] o.s.b.a.e.mvc.EndpointHandlerMapping     : Mapped "{[/beans || /beans.json],methods=[GET],produces=[application/json]}" onto public java.lang.Object org.springframework.boot.actuate.endpoint.mvc.EndpointMvcAdapter.invoke()
2017-04-04 13:38:27.099  INFO 8664 --- [    Test worker] o.s.b.a.e.mvc.EndpointHandlerMapping     : Mapped "{[/metrics/{name:.*}],methods=[GET],produces=[application/json]}" onto public java.lang.Object org.springframework.boot.actuate.endpoint.mvc.MetricsMvcEndpoint.value(java.lang.String)
2017-04-04 13:38:27.099  INFO 8664 --- [    Test worker] o.s.b.a.e.mvc.EndpointHandlerMapping     : Mapped "{[/metrics || /metrics.json],methods=[GET],produces=[application/json]}" onto public java.lang.Object org.springframework.boot.actuate.endpoint.mvc.EndpointMvcAdapter.invoke()
2017-04-04 13:38:27.099  INFO 8664 --- [    Test worker] o.s.b.a.e.mvc.EndpointHandlerMapping     : Mapped "{[/autoconfig || /autoconfig.json],methods=[GET],produces=[application/json]}" onto public java.lang.Object org.springframework.boot.actuate.endpoint.mvc.EndpointMvcAdapter.invoke()
2017-04-04 13:38:27.099  INFO 8664 --- [    Test worker] o.s.b.a.e.mvc.EndpointHandlerMapping     : Mapped "{[/health || /health.json],produces=[application/json]}" onto public java.lang.Object org.springframework.boot.actuate.endpoint.mvc.HealthMvcEndpoint.invoke(java.security.Principal)
2017-04-04 13:38:27.099  INFO 8664 --- [    Test worker] o.s.b.a.e.mvc.EndpointHandlerMapping     : Mapped "{[/actuator || /actuator.json],produces=[application/json]}" onto public org.springframework.hateoas.ResourceSupport org.springframework.boot.actuate.endpoint.mvc.HalJsonMvcEndpoint.links()
2017-04-04 13:38:27.099  INFO 8664 --- [    Test worker] o.s.b.a.e.mvc.EndpointHandlerMapping     : Mapped "{[/dump || /dump.json],methods=[GET],produces=[application/json]}" onto public java.lang.Object org.springframework.boot.actuate.endpoint.mvc.EndpointMvcAdapter.invoke()
2017-04-04 13:38:27.099  INFO 8664 --- [    Test worker] o.s.b.a.e.mvc.EndpointHandlerMapping     : Mapped "{[/env/{name:.*}],methods=[GET],produces=[application/json]}" onto public java.lang.Object org.springframework.boot.actuate.endpoint.mvc.EnvironmentMvcEndpoint.value(java.lang.String)
2017-04-04 13:38:27.099  INFO 8664 --- [    Test worker] o.s.b.a.e.mvc.EndpointHandlerMapping     : Mapped "{[/env || /env.json],methods=[GET],produces=[application/json]}" onto public java.lang.Object org.springframework.boot.actuate.endpoint.mvc.EndpointMvcAdapter.invoke()
2017-04-04 13:38:27.099  INFO 8664 --- [    Test worker] o.s.b.a.e.mvc.EndpointHandlerMapping     : Mapped "{[/trace || /trace.json],methods=[GET],produces=[application/json]}" onto public java.lang.Object org.springframework.boot.actuate.endpoint.mvc.EndpointMvcAdapter.invoke()
2017-04-04 13:38:27.099  INFO 8664 --- [    Test worker] o.s.b.a.e.mvc.EndpointHandlerMapping     : Mapped "{[/configprops || /configprops.json],methods=[GET],produces=[application/json]}" onto public java.lang.Object org.springframework.boot.actuate.endpoint.mvc.EndpointMvcAdapter.invoke()
2017-04-04 13:38:27.099  INFO 8664 --- [    Test worker] o.s.b.a.e.mvc.EndpointHandlerMapping     : Mapped "{[/heapdump || /heapdump.json],methods=[GET],produces=[application/octet-stream]}" onto public void org.springframework.boot.actuate.endpoint.mvc.HeapdumpMvcEndpoint.invoke(boolean,javax.servlet.http.HttpServletRequest,javax.servlet.http.HttpServletResponse) throws java.io.IOException,javax.servlet.ServletException
2017-04-04 13:38:27.099  INFO 8664 --- [    Test worker] o.s.b.a.e.mvc.EndpointHandlerMapping     : Mapped "{[/info || /info.json],methods=[GET],produces=[application/json]}" onto public java.lang.Object org.springframework.boot.actuate.endpoint.mvc.EndpointMvcAdapter.invoke()
2017-04-04 13:38:27.453  INFO 8664 --- [    Test worker] h.controllers.AssessmentControllerTest   : Started AssessmentControllerTest in 10.495 seconds (JVM running for 11.791)
2017-04-04 13:38:27.500  INFO 8664 --- [    Test worker] o.s.b.t.m.w.SpringBootMockServletContext : Initializing Spring FrameworkServlet ''
2017-04-04 13:38:27.500  INFO 8664 --- [    Test worker] o.s.t.web.servlet.TestDispatcherServlet  : FrameworkServlet '': initialization started
2017-04-04 13:38:27.515  INFO 8664 --- [    Test worker] o.s.t.web.servlet.TestDispatcherServlet  : FrameworkServlet '': initialization completed in 15 ms
2017-04-04 13:38:27.609  WARN 8664 --- [    Test worker] o.s.orm.jpa.vendor.HibernateJpaDialect   : JDBC Connection to reset not identical to originally prepared Connection - please make sure to use connection release mode ON_CLOSE (the default) and to run against Hibernate 4.2+ (or switch HibernateJpaDialect's prepareConnection flag to false
2017-04-04 13:38:27.671  INFO 8664 --- [    Test worker] o.s.b.t.m.w.SpringBootMockServletContext : Initializing Spring FrameworkServlet ''
2017-04-04 13:38:27.671  INFO 8664 --- [    Test worker] o.s.t.web.servlet.TestDispatcherServlet  : FrameworkServlet '': initialization started
2017-04-04 13:38:27.687  INFO 8664 --- [    Test worker] o.s.t.web.servlet.TestDispatcherServlet  : FrameworkServlet '': initialization completed in 16 ms
2017-04-04 13:38:27.781  WARN 8664 --- [    Test worker] o.s.orm.jpa.vendor.HibernateJpaDialect   : JDBC Connection to reset not identical to originally prepared Connection - please make sure to use connection release mode ON_CLOSE (the default) and to run against Hibernate 4.2+ (or switch HibernateJpaDialect's prepareConnection flag to false
2017-04-04 13:38:27.781  WARN 8664 --- [    Test worker] o.s.orm.jpa.vendor.HibernateJpaDialect   : JDBC Connection to reset not identical to originally prepared Connection - please make sure to use connection release mode ON_CLOSE (the default) and to run against Hibernate 4.2+ (or switch HibernateJpaDialect's prepareConnection flag to false
2017-04-04 13:38:27.896  INFO 8664 --- [    Test worker] o.s.b.t.m.w.SpringBootMockServletContext : Initializing Spring FrameworkServlet ''
2017-04-04 13:38:27.896  INFO 8664 --- [    Test worker] o.s.t.web.servlet.TestDispatcherServlet  : FrameworkServlet '': initialization started
2017-04-04 13:38:27.896  INFO 8664 --- [    Test worker] o.s.t.web.servlet.TestDispatcherServlet  : FrameworkServlet '': initialization completed in 0 ms
2017-04-04 13:38:27.912  WARN 8664 --- [    Test worker] o.s.orm.jpa.vendor.HibernateJpaDialect   : JDBC Connection to reset not identical to originally prepared Connection - please make sure to use connection release mode ON_CLOSE (the default) and to run against Hibernate 4.2+ (or switch HibernateJpaDialect's prepareConnection flag to false
2017-04-04 13:38:27.912  INFO 8664 --- [    Test worker] o.s.b.t.m.w.SpringBootMockServletContext : Initializing Spring FrameworkServlet ''
2017-04-04 13:38:27.912  INFO 8664 --- [    Test worker] o.s.t.web.servlet.TestDispatcherServlet  : FrameworkServlet '': initialization started
2017-04-04 13:38:27.912  INFO 8664 --- [    Test worker] o.s.t.web.servlet.TestDispatcherServlet  : FrameworkServlet '': initialization completed in 0 ms
2017-04-04 13:38:27.927  WARN 8664 --- [    Test worker] o.s.orm.jpa.vendor.HibernateJpaDialect   : JDBC Connection to reset not identical to originally prepared Connection - please make sure to use connection release mode ON_CLOSE (the default) and to run against Hibernate 4.2+ (or switch HibernateJpaDialect's prepareConnection flag to false
2017-04-04 13:38:27.943  INFO 8664 --- [    Test worker] o.s.b.t.m.w.SpringBootMockServletContext : Initializing Spring FrameworkServlet ''
2017-04-04 13:38:27.943  INFO 8664 --- [    Test worker] o.s.t.web.servlet.TestDispatcherServlet  : FrameworkServlet '': initialization started
2017-04-04 13:38:27.943  INFO 8664 --- [    Test worker] o.s.t.web.servlet.TestDispatcherServlet  : FrameworkServlet '': initialization completed in 0 ms
2017-04-04 13:38:27.958  WARN 8664 --- [    Test worker] o.s.orm.jpa.vendor.HibernateJpaDialect   : JDBC Connection to reset not identical to originally prepared Connection - please make sure to use connection release mode ON_CLOSE (the default) and to run against Hibernate 4.2+ (or switch HibernateJpaDialect's prepareConnection flag to false
2017-04-04 13:38:27.958  INFO 8664 --- [    Test worker] o.s.b.t.m.w.SpringBootMockServletContext : Initializing Spring FrameworkServlet ''
2017-04-04 13:38:27.958  INFO 8664 --- [    Test worker] o.s.t.web.servlet.TestDispatcherServlet  : FrameworkServlet '': initialization started
2017-04-04 13:38:27.958  INFO 8664 --- [    Test worker] o.s.t.web.servlet.TestDispatcherServlet  : FrameworkServlet '': initialization completed in 0 ms
2017-04-04 13:38:27.974  INFO 8664 --- [    Test worker] o.s.b.t.m.w.SpringBootMockServletContext : Initializing Spring FrameworkServlet ''
2017-04-04 13:38:27.974  INFO 8664 --- [    Test worker] o.s.t.web.servlet.TestDispatcherServlet  : FrameworkServlet '': initialization started
2017-04-04 13:38:27.974  INFO 8664 --- [    Test worker] o.s.t.web.servlet.TestDispatcherServlet  : FrameworkServlet '': initialization completed in 0 ms
2017-04-04 13:38:27.990  WARN 8664 --- [    Test worker] o.s.orm.jpa.vendor.HibernateJpaDialect   : JDBC Connection to reset not identical to originally prepared Connection - please make sure to use connection release mode ON_CLOSE (the default) and to run against Hibernate 4.2+ (or switch HibernateJpaDialect's prepareConnection flag to false
2017-04-04 13:38:27.990  WARN 8664 --- [    Test worker] o.s.orm.jpa.vendor.HibernateJpaDialect   : JDBC Connection to reset not identical to originally prepared Connection - please make sure to use connection release mode ON_CLOSE (the default) and to run against Hibernate 4.2+ (or switch HibernateJpaDialect's prepareConnection flag to false
2017-04-04 13:38:28.005  INFO 8664 --- [    Test worker] o.s.b.t.m.w.SpringBootMockServletContext : Initializing Spring FrameworkServlet ''
2017-04-04 13:38:28.005  INFO 8664 --- [    Test worker] o.s.t.web.servlet.TestDispatcherServlet  : FrameworkServlet '': initialization started
2017-04-04 13:38:28.005  INFO 8664 --- [    Test worker] o.s.t.web.servlet.TestDispatcherServlet  : FrameworkServlet '': initialization completed in 0 ms
2017-04-04 13:38:28.021  WARN 8664 --- [    Test worker] o.s.orm.jpa.vendor.HibernateJpaDialect   : JDBC Connection to reset not identical to originally prepared Connection - please make sure to use connection release mode ON_CLOSE (the default) and to run against Hibernate 4.2+ (or switch HibernateJpaDialect's prepareConnection flag to false
2017-04-04 13:38:28.037  INFO 8664 --- [    Test worker] o.s.b.t.m.w.SpringBootMockServletContext : Initializing Spring FrameworkServlet ''
2017-04-04 13:38:28.037  INFO 8664 --- [    Test worker] o.s.t.web.servlet.TestDispatcherServlet  : FrameworkServlet '': initialization started
2017-04-04 13:38:28.037  INFO 8664 --- [    Test worker] o.s.t.web.servlet.TestDispatcherServlet  : FrameworkServlet '': initialization completed in 0 ms
Question ID: 2
Assessment ID: 4
2017-04-04 13:38:28.052  WARN 8664 --- [    Test worker] o.s.orm.jpa.vendor.HibernateJpaDialect   : JDBC Connection to reset not identical to originally prepared Connection - please make sure to use connection release mode ON_CLOSE (the default) and to run against Hibernate 4.2+ (or switch HibernateJpaDialect's prepareConnection flag to false
2017-04-04 13:38:28.052  WARN 8664 --- [    Test worker] o.s.orm.jpa.vendor.HibernateJpaDialect   : JDBC Connection to reset not identical to originally prepared Connection - please make sure to use connection release mode ON_CLOSE (the default) and to run against Hibernate 4.2+ (or switch HibernateJpaDialect's prepareConnection flag to false
2017-04-04 13:38:28.068  INFO 8664 --- [    Test worker] o.s.b.t.m.w.SpringBootMockServletContext : Initializing Spring FrameworkServlet ''
2017-04-04 13:38:28.068  INFO 8664 --- [    Test worker] o.s.t.web.servlet.TestDispatcherServlet  : FrameworkServlet '': initialization started
2017-04-04 13:38:28.068  INFO 8664 --- [    Test worker] o.s.t.web.servlet.TestDispatcherServlet  : FrameworkServlet '': initialization completed in 0 ms
2017-04-04 13:38:28.084  WARN 8664 --- [    Test worker] o.s.orm.jpa.vendor.HibernateJpaDialect   : JDBC Connection to reset not identical to originally prepared Connection - please make sure to use connection release mode ON_CLOSE (the default) and to run against Hibernate 4.2+ (or switch HibernateJpaDialect's prepareConnection flag to false
2017-04-04 13:38:28.084  INFO 8664 --- [    Test worker] o.s.b.t.m.w.SpringBootMockServletContext : Initializing Spring FrameworkServlet ''
2017-04-04 13:38:28.084  INFO 8664 --- [    Test worker] o.s.t.web.servlet.TestDispatcherServlet  : FrameworkServlet '': initialization started
2017-04-04 13:38:28.084  INFO 8664 --- [    Test worker] o.s.t.web.servlet.TestDispatcherServlet  : FrameworkServlet '': initialization completed in 0 ms
2017-04-04 13:38:28.099  WARN 8664 --- [    Test worker] o.s.orm.jpa.vendor.HibernateJpaDialect   : JDBC Connection to reset not identical to originally prepared Connection - please make sure to use connection release mode ON_CLOSE (the default) and to run against Hibernate 4.2+ (or switch HibernateJpaDialect's prepareConnection flag to false
2017-04-04 13:38:28.099  WARN 8664 --- [    Test worker] o.s.orm.jpa.vendor.HibernateJpaDialect   : JDBC Connection to reset not identical to originally prepared Connection - please make sure to use connection release mode ON_CLOSE (the default) and to run against Hibernate 4.2+ (or switch HibernateJpaDialect's prepareConnection flag to false
2017-04-04 13:38:28.115  INFO 8664 --- [    Test worker] o.s.b.t.m.w.SpringBootMockServletContext : Initializing Spring FrameworkServlet ''
2017-04-04 13:38:28.115  INFO 8664 --- [    Test worker] o.s.t.web.servlet.TestDispatcherServlet  : FrameworkServlet '': initialization started
2017-04-04 13:38:28.115  INFO 8664 --- [    Test worker] o.s.t.web.servlet.TestDispatcherServlet  : FrameworkServlet '': initialization completed in 0 ms
2017-04-04 13:38:28.115  WARN 8664 --- [    Test worker] o.s.orm.jpa.vendor.HibernateJpaDialect   : JDBC Connection to reset not identical to originally prepared Connection - please make sure to use connection release mode ON_CLOSE (the default) and to run against Hibernate 4.2+ (or switch HibernateJpaDialect's prepareConnection flag to false
2017-04-04 13:38:28.130  INFO 8664 --- [    Test worker] o.s.b.t.m.w.SpringBootMockServletContext : Initializing Spring FrameworkServlet ''
2017-04-04 13:38:28.130  INFO 8664 --- [    Test worker] o.s.t.web.servlet.TestDispatcherServlet  : FrameworkServlet '': initialization started
2017-04-04 13:38:28.130  INFO 8664 --- [    Test worker] o.s.t.web.servlet.TestDispatcherServlet  : FrameworkServlet '': initialization completed in 0 ms
2017-04-04 13:38:28.146  WARN 8664 --- [    Test worker] o.s.orm.jpa.vendor.HibernateJpaDialect   : JDBC Connection to reset not identical to originally prepared Connection - please make sure to use connection release mode ON_CLOSE (the default) and to run against Hibernate 4.2+ (or switch HibernateJpaDialect's prepareConnection flag to false
2017-04-04 13:38:28.162  INFO 8664 --- [    Test worker] o.s.b.t.m.w.SpringBootMockServletContext : Initializing Spring FrameworkServlet ''
2017-04-04 13:38:28.162  INFO 8664 --- [    Test worker] o.s.t.web.servlet.TestDispatcherServlet  : FrameworkServlet '': initialization started
2017-04-04 13:38:28.162  INFO 8664 --- [    Test worker] o.s.t.web.servlet.TestDispatcherServlet  : FrameworkServlet '': initialization completed in 0 ms
2017-04-04 13:38:28.162  WARN 8664 --- [    Test worker] o.s.orm.jpa.vendor.HibernateJpaDialect   : JDBC Connection to reset not identical to originally prepared Connection - please make sure to use connection release mode ON_CLOSE (the default) and to run against Hibernate 4.2+ (or switch HibernateJpaDialect's prepareConnection flag to false
2017-04-04 13:38:28.177  INFO 8664 --- [    Test worker] o.s.w.c.s.GenericWebApplicationContext   : Closing org.springframework.web.context.support.GenericWebApplicationContext@37887e98: startup date [Tue Apr 04 13:38:17 CDT 2017]; root of context hierarchy
2017-04-04 13:38:28.185  INFO 8664 --- [    Test worker] j.LocalContainerEntityManagerFactoryBean : Closing JPA EntityManagerFactory for persistence unit 'default'
]]></system-out>
  <system-err><![CDATA[Tue Apr 04 13:38:21 CDT 2017 WARN: Establishing SSL connection without server's identity verification is not recommended. According to MySQL 5.5.45+, 5.6.26+ and 5.7.6+ requirements SSL connection must be established by default if explicit option isn't set. For compliance with existing applications not using SSL the verifyServerCertificate property is set to 'false'. You need either to explicitly disable SSL by setting useSSL=false, or set useSSL=true and provide truststore for server certificate verification.
Tue Apr 04 13:38:21 CDT 2017 WARN: Establishing SSL connection without server's identity verification is not recommended. According to MySQL 5.5.45+, 5.6.26+ and 5.7.6+ requirements SSL connection must be established by default if explicit option isn't set. For compliance with existing applications not using SSL the verifyServerCertificate property is set to 'false'. You need either to explicitly disable SSL by setting useSSL=false, or set useSSL=true and provide truststore for server certificate verification.
Tue Apr 04 13:38:21 CDT 2017 WARN: Establishing SSL connection without server's identity verification is not recommended. According to MySQL 5.5.45+, 5.6.26+ and 5.7.6+ requirements SSL connection must be established by default if explicit option isn't set. For compliance with existing applications not using SSL the verifyServerCertificate property is set to 'false'. You need either to explicitly disable SSL by setting useSSL=false, or set useSSL=true and provide truststore for server certificate verification.
Tue Apr 04 13:38:21 CDT 2017 WARN: Establishing SSL connection without server's identity verification is not recommended. According to MySQL 5.5.45+, 5.6.26+ and 5.7.6+ requirements SSL connection must be established by default if explicit option isn't set. For compliance with existing applications not using SSL the verifyServerCertificate property is set to 'false'. You need either to explicitly disable SSL by setting useSSL=false, or set useSSL=true and provide truststore for server certificate verification.
Tue Apr 04 13:38:21 CDT 2017 WARN: Establishing SSL connection without server's identity verification is not recommended. According to MySQL 5.5.45+, 5.6.26+ and 5.7.6+ requirements SSL connection must be established by default if explicit option isn't set. For compliance with existing applications not using SSL the verifyServerCertificate property is set to 'false'. You need either to explicitly disable SSL by setting useSSL=false, or set useSSL=true and provide truststore for server certificate verification.
Tue Apr 04 13:38:21 CDT 2017 WARN: Establishing SSL connection without server's identity verification is not recommended. According to MySQL 5.5.45+, 5.6.26+ and 5.7.6+ requirements SSL connection must be established by default if explicit option isn't set. For compliance with existing applications not using SSL the verifyServerCertificate property is set to 'false'. You need either to explicitly disable SSL by setting useSSL=false, or set useSSL=true and provide truststore for server certificate verification.
Tue Apr 04 13:38:21 CDT 2017 WARN: Establishing SSL connection without server's identity verification is not recommended. According to MySQL 5.5.45+, 5.6.26+ and 5.7.6+ requirements SSL connection must be established by default if explicit option isn't set. For compliance with existing applications not using SSL the verifyServerCertificate property is set to 'false'. You need either to explicitly disable SSL by setting useSSL=false, or set useSSL=true and provide truststore for server certificate verification.
Tue Apr 04 13:38:21 CDT 2017 WARN: Establishing SSL connection without server's identity verification is not recommended. According to MySQL 5.5.45+, 5.6.26+ and 5.7.6+ requirements SSL connection must be established by default if explicit option isn't set. For compliance with existing applications not using SSL the verifyServerCertificate property is set to 'false'. You need either to explicitly disable SSL by setting useSSL=false, or set useSSL=true and provide truststore for server certificate verification.
Tue Apr 04 13:38:21 CDT 2017 WARN: Establishing SSL connection without server's identity verification is not recommended. According to MySQL 5.5.45+, 5.6.26+ and 5.7.6+ requirements SSL connection must be established by default if explicit option isn't set. For compliance with existing applications not using SSL the verifyServerCertificate property is set to 'false'. You need either to explicitly disable SSL by setting useSSL=false, or set useSSL=true and provide truststore for server certificate verification.
Tue Apr 04 13:38:21 CDT 2017 WARN: Establishing SSL connection without server's identity verification is not recommended. According to MySQL 5.5.45+, 5.6.26+ and 5.7.6+ requirements SSL connection must be established by default if explicit option isn't set. For compliance with existing applications not using SSL the verifyServerCertificate property is set to 'false'. You need either to explicitly disable SSL by setting useSSL=false, or set useSSL=true and provide truststore for server certificate verification.
]]></system-err>
</testsuite>
