<?xml version="1.0" encoding="UTF-8"?>
<testsuite name="hello.storage.FileSystemStorageServiceTest" tests="9" skipped="0" failures="0" errors="0" timestamp="2017-04-04T18:39:10" hostname="Puget-99033" time="26.558">
  <properties/>
  <testcase name="loadLoadsFile" classname="hello.storage.FileSystemStorageServiceTest" time="0.016"/>
  <testcase name="testLoadAllShouldLoadAllFiles" classname="hello.storage.FileSystemStorageServiceTest" time="0.016"/>
  <testcase name="initShouldThrowIOExceptionIfFileExists" classname="hello.storage.FileSystemStorageServiceTest" time="0.0"/>
  <testcase name="loadAllShouldThrowExceptionSinceNoFileWasSaved" classname="hello.storage.FileSystemStorageServiceTest" time="0.016"/>
  <testcase name="initShouldCreateADirectory" classname="hello.storage.FileSystemStorageServiceTest" time="0.0"/>
  <testcase name="loadAsResourceThrowsExceptionSinceResourceDoesNotExist" classname="hello.storage.FileSystemStorageServiceTest" time="0.016"/>
  <testcase name="storeShouldThrowStorageExceptionOnEmptyFile" classname="hello.storage.FileSystemStorageServiceTest" time="0.0"/>
  <testcase name="storeShouldStoreFile" classname="hello.storage.FileSystemStorageServiceTest" time="0.016"/>
  <testcase name="loadAsResourceReturnsFileAsResource" classname="hello.storage.FileSystemStorageServiceTest" time="0.0"/>
  <system-out><![CDATA[2017-04-04 13:39:06.708  INFO 8664 --- [    Test worker] .b.t.c.SpringBootTestContextBootstrapper : Neither @ContextConfiguration nor @ContextHierarchy found for test class [hello.storage.FileSystemStorageServiceTest], using SpringBootContextLoader
2017-04-04 13:39:06.708  INFO 8664 --- [    Test worker] o.s.t.c.support.AbstractContextLoader    : Could not detect default resource locations for test class [hello.storage.FileSystemStorageServiceTest]: no resource found for suffixes {-context.xml, Context.groovy}.
2017-04-04 13:39:06.708  INFO 8664 --- [    Test worker] t.c.s.AnnotationConfigContextLoaderUtils : Could not detect default configuration classes for test class [hello.storage.FileSystemStorageServiceTest]: FileSystemStorageServiceTest does not declare any static, non-private, non-final, nested classes annotated with @Configuration.
2017-04-04 13:39:06.724  INFO 8664 --- [    Test worker] .b.t.c.SpringBootTestContextBootstrapper : Found @SpringBootConfiguration hello.Application for test class hello.storage.FileSystemStorageServiceTest
2017-04-04 13:39:06.724  INFO 8664 --- [    Test worker] .b.t.c.SpringBootTestContextBootstrapper : Loaded default TestExecutionListener class names from location [META-INF/spring.factories]: [org.springframework.test.context.web.ServletTestExecutionListener, org.springframework.test.context.support.DirtiesContextBeforeModesTestExecutionListener, org.springframework.test.context.support.DependencyInjectionTestExecutionListener, org.springframework.test.context.support.DirtiesContextTestExecutionListener, org.springframework.test.context.transaction.TransactionalTestExecutionListener, org.springframework.test.context.jdbc.SqlScriptsTestExecutionListener, org.springframework.boot.test.mock.mockito.MockitoTestExecutionListener, org.springframework.boot.test.mock.mockito.ResetMocksTestExecutionListener, org.springframework.boot.test.autoconfigure.restdocs.RestDocsTestExecutionListener, org.springframework.boot.test.autoconfigure.web.client.MockRestServiceServerResetTestExecutionListener, org.springframework.boot.test.autoconfigure.web.servlet.MockMvcPrintOnlyOnFailureTestExecutionListener, org.springframework.boot.test.autoconfigure.web.servlet.WebDriverTestExecutionListener]
2017-04-04 13:39:06.724  INFO 8664 --- [    Test worker] .b.t.c.SpringBootTestContextBootstrapper : Using TestExecutionListeners: [org.springframework.test.context.web.ServletTestExecutionListener@636a90e1, org.springframework.test.context.support.DirtiesContextBeforeModesTestExecutionListener@4c369792, org.springframework.boot.test.autoconfigure.SpringBootDependencyInjectionTestExecutionListener@41583a3d, org.springframework.test.context.support.DirtiesContextTestExecutionListener@65ac3b23, org.springframework.test.context.transaction.TransactionalTestExecutionListener@52f642ef, org.springframework.test.context.jdbc.SqlScriptsTestExecutionListener@2a84d524, org.springframework.boot.test.autoconfigure.restdocs.RestDocsTestExecutionListener@2a0d8b9b, org.springframework.boot.test.autoconfigure.web.client.MockRestServiceServerResetTestExecutionListener@2e7cd8da, org.springframework.boot.test.mock.mockito.MockitoTestExecutionListener@4efd06c0, org.springframework.boot.test.mock.mockito.ResetMocksTestExecutionListener@42dcd7ce, org.springframework.boot.test.autoconfigure.web.servlet.WebDriverTestExecutionListener@4cbdd5d, org.springframework.boot.test.autoconfigure.web.servlet.MockMvcPrintOnlyOnFailureTestExecutionListener@4cb96f16]

  .   ____          _            __ _ _
 /\\ / ___'_ __ _ _(_)_ __  __ _ \ \ \ \
( ( )\___ | '_ | '_| | '_ \/ _` | \ \ \ \
 \\/  ___)| |_)| | | | | || (_| |  ) ) ) )
  '  |____| .__|_| |_|_| |_\__, | / / / /
 =========|_|==============|___/=/_/_/_/
 :: Spring Boot ::        (v1.4.4.RELEASE)

2017-04-04 13:39:06.755  INFO 8664 --- [    Test worker] h.storage.FileSystemStorageServiceTest   : Starting FileSystemStorageServiceTest on Puget-99033 with PID 8664 (started by Hector in D:\SHRPAS_Project)
2017-04-04 13:39:06.755  INFO 8664 --- [    Test worker] h.storage.FileSystemStorageServiceTest   : The following profiles are active: developer
2017-04-04 13:39:06.755  INFO 8664 --- [    Test worker] o.s.w.c.s.GenericWebApplicationContext   : Refreshing org.springframework.web.context.support.GenericWebApplicationContext@5dd2a361: startup date [Tue Apr 04 13:39:06 CDT 2017]; root of context hierarchy
2017-04-04 13:39:07.427  INFO 8664 --- [    Test worker] o.s.b.f.s.DefaultListableBeanFactory     : Overriding bean definition for bean 'managementServletContext' with a different definition: replacing [Root bean: class [null]; scope=; abstract=false; lazyInit=false; autowireMode=3; dependencyCheck=0; autowireCandidate=true; primary=false; factoryBeanName=org.springframework.boot.actuate.autoconfigure.EndpointWebMvcHypermediaManagementContextConfiguration; factoryMethodName=managementServletContext; initMethodName=null; destroyMethodName=(inferred); defined in class path resource [org/springframework/boot/actuate/autoconfigure/EndpointWebMvcHypermediaManagementContextConfiguration.class]] with [Root bean: class [null]; scope=; abstract=false; lazyInit=false; autowireMode=3; dependencyCheck=0; autowireCandidate=true; primary=false; factoryBeanName=org.springframework.boot.actuate.autoconfigure.EndpointWebMvcAutoConfiguration; factoryMethodName=managementServletContext; initMethodName=null; destroyMethodName=(inferred); defined in class path resource [org/springframework/boot/actuate/autoconfigure/EndpointWebMvcAutoConfiguration.class]]
2017-04-04 13:39:07.568  INFO 8664 --- [    Test worker] trationDelegate$BeanPostProcessorChecker : Bean 'org.springframework.transaction.annotation.ProxyTransactionManagementConfiguration' of type [class org.springframework.transaction.annotation.ProxyTransactionManagementConfiguration$$EnhancerBySpringCGLIB$$a51e0bb4] is not eligible for getting processed by all BeanPostProcessors (for example: not eligible for auto-proxying)
2017-04-04 13:39:07.677  INFO 8664 --- [    Test worker] j.LocalContainerEntityManagerFactoryBean : Building JPA container EntityManagerFactory for persistence unit 'default'
2017-04-04 13:39:07.677  INFO 8664 --- [    Test worker] org.hibernate.ejb.Ejb3Configuration      : HHH000204: Processing PersistenceUnitInfo [
	name: default
	...]
2017-04-04 13:39:07.677  INFO 8664 --- [    Test worker] o.h.s.j.c.i.ConnectionProviderInitiator  : HHH000130: Instantiating explicit connection provider: org.hibernate.ejb.connection.InjectedDataSourceConnectionProvider
2017-04-04 13:39:07.693  INFO 8664 --- [    Test worker] org.hibernate.dialect.Dialect            : HHH000400: Using dialect: org.hibernate.dialect.MySQLDialect
2017-04-04 13:39:07.693  INFO 8664 --- [    Test worker] o.h.e.t.i.TransactionFactoryInitiator    : HHH000268: Transaction strategy: org.hibernate.engine.transaction.internal.jdbc.JdbcTransactionFactory
2017-04-04 13:39:07.693  INFO 8664 --- [    Test worker] o.h.h.i.ast.ASTQueryTranslatorFactory    : HHH000397: Using ASTQueryTranslatorFactory
2017-04-04 13:39:07.708  INFO 8664 --- [    Test worker] org.hibernate.tool.hbm2ddl.SchemaExport  : HHH000227: Running hbm2ddl schema export
2017-04-04 13:39:09.349  INFO 8664 --- [    Test worker] org.hibernate.tool.hbm2ddl.SchemaExport  : HHH000230: Schema export complete
2017-04-04 13:39:09.364  WARN 8664 --- [    Test worker] o.h.e.i.EntityManagerFactoryRegistry     : HHH000436: Entity manager factory name (default) is already registered.  If entity manager will be clustered or passivated, specify a unique value for property 'hibernate.ejb.entitymanager_factory_name'
2017-04-04 13:39:09.364  INFO 8664 --- [    Test worker] j.LocalContainerEntityManagerFactoryBean : Initialized JPA EntityManagerFactory for persistence unit 'default'
2017-04-04 13:39:09.474  INFO 8664 --- [    Test worker] o.s.b.f.config.PropertiesFactoryBean     : Loading properties file from class path resource [rest-default-messages.properties]
2017-04-04 13:39:09.739  INFO 8664 --- [    Test worker] s.w.s.m.m.a.RequestMappingHandlerAdapter : Looking for @ControllerAdvice: org.springframework.web.context.support.GenericWebApplicationContext@5dd2a361: startup date [Tue Apr 04 13:39:06 CDT 2017]; root of context hierarchy
2017-04-04 13:39:09.739  INFO 8664 --- [    Test worker] s.w.s.m.m.a.RequestMappingHandlerAdapter : Detected ResponseBodyAdvice bean in org.springframework.boot.actuate.autoconfigure.EndpointWebMvcHypermediaManagementContextConfiguration$ActuatorEndpointLinksAdvice
2017-04-04 13:39:09.739  INFO 8664 --- [    Test worker] s.w.s.m.m.a.RequestMappingHandlerMapping : Mapped "{[/api/login],methods=[POST],consumes=[application/json]}" onto public hello.models.LoginResults hello.controllers.AdministratorController.login(java.lang.String,hello.models.LoginRequest,org.springframework.validation.BindingResult,javax.servlet.http.HttpServletResponse)
2017-04-04 13:39:09.739  INFO 8664 --- [    Test worker] s.w.s.m.m.a.RequestMappingHandlerMapping : Mapped "{[/rest/assessments/{id}/users],methods=[POST]}" onto public org.springframework.http.ResponseEntity<hello.models.Assessment> hello.controllers.AssessmentController.addUser(int,hello.models.User) throws java.lang.Exception
2017-04-04 13:39:09.739  INFO 8664 --- [    Test worker] s.w.s.m.m.a.RequestMappingHandlerMapping : Mapped "{[/rest/assessments/{id}],methods=[PATCH]}" onto public org.springframework.http.ResponseEntity<hello.models.Assessment> hello.controllers.AssessmentController.updateAssessment(int,hello.models.Assessment) throws java.lang.Exception
2017-04-04 13:39:09.739  INFO 8664 --- [    Test worker] s.w.s.m.m.a.RequestMappingHandlerMapping : Mapped "{[/rest/assessments/{id}/],methods=[GET]}" onto public org.springframework.http.ResponseEntity<hello.models.Assessment> hello.controllers.AssessmentController.getAssessment(int)
2017-04-04 13:39:09.739  INFO 8664 --- [    Test worker] s.w.s.m.m.a.RequestMappingHandlerMapping : Mapped "{[/rest/assessments/{id}/delete],methods=[DELETE]}" onto public org.springframework.http.ResponseEntity<java.lang.Boolean> hello.controllers.AssessmentController.deleteAssessment(int)
2017-04-04 13:39:09.739  INFO 8664 --- [    Test worker] s.w.s.m.m.a.RequestMappingHandlerMapping : Mapped "{[/rest/assessments/{id}/question],methods=[POST]}" onto public org.springframework.http.ResponseEntity<hello.models.Assessment> hello.controllers.AssessmentController.addQuestion(int,hello.models.Question) throws java.lang.Exception
2017-04-04 13:39:09.739  INFO 8664 --- [    Test worker] s.w.s.m.m.a.RequestMappingHandlerMapping : Mapped "{[/rest/assessments],methods=[POST]}" onto public org.springframework.http.ResponseEntity<hello.models.Assessment> hello.controllers.AssessmentController.addAssessment(javax.servlet.http.HttpSession,hello.models.Assessment) throws java.lang.Exception
2017-04-04 13:39:09.739  INFO 8664 --- [    Test worker] s.w.s.m.m.a.RequestMappingHandlerMapping : Mapped "{[/rest/assessments],methods=[GET]}" onto public java.util.ArrayList<hello.models.Assessment> hello.controllers.AssessmentController.getAllAssessments(javax.servlet.http.HttpSession) throws java.lang.Exception
2017-04-04 13:39:09.739  INFO 8664 --- [    Test worker] s.w.s.m.m.a.RequestMappingHandlerMapping : Mapped "{[/rest/assessments/{id}/question/{questionId}],methods=[POST]}" onto public org.springframework.http.ResponseEntity<hello.models.Assessment> hello.controllers.AssessmentController.addExistingQuestion(int,int)
2017-04-04 13:39:09.739  INFO 8664 --- [    Test worker] s.w.s.m.m.a.RequestMappingHandlerMapping : Mapped "{[/rest/session],methods=[DELETE]}" onto public void hello.controllers.AuthenticationController.logout(javax.servlet.http.HttpSession)
2017-04-04 13:39:09.739  INFO 8664 --- [    Test worker] s.w.s.m.m.a.RequestMappingHandlerMapping : Mapped "{[/rest/session/logout],methods=[POST]}" onto public org.springframework.http.ResponseEntity<hello.models.LogoutResponse> hello.controllers.AuthenticationController.logout() throws java.lang.Exception
2017-04-04 13:39:09.739  INFO 8664 --- [    Test worker] s.w.s.m.m.a.RequestMappingHandlerMapping : Mapped "{[/rest/session/login],methods=[POST]}" onto public org.springframework.http.ResponseEntity<hello.models.LoginResponse> hello.controllers.AuthenticationController.login(hello.models.LoginRequest,javax.servlet.http.HttpSession)
2017-04-04 13:39:09.739  INFO 8664 --- [    Test worker] s.w.s.m.m.a.RequestMappingHandlerMapping : Mapped "{[/rest/session],methods=[GET]}" onto public hello.models.User hello.controllers.AuthenticationController.session(javax.servlet.http.HttpSession)
2017-04-04 13:39:09.739  INFO 8664 --- [    Test worker] s.w.s.m.m.a.RequestMappingHandlerMapping : Mapped "{[/rest/session/is-logged-in],methods=[GET]}" onto public org.springframework.http.ResponseEntity<hello.models.LoginResponse> hello.controllers.AuthenticationController.isLoggedIn(javax.servlet.http.HttpSession)
2017-04-04 13:39:09.739  INFO 8664 --- [    Test worker] s.w.s.m.m.a.RequestMappingHandlerMapping : Mapped "{[/files/upload]}" onto public hello.models.JSONResponse hello.controllers.FileUploadController.uploadFile(org.springframework.web.multipart.MultipartFile)
2017-04-04 13:39:09.739  INFO 8664 --- [    Test worker] s.w.s.m.m.a.RequestMappingHandlerMapping : Mapped "{[/files/{filename:.+}],methods=[GET]}" onto public org.springframework.http.ResponseEntity<org.springframework.core.io.Resource> hello.controllers.FileUploadController.serveFile(java.lang.String)
2017-04-04 13:39:09.739  INFO 8664 --- [    Test worker] s.w.s.m.m.a.RequestMappingHandlerMapping : Mapped "{[/app/*]}" onto public org.springframework.web.servlet.ModelAndView hello.controllers.HomeController.index(javax.servlet.http.HttpSession,javax.servlet.http.HttpServletResponse)
2017-04-04 13:39:09.739  INFO 8664 --- [    Test worker] s.w.s.m.m.a.RequestMappingHandlerMapping : Mapped "{[/app/*/*]}" onto public org.springframework.web.servlet.ModelAndView hello.controllers.HomeController.index2(javax.servlet.http.HttpSession,javax.servlet.http.HttpServletResponse)
2017-04-04 13:39:09.739  INFO 8664 --- [    Test worker] s.w.s.m.m.a.RequestMappingHandlerMapping : Mapped "{[]}" onto public java.lang.String hello.controllers.HomeController.home()
2017-04-04 13:39:09.755  INFO 8664 --- [    Test worker] s.w.s.m.m.a.RequestMappingHandlerMapping : Mapped "{[/rest/participants/{id}],methods=[GET]}" onto public org.springframework.http.ResponseEntity<hello.models.Participant> hello.controllers.ParticipantController.getParticipant(int)
2017-04-04 13:39:09.755  INFO 8664 --- [    Test worker] s.w.s.m.m.a.RequestMappingHandlerMapping : Mapped "{[/rest/participants],methods=[GET]}" onto public java.util.ArrayList<hello.models.Participant> hello.controllers.ParticipantController.getParticipants()
2017-04-04 13:39:09.755  INFO 8664 --- [    Test worker] s.w.s.m.m.a.RequestMappingHandlerMapping : Mapped "{[/rest/participants],methods=[POST]}" onto public org.springframework.http.ResponseEntity<hello.models.Participant> hello.controllers.ParticipantController.addParticipant(hello.models.Participant)
2017-04-04 13:39:09.755  INFO 8664 --- [    Test worker] s.w.s.m.m.a.RequestMappingHandlerMapping : Mapped "{[/rest/participants/{id}],methods=[DELETE]}" onto public org.springframework.http.ResponseEntity<java.lang.Boolean> hello.controllers.ParticipantController.deleteParticipant(int) throws java.lang.Exception
2017-04-04 13:39:09.755  INFO 8664 --- [    Test worker] s.w.s.m.m.a.RequestMappingHandlerMapping : Mapped "{[/rest/participants/{id}],methods=[PUT]}" onto public org.springframework.http.ResponseEntity<hello.models.Participant> hello.controllers.ParticipantController.updateParticipant(int,hello.models.Participant) throws java.lang.Exception
2017-04-04 13:39:09.755  INFO 8664 --- [    Test worker] s.w.s.m.m.a.RequestMappingHandlerMapping : Mapped "{[/rest/questions],methods=[POST]}" onto public org.springframework.http.ResponseEntity<hello.models.Question> hello.controllers.QuestionController.addQuestion(hello.models.Question)
2017-04-04 13:39:09.755  INFO 8664 --- [    Test worker] s.w.s.m.m.a.RequestMappingHandlerMapping : Mapped "{[/rest/questions/{id}],methods=[DELETE]}" onto public org.springframework.http.ResponseEntity<java.lang.Boolean> hello.controllers.QuestionController.deleteQuestion(int)
2017-04-04 13:39:09.755  INFO 8664 --- [    Test worker] s.w.s.m.m.a.RequestMappingHandlerMapping : Mapped "{[/rest/questions],methods=[GET]}" onto public java.util.ArrayList<hello.models.Question> hello.controllers.QuestionController.getQuestions()
2017-04-04 13:39:09.755  INFO 8664 --- [    Test worker] s.w.s.m.m.a.RequestMappingHandlerMapping : Mapped "{[/rest/questions/{id}],methods=[PATCH]}" onto public org.springframework.http.ResponseEntity<hello.models.Question> hello.controllers.QuestionController.updateQuestion(int,hello.models.Question) throws java.lang.Exception
2017-04-04 13:39:09.755  INFO 8664 --- [    Test worker] s.w.s.m.m.a.RequestMappingHandlerMapping : Mapped "{[/rest/questions/{id}/],methods=[GET]}" onto public org.springframework.http.ResponseEntity<hello.models.Question> hello.controllers.QuestionController.getAQuestion(int)
2017-04-04 13:39:09.755  INFO 8664 --- [    Test worker] s.w.s.m.m.a.RequestMappingHandlerMapping : Mapped "{[/rest/targetGroups/{id}/assessment/{assessmentid}],methods=[POST]}" onto public org.springframework.http.ResponseEntity<hello.models.TargetGroup> hello.controllers.TargetGroupController.addExistingAssessmentToTargetGroup(int,int) throws java.lang.Exception
2017-04-04 13:39:09.755  INFO 8664 --- [    Test worker] s.w.s.m.m.a.RequestMappingHandlerMapping : Mapped "{[/rest/targetGroups/{id}/participants/{participantId}],methods=[POST]}" onto public org.springframework.http.ResponseEntity<hello.models.TargetGroup> hello.controllers.TargetGroupController.addExistingParticipantToTargetGroup(int,int) throws java.lang.Exception
2017-04-04 13:39:09.755  INFO 8664 --- [    Test worker] s.w.s.m.m.a.RequestMappingHandlerMapping : Mapped "{[/rest/targetGroups],methods=[POST]}" onto public org.springframework.http.ResponseEntity<hello.models.TargetGroup> hello.controllers.TargetGroupController.addTargetGroup(javax.servlet.http.HttpSession,hello.models.TargetGroup) throws java.lang.Exception
2017-04-04 13:39:09.755  INFO 8664 --- [    Test worker] s.w.s.m.m.a.RequestMappingHandlerMapping : Mapped "{[/rest/targetGroups/{id}],methods=[GET]}" onto public org.springframework.http.ResponseEntity<hello.models.TargetGroup> hello.controllers.TargetGroupController.getTargetGroup(int)
2017-04-04 13:39:09.755  INFO 8664 --- [    Test worker] s.w.s.m.m.a.RequestMappingHandlerMapping : Mapped "{[/rest/targetGroups],methods=[GET]}" onto public java.util.ArrayList<hello.models.TargetGroup> hello.controllers.TargetGroupController.getTargetGroups() throws java.lang.Exception
2017-04-04 13:39:09.755  INFO 8664 --- [    Test worker] s.w.s.m.m.a.RequestMappingHandlerMapping : Mapped "{[/rest/targetGroups/{id}/participants],methods=[GET]}" onto public java.util.ArrayList<hello.models.Participant> hello.controllers.TargetGroupController.getParticipantsInTargetGroup(int) throws java.lang.Exception
2017-04-04 13:39:09.755  INFO 8664 --- [    Test worker] s.w.s.m.m.a.RequestMappingHandlerMapping : Mapped "{[/rest/targetGroups/{id}],methods=[DELETE]}" onto public org.springframework.http.ResponseEntity<java.lang.Boolean> hello.controllers.TargetGroupController.deleteTargetGroup(int) throws java.lang.Exception
2017-04-04 13:39:09.755  INFO 8664 --- [    Test worker] s.w.s.m.m.a.RequestMappingHandlerMapping : Mapped "{[/rest/targetGroups/{id}/participants/{participantId}],methods=[PUT]}" onto public org.springframework.http.ResponseEntity<hello.models.TargetGroup> hello.controllers.TargetGroupController.removeParticipantFromTargetGroup(int,int) throws java.lang.Exception
2017-04-04 13:39:09.755  INFO 8664 --- [    Test worker] s.w.s.m.m.a.RequestMappingHandlerMapping : Mapped "{[/rest/targetGroups/{id}/participant],methods=[POST]}" onto public org.springframework.http.ResponseEntity<hello.models.TargetGroup> hello.controllers.TargetGroupController.addNewParticipantsToTargetGroup(int,hello.models.Participant) throws java.lang.Exception
2017-04-04 13:39:09.755  INFO 8664 --- [    Test worker] s.w.s.m.m.a.RequestMappingHandlerMapping : Mapped "{[/rest/targetGroups/{id}/participants],methods=[POST]}" onto public org.springframework.http.ResponseEntity<hello.models.TargetGroup> hello.controllers.TargetGroupController.addNewParticipantsToTargetGroup(int,java.util.List<hello.models.Participant>) throws java.lang.Exception
2017-04-04 13:39:09.755  INFO 8664 --- [    Test worker] s.w.s.m.m.a.RequestMappingHandlerMapping : Mapped "{[/rest/targetGroups/{id}],methods=[PUT]}" onto public org.springframework.http.ResponseEntity<hello.models.TargetGroup> hello.controllers.TargetGroupController.updateTargetGroup(int,hello.models.TargetGroup) throws java.lang.Exception
2017-04-04 13:39:09.755  INFO 8664 --- [    Test worker] s.w.s.m.m.a.RequestMappingHandlerMapping : Mapped "{[/rest/targetGroups/{id}/assessment],methods=[POST]}" onto public org.springframework.http.ResponseEntity<hello.models.TargetGroup> hello.controllers.TargetGroupController.addNewAssessmentToTargetGroup(int,hello.models.Assessment) throws java.lang.Exception
2017-04-04 13:39:09.755  INFO 8664 --- [    Test worker] s.w.s.m.m.a.RequestMappingHandlerMapping : Mapped "{[/error]}" onto public org.springframework.http.ResponseEntity<java.util.Map<java.lang.String, java.lang.Object>> org.springframework.boot.autoconfigure.web.BasicErrorController.error(javax.servlet.http.HttpServletRequest)
2017-04-04 13:39:09.755  INFO 8664 --- [    Test worker] s.w.s.m.m.a.RequestMappingHandlerMapping : Mapped "{[/error],produces=[text/html]}" onto public org.springframework.web.servlet.ModelAndView org.springframework.boot.autoconfigure.web.BasicErrorController.errorHtml(javax.servlet.http.HttpServletRequest,javax.servlet.http.HttpServletResponse)
2017-04-04 13:39:09.770  INFO 8664 --- [    Test worker] o.s.w.s.handler.SimpleUrlHandlerMapping  : Mapped URL path [/webjars/**] onto handler of type [class org.springframework.web.servlet.resource.ResourceHttpRequestHandler]
2017-04-04 13:39:09.770  INFO 8664 --- [    Test worker] o.s.w.s.handler.SimpleUrlHandlerMapping  : Mapped URL path [/resources/**] onto handler of type [class org.springframework.web.servlet.resource.ResourceHttpRequestHandler]
2017-04-04 13:39:09.770  INFO 8664 --- [    Test worker] .m.m.a.ExceptionHandlerExceptionResolver : Detected @ExceptionHandler methods in repositoryRestExceptionHandler
2017-04-04 13:39:09.770  INFO 8664 --- [    Test worker] .m.m.a.ExceptionHandlerExceptionResolver : Detected ResponseBodyAdvice implementation in org.springframework.boot.actuate.autoconfigure.EndpointWebMvcHypermediaManagementContextConfiguration$ActuatorEndpointLinksAdvice
2017-04-04 13:39:09.786  INFO 8664 --- [    Test worker] o.s.w.s.handler.SimpleUrlHandlerMapping  : Mapped URL path [/**/favicon.ico] onto handler of type [class org.springframework.web.servlet.resource.ResourceHttpRequestHandler]
2017-04-04 13:39:09.835  INFO 8664 --- [    Test worker] oConfiguration$WelcomePageHandlerMapping : Adding welcome page: ServletContext resource [/index.html]
2017-04-04 13:39:09.995  INFO 8664 --- [    Test worker] o.s.d.r.w.RepositoryRestHandlerAdapter   : Looking for @ControllerAdvice: org.springframework.web.context.support.GenericWebApplicationContext@5dd2a361: startup date [Tue Apr 04 13:39:06 CDT 2017]; root of context hierarchy
2017-04-04 13:39:09.995  INFO 8664 --- [    Test worker] o.s.d.r.w.RepositoryRestHandlerAdapter   : Detected ResponseBodyAdvice bean in org.springframework.boot.actuate.autoconfigure.EndpointWebMvcHypermediaManagementContextConfiguration$ActuatorEndpointLinksAdvice
2017-04-04 13:39:09.995  INFO 8664 --- [    Test worker] o.s.d.r.w.RepositoryRestHandlerMapping   : Mapped "{[/api/ || /api],methods=[HEAD],produces=[application/hal+json || application/json || application/*+json;charset=UTF-8]}" onto public org.springframework.http.ResponseEntity<?> org.springframework.data.rest.webmvc.RepositoryController.headForRepositories()
2017-04-04 13:39:09.995  INFO 8664 --- [    Test worker] o.s.d.r.w.RepositoryRestHandlerMapping   : Mapped "{[/api/ || /api],methods=[OPTIONS],produces=[application/hal+json || application/json || application/*+json;charset=UTF-8]}" onto public org.springframework.http.HttpEntity<?> org.springframework.data.rest.webmvc.RepositoryController.optionsForRepositories()
2017-04-04 13:39:09.995  INFO 8664 --- [    Test worker] o.s.d.r.w.RepositoryRestHandlerMapping   : Mapped "{[/api/ || /api],methods=[GET],produces=[application/hal+json || application/json || application/*+json;charset=UTF-8]}" onto public org.springframework.http.HttpEntity<org.springframework.data.rest.webmvc.RepositoryLinksResource> org.springframework.data.rest.webmvc.RepositoryController.listRepositories()
2017-04-04 13:39:09.995  INFO 8664 --- [    Test worker] o.s.d.r.w.RepositoryRestHandlerMapping   : Mapped "{[/api/{repository}],methods=[POST],produces=[application/hal+json || application/json || application/*+json;charset=UTF-8]}" onto public org.springframework.http.ResponseEntity<org.springframework.hateoas.ResourceSupport> org.springframework.data.rest.webmvc.RepositoryEntityController.postCollectionResource(org.springframework.data.rest.webmvc.RootResourceInformation,org.springframework.data.rest.webmvc.PersistentEntityResource,org.springframework.data.rest.webmvc.PersistentEntityResourceAssembler,java.lang.String) throws org.springframework.web.HttpRequestMethodNotSupportedException
2017-04-04 13:39:09.995  INFO 8664 --- [    Test worker] o.s.d.r.w.RepositoryRestHandlerMapping   : Mapped "{[/api/{repository}/{id}],methods=[OPTIONS],produces=[application/hal+json || application/json || application/*+json;charset=UTF-8]}" onto public org.springframework.http.ResponseEntity<?> org.springframework.data.rest.webmvc.RepositoryEntityController.optionsForItemResource(org.springframework.data.rest.webmvc.RootResourceInformation)
2017-04-04 13:39:09.995  INFO 8664 --- [    Test worker] o.s.d.r.w.RepositoryRestHandlerMapping   : Mapped "{[/api/{repository}],methods=[HEAD],produces=[application/hal+json || application/json || application/*+json;charset=UTF-8]}" onto public org.springframework.http.ResponseEntity<?> org.springframework.data.rest.webmvc.RepositoryEntityController.headCollectionResource(org.springframework.data.rest.webmvc.RootResourceInformation,org.springframework.data.rest.webmvc.support.DefaultedPageable) throws org.springframework.web.HttpRequestMethodNotSupportedException
2017-04-04 13:39:09.995  INFO 8664 --- [    Test worker] o.s.d.r.w.RepositoryRestHandlerMapping   : Mapped "{[/api/{repository}/{id}],methods=[HEAD],produces=[application/hal+json || application/json || application/*+json;charset=UTF-8]}" onto public org.springframework.http.ResponseEntity<?> org.springframework.data.rest.webmvc.RepositoryEntityController.headForItemResource(org.springframework.data.rest.webmvc.RootResourceInformation,java.io.Serializable,org.springframework.data.rest.webmvc.PersistentEntityResourceAssembler) throws org.springframework.web.HttpRequestMethodNotSupportedException
2017-04-04 13:39:09.995  INFO 8664 --- [    Test worker] o.s.d.r.w.RepositoryRestHandlerMapping   : Mapped "{[/api/{repository}/{id}],methods=[PATCH],produces=[application/hal+json || application/json || application/*+json;charset=UTF-8]}" onto public org.springframework.http.ResponseEntity<org.springframework.hateoas.ResourceSupport> org.springframework.data.rest.webmvc.RepositoryEntityController.patchItemResource(org.springframework.data.rest.webmvc.RootResourceInformation,org.springframework.data.rest.webmvc.PersistentEntityResource,java.io.Serializable,org.springframework.data.rest.webmvc.PersistentEntityResourceAssembler,org.springframework.data.rest.webmvc.support.ETag,java.lang.String) throws org.springframework.web.HttpRequestMethodNotSupportedException,org.springframework.data.rest.webmvc.ResourceNotFoundException
2017-04-04 13:39:09.995  INFO 8664 --- [    Test worker] o.s.d.r.w.RepositoryRestHandlerMapping   : Mapped "{[/api/{repository}],methods=[OPTIONS],produces=[application/hal+json || application/json || application/*+json;charset=UTF-8]}" onto public org.springframework.http.ResponseEntity<?> org.springframework.data.rest.webmvc.RepositoryEntityController.optionsForCollectionResource(org.springframework.data.rest.webmvc.RootResourceInformation)
2017-04-04 13:39:09.995  INFO 8664 --- [    Test worker] o.s.d.r.w.RepositoryRestHandlerMapping   : Mapped "{[/api/{repository}],methods=[GET],produces=[application/hal+json || application/json || application/*+json;charset=UTF-8]}" onto public org.springframework.hateoas.Resources<?> org.springframework.data.rest.webmvc.RepositoryEntityController.getCollectionResource(org.springframework.data.rest.webmvc.RootResourceInformation,org.springframework.data.rest.webmvc.support.DefaultedPageable,org.springframework.data.domain.Sort,org.springframework.data.rest.webmvc.PersistentEntityResourceAssembler) throws org.springframework.data.rest.webmvc.ResourceNotFoundException,org.springframework.web.HttpRequestMethodNotSupportedException
2017-04-04 13:39:09.995  INFO 8664 --- [    Test worker] o.s.d.r.w.RepositoryRestHandlerMapping   : Mapped "{[/api/{repository}],methods=[GET],produces=[application/x-spring-data-compact+json || text/uri-list]}" onto public org.springframework.hateoas.Resources<?> org.springframework.data.rest.webmvc.RepositoryEntityController.getCollectionResourceCompact(org.springframework.data.rest.webmvc.RootResourceInformation,org.springframework.data.rest.webmvc.support.DefaultedPageable,org.springframework.data.domain.Sort,org.springframework.data.rest.webmvc.PersistentEntityResourceAssembler) throws org.springframework.data.rest.webmvc.ResourceNotFoundException,org.springframework.web.HttpRequestMethodNotSupportedException
2017-04-04 13:39:09.995  INFO 8664 --- [    Test worker] o.s.d.r.w.RepositoryRestHandlerMapping   : Mapped "{[/api/{repository}/{id}],methods=[DELETE],produces=[application/hal+json || application/json || application/*+json;charset=UTF-8]}" onto public org.springframework.http.ResponseEntity<?> org.springframework.data.rest.webmvc.RepositoryEntityController.deleteItemResource(org.springframework.data.rest.webmvc.RootResourceInformation,java.io.Serializable,org.springframework.data.rest.webmvc.support.ETag) throws org.springframework.data.rest.webmvc.ResourceNotFoundException,org.springframework.web.HttpRequestMethodNotSupportedException
2017-04-04 13:39:09.995  INFO 8664 --- [    Test worker] o.s.d.r.w.RepositoryRestHandlerMapping   : Mapped "{[/api/{repository}/{id}],methods=[GET],produces=[application/hal+json || application/json || application/*+json;charset=UTF-8]}" onto public org.springframework.http.ResponseEntity<org.springframework.hateoas.Resource<?>> org.springframework.data.rest.webmvc.RepositoryEntityController.getItemResource(org.springframework.data.rest.webmvc.RootResourceInformation,java.io.Serializable,org.springframework.data.rest.webmvc.PersistentEntityResourceAssembler,org.springframework.util.MultiValueMap<java.lang.String, java.lang.String>) throws org.springframework.web.HttpRequestMethodNotSupportedException
2017-04-04 13:39:09.995  INFO 8664 --- [    Test worker] o.s.d.r.w.RepositoryRestHandlerMapping   : Mapped "{[/api/{repository}/{id}],methods=[PUT],produces=[application/hal+json || application/json || application/*+json;charset=UTF-8]}" onto public org.springframework.http.ResponseEntity<? extends org.springframework.hateoas.ResourceSupport> org.springframework.data.rest.webmvc.RepositoryEntityController.putItemResource(org.springframework.data.rest.webmvc.RootResourceInformation,org.springframework.data.rest.webmvc.PersistentEntityResource,java.io.Serializable,org.springframework.data.rest.webmvc.PersistentEntityResourceAssembler,org.springframework.data.rest.webmvc.support.ETag,java.lang.String) throws org.springframework.web.HttpRequestMethodNotSupportedException
2017-04-04 13:39:09.995  INFO 8664 --- [    Test worker] o.s.d.r.w.RepositoryRestHandlerMapping   : Mapped "{[/api/{repository}/{id}/{property}],methods=[GET],produces=[application/x-spring-data-compact+json || text/uri-list]}" onto public org.springframework.http.ResponseEntity<org.springframework.hateoas.ResourceSupport> org.springframework.data.rest.webmvc.RepositoryPropertyReferenceController.followPropertyReferenceCompact(org.springframework.data.rest.webmvc.RootResourceInformation,java.io.Serializable,java.lang.String,org.springframework.data.rest.webmvc.PersistentEntityResourceAssembler) throws java.lang.Exception
2017-04-04 13:39:09.995  INFO 8664 --- [    Test worker] o.s.d.r.w.RepositoryRestHandlerMapping   : Mapped "{[/api/{repository}/{id}/{property}],methods=[DELETE],produces=[application/hal+json || application/json || application/*+json;charset=UTF-8]}" onto public org.springframework.http.ResponseEntity<? extends org.springframework.hateoas.ResourceSupport> org.springframework.data.rest.webmvc.RepositoryPropertyReferenceController.deletePropertyReference(org.springframework.data.rest.webmvc.RootResourceInformation,java.io.Serializable,java.lang.String) throws java.lang.Exception
2017-04-04 13:39:09.995  INFO 8664 --- [    Test worker] o.s.d.r.w.RepositoryRestHandlerMapping   : Mapped "{[/api/{repository}/{id}/{property}/{propertyId}],methods=[DELETE],produces=[application/hal+json || application/json || application/*+json;charset=UTF-8]}" onto public org.springframework.http.ResponseEntity<org.springframework.hateoas.ResourceSupport> org.springframework.data.rest.webmvc.RepositoryPropertyReferenceController.deletePropertyReferenceId(org.springframework.data.rest.webmvc.RootResourceInformation,java.io.Serializable,java.lang.String,java.lang.String) throws java.lang.Exception
2017-04-04 13:39:09.995  INFO 8664 --- [    Test worker] o.s.d.r.w.RepositoryRestHandlerMapping   : Mapped "{[/api/{repository}/{id}/{property}],methods=[GET],produces=[application/hal+json || application/json || application/*+json;charset=UTF-8]}" onto public org.springframework.http.ResponseEntity<org.springframework.hateoas.ResourceSupport> org.springframework.data.rest.webmvc.RepositoryPropertyReferenceController.followPropertyReference(org.springframework.data.rest.webmvc.RootResourceInformation,java.io.Serializable,java.lang.String,org.springframework.data.rest.webmvc.PersistentEntityResourceAssembler) throws java.lang.Exception
2017-04-04 13:39:09.995  INFO 8664 --- [    Test worker] o.s.d.r.w.RepositoryRestHandlerMapping   : Mapped "{[/api/{repository}/{id}/{property}/{propertyId}],methods=[GET],produces=[application/hal+json || application/json || application/*+json;charset=UTF-8]}" onto public org.springframework.http.ResponseEntity<org.springframework.hateoas.ResourceSupport> org.springframework.data.rest.webmvc.RepositoryPropertyReferenceController.followPropertyReference(org.springframework.data.rest.webmvc.RootResourceInformation,java.io.Serializable,java.lang.String,java.lang.String,org.springframework.data.rest.webmvc.PersistentEntityResourceAssembler) throws java.lang.Exception
2017-04-04 13:39:09.995  INFO 8664 --- [    Test worker] o.s.d.r.w.RepositoryRestHandlerMapping   : Mapped "{[/api/{repository}/{id}/{property}],methods=[PATCH || PUT || POST],consumes=[application/json || application/x-spring-data-compact+json || text/uri-list],produces=[application/hal+json || application/json || application/*+json;charset=UTF-8]}" onto public org.springframework.http.ResponseEntity<? extends org.springframework.hateoas.ResourceSupport> org.springframework.data.rest.webmvc.RepositoryPropertyReferenceController.createPropertyReference(org.springframework.data.rest.webmvc.RootResourceInformation,org.springframework.http.HttpMethod,org.springframework.hateoas.Resources<java.lang.Object>,java.io.Serializable,java.lang.String) throws java.lang.Exception
2017-04-04 13:39:09.995  INFO 8664 --- [    Test worker] o.s.d.r.w.RepositoryRestHandlerMapping   : Mapped "{[/api/{repository}/search],methods=[OPTIONS],produces=[application/hal+json || application/json || application/*+json;charset=UTF-8]}" onto public org.springframework.http.HttpEntity<?> org.springframework.data.rest.webmvc.RepositorySearchController.optionsForSearches(org.springframework.data.rest.webmvc.RootResourceInformation)
2017-04-04 13:39:09.995  INFO 8664 --- [    Test worker] o.s.d.r.w.RepositoryRestHandlerMapping   : Mapped "{[/api/{repository}/search/{search}],methods=[GET],produces=[application/x-spring-data-compact+json]}" onto public org.springframework.hateoas.ResourceSupport org.springframework.data.rest.webmvc.RepositorySearchController.executeSearchCompact(org.springframework.data.rest.webmvc.RootResourceInformation,org.springframework.util.MultiValueMap<java.lang.String, java.lang.Object>,java.lang.String,java.lang.String,org.springframework.data.rest.webmvc.support.DefaultedPageable,org.springframework.data.domain.Sort,org.springframework.data.rest.webmvc.PersistentEntityResourceAssembler)
2017-04-04 13:39:09.995  INFO 8664 --- [    Test worker] o.s.d.r.w.RepositoryRestHandlerMapping   : Mapped "{[/api/{repository}/search/{search}],methods=[OPTIONS],produces=[application/hal+json || application/json || application/*+json;charset=UTF-8]}" onto public org.springframework.http.ResponseEntity<java.lang.Object> org.springframework.data.rest.webmvc.RepositorySearchController.optionsForSearch(org.springframework.data.rest.webmvc.RootResourceInformation,java.lang.String)
2017-04-04 13:39:09.995  INFO 8664 --- [    Test worker] o.s.d.r.w.RepositoryRestHandlerMapping   : Mapped "{[/api/{repository}/search/{search}],methods=[HEAD],produces=[application/hal+json || application/json || application/*+json;charset=UTF-8]}" onto public org.springframework.http.ResponseEntity<java.lang.Object> org.springframework.data.rest.webmvc.RepositorySearchController.headForSearch(org.springframework.data.rest.webmvc.RootResourceInformation,java.lang.String)
2017-04-04 13:39:09.995  INFO 8664 --- [    Test worker] o.s.d.r.w.RepositoryRestHandlerMapping   : Mapped "{[/api/{repository}/search],methods=[HEAD],produces=[application/hal+json || application/json || application/*+json;charset=UTF-8]}" onto public org.springframework.http.HttpEntity<?> org.springframework.data.rest.webmvc.RepositorySearchController.headForSearches(org.springframework.data.rest.webmvc.RootResourceInformation)
2017-04-04 13:39:09.995  INFO 8664 --- [    Test worker] o.s.d.r.w.RepositoryRestHandlerMapping   : Mapped "{[/api/{repository}/search],methods=[GET],produces=[application/hal+json || application/json || application/*+json;charset=UTF-8]}" onto public org.springframework.data.rest.webmvc.RepositorySearchesResource org.springframework.data.rest.webmvc.RepositorySearchController.listSearches(org.springframework.data.rest.webmvc.RootResourceInformation)
2017-04-04 13:39:09.995  INFO 8664 --- [    Test worker] o.s.d.r.w.RepositoryRestHandlerMapping   : Mapped "{[/api/{repository}/search/{search}],methods=[GET],produces=[application/hal+json || application/json || application/*+json;charset=UTF-8]}" onto public org.springframework.http.ResponseEntity<java.lang.Object> org.springframework.data.rest.webmvc.RepositorySearchController.executeSearch(org.springframework.data.rest.webmvc.RootResourceInformation,org.springframework.util.MultiValueMap<java.lang.String, java.lang.Object>,java.lang.String,org.springframework.data.rest.webmvc.support.DefaultedPageable,org.springframework.data.domain.Sort,org.springframework.data.rest.webmvc.PersistentEntityResourceAssembler)
2017-04-04 13:39:09.995  INFO 8664 --- [    Test worker] o.s.d.r.w.BasePathAwareHandlerMapping    : Mapped "{[/api/profile/{repository}],methods=[GET],produces=[application/alps+json || */*]}" onto org.springframework.http.HttpEntity<org.springframework.data.rest.webmvc.RootResourceInformation> org.springframework.data.rest.webmvc.alps.AlpsController.descriptor(org.springframework.data.rest.webmvc.RootResourceInformation)
2017-04-04 13:39:09.995  INFO 8664 --- [    Test worker] o.s.d.r.w.BasePathAwareHandlerMapping    : Mapped "{[/api/profile/{repository}],methods=[OPTIONS],produces=[application/alps+json]}" onto org.springframework.http.HttpEntity<?> org.springframework.data.rest.webmvc.alps.AlpsController.alpsOptions()
2017-04-04 13:39:09.995  INFO 8664 --- [    Test worker] o.s.d.r.w.BasePathAwareHandlerMapping    : Mapped "{[/api/profile],methods=[GET]}" onto org.springframework.http.HttpEntity<org.springframework.hateoas.ResourceSupport> org.springframework.data.rest.webmvc.ProfileController.listAllFormsOfMetadata()
2017-04-04 13:39:09.995  INFO 8664 --- [    Test worker] o.s.d.r.w.BasePathAwareHandlerMapping    : Mapped "{[/api/profile],methods=[OPTIONS]}" onto public org.springframework.http.HttpEntity<?> org.springframework.data.rest.webmvc.ProfileController.profileOptions()
2017-04-04 13:39:09.995  INFO 8664 --- [    Test worker] o.s.d.r.w.BasePathAwareHandlerMapping    : Mapped "{[/api/profile/{repository}],methods=[GET],produces=[application/schema+json]}" onto public org.springframework.http.HttpEntity<org.springframework.data.rest.webmvc.json.JsonSchema> org.springframework.data.rest.webmvc.RepositorySchemaController.schema(org.springframework.data.rest.webmvc.RootResourceInformation)
2017-04-04 13:39:10.011  INFO 8664 --- [    Test worker] .m.m.a.ExceptionHandlerExceptionResolver : Detected @ExceptionHandler methods in repositoryRestExceptionHandler
2017-04-04 13:39:10.011  INFO 8664 --- [    Test worker] .m.m.a.ExceptionHandlerExceptionResolver : Detected ResponseBodyAdvice implementation in org.springframework.boot.actuate.autoconfigure.EndpointWebMvcHypermediaManagementContextConfiguration$ActuatorEndpointLinksAdvice
2017-04-04 13:39:10.058  INFO 8664 --- [    Test worker] o.s.b.a.e.mvc.EndpointHandlerMapping     : Mapped "{[/env/{name:.*}],methods=[GET],produces=[application/json]}" onto public java.lang.Object org.springframework.boot.actuate.endpoint.mvc.EnvironmentMvcEndpoint.value(java.lang.String)
2017-04-04 13:39:10.058  INFO 8664 --- [    Test worker] o.s.b.a.e.mvc.EndpointHandlerMapping     : Mapped "{[/env || /env.json],methods=[GET],produces=[application/json]}" onto public java.lang.Object org.springframework.boot.actuate.endpoint.mvc.EndpointMvcAdapter.invoke()
2017-04-04 13:39:10.058  INFO 8664 --- [    Test worker] o.s.b.a.e.mvc.EndpointHandlerMapping     : Mapped "{[/info || /info.json],methods=[GET],produces=[application/json]}" onto public java.lang.Object org.springframework.boot.actuate.endpoint.mvc.EndpointMvcAdapter.invoke()
2017-04-04 13:39:10.058  INFO 8664 --- [    Test worker] o.s.b.a.e.mvc.EndpointHandlerMapping     : Mapped "{[/health || /health.json],produces=[application/json]}" onto public java.lang.Object org.springframework.boot.actuate.endpoint.mvc.HealthMvcEndpoint.invoke(java.security.Principal)
2017-04-04 13:39:10.058  INFO 8664 --- [    Test worker] o.s.b.a.e.mvc.EndpointHandlerMapping     : Mapped "{[/heapdump || /heapdump.json],methods=[GET],produces=[application/octet-stream]}" onto public void org.springframework.boot.actuate.endpoint.mvc.HeapdumpMvcEndpoint.invoke(boolean,javax.servlet.http.HttpServletRequest,javax.servlet.http.HttpServletResponse) throws java.io.IOException,javax.servlet.ServletException
2017-04-04 13:39:10.058  INFO 8664 --- [    Test worker] o.s.b.a.e.mvc.EndpointHandlerMapping     : Mapped "{[/autoconfig || /autoconfig.json],methods=[GET],produces=[application/json]}" onto public java.lang.Object org.springframework.boot.actuate.endpoint.mvc.EndpointMvcAdapter.invoke()
2017-04-04 13:39:10.058  INFO 8664 --- [    Test worker] o.s.b.a.e.mvc.EndpointHandlerMapping     : Mapped "{[/metrics/{name:.*}],methods=[GET],produces=[application/json]}" onto public java.lang.Object org.springframework.boot.actuate.endpoint.mvc.MetricsMvcEndpoint.value(java.lang.String)
2017-04-04 13:39:10.058  INFO 8664 --- [    Test worker] o.s.b.a.e.mvc.EndpointHandlerMapping     : Mapped "{[/metrics || /metrics.json],methods=[GET],produces=[application/json]}" onto public java.lang.Object org.springframework.boot.actuate.endpoint.mvc.EndpointMvcAdapter.invoke()
2017-04-04 13:39:10.058  INFO 8664 --- [    Test worker] o.s.b.a.e.mvc.EndpointHandlerMapping     : Mapped "{[/beans || /beans.json],methods=[GET],produces=[application/json]}" onto public java.lang.Object org.springframework.boot.actuate.endpoint.mvc.EndpointMvcAdapter.invoke()
2017-04-04 13:39:10.058  INFO 8664 --- [    Test worker] o.s.b.a.e.mvc.EndpointHandlerMapping     : Mapped "{[/trace || /trace.json],methods=[GET],produces=[application/json]}" onto public java.lang.Object org.springframework.boot.actuate.endpoint.mvc.EndpointMvcAdapter.invoke()
2017-04-04 13:39:10.058  INFO 8664 --- [    Test worker] o.s.b.a.e.mvc.EndpointHandlerMapping     : Mapped "{[/dump || /dump.json],methods=[GET],produces=[application/json]}" onto public java.lang.Object org.springframework.boot.actuate.endpoint.mvc.EndpointMvcAdapter.invoke()
2017-04-04 13:39:10.058  INFO 8664 --- [    Test worker] o.s.b.a.e.mvc.EndpointHandlerMapping     : Mapped "{[/actuator || /actuator.json],produces=[application/json]}" onto public org.springframework.hateoas.ResourceSupport org.springframework.boot.actuate.endpoint.mvc.HalJsonMvcEndpoint.links()
2017-04-04 13:39:10.058  INFO 8664 --- [    Test worker] o.s.b.a.e.mvc.EndpointHandlerMapping     : Mapped "{[/mappings || /mappings.json],methods=[GET],produces=[application/json]}" onto public java.lang.Object org.springframework.boot.actuate.endpoint.mvc.EndpointMvcAdapter.invoke()
2017-04-04 13:39:10.058  INFO 8664 --- [    Test worker] o.s.b.a.e.mvc.EndpointHandlerMapping     : Mapped "{[/configprops || /configprops.json],methods=[GET],produces=[application/json]}" onto public java.lang.Object org.springframework.boot.actuate.endpoint.mvc.EndpointMvcAdapter.invoke()
2017-04-04 13:39:10.198  INFO 8664 --- [    Test worker] h.storage.FileSystemStorageServiceTest   : Started FileSystemStorageServiceTest in 3.474 seconds (JVM running for 54.539)
2017-04-04 13:39:10.198  INFO 8664 --- [    Test worker] o.s.w.c.s.GenericWebApplicationContext   : Closing org.springframework.web.context.support.GenericWebApplicationContext@5dd2a361: startup date [Tue Apr 04 13:39:06 CDT 2017]; root of context hierarchy
2017-04-04 13:39:10.214  INFO 8664 --- [    Test worker] j.LocalContainerEntityManagerFactoryBean : Closing JPA EntityManagerFactory for persistence unit 'default'

  .   ____          _            __ _ _
 /\\ / ___'_ __ _ _(_)_ __  __ _ \ \ \ \
( ( )\___ | '_ | '_| | '_ \/ _` | \ \ \ \
 \\/  ___)| |_)| | | | | || (_| |  ) ) ) )
  '  |____| .__|_| |_|_| |_\__, | / / / /
 =========|_|==============|___/=/_/_/_/
 :: Spring Boot ::        (v1.4.4.RELEASE)

2017-04-04 13:39:10.230  INFO 8664 --- [    Test worker] h.storage.FileSystemStorageServiceTest   : Starting FileSystemStorageServiceTest on Puget-99033 with PID 8664 (started by Hector in D:\SHRPAS_Project)
2017-04-04 13:39:10.245  INFO 8664 --- [    Test worker] h.storage.FileSystemStorageServiceTest   : The following profiles are active: developer
2017-04-04 13:39:10.245  INFO 8664 --- [    Test worker] o.s.w.c.s.GenericWebApplicationContext   : Refreshing org.springframework.web.context.support.GenericWebApplicationContext@60609595: startup date [Tue Apr 04 13:39:10 CDT 2017]; root of context hierarchy
2017-04-04 13:39:10.771  INFO 8664 --- [    Test worker] o.s.b.f.s.DefaultListableBeanFactory     : Overriding bean definition for bean 'managementServletContext' with a different definition: replacing [Root bean: class [null]; scope=; abstract=false; lazyInit=false; autowireMode=3; dependencyCheck=0; autowireCandidate=true; primary=false; factoryBeanName=org.springframework.boot.actuate.autoconfigure.EndpointWebMvcHypermediaManagementContextConfiguration; factoryMethodName=managementServletContext; initMethodName=null; destroyMethodName=(inferred); defined in class path resource [org/springframework/boot/actuate/autoconfigure/EndpointWebMvcHypermediaManagementContextConfiguration.class]] with [Root bean: class [null]; scope=; abstract=false; lazyInit=false; autowireMode=3; dependencyCheck=0; autowireCandidate=true; primary=false; factoryBeanName=org.springframework.boot.actuate.autoconfigure.EndpointWebMvcAutoConfiguration; factoryMethodName=managementServletContext; initMethodName=null; destroyMethodName=(inferred); defined in class path resource [org/springframework/boot/actuate/autoconfigure/EndpointWebMvcAutoConfiguration.class]]
2017-04-04 13:39:10.895  INFO 8664 --- [    Test worker] trationDelegate$BeanPostProcessorChecker : Bean 'org.springframework.transaction.annotation.ProxyTransactionManagementConfiguration' of type [class org.springframework.transaction.annotation.ProxyTransactionManagementConfiguration$$EnhancerBySpringCGLIB$$a51e0bb4] is not eligible for getting processed by all BeanPostProcessors (for example: not eligible for auto-proxying)
2017-04-04 13:39:11.005  INFO 8664 --- [    Test worker] j.LocalContainerEntityManagerFactoryBean : Building JPA container EntityManagerFactory for persistence unit 'default'
2017-04-04 13:39:11.005  INFO 8664 --- [    Test worker] org.hibernate.ejb.Ejb3Configuration      : HHH000204: Processing PersistenceUnitInfo [
	name: default
	...]
2017-04-04 13:39:11.020  INFO 8664 --- [    Test worker] o.h.s.j.c.i.ConnectionProviderInitiator  : HHH000130: Instantiating explicit connection provider: org.hibernate.ejb.connection.InjectedDataSourceConnectionProvider
2017-04-04 13:39:11.042  INFO 8664 --- [    Test worker] org.hibernate.dialect.Dialect            : HHH000400: Using dialect: org.hibernate.dialect.MySQLDialect
2017-04-04 13:39:11.042  INFO 8664 --- [    Test worker] o.h.e.t.i.TransactionFactoryInitiator    : HHH000268: Transaction strategy: org.hibernate.engine.transaction.internal.jdbc.JdbcTransactionFactory
2017-04-04 13:39:11.043  INFO 8664 --- [    Test worker] o.h.h.i.ast.ASTQueryTranslatorFactory    : HHH000397: Using ASTQueryTranslatorFactory
2017-04-04 13:39:11.047  INFO 8664 --- [    Test worker] org.hibernate.tool.hbm2ddl.SchemaExport  : HHH000227: Running hbm2ddl schema export
2017-04-04 13:39:12.536  INFO 8664 --- [    Test worker] org.hibernate.tool.hbm2ddl.SchemaExport  : HHH000230: Schema export complete
2017-04-04 13:39:12.536  WARN 8664 --- [    Test worker] o.h.e.i.EntityManagerFactoryRegistry     : HHH000436: Entity manager factory name (default) is already registered.  If entity manager will be clustered or passivated, specify a unique value for property 'hibernate.ejb.entitymanager_factory_name'
2017-04-04 13:39:12.536  INFO 8664 --- [    Test worker] j.LocalContainerEntityManagerFactoryBean : Initialized JPA EntityManagerFactory for persistence unit 'default'
2017-04-04 13:39:12.661  INFO 8664 --- [    Test worker] o.s.b.f.config.PropertiesFactoryBean     : Loading properties file from class path resource [rest-default-messages.properties]
2017-04-04 13:39:12.989  INFO 8664 --- [    Test worker] s.w.s.m.m.a.RequestMappingHandlerAdapter : Looking for @ControllerAdvice: org.springframework.web.context.support.GenericWebApplicationContext@60609595: startup date [Tue Apr 04 13:39:10 CDT 2017]; root of context hierarchy
2017-04-04 13:39:12.989  INFO 8664 --- [    Test worker] s.w.s.m.m.a.RequestMappingHandlerAdapter : Detected ResponseBodyAdvice bean in org.springframework.boot.actuate.autoconfigure.EndpointWebMvcHypermediaManagementContextConfiguration$ActuatorEndpointLinksAdvice
2017-04-04 13:39:13.005  INFO 8664 --- [    Test worker] s.w.s.m.m.a.RequestMappingHandlerMapping : Mapped "{[/api/login],methods=[POST],consumes=[application/json]}" onto public hello.models.LoginResults hello.controllers.AdministratorController.login(java.lang.String,hello.models.LoginRequest,org.springframework.validation.BindingResult,javax.servlet.http.HttpServletResponse)
2017-04-04 13:39:13.005  INFO 8664 --- [    Test worker] s.w.s.m.m.a.RequestMappingHandlerMapping : Mapped "{[/rest/assessments/{id}/users],methods=[POST]}" onto public org.springframework.http.ResponseEntity<hello.models.Assessment> hello.controllers.AssessmentController.addUser(int,hello.models.User) throws java.lang.Exception
2017-04-04 13:39:13.005  INFO 8664 --- [    Test worker] s.w.s.m.m.a.RequestMappingHandlerMapping : Mapped "{[/rest/assessments/{id}],methods=[PATCH]}" onto public org.springframework.http.ResponseEntity<hello.models.Assessment> hello.controllers.AssessmentController.updateAssessment(int,hello.models.Assessment) throws java.lang.Exception
2017-04-04 13:39:13.005  INFO 8664 --- [    Test worker] s.w.s.m.m.a.RequestMappingHandlerMapping : Mapped "{[/rest/assessments/{id}/],methods=[GET]}" onto public org.springframework.http.ResponseEntity<hello.models.Assessment> hello.controllers.AssessmentController.getAssessment(int)
2017-04-04 13:39:13.005  INFO 8664 --- [    Test worker] s.w.s.m.m.a.RequestMappingHandlerMapping : Mapped "{[/rest/assessments/{id}/delete],methods=[DELETE]}" onto public org.springframework.http.ResponseEntity<java.lang.Boolean> hello.controllers.AssessmentController.deleteAssessment(int)
2017-04-04 13:39:13.005  INFO 8664 --- [    Test worker] s.w.s.m.m.a.RequestMappingHandlerMapping : Mapped "{[/rest/assessments/{id}/question],methods=[POST]}" onto public org.springframework.http.ResponseEntity<hello.models.Assessment> hello.controllers.AssessmentController.addQuestion(int,hello.models.Question) throws java.lang.Exception
2017-04-04 13:39:13.005  INFO 8664 --- [    Test worker] s.w.s.m.m.a.RequestMappingHandlerMapping : Mapped "{[/rest/assessments],methods=[POST]}" onto public org.springframework.http.ResponseEntity<hello.models.Assessment> hello.controllers.AssessmentController.addAssessment(javax.servlet.http.HttpSession,hello.models.Assessment) throws java.lang.Exception
2017-04-04 13:39:13.005  INFO 8664 --- [    Test worker] s.w.s.m.m.a.RequestMappingHandlerMapping : Mapped "{[/rest/assessments],methods=[GET]}" onto public java.util.ArrayList<hello.models.Assessment> hello.controllers.AssessmentController.getAllAssessments(javax.servlet.http.HttpSession) throws java.lang.Exception
2017-04-04 13:39:13.005  INFO 8664 --- [    Test worker] s.w.s.m.m.a.RequestMappingHandlerMapping : Mapped "{[/rest/assessments/{id}/question/{questionId}],methods=[POST]}" onto public org.springframework.http.ResponseEntity<hello.models.Assessment> hello.controllers.AssessmentController.addExistingQuestion(int,int)
2017-04-04 13:39:13.005  INFO 8664 --- [    Test worker] s.w.s.m.m.a.RequestMappingHandlerMapping : Mapped "{[/rest/session],methods=[DELETE]}" onto public void hello.controllers.AuthenticationController.logout(javax.servlet.http.HttpSession)
2017-04-04 13:39:13.005  INFO 8664 --- [    Test worker] s.w.s.m.m.a.RequestMappingHandlerMapping : Mapped "{[/rest/session/logout],methods=[POST]}" onto public org.springframework.http.ResponseEntity<hello.models.LogoutResponse> hello.controllers.AuthenticationController.logout() throws java.lang.Exception
2017-04-04 13:39:13.005  INFO 8664 --- [    Test worker] s.w.s.m.m.a.RequestMappingHandlerMapping : Mapped "{[/rest/session/login],methods=[POST]}" onto public org.springframework.http.ResponseEntity<hello.models.LoginResponse> hello.controllers.AuthenticationController.login(hello.models.LoginRequest,javax.servlet.http.HttpSession)
2017-04-04 13:39:13.005  INFO 8664 --- [    Test worker] s.w.s.m.m.a.RequestMappingHandlerMapping : Mapped "{[/rest/session],methods=[GET]}" onto public hello.models.User hello.controllers.AuthenticationController.session(javax.servlet.http.HttpSession)
2017-04-04 13:39:13.005  INFO 8664 --- [    Test worker] s.w.s.m.m.a.RequestMappingHandlerMapping : Mapped "{[/rest/session/is-logged-in],methods=[GET]}" onto public org.springframework.http.ResponseEntity<hello.models.LoginResponse> hello.controllers.AuthenticationController.isLoggedIn(javax.servlet.http.HttpSession)
2017-04-04 13:39:13.005  INFO 8664 --- [    Test worker] s.w.s.m.m.a.RequestMappingHandlerMapping : Mapped "{[/files/upload]}" onto public hello.models.JSONResponse hello.controllers.FileUploadController.uploadFile(org.springframework.web.multipart.MultipartFile)
2017-04-04 13:39:13.005  INFO 8664 --- [    Test worker] s.w.s.m.m.a.RequestMappingHandlerMapping : Mapped "{[/files/{filename:.+}],methods=[GET]}" onto public org.springframework.http.ResponseEntity<org.springframework.core.io.Resource> hello.controllers.FileUploadController.serveFile(java.lang.String)
2017-04-04 13:39:13.005  INFO 8664 --- [    Test worker] s.w.s.m.m.a.RequestMappingHandlerMapping : Mapped "{[/app/*]}" onto public org.springframework.web.servlet.ModelAndView hello.controllers.HomeController.index(javax.servlet.http.HttpSession,javax.servlet.http.HttpServletResponse)
2017-04-04 13:39:13.005  INFO 8664 --- [    Test worker] s.w.s.m.m.a.RequestMappingHandlerMapping : Mapped "{[/app/*/*]}" onto public org.springframework.web.servlet.ModelAndView hello.controllers.HomeController.index2(javax.servlet.http.HttpSession,javax.servlet.http.HttpServletResponse)
2017-04-04 13:39:13.005  INFO 8664 --- [    Test worker] s.w.s.m.m.a.RequestMappingHandlerMapping : Mapped "{[]}" onto public java.lang.String hello.controllers.HomeController.home()
2017-04-04 13:39:13.005  INFO 8664 --- [    Test worker] s.w.s.m.m.a.RequestMappingHandlerMapping : Mapped "{[/rest/participants/{id}],methods=[GET]}" onto public org.springframework.http.ResponseEntity<hello.models.Participant> hello.controllers.ParticipantController.getParticipant(int)
2017-04-04 13:39:13.005  INFO 8664 --- [    Test worker] s.w.s.m.m.a.RequestMappingHandlerMapping : Mapped "{[/rest/participants],methods=[GET]}" onto public java.util.ArrayList<hello.models.Participant> hello.controllers.ParticipantController.getParticipants()
2017-04-04 13:39:13.005  INFO 8664 --- [    Test worker] s.w.s.m.m.a.RequestMappingHandlerMapping : Mapped "{[/rest/participants],methods=[POST]}" onto public org.springframework.http.ResponseEntity<hello.models.Participant> hello.controllers.ParticipantController.addParticipant(hello.models.Participant)
2017-04-04 13:39:13.005  INFO 8664 --- [    Test worker] s.w.s.m.m.a.RequestMappingHandlerMapping : Mapped "{[/rest/participants/{id}],methods=[DELETE]}" onto public org.springframework.http.ResponseEntity<java.lang.Boolean> hello.controllers.ParticipantController.deleteParticipant(int) throws java.lang.Exception
2017-04-04 13:39:13.005  INFO 8664 --- [    Test worker] s.w.s.m.m.a.RequestMappingHandlerMapping : Mapped "{[/rest/participants/{id}],methods=[PUT]}" onto public org.springframework.http.ResponseEntity<hello.models.Participant> hello.controllers.ParticipantController.updateParticipant(int,hello.models.Participant) throws java.lang.Exception
2017-04-04 13:39:13.005  INFO 8664 --- [    Test worker] s.w.s.m.m.a.RequestMappingHandlerMapping : Mapped "{[/rest/questions],methods=[POST]}" onto public org.springframework.http.ResponseEntity<hello.models.Question> hello.controllers.QuestionController.addQuestion(hello.models.Question)
2017-04-04 13:39:13.005  INFO 8664 --- [    Test worker] s.w.s.m.m.a.RequestMappingHandlerMapping : Mapped "{[/rest/questions/{id}],methods=[DELETE]}" onto public org.springframework.http.ResponseEntity<java.lang.Boolean> hello.controllers.QuestionController.deleteQuestion(int)
2017-04-04 13:39:13.005  INFO 8664 --- [    Test worker] s.w.s.m.m.a.RequestMappingHandlerMapping : Mapped "{[/rest/questions],methods=[GET]}" onto public java.util.ArrayList<hello.models.Question> hello.controllers.QuestionController.getQuestions()
2017-04-04 13:39:13.005  INFO 8664 --- [    Test worker] s.w.s.m.m.a.RequestMappingHandlerMapping : Mapped "{[/rest/questions/{id}],methods=[PATCH]}" onto public org.springframework.http.ResponseEntity<hello.models.Question> hello.controllers.QuestionController.updateQuestion(int,hello.models.Question) throws java.lang.Exception
2017-04-04 13:39:13.005  INFO 8664 --- [    Test worker] s.w.s.m.m.a.RequestMappingHandlerMapping : Mapped "{[/rest/questions/{id}/],methods=[GET]}" onto public org.springframework.http.ResponseEntity<hello.models.Question> hello.controllers.QuestionController.getAQuestion(int)
2017-04-04 13:39:13.005  INFO 8664 --- [    Test worker] s.w.s.m.m.a.RequestMappingHandlerMapping : Mapped "{[/rest/targetGroups/{id}/assessment/{assessmentid}],methods=[POST]}" onto public org.springframework.http.ResponseEntity<hello.models.TargetGroup> hello.controllers.TargetGroupController.addExistingAssessmentToTargetGroup(int,int) throws java.lang.Exception
2017-04-04 13:39:13.005  INFO 8664 --- [    Test worker] s.w.s.m.m.a.RequestMappingHandlerMapping : Mapped "{[/rest/targetGroups/{id}/participants/{participantId}],methods=[POST]}" onto public org.springframework.http.ResponseEntity<hello.models.TargetGroup> hello.controllers.TargetGroupController.addExistingParticipantToTargetGroup(int,int) throws java.lang.Exception
2017-04-04 13:39:13.005  INFO 8664 --- [    Test worker] s.w.s.m.m.a.RequestMappingHandlerMapping : Mapped "{[/rest/targetGroups],methods=[POST]}" onto public org.springframework.http.ResponseEntity<hello.models.TargetGroup> hello.controllers.TargetGroupController.addTargetGroup(javax.servlet.http.HttpSession,hello.models.TargetGroup) throws java.lang.Exception
2017-04-04 13:39:13.005  INFO 8664 --- [    Test worker] s.w.s.m.m.a.RequestMappingHandlerMapping : Mapped "{[/rest/targetGroups/{id}],methods=[GET]}" onto public org.springframework.http.ResponseEntity<hello.models.TargetGroup> hello.controllers.TargetGroupController.getTargetGroup(int)
2017-04-04 13:39:13.005  INFO 8664 --- [    Test worker] s.w.s.m.m.a.RequestMappingHandlerMapping : Mapped "{[/rest/targetGroups],methods=[GET]}" onto public java.util.ArrayList<hello.models.TargetGroup> hello.controllers.TargetGroupController.getTargetGroups() throws java.lang.Exception
2017-04-04 13:39:13.005  INFO 8664 --- [    Test worker] s.w.s.m.m.a.RequestMappingHandlerMapping : Mapped "{[/rest/targetGroups/{id}/participants],methods=[GET]}" onto public java.util.ArrayList<hello.models.Participant> hello.controllers.TargetGroupController.getParticipantsInTargetGroup(int) throws java.lang.Exception
2017-04-04 13:39:13.005  INFO 8664 --- [    Test worker] s.w.s.m.m.a.RequestMappingHandlerMapping : Mapped "{[/rest/targetGroups/{id}],methods=[DELETE]}" onto public org.springframework.http.ResponseEntity<java.lang.Boolean> hello.controllers.TargetGroupController.deleteTargetGroup(int) throws java.lang.Exception
2017-04-04 13:39:13.005  INFO 8664 --- [    Test worker] s.w.s.m.m.a.RequestMappingHandlerMapping : Mapped "{[/rest/targetGroups/{id}/participants/{participantId}],methods=[PUT]}" onto public org.springframework.http.ResponseEntity<hello.models.TargetGroup> hello.controllers.TargetGroupController.removeParticipantFromTargetGroup(int,int) throws java.lang.Exception
2017-04-04 13:39:13.005  INFO 8664 --- [    Test worker] s.w.s.m.m.a.RequestMappingHandlerMapping : Mapped "{[/rest/targetGroups/{id}/participant],methods=[POST]}" onto public org.springframework.http.ResponseEntity<hello.models.TargetGroup> hello.controllers.TargetGroupController.addNewParticipantsToTargetGroup(int,hello.models.Participant) throws java.lang.Exception
2017-04-04 13:39:13.005  INFO 8664 --- [    Test worker] s.w.s.m.m.a.RequestMappingHandlerMapping : Mapped "{[/rest/targetGroups/{id}/participants],methods=[POST]}" onto public org.springframework.http.ResponseEntity<hello.models.TargetGroup> hello.controllers.TargetGroupController.addNewParticipantsToTargetGroup(int,java.util.List<hello.models.Participant>) throws java.lang.Exception
2017-04-04 13:39:13.005  INFO 8664 --- [    Test worker] s.w.s.m.m.a.RequestMappingHandlerMapping : Mapped "{[/rest/targetGroups/{id}],methods=[PUT]}" onto public org.springframework.http.ResponseEntity<hello.models.TargetGroup> hello.controllers.TargetGroupController.updateTargetGroup(int,hello.models.TargetGroup) throws java.lang.Exception
2017-04-04 13:39:13.005  INFO 8664 --- [    Test worker] s.w.s.m.m.a.RequestMappingHandlerMapping : Mapped "{[/rest/targetGroups/{id}/assessment],methods=[POST]}" onto public org.springframework.http.ResponseEntity<hello.models.TargetGroup> hello.controllers.TargetGroupController.addNewAssessmentToTargetGroup(int,hello.models.Assessment) throws java.lang.Exception
2017-04-04 13:39:13.005  INFO 8664 --- [    Test worker] s.w.s.m.m.a.RequestMappingHandlerMapping : Mapped "{[/error]}" onto public org.springframework.http.ResponseEntity<java.util.Map<java.lang.String, java.lang.Object>> org.springframework.boot.autoconfigure.web.BasicErrorController.error(javax.servlet.http.HttpServletRequest)
2017-04-04 13:39:13.005  INFO 8664 --- [    Test worker] s.w.s.m.m.a.RequestMappingHandlerMapping : Mapped "{[/error],produces=[text/html]}" onto public org.springframework.web.servlet.ModelAndView org.springframework.boot.autoconfigure.web.BasicErrorController.errorHtml(javax.servlet.http.HttpServletRequest,javax.servlet.http.HttpServletResponse)
2017-04-04 13:39:13.021  INFO 8664 --- [    Test worker] o.s.w.s.handler.SimpleUrlHandlerMapping  : Mapped URL path [/webjars/**] onto handler of type [class org.springframework.web.servlet.resource.ResourceHttpRequestHandler]
2017-04-04 13:39:13.021  INFO 8664 --- [    Test worker] o.s.w.s.handler.SimpleUrlHandlerMapping  : Mapped URL path [/resources/**] onto handler of type [class org.springframework.web.servlet.resource.ResourceHttpRequestHandler]
2017-04-04 13:39:13.021  INFO 8664 --- [    Test worker] .m.m.a.ExceptionHandlerExceptionResolver : Detected @ExceptionHandler methods in repositoryRestExceptionHandler
2017-04-04 13:39:13.021  INFO 8664 --- [    Test worker] .m.m.a.ExceptionHandlerExceptionResolver : Detected ResponseBodyAdvice implementation in org.springframework.boot.actuate.autoconfigure.EndpointWebMvcHypermediaManagementContextConfiguration$ActuatorEndpointLinksAdvice
2017-04-04 13:39:13.036  INFO 8664 --- [    Test worker] o.s.w.s.handler.SimpleUrlHandlerMapping  : Mapped URL path [/**/favicon.ico] onto handler of type [class org.springframework.web.servlet.resource.ResourceHttpRequestHandler]
2017-04-04 13:39:13.067  INFO 8664 --- [    Test worker] oConfiguration$WelcomePageHandlerMapping : Adding welcome page: ServletContext resource [/index.html]
2017-04-04 13:39:13.239  INFO 8664 --- [    Test worker] o.s.d.r.w.RepositoryRestHandlerAdapter   : Looking for @ControllerAdvice: org.springframework.web.context.support.GenericWebApplicationContext@60609595: startup date [Tue Apr 04 13:39:10 CDT 2017]; root of context hierarchy
2017-04-04 13:39:13.239  INFO 8664 --- [    Test worker] o.s.d.r.w.RepositoryRestHandlerAdapter   : Detected ResponseBodyAdvice bean in org.springframework.boot.actuate.autoconfigure.EndpointWebMvcHypermediaManagementContextConfiguration$ActuatorEndpointLinksAdvice
2017-04-04 13:39:13.239  INFO 8664 --- [    Test worker] o.s.d.r.w.RepositoryRestHandlerMapping   : Mapped "{[/api/ || /api],methods=[HEAD],produces=[application/hal+json || application/json || application/*+json;charset=UTF-8]}" onto public org.springframework.http.ResponseEntity<?> org.springframework.data.rest.webmvc.RepositoryController.headForRepositories()
2017-04-04 13:39:13.239  INFO 8664 --- [    Test worker] o.s.d.r.w.RepositoryRestHandlerMapping   : Mapped "{[/api/ || /api],methods=[OPTIONS],produces=[application/hal+json || application/json || application/*+json;charset=UTF-8]}" onto public org.springframework.http.HttpEntity<?> org.springframework.data.rest.webmvc.RepositoryController.optionsForRepositories()
2017-04-04 13:39:13.239  INFO 8664 --- [    Test worker] o.s.d.r.w.RepositoryRestHandlerMapping   : Mapped "{[/api/ || /api],methods=[GET],produces=[application/hal+json || application/json || application/*+json;charset=UTF-8]}" onto public org.springframework.http.HttpEntity<org.springframework.data.rest.webmvc.RepositoryLinksResource> org.springframework.data.rest.webmvc.RepositoryController.listRepositories()
2017-04-04 13:39:13.239  INFO 8664 --- [    Test worker] o.s.d.r.w.RepositoryRestHandlerMapping   : Mapped "{[/api/{repository}],methods=[POST],produces=[application/hal+json || application/json || application/*+json;charset=UTF-8]}" onto public org.springframework.http.ResponseEntity<org.springframework.hateoas.ResourceSupport> org.springframework.data.rest.webmvc.RepositoryEntityController.postCollectionResource(org.springframework.data.rest.webmvc.RootResourceInformation,org.springframework.data.rest.webmvc.PersistentEntityResource,org.springframework.data.rest.webmvc.PersistentEntityResourceAssembler,java.lang.String) throws org.springframework.web.HttpRequestMethodNotSupportedException
2017-04-04 13:39:13.239  INFO 8664 --- [    Test worker] o.s.d.r.w.RepositoryRestHandlerMapping   : Mapped "{[/api/{repository}/{id}],methods=[OPTIONS],produces=[application/hal+json || application/json || application/*+json;charset=UTF-8]}" onto public org.springframework.http.ResponseEntity<?> org.springframework.data.rest.webmvc.RepositoryEntityController.optionsForItemResource(org.springframework.data.rest.webmvc.RootResourceInformation)
2017-04-04 13:39:13.239  INFO 8664 --- [    Test worker] o.s.d.r.w.RepositoryRestHandlerMapping   : Mapped "{[/api/{repository}],methods=[HEAD],produces=[application/hal+json || application/json || application/*+json;charset=UTF-8]}" onto public org.springframework.http.ResponseEntity<?> org.springframework.data.rest.webmvc.RepositoryEntityController.headCollectionResource(org.springframework.data.rest.webmvc.RootResourceInformation,org.springframework.data.rest.webmvc.support.DefaultedPageable) throws org.springframework.web.HttpRequestMethodNotSupportedException
2017-04-04 13:39:13.239  INFO 8664 --- [    Test worker] o.s.d.r.w.RepositoryRestHandlerMapping   : Mapped "{[/api/{repository}/{id}],methods=[HEAD],produces=[application/hal+json || application/json || application/*+json;charset=UTF-8]}" onto public org.springframework.http.ResponseEntity<?> org.springframework.data.rest.webmvc.RepositoryEntityController.headForItemResource(org.springframework.data.rest.webmvc.RootResourceInformation,java.io.Serializable,org.springframework.data.rest.webmvc.PersistentEntityResourceAssembler) throws org.springframework.web.HttpRequestMethodNotSupportedException
2017-04-04 13:39:13.239  INFO 8664 --- [    Test worker] o.s.d.r.w.RepositoryRestHandlerMapping   : Mapped "{[/api/{repository}/{id}],methods=[PATCH],produces=[application/hal+json || application/json || application/*+json;charset=UTF-8]}" onto public org.springframework.http.ResponseEntity<org.springframework.hateoas.ResourceSupport> org.springframework.data.rest.webmvc.RepositoryEntityController.patchItemResource(org.springframework.data.rest.webmvc.RootResourceInformation,org.springframework.data.rest.webmvc.PersistentEntityResource,java.io.Serializable,org.springframework.data.rest.webmvc.PersistentEntityResourceAssembler,org.springframework.data.rest.webmvc.support.ETag,java.lang.String) throws org.springframework.web.HttpRequestMethodNotSupportedException,org.springframework.data.rest.webmvc.ResourceNotFoundException
2017-04-04 13:39:13.239  INFO 8664 --- [    Test worker] o.s.d.r.w.RepositoryRestHandlerMapping   : Mapped "{[/api/{repository}],methods=[OPTIONS],produces=[application/hal+json || application/json || application/*+json;charset=UTF-8]}" onto public org.springframework.http.ResponseEntity<?> org.springframework.data.rest.webmvc.RepositoryEntityController.optionsForCollectionResource(org.springframework.data.rest.webmvc.RootResourceInformation)
2017-04-04 13:39:13.239  INFO 8664 --- [    Test worker] o.s.d.r.w.RepositoryRestHandlerMapping   : Mapped "{[/api/{repository}],methods=[GET],produces=[application/hal+json || application/json || application/*+json;charset=UTF-8]}" onto public org.springframework.hateoas.Resources<?> org.springframework.data.rest.webmvc.RepositoryEntityController.getCollectionResource(org.springframework.data.rest.webmvc.RootResourceInformation,org.springframework.data.rest.webmvc.support.DefaultedPageable,org.springframework.data.domain.Sort,org.springframework.data.rest.webmvc.PersistentEntityResourceAssembler) throws org.springframework.data.rest.webmvc.ResourceNotFoundException,org.springframework.web.HttpRequestMethodNotSupportedException
2017-04-04 13:39:13.239  INFO 8664 --- [    Test worker] o.s.d.r.w.RepositoryRestHandlerMapping   : Mapped "{[/api/{repository}],methods=[GET],produces=[application/x-spring-data-compact+json || text/uri-list]}" onto public org.springframework.hateoas.Resources<?> org.springframework.data.rest.webmvc.RepositoryEntityController.getCollectionResourceCompact(org.springframework.data.rest.webmvc.RootResourceInformation,org.springframework.data.rest.webmvc.support.DefaultedPageable,org.springframework.data.domain.Sort,org.springframework.data.rest.webmvc.PersistentEntityResourceAssembler) throws org.springframework.data.rest.webmvc.ResourceNotFoundException,org.springframework.web.HttpRequestMethodNotSupportedException
2017-04-04 13:39:13.239  INFO 8664 --- [    Test worker] o.s.d.r.w.RepositoryRestHandlerMapping   : Mapped "{[/api/{repository}/{id}],methods=[DELETE],produces=[application/hal+json || application/json || application/*+json;charset=UTF-8]}" onto public org.springframework.http.ResponseEntity<?> org.springframework.data.rest.webmvc.RepositoryEntityController.deleteItemResource(org.springframework.data.rest.webmvc.RootResourceInformation,java.io.Serializable,org.springframework.data.rest.webmvc.support.ETag) throws org.springframework.data.rest.webmvc.ResourceNotFoundException,org.springframework.web.HttpRequestMethodNotSupportedException
2017-04-04 13:39:13.239  INFO 8664 --- [    Test worker] o.s.d.r.w.RepositoryRestHandlerMapping   : Mapped "{[/api/{repository}/{id}],methods=[GET],produces=[application/hal+json || application/json || application/*+json;charset=UTF-8]}" onto public org.springframework.http.ResponseEntity<org.springframework.hateoas.Resource<?>> org.springframework.data.rest.webmvc.RepositoryEntityController.getItemResource(org.springframework.data.rest.webmvc.RootResourceInformation,java.io.Serializable,org.springframework.data.rest.webmvc.PersistentEntityResourceAssembler,org.springframework.util.MultiValueMap<java.lang.String, java.lang.String>) throws org.springframework.web.HttpRequestMethodNotSupportedException
2017-04-04 13:39:13.239  INFO 8664 --- [    Test worker] o.s.d.r.w.RepositoryRestHandlerMapping   : Mapped "{[/api/{repository}/{id}],methods=[PUT],produces=[application/hal+json || application/json || application/*+json;charset=UTF-8]}" onto public org.springframework.http.ResponseEntity<? extends org.springframework.hateoas.ResourceSupport> org.springframework.data.rest.webmvc.RepositoryEntityController.putItemResource(org.springframework.data.rest.webmvc.RootResourceInformation,org.springframework.data.rest.webmvc.PersistentEntityResource,java.io.Serializable,org.springframework.data.rest.webmvc.PersistentEntityResourceAssembler,org.springframework.data.rest.webmvc.support.ETag,java.lang.String) throws org.springframework.web.HttpRequestMethodNotSupportedException
2017-04-04 13:39:13.239  INFO 8664 --- [    Test worker] o.s.d.r.w.RepositoryRestHandlerMapping   : Mapped "{[/api/{repository}/{id}/{property}],methods=[GET],produces=[application/x-spring-data-compact+json || text/uri-list]}" onto public org.springframework.http.ResponseEntity<org.springframework.hateoas.ResourceSupport> org.springframework.data.rest.webmvc.RepositoryPropertyReferenceController.followPropertyReferenceCompact(org.springframework.data.rest.webmvc.RootResourceInformation,java.io.Serializable,java.lang.String,org.springframework.data.rest.webmvc.PersistentEntityResourceAssembler) throws java.lang.Exception
2017-04-04 13:39:13.239  INFO 8664 --- [    Test worker] o.s.d.r.w.RepositoryRestHandlerMapping   : Mapped "{[/api/{repository}/{id}/{property}],methods=[DELETE],produces=[application/hal+json || application/json || application/*+json;charset=UTF-8]}" onto public org.springframework.http.ResponseEntity<? extends org.springframework.hateoas.ResourceSupport> org.springframework.data.rest.webmvc.RepositoryPropertyReferenceController.deletePropertyReference(org.springframework.data.rest.webmvc.RootResourceInformation,java.io.Serializable,java.lang.String) throws java.lang.Exception
2017-04-04 13:39:13.239  INFO 8664 --- [    Test worker] o.s.d.r.w.RepositoryRestHandlerMapping   : Mapped "{[/api/{repository}/{id}/{property}/{propertyId}],methods=[DELETE],produces=[application/hal+json || application/json || application/*+json;charset=UTF-8]}" onto public org.springframework.http.ResponseEntity<org.springframework.hateoas.ResourceSupport> org.springframework.data.rest.webmvc.RepositoryPropertyReferenceController.deletePropertyReferenceId(org.springframework.data.rest.webmvc.RootResourceInformation,java.io.Serializable,java.lang.String,java.lang.String) throws java.lang.Exception
2017-04-04 13:39:13.239  INFO 8664 --- [    Test worker] o.s.d.r.w.RepositoryRestHandlerMapping   : Mapped "{[/api/{repository}/{id}/{property}],methods=[GET],produces=[application/hal+json || application/json || application/*+json;charset=UTF-8]}" onto public org.springframework.http.ResponseEntity<org.springframework.hateoas.ResourceSupport> org.springframework.data.rest.webmvc.RepositoryPropertyReferenceController.followPropertyReference(org.springframework.data.rest.webmvc.RootResourceInformation,java.io.Serializable,java.lang.String,org.springframework.data.rest.webmvc.PersistentEntityResourceAssembler) throws java.lang.Exception
2017-04-04 13:39:13.239  INFO 8664 --- [    Test worker] o.s.d.r.w.RepositoryRestHandlerMapping   : Mapped "{[/api/{repository}/{id}/{property}/{propertyId}],methods=[GET],produces=[application/hal+json || application/json || application/*+json;charset=UTF-8]}" onto public org.springframework.http.ResponseEntity<org.springframework.hateoas.ResourceSupport> org.springframework.data.rest.webmvc.RepositoryPropertyReferenceController.followPropertyReference(org.springframework.data.rest.webmvc.RootResourceInformation,java.io.Serializable,java.lang.String,java.lang.String,org.springframework.data.rest.webmvc.PersistentEntityResourceAssembler) throws java.lang.Exception
2017-04-04 13:39:13.239  INFO 8664 --- [    Test worker] o.s.d.r.w.RepositoryRestHandlerMapping   : Mapped "{[/api/{repository}/{id}/{property}],methods=[PATCH || PUT || POST],consumes=[application/json || application/x-spring-data-compact+json || text/uri-list],produces=[application/hal+json || application/json || application/*+json;charset=UTF-8]}" onto public org.springframework.http.ResponseEntity<? extends org.springframework.hateoas.ResourceSupport> org.springframework.data.rest.webmvc.RepositoryPropertyReferenceController.createPropertyReference(org.springframework.data.rest.webmvc.RootResourceInformation,org.springframework.http.HttpMethod,org.springframework.hateoas.Resources<java.lang.Object>,java.io.Serializable,java.lang.String) throws java.lang.Exception
2017-04-04 13:39:13.239  INFO 8664 --- [    Test worker] o.s.d.r.w.RepositoryRestHandlerMapping   : Mapped "{[/api/{repository}/search],methods=[OPTIONS],produces=[application/hal+json || application/json || application/*+json;charset=UTF-8]}" onto public org.springframework.http.HttpEntity<?> org.springframework.data.rest.webmvc.RepositorySearchController.optionsForSearches(org.springframework.data.rest.webmvc.RootResourceInformation)
2017-04-04 13:39:13.239  INFO 8664 --- [    Test worker] o.s.d.r.w.RepositoryRestHandlerMapping   : Mapped "{[/api/{repository}/search/{search}],methods=[GET],produces=[application/x-spring-data-compact+json]}" onto public org.springframework.hateoas.ResourceSupport org.springframework.data.rest.webmvc.RepositorySearchController.executeSearchCompact(org.springframework.data.rest.webmvc.RootResourceInformation,org.springframework.util.MultiValueMap<java.lang.String, java.lang.Object>,java.lang.String,java.lang.String,org.springframework.data.rest.webmvc.support.DefaultedPageable,org.springframework.data.domain.Sort,org.springframework.data.rest.webmvc.PersistentEntityResourceAssembler)
2017-04-04 13:39:13.239  INFO 8664 --- [    Test worker] o.s.d.r.w.RepositoryRestHandlerMapping   : Mapped "{[/api/{repository}/search/{search}],methods=[OPTIONS],produces=[application/hal+json || application/json || application/*+json;charset=UTF-8]}" onto public org.springframework.http.ResponseEntity<java.lang.Object> org.springframework.data.rest.webmvc.RepositorySearchController.optionsForSearch(org.springframework.data.rest.webmvc.RootResourceInformation,java.lang.String)
2017-04-04 13:39:13.239  INFO 8664 --- [    Test worker] o.s.d.r.w.RepositoryRestHandlerMapping   : Mapped "{[/api/{repository}/search/{search}],methods=[HEAD],produces=[application/hal+json || application/json || application/*+json;charset=UTF-8]}" onto public org.springframework.http.ResponseEntity<java.lang.Object> org.springframework.data.rest.webmvc.RepositorySearchController.headForSearch(org.springframework.data.rest.webmvc.RootResourceInformation,java.lang.String)
2017-04-04 13:39:13.239  INFO 8664 --- [    Test worker] o.s.d.r.w.RepositoryRestHandlerMapping   : Mapped "{[/api/{repository}/search],methods=[HEAD],produces=[application/hal+json || application/json || application/*+json;charset=UTF-8]}" onto public org.springframework.http.HttpEntity<?> org.springframework.data.rest.webmvc.RepositorySearchController.headForSearches(org.springframework.data.rest.webmvc.RootResourceInformation)
2017-04-04 13:39:13.239  INFO 8664 --- [    Test worker] o.s.d.r.w.RepositoryRestHandlerMapping   : Mapped "{[/api/{repository}/search],methods=[GET],produces=[application/hal+json || application/json || application/*+json;charset=UTF-8]}" onto public org.springframework.data.rest.webmvc.RepositorySearchesResource org.springframework.data.rest.webmvc.RepositorySearchController.listSearches(org.springframework.data.rest.webmvc.RootResourceInformation)
2017-04-04 13:39:13.239  INFO 8664 --- [    Test worker] o.s.d.r.w.RepositoryRestHandlerMapping   : Mapped "{[/api/{repository}/search/{search}],methods=[GET],produces=[application/hal+json || application/json || application/*+json;charset=UTF-8]}" onto public org.springframework.http.ResponseEntity<java.lang.Object> org.springframework.data.rest.webmvc.RepositorySearchController.executeSearch(org.springframework.data.rest.webmvc.RootResourceInformation,org.springframework.util.MultiValueMap<java.lang.String, java.lang.Object>,java.lang.String,org.springframework.data.rest.webmvc.support.DefaultedPageable,org.springframework.data.domain.Sort,org.springframework.data.rest.webmvc.PersistentEntityResourceAssembler)
2017-04-04 13:39:13.255  INFO 8664 --- [    Test worker] o.s.d.r.w.BasePathAwareHandlerMapping    : Mapped "{[/api/profile/{repository}],methods=[GET],produces=[application/alps+json || */*]}" onto org.springframework.http.HttpEntity<org.springframework.data.rest.webmvc.RootResourceInformation> org.springframework.data.rest.webmvc.alps.AlpsController.descriptor(org.springframework.data.rest.webmvc.RootResourceInformation)
2017-04-04 13:39:13.255  INFO 8664 --- [    Test worker] o.s.d.r.w.BasePathAwareHandlerMapping    : Mapped "{[/api/profile/{repository}],methods=[OPTIONS],produces=[application/alps+json]}" onto org.springframework.http.HttpEntity<?> org.springframework.data.rest.webmvc.alps.AlpsController.alpsOptions()
2017-04-04 13:39:13.255  INFO 8664 --- [    Test worker] o.s.d.r.w.BasePathAwareHandlerMapping    : Mapped "{[/api/profile],methods=[GET]}" onto org.springframework.http.HttpEntity<org.springframework.hateoas.ResourceSupport> org.springframework.data.rest.webmvc.ProfileController.listAllFormsOfMetadata()
2017-04-04 13:39:13.255  INFO 8664 --- [    Test worker] o.s.d.r.w.BasePathAwareHandlerMapping    : Mapped "{[/api/profile],methods=[OPTIONS]}" onto public org.springframework.http.HttpEntity<?> org.springframework.data.rest.webmvc.ProfileController.profileOptions()
2017-04-04 13:39:13.255  INFO 8664 --- [    Test worker] o.s.d.r.w.BasePathAwareHandlerMapping    : Mapped "{[/api/profile/{repository}],methods=[GET],produces=[application/schema+json]}" onto public org.springframework.http.HttpEntity<org.springframework.data.rest.webmvc.json.JsonSchema> org.springframework.data.rest.webmvc.RepositorySchemaController.schema(org.springframework.data.rest.webmvc.RootResourceInformation)
2017-04-04 13:39:13.255  INFO 8664 --- [    Test worker] .m.m.a.ExceptionHandlerExceptionResolver : Detected @ExceptionHandler methods in repositoryRestExceptionHandler
2017-04-04 13:39:13.255  INFO 8664 --- [    Test worker] .m.m.a.ExceptionHandlerExceptionResolver : Detected ResponseBodyAdvice implementation in org.springframework.boot.actuate.autoconfigure.EndpointWebMvcHypermediaManagementContextConfiguration$ActuatorEndpointLinksAdvice
2017-04-04 13:39:13.286  INFO 8664 --- [    Test worker] o.s.b.a.e.mvc.EndpointHandlerMapping     : Mapped "{[/beans || /beans.json],methods=[GET],produces=[application/json]}" onto public java.lang.Object org.springframework.boot.actuate.endpoint.mvc.EndpointMvcAdapter.invoke()
2017-04-04 13:39:13.286  INFO 8664 --- [    Test worker] o.s.b.a.e.mvc.EndpointHandlerMapping     : Mapped "{[/metrics/{name:.*}],methods=[GET],produces=[application/json]}" onto public java.lang.Object org.springframework.boot.actuate.endpoint.mvc.MetricsMvcEndpoint.value(java.lang.String)
2017-04-04 13:39:13.286  INFO 8664 --- [    Test worker] o.s.b.a.e.mvc.EndpointHandlerMapping     : Mapped "{[/metrics || /metrics.json],methods=[GET],produces=[application/json]}" onto public java.lang.Object org.springframework.boot.actuate.endpoint.mvc.EndpointMvcAdapter.invoke()
2017-04-04 13:39:13.286  INFO 8664 --- [    Test worker] o.s.b.a.e.mvc.EndpointHandlerMapping     : Mapped "{[/trace || /trace.json],methods=[GET],produces=[application/json]}" onto public java.lang.Object org.springframework.boot.actuate.endpoint.mvc.EndpointMvcAdapter.invoke()
2017-04-04 13:39:13.286  INFO 8664 --- [    Test worker] o.s.b.a.e.mvc.EndpointHandlerMapping     : Mapped "{[/autoconfig || /autoconfig.json],methods=[GET],produces=[application/json]}" onto public java.lang.Object org.springframework.boot.actuate.endpoint.mvc.EndpointMvcAdapter.invoke()
2017-04-04 13:39:13.286  INFO 8664 --- [    Test worker] o.s.b.a.e.mvc.EndpointHandlerMapping     : Mapped "{[/env/{name:.*}],methods=[GET],produces=[application/json]}" onto public java.lang.Object org.springframework.boot.actuate.endpoint.mvc.EnvironmentMvcEndpoint.value(java.lang.String)
2017-04-04 13:39:13.286  INFO 8664 --- [    Test worker] o.s.b.a.e.mvc.EndpointHandlerMapping     : Mapped "{[/env || /env.json],methods=[GET],produces=[application/json]}" onto public java.lang.Object org.springframework.boot.actuate.endpoint.mvc.EndpointMvcAdapter.invoke()
2017-04-04 13:39:13.286  INFO 8664 --- [    Test worker] o.s.b.a.e.mvc.EndpointHandlerMapping     : Mapped "{[/heapdump || /heapdump.json],methods=[GET],produces=[application/octet-stream]}" onto public void org.springframework.boot.actuate.endpoint.mvc.HeapdumpMvcEndpoint.invoke(boolean,javax.servlet.http.HttpServletRequest,javax.servlet.http.HttpServletResponse) throws java.io.IOException,javax.servlet.ServletException
2017-04-04 13:39:13.286  INFO 8664 --- [    Test worker] o.s.b.a.e.mvc.EndpointHandlerMapping     : Mapped "{[/info || /info.json],methods=[GET],produces=[application/json]}" onto public java.lang.Object org.springframework.boot.actuate.endpoint.mvc.EndpointMvcAdapter.invoke()
2017-04-04 13:39:13.286  INFO 8664 --- [    Test worker] o.s.b.a.e.mvc.EndpointHandlerMapping     : Mapped "{[/dump || /dump.json],methods=[GET],produces=[application/json]}" onto public java.lang.Object org.springframework.boot.actuate.endpoint.mvc.EndpointMvcAdapter.invoke()
2017-04-04 13:39:13.302  INFO 8664 --- [    Test worker] o.s.b.a.e.mvc.EndpointHandlerMapping     : Mapped "{[/health || /health.json],produces=[application/json]}" onto public java.lang.Object org.springframework.boot.actuate.endpoint.mvc.HealthMvcEndpoint.invoke(java.security.Principal)
2017-04-04 13:39:13.302  INFO 8664 --- [    Test worker] o.s.b.a.e.mvc.EndpointHandlerMapping     : Mapped "{[/configprops || /configprops.json],methods=[GET],produces=[application/json]}" onto public java.lang.Object org.springframework.boot.actuate.endpoint.mvc.EndpointMvcAdapter.invoke()
2017-04-04 13:39:13.302  INFO 8664 --- [    Test worker] o.s.b.a.e.mvc.EndpointHandlerMapping     : Mapped "{[/actuator || /actuator.json],produces=[application/json]}" onto public org.springframework.hateoas.ResourceSupport org.springframework.boot.actuate.endpoint.mvc.HalJsonMvcEndpoint.links()
2017-04-04 13:39:13.302  INFO 8664 --- [    Test worker] o.s.b.a.e.mvc.EndpointHandlerMapping     : Mapped "{[/mappings || /mappings.json],methods=[GET],produces=[application/json]}" onto public java.lang.Object org.springframework.boot.actuate.endpoint.mvc.EndpointMvcAdapter.invoke()
2017-04-04 13:39:13.442  INFO 8664 --- [    Test worker] h.storage.FileSystemStorageServiceTest   : Started FileSystemStorageServiceTest in 3.228 seconds (JVM running for 57.788)
2017-04-04 13:39:13.458  INFO 8664 --- [    Test worker] o.s.w.c.s.GenericWebApplicationContext   : Closing org.springframework.web.context.support.GenericWebApplicationContext@60609595: startup date [Tue Apr 04 13:39:10 CDT 2017]; root of context hierarchy
2017-04-04 13:39:13.458  INFO 8664 --- [    Test worker] j.LocalContainerEntityManagerFactoryBean : Closing JPA EntityManagerFactory for persistence unit 'default'

  .   ____          _            __ _ _
 /\\ / ___'_ __ _ _(_)_ __  __ _ \ \ \ \
( ( )\___ | '_ | '_| | '_ \/ _` | \ \ \ \
 \\/  ___)| |_)| | | | | || (_| |  ) ) ) )
  '  |____| .__|_| |_|_| |_\__, | / / / /
 =========|_|==============|___/=/_/_/_/
 :: Spring Boot ::        (v1.4.4.RELEASE)

2017-04-04 13:39:13.505  INFO 8664 --- [    Test worker] h.storage.FileSystemStorageServiceTest   : Starting FileSystemStorageServiceTest on Puget-99033 with PID 8664 (started by Hector in D:\SHRPAS_Project)
2017-04-04 13:39:13.505  INFO 8664 --- [    Test worker] h.storage.FileSystemStorageServiceTest   : The following profiles are active: developer
2017-04-04 13:39:13.505  INFO 8664 --- [    Test worker] o.s.w.c.s.GenericWebApplicationContext   : Refreshing org.springframework.web.context.support.GenericWebApplicationContext@d95ef13: startup date [Tue Apr 04 13:39:13 CDT 2017]; root of context hierarchy
2017-04-04 13:39:14.067  INFO 8664 --- [    Test worker] o.s.b.f.s.DefaultListableBeanFactory     : Overriding bean definition for bean 'managementServletContext' with a different definition: replacing [Root bean: class [null]; scope=; abstract=false; lazyInit=false; autowireMode=3; dependencyCheck=0; autowireCandidate=true; primary=false; factoryBeanName=org.springframework.boot.actuate.autoconfigure.EndpointWebMvcHypermediaManagementContextConfiguration; factoryMethodName=managementServletContext; initMethodName=null; destroyMethodName=(inferred); defined in class path resource [org/springframework/boot/actuate/autoconfigure/EndpointWebMvcHypermediaManagementContextConfiguration.class]] with [Root bean: class [null]; scope=; abstract=false; lazyInit=false; autowireMode=3; dependencyCheck=0; autowireCandidate=true; primary=false; factoryBeanName=org.springframework.boot.actuate.autoconfigure.EndpointWebMvcAutoConfiguration; factoryMethodName=managementServletContext; initMethodName=null; destroyMethodName=(inferred); defined in class path resource [org/springframework/boot/actuate/autoconfigure/EndpointWebMvcAutoConfiguration.class]]
2017-04-04 13:39:14.208  INFO 8664 --- [    Test worker] trationDelegate$BeanPostProcessorChecker : Bean 'org.springframework.transaction.annotation.ProxyTransactionManagementConfiguration' of type [class org.springframework.transaction.annotation.ProxyTransactionManagementConfiguration$$EnhancerBySpringCGLIB$$a51e0bb4] is not eligible for getting processed by all BeanPostProcessors (for example: not eligible for auto-proxying)
2017-04-04 13:39:14.317  INFO 8664 --- [    Test worker] j.LocalContainerEntityManagerFactoryBean : Building JPA container EntityManagerFactory for persistence unit 'default'
2017-04-04 13:39:14.317  INFO 8664 --- [    Test worker] org.hibernate.ejb.Ejb3Configuration      : HHH000204: Processing PersistenceUnitInfo [
	name: default
	...]
2017-04-04 13:39:14.337  INFO 8664 --- [    Test worker] o.h.s.j.c.i.ConnectionProviderInitiator  : HHH000130: Instantiating explicit connection provider: org.hibernate.ejb.connection.InjectedDataSourceConnectionProvider
2017-04-04 13:39:14.349  INFO 8664 --- [    Test worker] org.hibernate.dialect.Dialect            : HHH000400: Using dialect: org.hibernate.dialect.MySQLDialect
2017-04-04 13:39:14.349  INFO 8664 --- [    Test worker] o.h.e.t.i.TransactionFactoryInitiator    : HHH000268: Transaction strategy: org.hibernate.engine.transaction.internal.jdbc.JdbcTransactionFactory
2017-04-04 13:39:14.349  INFO 8664 --- [    Test worker] o.h.h.i.ast.ASTQueryTranslatorFactory    : HHH000397: Using ASTQueryTranslatorFactory
2017-04-04 13:39:14.364  INFO 8664 --- [    Test worker] org.hibernate.tool.hbm2ddl.SchemaExport  : HHH000227: Running hbm2ddl schema export
2017-04-04 13:39:16.068  INFO 8664 --- [    Test worker] org.hibernate.tool.hbm2ddl.SchemaExport  : HHH000230: Schema export complete
2017-04-04 13:39:16.068  WARN 8664 --- [    Test worker] o.h.e.i.EntityManagerFactoryRegistry     : HHH000436: Entity manager factory name (default) is already registered.  If entity manager will be clustered or passivated, specify a unique value for property 'hibernate.ejb.entitymanager_factory_name'
2017-04-04 13:39:16.084  INFO 8664 --- [    Test worker] j.LocalContainerEntityManagerFactoryBean : Initialized JPA EntityManagerFactory for persistence unit 'default'
2017-04-04 13:39:16.224  INFO 8664 --- [    Test worker] o.s.b.f.config.PropertiesFactoryBean     : Loading properties file from class path resource [rest-default-messages.properties]
2017-04-04 13:39:16.506  INFO 8664 --- [    Test worker] s.w.s.m.m.a.RequestMappingHandlerAdapter : Looking for @ControllerAdvice: org.springframework.web.context.support.GenericWebApplicationContext@d95ef13: startup date [Tue Apr 04 13:39:13 CDT 2017]; root of context hierarchy
2017-04-04 13:39:16.506  INFO 8664 --- [    Test worker] s.w.s.m.m.a.RequestMappingHandlerAdapter : Detected ResponseBodyAdvice bean in org.springframework.boot.actuate.autoconfigure.EndpointWebMvcHypermediaManagementContextConfiguration$ActuatorEndpointLinksAdvice
2017-04-04 13:39:16.521  INFO 8664 --- [    Test worker] s.w.s.m.m.a.RequestMappingHandlerMapping : Mapped "{[/api/login],methods=[POST],consumes=[application/json]}" onto public hello.models.LoginResults hello.controllers.AdministratorController.login(java.lang.String,hello.models.LoginRequest,org.springframework.validation.BindingResult,javax.servlet.http.HttpServletResponse)
2017-04-04 13:39:16.521  INFO 8664 --- [    Test worker] s.w.s.m.m.a.RequestMappingHandlerMapping : Mapped "{[/rest/assessments/{id}/users],methods=[POST]}" onto public org.springframework.http.ResponseEntity<hello.models.Assessment> hello.controllers.AssessmentController.addUser(int,hello.models.User) throws java.lang.Exception
2017-04-04 13:39:16.521  INFO 8664 --- [    Test worker] s.w.s.m.m.a.RequestMappingHandlerMapping : Mapped "{[/rest/assessments/{id}],methods=[PATCH]}" onto public org.springframework.http.ResponseEntity<hello.models.Assessment> hello.controllers.AssessmentController.updateAssessment(int,hello.models.Assessment) throws java.lang.Exception
2017-04-04 13:39:16.521  INFO 8664 --- [    Test worker] s.w.s.m.m.a.RequestMappingHandlerMapping : Mapped "{[/rest/assessments/{id}/],methods=[GET]}" onto public org.springframework.http.ResponseEntity<hello.models.Assessment> hello.controllers.AssessmentController.getAssessment(int)
2017-04-04 13:39:16.521  INFO 8664 --- [    Test worker] s.w.s.m.m.a.RequestMappingHandlerMapping : Mapped "{[/rest/assessments/{id}/delete],methods=[DELETE]}" onto public org.springframework.http.ResponseEntity<java.lang.Boolean> hello.controllers.AssessmentController.deleteAssessment(int)
2017-04-04 13:39:16.521  INFO 8664 --- [    Test worker] s.w.s.m.m.a.RequestMappingHandlerMapping : Mapped "{[/rest/assessments/{id}/question],methods=[POST]}" onto public org.springframework.http.ResponseEntity<hello.models.Assessment> hello.controllers.AssessmentController.addQuestion(int,hello.models.Question) throws java.lang.Exception
2017-04-04 13:39:16.521  INFO 8664 --- [    Test worker] s.w.s.m.m.a.RequestMappingHandlerMapping : Mapped "{[/rest/assessments],methods=[POST]}" onto public org.springframework.http.ResponseEntity<hello.models.Assessment> hello.controllers.AssessmentController.addAssessment(javax.servlet.http.HttpSession,hello.models.Assessment) throws java.lang.Exception
2017-04-04 13:39:16.521  INFO 8664 --- [    Test worker] s.w.s.m.m.a.RequestMappingHandlerMapping : Mapped "{[/rest/assessments],methods=[GET]}" onto public java.util.ArrayList<hello.models.Assessment> hello.controllers.AssessmentController.getAllAssessments(javax.servlet.http.HttpSession) throws java.lang.Exception
2017-04-04 13:39:16.521  INFO 8664 --- [    Test worker] s.w.s.m.m.a.RequestMappingHandlerMapping : Mapped "{[/rest/assessments/{id}/question/{questionId}],methods=[POST]}" onto public org.springframework.http.ResponseEntity<hello.models.Assessment> hello.controllers.AssessmentController.addExistingQuestion(int,int)
2017-04-04 13:39:16.521  INFO 8664 --- [    Test worker] s.w.s.m.m.a.RequestMappingHandlerMapping : Mapped "{[/rest/session],methods=[DELETE]}" onto public void hello.controllers.AuthenticationController.logout(javax.servlet.http.HttpSession)
2017-04-04 13:39:16.521  INFO 8664 --- [    Test worker] s.w.s.m.m.a.RequestMappingHandlerMapping : Mapped "{[/rest/session/logout],methods=[POST]}" onto public org.springframework.http.ResponseEntity<hello.models.LogoutResponse> hello.controllers.AuthenticationController.logout() throws java.lang.Exception
2017-04-04 13:39:16.521  INFO 8664 --- [    Test worker] s.w.s.m.m.a.RequestMappingHandlerMapping : Mapped "{[/rest/session/login],methods=[POST]}" onto public org.springframework.http.ResponseEntity<hello.models.LoginResponse> hello.controllers.AuthenticationController.login(hello.models.LoginRequest,javax.servlet.http.HttpSession)
2017-04-04 13:39:16.521  INFO 8664 --- [    Test worker] s.w.s.m.m.a.RequestMappingHandlerMapping : Mapped "{[/rest/session],methods=[GET]}" onto public hello.models.User hello.controllers.AuthenticationController.session(javax.servlet.http.HttpSession)
2017-04-04 13:39:16.521  INFO 8664 --- [    Test worker] s.w.s.m.m.a.RequestMappingHandlerMapping : Mapped "{[/rest/session/is-logged-in],methods=[GET]}" onto public org.springframework.http.ResponseEntity<hello.models.LoginResponse> hello.controllers.AuthenticationController.isLoggedIn(javax.servlet.http.HttpSession)
2017-04-04 13:39:16.521  INFO 8664 --- [    Test worker] s.w.s.m.m.a.RequestMappingHandlerMapping : Mapped "{[/files/upload]}" onto public hello.models.JSONResponse hello.controllers.FileUploadController.uploadFile(org.springframework.web.multipart.MultipartFile)
2017-04-04 13:39:16.521  INFO 8664 --- [    Test worker] s.w.s.m.m.a.RequestMappingHandlerMapping : Mapped "{[/files/{filename:.+}],methods=[GET]}" onto public org.springframework.http.ResponseEntity<org.springframework.core.io.Resource> hello.controllers.FileUploadController.serveFile(java.lang.String)
2017-04-04 13:39:16.521  INFO 8664 --- [    Test worker] s.w.s.m.m.a.RequestMappingHandlerMapping : Mapped "{[/app/*]}" onto public org.springframework.web.servlet.ModelAndView hello.controllers.HomeController.index(javax.servlet.http.HttpSession,javax.servlet.http.HttpServletResponse)
2017-04-04 13:39:16.521  INFO 8664 --- [    Test worker] s.w.s.m.m.a.RequestMappingHandlerMapping : Mapped "{[/app/*/*]}" onto public org.springframework.web.servlet.ModelAndView hello.controllers.HomeController.index2(javax.servlet.http.HttpSession,javax.servlet.http.HttpServletResponse)
2017-04-04 13:39:16.521  INFO 8664 --- [    Test worker] s.w.s.m.m.a.RequestMappingHandlerMapping : Mapped "{[]}" onto public java.lang.String hello.controllers.HomeController.home()
2017-04-04 13:39:16.521  INFO 8664 --- [    Test worker] s.w.s.m.m.a.RequestMappingHandlerMapping : Mapped "{[/rest/participants/{id}],methods=[GET]}" onto public org.springframework.http.ResponseEntity<hello.models.Participant> hello.controllers.ParticipantController.getParticipant(int)
2017-04-04 13:39:16.521  INFO 8664 --- [    Test worker] s.w.s.m.m.a.RequestMappingHandlerMapping : Mapped "{[/rest/participants],methods=[GET]}" onto public java.util.ArrayList<hello.models.Participant> hello.controllers.ParticipantController.getParticipants()
2017-04-04 13:39:16.521  INFO 8664 --- [    Test worker] s.w.s.m.m.a.RequestMappingHandlerMapping : Mapped "{[/rest/participants],methods=[POST]}" onto public org.springframework.http.ResponseEntity<hello.models.Participant> hello.controllers.ParticipantController.addParticipant(hello.models.Participant)
2017-04-04 13:39:16.521  INFO 8664 --- [    Test worker] s.w.s.m.m.a.RequestMappingHandlerMapping : Mapped "{[/rest/participants/{id}],methods=[DELETE]}" onto public org.springframework.http.ResponseEntity<java.lang.Boolean> hello.controllers.ParticipantController.deleteParticipant(int) throws java.lang.Exception
2017-04-04 13:39:16.521  INFO 8664 --- [    Test worker] s.w.s.m.m.a.RequestMappingHandlerMapping : Mapped "{[/rest/participants/{id}],methods=[PUT]}" onto public org.springframework.http.ResponseEntity<hello.models.Participant> hello.controllers.ParticipantController.updateParticipant(int,hello.models.Participant) throws java.lang.Exception
2017-04-04 13:39:16.521  INFO 8664 --- [    Test worker] s.w.s.m.m.a.RequestMappingHandlerMapping : Mapped "{[/rest/questions],methods=[POST]}" onto public org.springframework.http.ResponseEntity<hello.models.Question> hello.controllers.QuestionController.addQuestion(hello.models.Question)
2017-04-04 13:39:16.521  INFO 8664 --- [    Test worker] s.w.s.m.m.a.RequestMappingHandlerMapping : Mapped "{[/rest/questions/{id}],methods=[DELETE]}" onto public org.springframework.http.ResponseEntity<java.lang.Boolean> hello.controllers.QuestionController.deleteQuestion(int)
2017-04-04 13:39:16.521  INFO 8664 --- [    Test worker] s.w.s.m.m.a.RequestMappingHandlerMapping : Mapped "{[/rest/questions],methods=[GET]}" onto public java.util.ArrayList<hello.models.Question> hello.controllers.QuestionController.getQuestions()
2017-04-04 13:39:16.521  INFO 8664 --- [    Test worker] s.w.s.m.m.a.RequestMappingHandlerMapping : Mapped "{[/rest/questions/{id}],methods=[PATCH]}" onto public org.springframework.http.ResponseEntity<hello.models.Question> hello.controllers.QuestionController.updateQuestion(int,hello.models.Question) throws java.lang.Exception
2017-04-04 13:39:16.521  INFO 8664 --- [    Test worker] s.w.s.m.m.a.RequestMappingHandlerMapping : Mapped "{[/rest/questions/{id}/],methods=[GET]}" onto public org.springframework.http.ResponseEntity<hello.models.Question> hello.controllers.QuestionController.getAQuestion(int)
2017-04-04 13:39:16.521  INFO 8664 --- [    Test worker] s.w.s.m.m.a.RequestMappingHandlerMapping : Mapped "{[/rest/targetGroups/{id}/assessment/{assessmentid}],methods=[POST]}" onto public org.springframework.http.ResponseEntity<hello.models.TargetGroup> hello.controllers.TargetGroupController.addExistingAssessmentToTargetGroup(int,int) throws java.lang.Exception
2017-04-04 13:39:16.521  INFO 8664 --- [    Test worker] s.w.s.m.m.a.RequestMappingHandlerMapping : Mapped "{[/rest/targetGroups/{id}/participants/{participantId}],methods=[POST]}" onto public org.springframework.http.ResponseEntity<hello.models.TargetGroup> hello.controllers.TargetGroupController.addExistingParticipantToTargetGroup(int,int) throws java.lang.Exception
2017-04-04 13:39:16.521  INFO 8664 --- [    Test worker] s.w.s.m.m.a.RequestMappingHandlerMapping : Mapped "{[/rest/targetGroups],methods=[POST]}" onto public org.springframework.http.ResponseEntity<hello.models.TargetGroup> hello.controllers.TargetGroupController.addTargetGroup(javax.servlet.http.HttpSession,hello.models.TargetGroup) throws java.lang.Exception
2017-04-04 13:39:16.521  INFO 8664 --- [    Test worker] s.w.s.m.m.a.RequestMappingHandlerMapping : Mapped "{[/rest/targetGroups/{id}],methods=[GET]}" onto public org.springframework.http.ResponseEntity<hello.models.TargetGroup> hello.controllers.TargetGroupController.getTargetGroup(int)
2017-04-04 13:39:16.521  INFO 8664 --- [    Test worker] s.w.s.m.m.a.RequestMappingHandlerMapping : Mapped "{[/rest/targetGroups],methods=[GET]}" onto public java.util.ArrayList<hello.models.TargetGroup> hello.controllers.TargetGroupController.getTargetGroups() throws java.lang.Exception
2017-04-04 13:39:16.521  INFO 8664 --- [    Test worker] s.w.s.m.m.a.RequestMappingHandlerMapping : Mapped "{[/rest/targetGroups/{id}/participants],methods=[GET]}" onto public java.util.ArrayList<hello.models.Participant> hello.controllers.TargetGroupController.getParticipantsInTargetGroup(int) throws java.lang.Exception
2017-04-04 13:39:16.521  INFO 8664 --- [    Test worker] s.w.s.m.m.a.RequestMappingHandlerMapping : Mapped "{[/rest/targetGroups/{id}],methods=[DELETE]}" onto public org.springframework.http.ResponseEntity<java.lang.Boolean> hello.controllers.TargetGroupController.deleteTargetGroup(int) throws java.lang.Exception
2017-04-04 13:39:16.521  INFO 8664 --- [    Test worker] s.w.s.m.m.a.RequestMappingHandlerMapping : Mapped "{[/rest/targetGroups/{id}/participants/{participantId}],methods=[PUT]}" onto public org.springframework.http.ResponseEntity<hello.models.TargetGroup> hello.controllers.TargetGroupController.removeParticipantFromTargetGroup(int,int) throws java.lang.Exception
2017-04-04 13:39:16.521  INFO 8664 --- [    Test worker] s.w.s.m.m.a.RequestMappingHandlerMapping : Mapped "{[/rest/targetGroups/{id}/participant],methods=[POST]}" onto public org.springframework.http.ResponseEntity<hello.models.TargetGroup> hello.controllers.TargetGroupController.addNewParticipantsToTargetGroup(int,hello.models.Participant) throws java.lang.Exception
2017-04-04 13:39:16.521  INFO 8664 --- [    Test worker] s.w.s.m.m.a.RequestMappingHandlerMapping : Mapped "{[/rest/targetGroups/{id}/participants],methods=[POST]}" onto public org.springframework.http.ResponseEntity<hello.models.TargetGroup> hello.controllers.TargetGroupController.addNewParticipantsToTargetGroup(int,java.util.List<hello.models.Participant>) throws java.lang.Exception
2017-04-04 13:39:16.521  INFO 8664 --- [    Test worker] s.w.s.m.m.a.RequestMappingHandlerMapping : Mapped "{[/rest/targetGroups/{id}],methods=[PUT]}" onto public org.springframework.http.ResponseEntity<hello.models.TargetGroup> hello.controllers.TargetGroupController.updateTargetGroup(int,hello.models.TargetGroup) throws java.lang.Exception
2017-04-04 13:39:16.521  INFO 8664 --- [    Test worker] s.w.s.m.m.a.RequestMappingHandlerMapping : Mapped "{[/rest/targetGroups/{id}/assessment],methods=[POST]}" onto public org.springframework.http.ResponseEntity<hello.models.TargetGroup> hello.controllers.TargetGroupController.addNewAssessmentToTargetGroup(int,hello.models.Assessment) throws java.lang.Exception
2017-04-04 13:39:16.521  INFO 8664 --- [    Test worker] s.w.s.m.m.a.RequestMappingHandlerMapping : Mapped "{[/error]}" onto public org.springframework.http.ResponseEntity<java.util.Map<java.lang.String, java.lang.Object>> org.springframework.boot.autoconfigure.web.BasicErrorController.error(javax.servlet.http.HttpServletRequest)
2017-04-04 13:39:16.521  INFO 8664 --- [    Test worker] s.w.s.m.m.a.RequestMappingHandlerMapping : Mapped "{[/error],produces=[text/html]}" onto public org.springframework.web.servlet.ModelAndView org.springframework.boot.autoconfigure.web.BasicErrorController.errorHtml(javax.servlet.http.HttpServletRequest,javax.servlet.http.HttpServletResponse)
2017-04-04 13:39:16.537  INFO 8664 --- [    Test worker] o.s.w.s.handler.SimpleUrlHandlerMapping  : Mapped URL path [/webjars/**] onto handler of type [class org.springframework.web.servlet.resource.ResourceHttpRequestHandler]
2017-04-04 13:39:16.537  INFO 8664 --- [    Test worker] o.s.w.s.handler.SimpleUrlHandlerMapping  : Mapped URL path [/resources/**] onto handler of type [class org.springframework.web.servlet.resource.ResourceHttpRequestHandler]
2017-04-04 13:39:16.553  INFO 8664 --- [    Test worker] .m.m.a.ExceptionHandlerExceptionResolver : Detected @ExceptionHandler methods in repositoryRestExceptionHandler
2017-04-04 13:39:16.553  INFO 8664 --- [    Test worker] .m.m.a.ExceptionHandlerExceptionResolver : Detected ResponseBodyAdvice implementation in org.springframework.boot.actuate.autoconfigure.EndpointWebMvcHypermediaManagementContextConfiguration$ActuatorEndpointLinksAdvice
2017-04-04 13:39:16.568  INFO 8664 --- [    Test worker] o.s.w.s.handler.SimpleUrlHandlerMapping  : Mapped URL path [/**/favicon.ico] onto handler of type [class org.springframework.web.servlet.resource.ResourceHttpRequestHandler]
2017-04-04 13:39:16.599  INFO 8664 --- [    Test worker] oConfiguration$WelcomePageHandlerMapping : Adding welcome page: ServletContext resource [/index.html]
2017-04-04 13:39:16.752  INFO 8664 --- [    Test worker] o.s.d.r.w.RepositoryRestHandlerAdapter   : Looking for @ControllerAdvice: org.springframework.web.context.support.GenericWebApplicationContext@d95ef13: startup date [Tue Apr 04 13:39:13 CDT 2017]; root of context hierarchy
2017-04-04 13:39:16.752  INFO 8664 --- [    Test worker] o.s.d.r.w.RepositoryRestHandlerAdapter   : Detected ResponseBodyAdvice bean in org.springframework.boot.actuate.autoconfigure.EndpointWebMvcHypermediaManagementContextConfiguration$ActuatorEndpointLinksAdvice
2017-04-04 13:39:16.752  INFO 8664 --- [    Test worker] o.s.d.r.w.RepositoryRestHandlerMapping   : Mapped "{[/api/ || /api],methods=[HEAD],produces=[application/hal+json || application/json || application/*+json;charset=UTF-8]}" onto public org.springframework.http.ResponseEntity<?> org.springframework.data.rest.webmvc.RepositoryController.headForRepositories()
2017-04-04 13:39:16.752  INFO 8664 --- [    Test worker] o.s.d.r.w.RepositoryRestHandlerMapping   : Mapped "{[/api/ || /api],methods=[OPTIONS],produces=[application/hal+json || application/json || application/*+json;charset=UTF-8]}" onto public org.springframework.http.HttpEntity<?> org.springframework.data.rest.webmvc.RepositoryController.optionsForRepositories()
2017-04-04 13:39:16.752  INFO 8664 --- [    Test worker] o.s.d.r.w.RepositoryRestHandlerMapping   : Mapped "{[/api/ || /api],methods=[GET],produces=[application/hal+json || application/json || application/*+json;charset=UTF-8]}" onto public org.springframework.http.HttpEntity<org.springframework.data.rest.webmvc.RepositoryLinksResource> org.springframework.data.rest.webmvc.RepositoryController.listRepositories()
2017-04-04 13:39:16.752  INFO 8664 --- [    Test worker] o.s.d.r.w.RepositoryRestHandlerMapping   : Mapped "{[/api/{repository}],methods=[POST],produces=[application/hal+json || application/json || application/*+json;charset=UTF-8]}" onto public org.springframework.http.ResponseEntity<org.springframework.hateoas.ResourceSupport> org.springframework.data.rest.webmvc.RepositoryEntityController.postCollectionResource(org.springframework.data.rest.webmvc.RootResourceInformation,org.springframework.data.rest.webmvc.PersistentEntityResource,org.springframework.data.rest.webmvc.PersistentEntityResourceAssembler,java.lang.String) throws org.springframework.web.HttpRequestMethodNotSupportedException
2017-04-04 13:39:16.752  INFO 8664 --- [    Test worker] o.s.d.r.w.RepositoryRestHandlerMapping   : Mapped "{[/api/{repository}/{id}],methods=[OPTIONS],produces=[application/hal+json || application/json || application/*+json;charset=UTF-8]}" onto public org.springframework.http.ResponseEntity<?> org.springframework.data.rest.webmvc.RepositoryEntityController.optionsForItemResource(org.springframework.data.rest.webmvc.RootResourceInformation)
2017-04-04 13:39:16.752  INFO 8664 --- [    Test worker] o.s.d.r.w.RepositoryRestHandlerMapping   : Mapped "{[/api/{repository}],methods=[HEAD],produces=[application/hal+json || application/json || application/*+json;charset=UTF-8]}" onto public org.springframework.http.ResponseEntity<?> org.springframework.data.rest.webmvc.RepositoryEntityController.headCollectionResource(org.springframework.data.rest.webmvc.RootResourceInformation,org.springframework.data.rest.webmvc.support.DefaultedPageable) throws org.springframework.web.HttpRequestMethodNotSupportedException
2017-04-04 13:39:16.752  INFO 8664 --- [    Test worker] o.s.d.r.w.RepositoryRestHandlerMapping   : Mapped "{[/api/{repository}/{id}],methods=[HEAD],produces=[application/hal+json || application/json || application/*+json;charset=UTF-8]}" onto public org.springframework.http.ResponseEntity<?> org.springframework.data.rest.webmvc.RepositoryEntityController.headForItemResource(org.springframework.data.rest.webmvc.RootResourceInformation,java.io.Serializable,org.springframework.data.rest.webmvc.PersistentEntityResourceAssembler) throws org.springframework.web.HttpRequestMethodNotSupportedException
2017-04-04 13:39:16.752  INFO 8664 --- [    Test worker] o.s.d.r.w.RepositoryRestHandlerMapping   : Mapped "{[/api/{repository}/{id}],methods=[PATCH],produces=[application/hal+json || application/json || application/*+json;charset=UTF-8]}" onto public org.springframework.http.ResponseEntity<org.springframework.hateoas.ResourceSupport> org.springframework.data.rest.webmvc.RepositoryEntityController.patchItemResource(org.springframework.data.rest.webmvc.RootResourceInformation,org.springframework.data.rest.webmvc.PersistentEntityResource,java.io.Serializable,org.springframework.data.rest.webmvc.PersistentEntityResourceAssembler,org.springframework.data.rest.webmvc.support.ETag,java.lang.String) throws org.springframework.web.HttpRequestMethodNotSupportedException,org.springframework.data.rest.webmvc.ResourceNotFoundException
2017-04-04 13:39:16.752  INFO 8664 --- [    Test worker] o.s.d.r.w.RepositoryRestHandlerMapping   : Mapped "{[/api/{repository}],methods=[OPTIONS],produces=[application/hal+json || application/json || application/*+json;charset=UTF-8]}" onto public org.springframework.http.ResponseEntity<?> org.springframework.data.rest.webmvc.RepositoryEntityController.optionsForCollectionResource(org.springframework.data.rest.webmvc.RootResourceInformation)
2017-04-04 13:39:16.752  INFO 8664 --- [    Test worker] o.s.d.r.w.RepositoryRestHandlerMapping   : Mapped "{[/api/{repository}],methods=[GET],produces=[application/hal+json || application/json || application/*+json;charset=UTF-8]}" onto public org.springframework.hateoas.Resources<?> org.springframework.data.rest.webmvc.RepositoryEntityController.getCollectionResource(org.springframework.data.rest.webmvc.RootResourceInformation,org.springframework.data.rest.webmvc.support.DefaultedPageable,org.springframework.data.domain.Sort,org.springframework.data.rest.webmvc.PersistentEntityResourceAssembler) throws org.springframework.data.rest.webmvc.ResourceNotFoundException,org.springframework.web.HttpRequestMethodNotSupportedException
2017-04-04 13:39:16.752  INFO 8664 --- [    Test worker] o.s.d.r.w.RepositoryRestHandlerMapping   : Mapped "{[/api/{repository}],methods=[GET],produces=[application/x-spring-data-compact+json || text/uri-list]}" onto public org.springframework.hateoas.Resources<?> org.springframework.data.rest.webmvc.RepositoryEntityController.getCollectionResourceCompact(org.springframework.data.rest.webmvc.RootResourceInformation,org.springframework.data.rest.webmvc.support.DefaultedPageable,org.springframework.data.domain.Sort,org.springframework.data.rest.webmvc.PersistentEntityResourceAssembler) throws org.springframework.data.rest.webmvc.ResourceNotFoundException,org.springframework.web.HttpRequestMethodNotSupportedException
2017-04-04 13:39:16.752  INFO 8664 --- [    Test worker] o.s.d.r.w.RepositoryRestHandlerMapping   : Mapped "{[/api/{repository}/{id}],methods=[DELETE],produces=[application/hal+json || application/json || application/*+json;charset=UTF-8]}" onto public org.springframework.http.ResponseEntity<?> org.springframework.data.rest.webmvc.RepositoryEntityController.deleteItemResource(org.springframework.data.rest.webmvc.RootResourceInformation,java.io.Serializable,org.springframework.data.rest.webmvc.support.ETag) throws org.springframework.data.rest.webmvc.ResourceNotFoundException,org.springframework.web.HttpRequestMethodNotSupportedException
2017-04-04 13:39:16.752  INFO 8664 --- [    Test worker] o.s.d.r.w.RepositoryRestHandlerMapping   : Mapped "{[/api/{repository}/{id}],methods=[GET],produces=[application/hal+json || application/json || application/*+json;charset=UTF-8]}" onto public org.springframework.http.ResponseEntity<org.springframework.hateoas.Resource<?>> org.springframework.data.rest.webmvc.RepositoryEntityController.getItemResource(org.springframework.data.rest.webmvc.RootResourceInformation,java.io.Serializable,org.springframework.data.rest.webmvc.PersistentEntityResourceAssembler,org.springframework.util.MultiValueMap<java.lang.String, java.lang.String>) throws org.springframework.web.HttpRequestMethodNotSupportedException
2017-04-04 13:39:16.752  INFO 8664 --- [    Test worker] o.s.d.r.w.RepositoryRestHandlerMapping   : Mapped "{[/api/{repository}/{id}],methods=[PUT],produces=[application/hal+json || application/json || application/*+json;charset=UTF-8]}" onto public org.springframework.http.ResponseEntity<? extends org.springframework.hateoas.ResourceSupport> org.springframework.data.rest.webmvc.RepositoryEntityController.putItemResource(org.springframework.data.rest.webmvc.RootResourceInformation,org.springframework.data.rest.webmvc.PersistentEntityResource,java.io.Serializable,org.springframework.data.rest.webmvc.PersistentEntityResourceAssembler,org.springframework.data.rest.webmvc.support.ETag,java.lang.String) throws org.springframework.web.HttpRequestMethodNotSupportedException
2017-04-04 13:39:16.752  INFO 8664 --- [    Test worker] o.s.d.r.w.RepositoryRestHandlerMapping   : Mapped "{[/api/{repository}/{id}/{property}],methods=[GET],produces=[application/x-spring-data-compact+json || text/uri-list]}" onto public org.springframework.http.ResponseEntity<org.springframework.hateoas.ResourceSupport> org.springframework.data.rest.webmvc.RepositoryPropertyReferenceController.followPropertyReferenceCompact(org.springframework.data.rest.webmvc.RootResourceInformation,java.io.Serializable,java.lang.String,org.springframework.data.rest.webmvc.PersistentEntityResourceAssembler) throws java.lang.Exception
2017-04-04 13:39:16.752  INFO 8664 --- [    Test worker] o.s.d.r.w.RepositoryRestHandlerMapping   : Mapped "{[/api/{repository}/{id}/{property}],methods=[DELETE],produces=[application/hal+json || application/json || application/*+json;charset=UTF-8]}" onto public org.springframework.http.ResponseEntity<? extends org.springframework.hateoas.ResourceSupport> org.springframework.data.rest.webmvc.RepositoryPropertyReferenceController.deletePropertyReference(org.springframework.data.rest.webmvc.RootResourceInformation,java.io.Serializable,java.lang.String) throws java.lang.Exception
2017-04-04 13:39:16.752  INFO 8664 --- [    Test worker] o.s.d.r.w.RepositoryRestHandlerMapping   : Mapped "{[/api/{repository}/{id}/{property}/{propertyId}],methods=[DELETE],produces=[application/hal+json || application/json || application/*+json;charset=UTF-8]}" onto public org.springframework.http.ResponseEntity<org.springframework.hateoas.ResourceSupport> org.springframework.data.rest.webmvc.RepositoryPropertyReferenceController.deletePropertyReferenceId(org.springframework.data.rest.webmvc.RootResourceInformation,java.io.Serializable,java.lang.String,java.lang.String) throws java.lang.Exception
2017-04-04 13:39:16.752  INFO 8664 --- [    Test worker] o.s.d.r.w.RepositoryRestHandlerMapping   : Mapped "{[/api/{repository}/{id}/{property}],methods=[GET],produces=[application/hal+json || application/json || application/*+json;charset=UTF-8]}" onto public org.springframework.http.ResponseEntity<org.springframework.hateoas.ResourceSupport> org.springframework.data.rest.webmvc.RepositoryPropertyReferenceController.followPropertyReference(org.springframework.data.rest.webmvc.RootResourceInformation,java.io.Serializable,java.lang.String,org.springframework.data.rest.webmvc.PersistentEntityResourceAssembler) throws java.lang.Exception
2017-04-04 13:39:16.752  INFO 8664 --- [    Test worker] o.s.d.r.w.RepositoryRestHandlerMapping   : Mapped "{[/api/{repository}/{id}/{property}/{propertyId}],methods=[GET],produces=[application/hal+json || application/json || application/*+json;charset=UTF-8]}" onto public org.springframework.http.ResponseEntity<org.springframework.hateoas.ResourceSupport> org.springframework.data.rest.webmvc.RepositoryPropertyReferenceController.followPropertyReference(org.springframework.data.rest.webmvc.RootResourceInformation,java.io.Serializable,java.lang.String,java.lang.String,org.springframework.data.rest.webmvc.PersistentEntityResourceAssembler) throws java.lang.Exception
2017-04-04 13:39:16.752  INFO 8664 --- [    Test worker] o.s.d.r.w.RepositoryRestHandlerMapping   : Mapped "{[/api/{repository}/{id}/{property}],methods=[PATCH || PUT || POST],consumes=[application/json || application/x-spring-data-compact+json || text/uri-list],produces=[application/hal+json || application/json || application/*+json;charset=UTF-8]}" onto public org.springframework.http.ResponseEntity<? extends org.springframework.hateoas.ResourceSupport> org.springframework.data.rest.webmvc.RepositoryPropertyReferenceController.createPropertyReference(org.springframework.data.rest.webmvc.RootResourceInformation,org.springframework.http.HttpMethod,org.springframework.hateoas.Resources<java.lang.Object>,java.io.Serializable,java.lang.String) throws java.lang.Exception
2017-04-04 13:39:16.752  INFO 8664 --- [    Test worker] o.s.d.r.w.RepositoryRestHandlerMapping   : Mapped "{[/api/{repository}/search],methods=[OPTIONS],produces=[application/hal+json || application/json || application/*+json;charset=UTF-8]}" onto public org.springframework.http.HttpEntity<?> org.springframework.data.rest.webmvc.RepositorySearchController.optionsForSearches(org.springframework.data.rest.webmvc.RootResourceInformation)
2017-04-04 13:39:16.752  INFO 8664 --- [    Test worker] o.s.d.r.w.RepositoryRestHandlerMapping   : Mapped "{[/api/{repository}/search/{search}],methods=[GET],produces=[application/x-spring-data-compact+json]}" onto public org.springframework.hateoas.ResourceSupport org.springframework.data.rest.webmvc.RepositorySearchController.executeSearchCompact(org.springframework.data.rest.webmvc.RootResourceInformation,org.springframework.util.MultiValueMap<java.lang.String, java.lang.Object>,java.lang.String,java.lang.String,org.springframework.data.rest.webmvc.support.DefaultedPageable,org.springframework.data.domain.Sort,org.springframework.data.rest.webmvc.PersistentEntityResourceAssembler)
2017-04-04 13:39:16.752  INFO 8664 --- [    Test worker] o.s.d.r.w.RepositoryRestHandlerMapping   : Mapped "{[/api/{repository}/search/{search}],methods=[OPTIONS],produces=[application/hal+json || application/json || application/*+json;charset=UTF-8]}" onto public org.springframework.http.ResponseEntity<java.lang.Object> org.springframework.data.rest.webmvc.RepositorySearchController.optionsForSearch(org.springframework.data.rest.webmvc.RootResourceInformation,java.lang.String)
2017-04-04 13:39:16.752  INFO 8664 --- [    Test worker] o.s.d.r.w.RepositoryRestHandlerMapping   : Mapped "{[/api/{repository}/search/{search}],methods=[HEAD],produces=[application/hal+json || application/json || application/*+json;charset=UTF-8]}" onto public org.springframework.http.ResponseEntity<java.lang.Object> org.springframework.data.rest.webmvc.RepositorySearchController.headForSearch(org.springframework.data.rest.webmvc.RootResourceInformation,java.lang.String)
2017-04-04 13:39:16.752  INFO 8664 --- [    Test worker] o.s.d.r.w.RepositoryRestHandlerMapping   : Mapped "{[/api/{repository}/search],methods=[HEAD],produces=[application/hal+json || application/json || application/*+json;charset=UTF-8]}" onto public org.springframework.http.HttpEntity<?> org.springframework.data.rest.webmvc.RepositorySearchController.headForSearches(org.springframework.data.rest.webmvc.RootResourceInformation)
2017-04-04 13:39:16.752  INFO 8664 --- [    Test worker] o.s.d.r.w.RepositoryRestHandlerMapping   : Mapped "{[/api/{repository}/search],methods=[GET],produces=[application/hal+json || application/json || application/*+json;charset=UTF-8]}" onto public org.springframework.data.rest.webmvc.RepositorySearchesResource org.springframework.data.rest.webmvc.RepositorySearchController.listSearches(org.springframework.data.rest.webmvc.RootResourceInformation)
2017-04-04 13:39:16.752  INFO 8664 --- [    Test worker] o.s.d.r.w.RepositoryRestHandlerMapping   : Mapped "{[/api/{repository}/search/{search}],methods=[GET],produces=[application/hal+json || application/json || application/*+json;charset=UTF-8]}" onto public org.springframework.http.ResponseEntity<java.lang.Object> org.springframework.data.rest.webmvc.RepositorySearchController.executeSearch(org.springframework.data.rest.webmvc.RootResourceInformation,org.springframework.util.MultiValueMap<java.lang.String, java.lang.Object>,java.lang.String,org.springframework.data.rest.webmvc.support.DefaultedPageable,org.springframework.data.domain.Sort,org.springframework.data.rest.webmvc.PersistentEntityResourceAssembler)
2017-04-04 13:39:16.752  INFO 8664 --- [    Test worker] o.s.d.r.w.BasePathAwareHandlerMapping    : Mapped "{[/api/profile/{repository}],methods=[GET],produces=[application/alps+json || */*]}" onto org.springframework.http.HttpEntity<org.springframework.data.rest.webmvc.RootResourceInformation> org.springframework.data.rest.webmvc.alps.AlpsController.descriptor(org.springframework.data.rest.webmvc.RootResourceInformation)
2017-04-04 13:39:16.752  INFO 8664 --- [    Test worker] o.s.d.r.w.BasePathAwareHandlerMapping    : Mapped "{[/api/profile/{repository}],methods=[OPTIONS],produces=[application/alps+json]}" onto org.springframework.http.HttpEntity<?> org.springframework.data.rest.webmvc.alps.AlpsController.alpsOptions()
2017-04-04 13:39:16.752  INFO 8664 --- [    Test worker] o.s.d.r.w.BasePathAwareHandlerMapping    : Mapped "{[/api/profile],methods=[GET]}" onto org.springframework.http.HttpEntity<org.springframework.hateoas.ResourceSupport> org.springframework.data.rest.webmvc.ProfileController.listAllFormsOfMetadata()
2017-04-04 13:39:16.752  INFO 8664 --- [    Test worker] o.s.d.r.w.BasePathAwareHandlerMapping    : Mapped "{[/api/profile],methods=[OPTIONS]}" onto public org.springframework.http.HttpEntity<?> org.springframework.data.rest.webmvc.ProfileController.profileOptions()
2017-04-04 13:39:16.752  INFO 8664 --- [    Test worker] o.s.d.r.w.BasePathAwareHandlerMapping    : Mapped "{[/api/profile/{repository}],methods=[GET],produces=[application/schema+json]}" onto public org.springframework.http.HttpEntity<org.springframework.data.rest.webmvc.json.JsonSchema> org.springframework.data.rest.webmvc.RepositorySchemaController.schema(org.springframework.data.rest.webmvc.RootResourceInformation)
2017-04-04 13:39:16.768  INFO 8664 --- [    Test worker] .m.m.a.ExceptionHandlerExceptionResolver : Detected @ExceptionHandler methods in repositoryRestExceptionHandler
2017-04-04 13:39:16.768  INFO 8664 --- [    Test worker] .m.m.a.ExceptionHandlerExceptionResolver : Detected ResponseBodyAdvice implementation in org.springframework.boot.actuate.autoconfigure.EndpointWebMvcHypermediaManagementContextConfiguration$ActuatorEndpointLinksAdvice
2017-04-04 13:39:16.799  INFO 8664 --- [    Test worker] o.s.b.a.e.mvc.EndpointHandlerMapping     : Mapped "{[/heapdump || /heapdump.json],methods=[GET],produces=[application/octet-stream]}" onto public void org.springframework.boot.actuate.endpoint.mvc.HeapdumpMvcEndpoint.invoke(boolean,javax.servlet.http.HttpServletRequest,javax.servlet.http.HttpServletResponse) throws java.io.IOException,javax.servlet.ServletException
2017-04-04 13:39:16.799  INFO 8664 --- [    Test worker] o.s.b.a.e.mvc.EndpointHandlerMapping     : Mapped "{[/health || /health.json],produces=[application/json]}" onto public java.lang.Object org.springframework.boot.actuate.endpoint.mvc.HealthMvcEndpoint.invoke(java.security.Principal)
2017-04-04 13:39:16.799  INFO 8664 --- [    Test worker] o.s.b.a.e.mvc.EndpointHandlerMapping     : Mapped "{[/metrics/{name:.*}],methods=[GET],produces=[application/json]}" onto public java.lang.Object org.springframework.boot.actuate.endpoint.mvc.MetricsMvcEndpoint.value(java.lang.String)
2017-04-04 13:39:16.799  INFO 8664 --- [    Test worker] o.s.b.a.e.mvc.EndpointHandlerMapping     : Mapped "{[/metrics || /metrics.json],methods=[GET],produces=[application/json]}" onto public java.lang.Object org.springframework.boot.actuate.endpoint.mvc.EndpointMvcAdapter.invoke()
2017-04-04 13:39:16.799  INFO 8664 --- [    Test worker] o.s.b.a.e.mvc.EndpointHandlerMapping     : Mapped "{[/configprops || /configprops.json],methods=[GET],produces=[application/json]}" onto public java.lang.Object org.springframework.boot.actuate.endpoint.mvc.EndpointMvcAdapter.invoke()
2017-04-04 13:39:16.799  INFO 8664 --- [    Test worker] o.s.b.a.e.mvc.EndpointHandlerMapping     : Mapped "{[/actuator || /actuator.json],produces=[application/json]}" onto public org.springframework.hateoas.ResourceSupport org.springframework.boot.actuate.endpoint.mvc.HalJsonMvcEndpoint.links()
2017-04-04 13:39:16.799  INFO 8664 --- [    Test worker] o.s.b.a.e.mvc.EndpointHandlerMapping     : Mapped "{[/beans || /beans.json],methods=[GET],produces=[application/json]}" onto public java.lang.Object org.springframework.boot.actuate.endpoint.mvc.EndpointMvcAdapter.invoke()
2017-04-04 13:39:16.799  INFO 8664 --- [    Test worker] o.s.b.a.e.mvc.EndpointHandlerMapping     : Mapped "{[/env/{name:.*}],methods=[GET],produces=[application/json]}" onto public java.lang.Object org.springframework.boot.actuate.endpoint.mvc.EnvironmentMvcEndpoint.value(java.lang.String)
2017-04-04 13:39:16.799  INFO 8664 --- [    Test worker] o.s.b.a.e.mvc.EndpointHandlerMapping     : Mapped "{[/env || /env.json],methods=[GET],produces=[application/json]}" onto public java.lang.Object org.springframework.boot.actuate.endpoint.mvc.EndpointMvcAdapter.invoke()
2017-04-04 13:39:16.799  INFO 8664 --- [    Test worker] o.s.b.a.e.mvc.EndpointHandlerMapping     : Mapped "{[/mappings || /mappings.json],methods=[GET],produces=[application/json]}" onto public java.lang.Object org.springframework.boot.actuate.endpoint.mvc.EndpointMvcAdapter.invoke()
2017-04-04 13:39:16.799  INFO 8664 --- [    Test worker] o.s.b.a.e.mvc.EndpointHandlerMapping     : Mapped "{[/info || /info.json],methods=[GET],produces=[application/json]}" onto public java.lang.Object org.springframework.boot.actuate.endpoint.mvc.EndpointMvcAdapter.invoke()
2017-04-04 13:39:16.799  INFO 8664 --- [    Test worker] o.s.b.a.e.mvc.EndpointHandlerMapping     : Mapped "{[/autoconfig || /autoconfig.json],methods=[GET],produces=[application/json]}" onto public java.lang.Object org.springframework.boot.actuate.endpoint.mvc.EndpointMvcAdapter.invoke()
2017-04-04 13:39:16.799  INFO 8664 --- [    Test worker] o.s.b.a.e.mvc.EndpointHandlerMapping     : Mapped "{[/dump || /dump.json],methods=[GET],produces=[application/json]}" onto public java.lang.Object org.springframework.boot.actuate.endpoint.mvc.EndpointMvcAdapter.invoke()
2017-04-04 13:39:16.799  INFO 8664 --- [    Test worker] o.s.b.a.e.mvc.EndpointHandlerMapping     : Mapped "{[/trace || /trace.json],methods=[GET],produces=[application/json]}" onto public java.lang.Object org.springframework.boot.actuate.endpoint.mvc.EndpointMvcAdapter.invoke()
2017-04-04 13:39:16.960  INFO 8664 --- [    Test worker] h.storage.FileSystemStorageServiceTest   : Started FileSystemStorageServiceTest in 3.486 seconds (JVM running for 61.297)
2017-04-04 13:39:16.960  INFO 8664 --- [    Test worker] o.s.w.c.s.GenericWebApplicationContext   : Closing org.springframework.web.context.support.GenericWebApplicationContext@d95ef13: startup date [Tue Apr 04 13:39:13 CDT 2017]; root of context hierarchy
2017-04-04 13:39:16.960  INFO 8664 --- [    Test worker] j.LocalContainerEntityManagerFactoryBean : Closing JPA EntityManagerFactory for persistence unit 'default'

  .   ____          _            __ _ _
 /\\ / ___'_ __ _ _(_)_ __  __ _ \ \ \ \
( ( )\___ | '_ | '_| | '_ \/ _` | \ \ \ \
 \\/  ___)| |_)| | | | | || (_| |  ) ) ) )
  '  |____| .__|_| |_|_| |_\__, | / / / /
 =========|_|==============|___/=/_/_/_/
 :: Spring Boot ::        (v1.4.4.RELEASE)

2017-04-04 13:39:16.991  INFO 8664 --- [    Test worker] h.storage.FileSystemStorageServiceTest   : Starting FileSystemStorageServiceTest on Puget-99033 with PID 8664 (started by Hector in D:\SHRPAS_Project)
2017-04-04 13:39:16.991  INFO 8664 --- [    Test worker] h.storage.FileSystemStorageServiceTest   : The following profiles are active: developer
2017-04-04 13:39:16.991  INFO 8664 --- [    Test worker] o.s.w.c.s.GenericWebApplicationContext   : Refreshing org.springframework.web.context.support.GenericWebApplicationContext@39d37d5e: startup date [Tue Apr 04 13:39:16 CDT 2017]; root of context hierarchy
2017-04-04 13:39:17.532  INFO 8664 --- [    Test worker] o.s.b.f.s.DefaultListableBeanFactory     : Overriding bean definition for bean 'managementServletContext' with a different definition: replacing [Root bean: class [null]; scope=; abstract=false; lazyInit=false; autowireMode=3; dependencyCheck=0; autowireCandidate=true; primary=false; factoryBeanName=org.springframework.boot.actuate.autoconfigure.EndpointWebMvcHypermediaManagementContextConfiguration; factoryMethodName=managementServletContext; initMethodName=null; destroyMethodName=(inferred); defined in class path resource [org/springframework/boot/actuate/autoconfigure/EndpointWebMvcHypermediaManagementContextConfiguration.class]] with [Root bean: class [null]; scope=; abstract=false; lazyInit=false; autowireMode=3; dependencyCheck=0; autowireCandidate=true; primary=false; factoryBeanName=org.springframework.boot.actuate.autoconfigure.EndpointWebMvcAutoConfiguration; factoryMethodName=managementServletContext; initMethodName=null; destroyMethodName=(inferred); defined in class path resource [org/springframework/boot/actuate/autoconfigure/EndpointWebMvcAutoConfiguration.class]]
2017-04-04 13:39:17.673  INFO 8664 --- [    Test worker] trationDelegate$BeanPostProcessorChecker : Bean 'org.springframework.transaction.annotation.ProxyTransactionManagementConfiguration' of type [class org.springframework.transaction.annotation.ProxyTransactionManagementConfiguration$$EnhancerBySpringCGLIB$$a51e0bb4] is not eligible for getting processed by all BeanPostProcessors (for example: not eligible for auto-proxying)
2017-04-04 13:39:17.767  INFO 8664 --- [    Test worker] j.LocalContainerEntityManagerFactoryBean : Building JPA container EntityManagerFactory for persistence unit 'default'
2017-04-04 13:39:17.767  INFO 8664 --- [    Test worker] org.hibernate.ejb.Ejb3Configuration      : HHH000204: Processing PersistenceUnitInfo [
	name: default
	...]
2017-04-04 13:39:17.782  INFO 8664 --- [    Test worker] o.h.s.j.c.i.ConnectionProviderInitiator  : HHH000130: Instantiating explicit connection provider: org.hibernate.ejb.connection.InjectedDataSourceConnectionProvider
2017-04-04 13:39:17.798  INFO 8664 --- [    Test worker] org.hibernate.dialect.Dialect            : HHH000400: Using dialect: org.hibernate.dialect.MySQLDialect
2017-04-04 13:39:17.798  INFO 8664 --- [    Test worker] o.h.e.t.i.TransactionFactoryInitiator    : HHH000268: Transaction strategy: org.hibernate.engine.transaction.internal.jdbc.JdbcTransactionFactory
2017-04-04 13:39:17.798  INFO 8664 --- [    Test worker] o.h.h.i.ast.ASTQueryTranslatorFactory    : HHH000397: Using ASTQueryTranslatorFactory
2017-04-04 13:39:17.814  INFO 8664 --- [    Test worker] org.hibernate.tool.hbm2ddl.SchemaExport  : HHH000227: Running hbm2ddl schema export
2017-04-04 13:39:19.364  INFO 8664 --- [    Test worker] org.hibernate.tool.hbm2ddl.SchemaExport  : HHH000230: Schema export complete
2017-04-04 13:39:19.364  WARN 8664 --- [    Test worker] o.h.e.i.EntityManagerFactoryRegistry     : HHH000436: Entity manager factory name (default) is already registered.  If entity manager will be clustered or passivated, specify a unique value for property 'hibernate.ejb.entitymanager_factory_name'
2017-04-04 13:39:19.364  INFO 8664 --- [    Test worker] j.LocalContainerEntityManagerFactoryBean : Initialized JPA EntityManagerFactory for persistence unit 'default'
2017-04-04 13:39:19.474  INFO 8664 --- [    Test worker] o.s.b.f.config.PropertiesFactoryBean     : Loading properties file from class path resource [rest-default-messages.properties]
2017-04-04 13:39:19.739  INFO 8664 --- [    Test worker] s.w.s.m.m.a.RequestMappingHandlerAdapter : Looking for @ControllerAdvice: org.springframework.web.context.support.GenericWebApplicationContext@39d37d5e: startup date [Tue Apr 04 13:39:16 CDT 2017]; root of context hierarchy
2017-04-04 13:39:19.739  INFO 8664 --- [    Test worker] s.w.s.m.m.a.RequestMappingHandlerAdapter : Detected ResponseBodyAdvice bean in org.springframework.boot.actuate.autoconfigure.EndpointWebMvcHypermediaManagementContextConfiguration$ActuatorEndpointLinksAdvice
2017-04-04 13:39:19.755  INFO 8664 --- [    Test worker] s.w.s.m.m.a.RequestMappingHandlerMapping : Mapped "{[/api/login],methods=[POST],consumes=[application/json]}" onto public hello.models.LoginResults hello.controllers.AdministratorController.login(java.lang.String,hello.models.LoginRequest,org.springframework.validation.BindingResult,javax.servlet.http.HttpServletResponse)
2017-04-04 13:39:19.755  INFO 8664 --- [    Test worker] s.w.s.m.m.a.RequestMappingHandlerMapping : Mapped "{[/rest/assessments/{id}/users],methods=[POST]}" onto public org.springframework.http.ResponseEntity<hello.models.Assessment> hello.controllers.AssessmentController.addUser(int,hello.models.User) throws java.lang.Exception
2017-04-04 13:39:19.755  INFO 8664 --- [    Test worker] s.w.s.m.m.a.RequestMappingHandlerMapping : Mapped "{[/rest/assessments/{id}],methods=[PATCH]}" onto public org.springframework.http.ResponseEntity<hello.models.Assessment> hello.controllers.AssessmentController.updateAssessment(int,hello.models.Assessment) throws java.lang.Exception
2017-04-04 13:39:19.755  INFO 8664 --- [    Test worker] s.w.s.m.m.a.RequestMappingHandlerMapping : Mapped "{[/rest/assessments/{id}/],methods=[GET]}" onto public org.springframework.http.ResponseEntity<hello.models.Assessment> hello.controllers.AssessmentController.getAssessment(int)
2017-04-04 13:39:19.755  INFO 8664 --- [    Test worker] s.w.s.m.m.a.RequestMappingHandlerMapping : Mapped "{[/rest/assessments/{id}/delete],methods=[DELETE]}" onto public org.springframework.http.ResponseEntity<java.lang.Boolean> hello.controllers.AssessmentController.deleteAssessment(int)
2017-04-04 13:39:19.755  INFO 8664 --- [    Test worker] s.w.s.m.m.a.RequestMappingHandlerMapping : Mapped "{[/rest/assessments/{id}/question],methods=[POST]}" onto public org.springframework.http.ResponseEntity<hello.models.Assessment> hello.controllers.AssessmentController.addQuestion(int,hello.models.Question) throws java.lang.Exception
2017-04-04 13:39:19.755  INFO 8664 --- [    Test worker] s.w.s.m.m.a.RequestMappingHandlerMapping : Mapped "{[/rest/assessments],methods=[POST]}" onto public org.springframework.http.ResponseEntity<hello.models.Assessment> hello.controllers.AssessmentController.addAssessment(javax.servlet.http.HttpSession,hello.models.Assessment) throws java.lang.Exception
2017-04-04 13:39:19.755  INFO 8664 --- [    Test worker] s.w.s.m.m.a.RequestMappingHandlerMapping : Mapped "{[/rest/assessments],methods=[GET]}" onto public java.util.ArrayList<hello.models.Assessment> hello.controllers.AssessmentController.getAllAssessments(javax.servlet.http.HttpSession) throws java.lang.Exception
2017-04-04 13:39:19.755  INFO 8664 --- [    Test worker] s.w.s.m.m.a.RequestMappingHandlerMapping : Mapped "{[/rest/assessments/{id}/question/{questionId}],methods=[POST]}" onto public org.springframework.http.ResponseEntity<hello.models.Assessment> hello.controllers.AssessmentController.addExistingQuestion(int,int)
2017-04-04 13:39:19.755  INFO 8664 --- [    Test worker] s.w.s.m.m.a.RequestMappingHandlerMapping : Mapped "{[/rest/session],methods=[DELETE]}" onto public void hello.controllers.AuthenticationController.logout(javax.servlet.http.HttpSession)
2017-04-04 13:39:19.755  INFO 8664 --- [    Test worker] s.w.s.m.m.a.RequestMappingHandlerMapping : Mapped "{[/rest/session/logout],methods=[POST]}" onto public org.springframework.http.ResponseEntity<hello.models.LogoutResponse> hello.controllers.AuthenticationController.logout() throws java.lang.Exception
2017-04-04 13:39:19.755  INFO 8664 --- [    Test worker] s.w.s.m.m.a.RequestMappingHandlerMapping : Mapped "{[/rest/session/login],methods=[POST]}" onto public org.springframework.http.ResponseEntity<hello.models.LoginResponse> hello.controllers.AuthenticationController.login(hello.models.LoginRequest,javax.servlet.http.HttpSession)
2017-04-04 13:39:19.755  INFO 8664 --- [    Test worker] s.w.s.m.m.a.RequestMappingHandlerMapping : Mapped "{[/rest/session],methods=[GET]}" onto public hello.models.User hello.controllers.AuthenticationController.session(javax.servlet.http.HttpSession)
2017-04-04 13:39:19.755  INFO 8664 --- [    Test worker] s.w.s.m.m.a.RequestMappingHandlerMapping : Mapped "{[/rest/session/is-logged-in],methods=[GET]}" onto public org.springframework.http.ResponseEntity<hello.models.LoginResponse> hello.controllers.AuthenticationController.isLoggedIn(javax.servlet.http.HttpSession)
2017-04-04 13:39:19.755  INFO 8664 --- [    Test worker] s.w.s.m.m.a.RequestMappingHandlerMapping : Mapped "{[/files/upload]}" onto public hello.models.JSONResponse hello.controllers.FileUploadController.uploadFile(org.springframework.web.multipart.MultipartFile)
2017-04-04 13:39:19.755  INFO 8664 --- [    Test worker] s.w.s.m.m.a.RequestMappingHandlerMapping : Mapped "{[/files/{filename:.+}],methods=[GET]}" onto public org.springframework.http.ResponseEntity<org.springframework.core.io.Resource> hello.controllers.FileUploadController.serveFile(java.lang.String)
2017-04-04 13:39:19.755  INFO 8664 --- [    Test worker] s.w.s.m.m.a.RequestMappingHandlerMapping : Mapped "{[/app/*]}" onto public org.springframework.web.servlet.ModelAndView hello.controllers.HomeController.index(javax.servlet.http.HttpSession,javax.servlet.http.HttpServletResponse)
2017-04-04 13:39:19.755  INFO 8664 --- [    Test worker] s.w.s.m.m.a.RequestMappingHandlerMapping : Mapped "{[/app/*/*]}" onto public org.springframework.web.servlet.ModelAndView hello.controllers.HomeController.index2(javax.servlet.http.HttpSession,javax.servlet.http.HttpServletResponse)
2017-04-04 13:39:19.755  INFO 8664 --- [    Test worker] s.w.s.m.m.a.RequestMappingHandlerMapping : Mapped "{[]}" onto public java.lang.String hello.controllers.HomeController.home()
2017-04-04 13:39:19.755  INFO 8664 --- [    Test worker] s.w.s.m.m.a.RequestMappingHandlerMapping : Mapped "{[/rest/participants/{id}],methods=[GET]}" onto public org.springframework.http.ResponseEntity<hello.models.Participant> hello.controllers.ParticipantController.getParticipant(int)
2017-04-04 13:39:19.755  INFO 8664 --- [    Test worker] s.w.s.m.m.a.RequestMappingHandlerMapping : Mapped "{[/rest/participants],methods=[GET]}" onto public java.util.ArrayList<hello.models.Participant> hello.controllers.ParticipantController.getParticipants()
2017-04-04 13:39:19.755  INFO 8664 --- [    Test worker] s.w.s.m.m.a.RequestMappingHandlerMapping : Mapped "{[/rest/participants],methods=[POST]}" onto public org.springframework.http.ResponseEntity<hello.models.Participant> hello.controllers.ParticipantController.addParticipant(hello.models.Participant)
2017-04-04 13:39:19.755  INFO 8664 --- [    Test worker] s.w.s.m.m.a.RequestMappingHandlerMapping : Mapped "{[/rest/participants/{id}],methods=[DELETE]}" onto public org.springframework.http.ResponseEntity<java.lang.Boolean> hello.controllers.ParticipantController.deleteParticipant(int) throws java.lang.Exception
2017-04-04 13:39:19.755  INFO 8664 --- [    Test worker] s.w.s.m.m.a.RequestMappingHandlerMapping : Mapped "{[/rest/participants/{id}],methods=[PUT]}" onto public org.springframework.http.ResponseEntity<hello.models.Participant> hello.controllers.ParticipantController.updateParticipant(int,hello.models.Participant) throws java.lang.Exception
2017-04-04 13:39:19.755  INFO 8664 --- [    Test worker] s.w.s.m.m.a.RequestMappingHandlerMapping : Mapped "{[/rest/questions],methods=[POST]}" onto public org.springframework.http.ResponseEntity<hello.models.Question> hello.controllers.QuestionController.addQuestion(hello.models.Question)
2017-04-04 13:39:19.755  INFO 8664 --- [    Test worker] s.w.s.m.m.a.RequestMappingHandlerMapping : Mapped "{[/rest/questions/{id}],methods=[DELETE]}" onto public org.springframework.http.ResponseEntity<java.lang.Boolean> hello.controllers.QuestionController.deleteQuestion(int)
2017-04-04 13:39:19.755  INFO 8664 --- [    Test worker] s.w.s.m.m.a.RequestMappingHandlerMapping : Mapped "{[/rest/questions],methods=[GET]}" onto public java.util.ArrayList<hello.models.Question> hello.controllers.QuestionController.getQuestions()
2017-04-04 13:39:19.755  INFO 8664 --- [    Test worker] s.w.s.m.m.a.RequestMappingHandlerMapping : Mapped "{[/rest/questions/{id}],methods=[PATCH]}" onto public org.springframework.http.ResponseEntity<hello.models.Question> hello.controllers.QuestionController.updateQuestion(int,hello.models.Question) throws java.lang.Exception
2017-04-04 13:39:19.755  INFO 8664 --- [    Test worker] s.w.s.m.m.a.RequestMappingHandlerMapping : Mapped "{[/rest/questions/{id}/],methods=[GET]}" onto public org.springframework.http.ResponseEntity<hello.models.Question> hello.controllers.QuestionController.getAQuestion(int)
2017-04-04 13:39:19.755  INFO 8664 --- [    Test worker] s.w.s.m.m.a.RequestMappingHandlerMapping : Mapped "{[/rest/targetGroups/{id}/assessment/{assessmentid}],methods=[POST]}" onto public org.springframework.http.ResponseEntity<hello.models.TargetGroup> hello.controllers.TargetGroupController.addExistingAssessmentToTargetGroup(int,int) throws java.lang.Exception
2017-04-04 13:39:19.755  INFO 8664 --- [    Test worker] s.w.s.m.m.a.RequestMappingHandlerMapping : Mapped "{[/rest/targetGroups/{id}/participants/{participantId}],methods=[POST]}" onto public org.springframework.http.ResponseEntity<hello.models.TargetGroup> hello.controllers.TargetGroupController.addExistingParticipantToTargetGroup(int,int) throws java.lang.Exception
2017-04-04 13:39:19.755  INFO 8664 --- [    Test worker] s.w.s.m.m.a.RequestMappingHandlerMapping : Mapped "{[/rest/targetGroups],methods=[POST]}" onto public org.springframework.http.ResponseEntity<hello.models.TargetGroup> hello.controllers.TargetGroupController.addTargetGroup(javax.servlet.http.HttpSession,hello.models.TargetGroup) throws java.lang.Exception
2017-04-04 13:39:19.755  INFO 8664 --- [    Test worker] s.w.s.m.m.a.RequestMappingHandlerMapping : Mapped "{[/rest/targetGroups/{id}],methods=[GET]}" onto public org.springframework.http.ResponseEntity<hello.models.TargetGroup> hello.controllers.TargetGroupController.getTargetGroup(int)
2017-04-04 13:39:19.755  INFO 8664 --- [    Test worker] s.w.s.m.m.a.RequestMappingHandlerMapping : Mapped "{[/rest/targetGroups],methods=[GET]}" onto public java.util.ArrayList<hello.models.TargetGroup> hello.controllers.TargetGroupController.getTargetGroups() throws java.lang.Exception
2017-04-04 13:39:19.755  INFO 8664 --- [    Test worker] s.w.s.m.m.a.RequestMappingHandlerMapping : Mapped "{[/rest/targetGroups/{id}/participants],methods=[GET]}" onto public java.util.ArrayList<hello.models.Participant> hello.controllers.TargetGroupController.getParticipantsInTargetGroup(int) throws java.lang.Exception
2017-04-04 13:39:19.755  INFO 8664 --- [    Test worker] s.w.s.m.m.a.RequestMappingHandlerMapping : Mapped "{[/rest/targetGroups/{id}],methods=[DELETE]}" onto public org.springframework.http.ResponseEntity<java.lang.Boolean> hello.controllers.TargetGroupController.deleteTargetGroup(int) throws java.lang.Exception
2017-04-04 13:39:19.755  INFO 8664 --- [    Test worker] s.w.s.m.m.a.RequestMappingHandlerMapping : Mapped "{[/rest/targetGroups/{id}/participants/{participantId}],methods=[PUT]}" onto public org.springframework.http.ResponseEntity<hello.models.TargetGroup> hello.controllers.TargetGroupController.removeParticipantFromTargetGroup(int,int) throws java.lang.Exception
2017-04-04 13:39:19.755  INFO 8664 --- [    Test worker] s.w.s.m.m.a.RequestMappingHandlerMapping : Mapped "{[/rest/targetGroups/{id}/participant],methods=[POST]}" onto public org.springframework.http.ResponseEntity<hello.models.TargetGroup> hello.controllers.TargetGroupController.addNewParticipantsToTargetGroup(int,hello.models.Participant) throws java.lang.Exception
2017-04-04 13:39:19.755  INFO 8664 --- [    Test worker] s.w.s.m.m.a.RequestMappingHandlerMapping : Mapped "{[/rest/targetGroups/{id}/participants],methods=[POST]}" onto public org.springframework.http.ResponseEntity<hello.models.TargetGroup> hello.controllers.TargetGroupController.addNewParticipantsToTargetGroup(int,java.util.List<hello.models.Participant>) throws java.lang.Exception
2017-04-04 13:39:19.755  INFO 8664 --- [    Test worker] s.w.s.m.m.a.RequestMappingHandlerMapping : Mapped "{[/rest/targetGroups/{id}],methods=[PUT]}" onto public org.springframework.http.ResponseEntity<hello.models.TargetGroup> hello.controllers.TargetGroupController.updateTargetGroup(int,hello.models.TargetGroup) throws java.lang.Exception
2017-04-04 13:39:19.755  INFO 8664 --- [    Test worker] s.w.s.m.m.a.RequestMappingHandlerMapping : Mapped "{[/rest/targetGroups/{id}/assessment],methods=[POST]}" onto public org.springframework.http.ResponseEntity<hello.models.TargetGroup> hello.controllers.TargetGroupController.addNewAssessmentToTargetGroup(int,hello.models.Assessment) throws java.lang.Exception
2017-04-04 13:39:19.755  INFO 8664 --- [    Test worker] s.w.s.m.m.a.RequestMappingHandlerMapping : Mapped "{[/error]}" onto public org.springframework.http.ResponseEntity<java.util.Map<java.lang.String, java.lang.Object>> org.springframework.boot.autoconfigure.web.BasicErrorController.error(javax.servlet.http.HttpServletRequest)
2017-04-04 13:39:19.755  INFO 8664 --- [    Test worker] s.w.s.m.m.a.RequestMappingHandlerMapping : Mapped "{[/error],produces=[text/html]}" onto public org.springframework.web.servlet.ModelAndView org.springframework.boot.autoconfigure.web.BasicErrorController.errorHtml(javax.servlet.http.HttpServletRequest,javax.servlet.http.HttpServletResponse)
2017-04-04 13:39:19.771  INFO 8664 --- [    Test worker] o.s.w.s.handler.SimpleUrlHandlerMapping  : Mapped URL path [/webjars/**] onto handler of type [class org.springframework.web.servlet.resource.ResourceHttpRequestHandler]
2017-04-04 13:39:19.771  INFO 8664 --- [    Test worker] o.s.w.s.handler.SimpleUrlHandlerMapping  : Mapped URL path [/resources/**] onto handler of type [class org.springframework.web.servlet.resource.ResourceHttpRequestHandler]
2017-04-04 13:39:19.786  INFO 8664 --- [    Test worker] .m.m.a.ExceptionHandlerExceptionResolver : Detected @ExceptionHandler methods in repositoryRestExceptionHandler
2017-04-04 13:39:19.786  INFO 8664 --- [    Test worker] .m.m.a.ExceptionHandlerExceptionResolver : Detected ResponseBodyAdvice implementation in org.springframework.boot.actuate.autoconfigure.EndpointWebMvcHypermediaManagementContextConfiguration$ActuatorEndpointLinksAdvice
2017-04-04 13:39:19.786  INFO 8664 --- [    Test worker] o.s.w.s.handler.SimpleUrlHandlerMapping  : Mapped URL path [/**/favicon.ico] onto handler of type [class org.springframework.web.servlet.resource.ResourceHttpRequestHandler]
2017-04-04 13:39:19.833  INFO 8664 --- [    Test worker] oConfiguration$WelcomePageHandlerMapping : Adding welcome page: ServletContext resource [/index.html]
2017-04-04 13:39:20.005  INFO 8664 --- [    Test worker] o.s.d.r.w.RepositoryRestHandlerAdapter   : Looking for @ControllerAdvice: org.springframework.web.context.support.GenericWebApplicationContext@39d37d5e: startup date [Tue Apr 04 13:39:16 CDT 2017]; root of context hierarchy
2017-04-04 13:39:20.005  INFO 8664 --- [    Test worker] o.s.d.r.w.RepositoryRestHandlerAdapter   : Detected ResponseBodyAdvice bean in org.springframework.boot.actuate.autoconfigure.EndpointWebMvcHypermediaManagementContextConfiguration$ActuatorEndpointLinksAdvice
2017-04-04 13:39:20.005  INFO 8664 --- [    Test worker] o.s.d.r.w.RepositoryRestHandlerMapping   : Mapped "{[/api/ || /api],methods=[HEAD],produces=[application/hal+json || application/json || application/*+json;charset=UTF-8]}" onto public org.springframework.http.ResponseEntity<?> org.springframework.data.rest.webmvc.RepositoryController.headForRepositories()
2017-04-04 13:39:20.005  INFO 8664 --- [    Test worker] o.s.d.r.w.RepositoryRestHandlerMapping   : Mapped "{[/api/ || /api],methods=[OPTIONS],produces=[application/hal+json || application/json || application/*+json;charset=UTF-8]}" onto public org.springframework.http.HttpEntity<?> org.springframework.data.rest.webmvc.RepositoryController.optionsForRepositories()
2017-04-04 13:39:20.005  INFO 8664 --- [    Test worker] o.s.d.r.w.RepositoryRestHandlerMapping   : Mapped "{[/api/ || /api],methods=[GET],produces=[application/hal+json || application/json || application/*+json;charset=UTF-8]}" onto public org.springframework.http.HttpEntity<org.springframework.data.rest.webmvc.RepositoryLinksResource> org.springframework.data.rest.webmvc.RepositoryController.listRepositories()
2017-04-04 13:39:20.005  INFO 8664 --- [    Test worker] o.s.d.r.w.RepositoryRestHandlerMapping   : Mapped "{[/api/{repository}],methods=[POST],produces=[application/hal+json || application/json || application/*+json;charset=UTF-8]}" onto public org.springframework.http.ResponseEntity<org.springframework.hateoas.ResourceSupport> org.springframework.data.rest.webmvc.RepositoryEntityController.postCollectionResource(org.springframework.data.rest.webmvc.RootResourceInformation,org.springframework.data.rest.webmvc.PersistentEntityResource,org.springframework.data.rest.webmvc.PersistentEntityResourceAssembler,java.lang.String) throws org.springframework.web.HttpRequestMethodNotSupportedException
2017-04-04 13:39:20.005  INFO 8664 --- [    Test worker] o.s.d.r.w.RepositoryRestHandlerMapping   : Mapped "{[/api/{repository}/{id}],methods=[OPTIONS],produces=[application/hal+json || application/json || application/*+json;charset=UTF-8]}" onto public org.springframework.http.ResponseEntity<?> org.springframework.data.rest.webmvc.RepositoryEntityController.optionsForItemResource(org.springframework.data.rest.webmvc.RootResourceInformation)
2017-04-04 13:39:20.005  INFO 8664 --- [    Test worker] o.s.d.r.w.RepositoryRestHandlerMapping   : Mapped "{[/api/{repository}],methods=[HEAD],produces=[application/hal+json || application/json || application/*+json;charset=UTF-8]}" onto public org.springframework.http.ResponseEntity<?> org.springframework.data.rest.webmvc.RepositoryEntityController.headCollectionResource(org.springframework.data.rest.webmvc.RootResourceInformation,org.springframework.data.rest.webmvc.support.DefaultedPageable) throws org.springframework.web.HttpRequestMethodNotSupportedException
2017-04-04 13:39:20.005  INFO 8664 --- [    Test worker] o.s.d.r.w.RepositoryRestHandlerMapping   : Mapped "{[/api/{repository}/{id}],methods=[HEAD],produces=[application/hal+json || application/json || application/*+json;charset=UTF-8]}" onto public org.springframework.http.ResponseEntity<?> org.springframework.data.rest.webmvc.RepositoryEntityController.headForItemResource(org.springframework.data.rest.webmvc.RootResourceInformation,java.io.Serializable,org.springframework.data.rest.webmvc.PersistentEntityResourceAssembler) throws org.springframework.web.HttpRequestMethodNotSupportedException
2017-04-04 13:39:20.005  INFO 8664 --- [    Test worker] o.s.d.r.w.RepositoryRestHandlerMapping   : Mapped "{[/api/{repository}/{id}],methods=[PATCH],produces=[application/hal+json || application/json || application/*+json;charset=UTF-8]}" onto public org.springframework.http.ResponseEntity<org.springframework.hateoas.ResourceSupport> org.springframework.data.rest.webmvc.RepositoryEntityController.patchItemResource(org.springframework.data.rest.webmvc.RootResourceInformation,org.springframework.data.rest.webmvc.PersistentEntityResource,java.io.Serializable,org.springframework.data.rest.webmvc.PersistentEntityResourceAssembler,org.springframework.data.rest.webmvc.support.ETag,java.lang.String) throws org.springframework.web.HttpRequestMethodNotSupportedException,org.springframework.data.rest.webmvc.ResourceNotFoundException
2017-04-04 13:39:20.005  INFO 8664 --- [    Test worker] o.s.d.r.w.RepositoryRestHandlerMapping   : Mapped "{[/api/{repository}],methods=[OPTIONS],produces=[application/hal+json || application/json || application/*+json;charset=UTF-8]}" onto public org.springframework.http.ResponseEntity<?> org.springframework.data.rest.webmvc.RepositoryEntityController.optionsForCollectionResource(org.springframework.data.rest.webmvc.RootResourceInformation)
2017-04-04 13:39:20.005  INFO 8664 --- [    Test worker] o.s.d.r.w.RepositoryRestHandlerMapping   : Mapped "{[/api/{repository}],methods=[GET],produces=[application/hal+json || application/json || application/*+json;charset=UTF-8]}" onto public org.springframework.hateoas.Resources<?> org.springframework.data.rest.webmvc.RepositoryEntityController.getCollectionResource(org.springframework.data.rest.webmvc.RootResourceInformation,org.springframework.data.rest.webmvc.support.DefaultedPageable,org.springframework.data.domain.Sort,org.springframework.data.rest.webmvc.PersistentEntityResourceAssembler) throws org.springframework.data.rest.webmvc.ResourceNotFoundException,org.springframework.web.HttpRequestMethodNotSupportedException
2017-04-04 13:39:20.005  INFO 8664 --- [    Test worker] o.s.d.r.w.RepositoryRestHandlerMapping   : Mapped "{[/api/{repository}],methods=[GET],produces=[application/x-spring-data-compact+json || text/uri-list]}" onto public org.springframework.hateoas.Resources<?> org.springframework.data.rest.webmvc.RepositoryEntityController.getCollectionResourceCompact(org.springframework.data.rest.webmvc.RootResourceInformation,org.springframework.data.rest.webmvc.support.DefaultedPageable,org.springframework.data.domain.Sort,org.springframework.data.rest.webmvc.PersistentEntityResourceAssembler) throws org.springframework.data.rest.webmvc.ResourceNotFoundException,org.springframework.web.HttpRequestMethodNotSupportedException
2017-04-04 13:39:20.005  INFO 8664 --- [    Test worker] o.s.d.r.w.RepositoryRestHandlerMapping   : Mapped "{[/api/{repository}/{id}],methods=[DELETE],produces=[application/hal+json || application/json || application/*+json;charset=UTF-8]}" onto public org.springframework.http.ResponseEntity<?> org.springframework.data.rest.webmvc.RepositoryEntityController.deleteItemResource(org.springframework.data.rest.webmvc.RootResourceInformation,java.io.Serializable,org.springframework.data.rest.webmvc.support.ETag) throws org.springframework.data.rest.webmvc.ResourceNotFoundException,org.springframework.web.HttpRequestMethodNotSupportedException
2017-04-04 13:39:20.005  INFO 8664 --- [    Test worker] o.s.d.r.w.RepositoryRestHandlerMapping   : Mapped "{[/api/{repository}/{id}],methods=[GET],produces=[application/hal+json || application/json || application/*+json;charset=UTF-8]}" onto public org.springframework.http.ResponseEntity<org.springframework.hateoas.Resource<?>> org.springframework.data.rest.webmvc.RepositoryEntityController.getItemResource(org.springframework.data.rest.webmvc.RootResourceInformation,java.io.Serializable,org.springframework.data.rest.webmvc.PersistentEntityResourceAssembler,org.springframework.util.MultiValueMap<java.lang.String, java.lang.String>) throws org.springframework.web.HttpRequestMethodNotSupportedException
2017-04-04 13:39:20.005  INFO 8664 --- [    Test worker] o.s.d.r.w.RepositoryRestHandlerMapping   : Mapped "{[/api/{repository}/{id}],methods=[PUT],produces=[application/hal+json || application/json || application/*+json;charset=UTF-8]}" onto public org.springframework.http.ResponseEntity<? extends org.springframework.hateoas.ResourceSupport> org.springframework.data.rest.webmvc.RepositoryEntityController.putItemResource(org.springframework.data.rest.webmvc.RootResourceInformation,org.springframework.data.rest.webmvc.PersistentEntityResource,java.io.Serializable,org.springframework.data.rest.webmvc.PersistentEntityResourceAssembler,org.springframework.data.rest.webmvc.support.ETag,java.lang.String) throws org.springframework.web.HttpRequestMethodNotSupportedException
2017-04-04 13:39:20.005  INFO 8664 --- [    Test worker] o.s.d.r.w.RepositoryRestHandlerMapping   : Mapped "{[/api/{repository}/{id}/{property}],methods=[GET],produces=[application/x-spring-data-compact+json || text/uri-list]}" onto public org.springframework.http.ResponseEntity<org.springframework.hateoas.ResourceSupport> org.springframework.data.rest.webmvc.RepositoryPropertyReferenceController.followPropertyReferenceCompact(org.springframework.data.rest.webmvc.RootResourceInformation,java.io.Serializable,java.lang.String,org.springframework.data.rest.webmvc.PersistentEntityResourceAssembler) throws java.lang.Exception
2017-04-04 13:39:20.005  INFO 8664 --- [    Test worker] o.s.d.r.w.RepositoryRestHandlerMapping   : Mapped "{[/api/{repository}/{id}/{property}],methods=[DELETE],produces=[application/hal+json || application/json || application/*+json;charset=UTF-8]}" onto public org.springframework.http.ResponseEntity<? extends org.springframework.hateoas.ResourceSupport> org.springframework.data.rest.webmvc.RepositoryPropertyReferenceController.deletePropertyReference(org.springframework.data.rest.webmvc.RootResourceInformation,java.io.Serializable,java.lang.String) throws java.lang.Exception
2017-04-04 13:39:20.005  INFO 8664 --- [    Test worker] o.s.d.r.w.RepositoryRestHandlerMapping   : Mapped "{[/api/{repository}/{id}/{property}/{propertyId}],methods=[DELETE],produces=[application/hal+json || application/json || application/*+json;charset=UTF-8]}" onto public org.springframework.http.ResponseEntity<org.springframework.hateoas.ResourceSupport> org.springframework.data.rest.webmvc.RepositoryPropertyReferenceController.deletePropertyReferenceId(org.springframework.data.rest.webmvc.RootResourceInformation,java.io.Serializable,java.lang.String,java.lang.String) throws java.lang.Exception
2017-04-04 13:39:20.005  INFO 8664 --- [    Test worker] o.s.d.r.w.RepositoryRestHandlerMapping   : Mapped "{[/api/{repository}/{id}/{property}],methods=[GET],produces=[application/hal+json || application/json || application/*+json;charset=UTF-8]}" onto public org.springframework.http.ResponseEntity<org.springframework.hateoas.ResourceSupport> org.springframework.data.rest.webmvc.RepositoryPropertyReferenceController.followPropertyReference(org.springframework.data.rest.webmvc.RootResourceInformation,java.io.Serializable,java.lang.String,org.springframework.data.rest.webmvc.PersistentEntityResourceAssembler) throws java.lang.Exception
2017-04-04 13:39:20.005  INFO 8664 --- [    Test worker] o.s.d.r.w.RepositoryRestHandlerMapping   : Mapped "{[/api/{repository}/{id}/{property}/{propertyId}],methods=[GET],produces=[application/hal+json || application/json || application/*+json;charset=UTF-8]}" onto public org.springframework.http.ResponseEntity<org.springframework.hateoas.ResourceSupport> org.springframework.data.rest.webmvc.RepositoryPropertyReferenceController.followPropertyReference(org.springframework.data.rest.webmvc.RootResourceInformation,java.io.Serializable,java.lang.String,java.lang.String,org.springframework.data.rest.webmvc.PersistentEntityResourceAssembler) throws java.lang.Exception
2017-04-04 13:39:20.005  INFO 8664 --- [    Test worker] o.s.d.r.w.RepositoryRestHandlerMapping   : Mapped "{[/api/{repository}/{id}/{property}],methods=[PATCH || PUT || POST],consumes=[application/json || application/x-spring-data-compact+json || text/uri-list],produces=[application/hal+json || application/json || application/*+json;charset=UTF-8]}" onto public org.springframework.http.ResponseEntity<? extends org.springframework.hateoas.ResourceSupport> org.springframework.data.rest.webmvc.RepositoryPropertyReferenceController.createPropertyReference(org.springframework.data.rest.webmvc.RootResourceInformation,org.springframework.http.HttpMethod,org.springframework.hateoas.Resources<java.lang.Object>,java.io.Serializable,java.lang.String) throws java.lang.Exception
2017-04-04 13:39:20.005  INFO 8664 --- [    Test worker] o.s.d.r.w.RepositoryRestHandlerMapping   : Mapped "{[/api/{repository}/search],methods=[OPTIONS],produces=[application/hal+json || application/json || application/*+json;charset=UTF-8]}" onto public org.springframework.http.HttpEntity<?> org.springframework.data.rest.webmvc.RepositorySearchController.optionsForSearches(org.springframework.data.rest.webmvc.RootResourceInformation)
2017-04-04 13:39:20.005  INFO 8664 --- [    Test worker] o.s.d.r.w.RepositoryRestHandlerMapping   : Mapped "{[/api/{repository}/search/{search}],methods=[GET],produces=[application/x-spring-data-compact+json]}" onto public org.springframework.hateoas.ResourceSupport org.springframework.data.rest.webmvc.RepositorySearchController.executeSearchCompact(org.springframework.data.rest.webmvc.RootResourceInformation,org.springframework.util.MultiValueMap<java.lang.String, java.lang.Object>,java.lang.String,java.lang.String,org.springframework.data.rest.webmvc.support.DefaultedPageable,org.springframework.data.domain.Sort,org.springframework.data.rest.webmvc.PersistentEntityResourceAssembler)
2017-04-04 13:39:20.005  INFO 8664 --- [    Test worker] o.s.d.r.w.RepositoryRestHandlerMapping   : Mapped "{[/api/{repository}/search/{search}],methods=[OPTIONS],produces=[application/hal+json || application/json || application/*+json;charset=UTF-8]}" onto public org.springframework.http.ResponseEntity<java.lang.Object> org.springframework.data.rest.webmvc.RepositorySearchController.optionsForSearch(org.springframework.data.rest.webmvc.RootResourceInformation,java.lang.String)
2017-04-04 13:39:20.005  INFO 8664 --- [    Test worker] o.s.d.r.w.RepositoryRestHandlerMapping   : Mapped "{[/api/{repository}/search/{search}],methods=[HEAD],produces=[application/hal+json || application/json || application/*+json;charset=UTF-8]}" onto public org.springframework.http.ResponseEntity<java.lang.Object> org.springframework.data.rest.webmvc.RepositorySearchController.headForSearch(org.springframework.data.rest.webmvc.RootResourceInformation,java.lang.String)
2017-04-04 13:39:20.005  INFO 8664 --- [    Test worker] o.s.d.r.w.RepositoryRestHandlerMapping   : Mapped "{[/api/{repository}/search],methods=[HEAD],produces=[application/hal+json || application/json || application/*+json;charset=UTF-8]}" onto public org.springframework.http.HttpEntity<?> org.springframework.data.rest.webmvc.RepositorySearchController.headForSearches(org.springframework.data.rest.webmvc.RootResourceInformation)
2017-04-04 13:39:20.005  INFO 8664 --- [    Test worker] o.s.d.r.w.RepositoryRestHandlerMapping   : Mapped "{[/api/{repository}/search],methods=[GET],produces=[application/hal+json || application/json || application/*+json;charset=UTF-8]}" onto public org.springframework.data.rest.webmvc.RepositorySearchesResource org.springframework.data.rest.webmvc.RepositorySearchController.listSearches(org.springframework.data.rest.webmvc.RootResourceInformation)
2017-04-04 13:39:20.005  INFO 8664 --- [    Test worker] o.s.d.r.w.RepositoryRestHandlerMapping   : Mapped "{[/api/{repository}/search/{search}],methods=[GET],produces=[application/hal+json || application/json || application/*+json;charset=UTF-8]}" onto public org.springframework.http.ResponseEntity<java.lang.Object> org.springframework.data.rest.webmvc.RepositorySearchController.executeSearch(org.springframework.data.rest.webmvc.RootResourceInformation,org.springframework.util.MultiValueMap<java.lang.String, java.lang.Object>,java.lang.String,org.springframework.data.rest.webmvc.support.DefaultedPageable,org.springframework.data.domain.Sort,org.springframework.data.rest.webmvc.PersistentEntityResourceAssembler)
2017-04-04 13:39:20.005  INFO 8664 --- [    Test worker] o.s.d.r.w.BasePathAwareHandlerMapping    : Mapped "{[/api/profile/{repository}],methods=[GET],produces=[application/alps+json || */*]}" onto org.springframework.http.HttpEntity<org.springframework.data.rest.webmvc.RootResourceInformation> org.springframework.data.rest.webmvc.alps.AlpsController.descriptor(org.springframework.data.rest.webmvc.RootResourceInformation)
2017-04-04 13:39:20.005  INFO 8664 --- [    Test worker] o.s.d.r.w.BasePathAwareHandlerMapping    : Mapped "{[/api/profile/{repository}],methods=[OPTIONS],produces=[application/alps+json]}" onto org.springframework.http.HttpEntity<?> org.springframework.data.rest.webmvc.alps.AlpsController.alpsOptions()
2017-04-04 13:39:20.005  INFO 8664 --- [    Test worker] o.s.d.r.w.BasePathAwareHandlerMapping    : Mapped "{[/api/profile],methods=[GET]}" onto org.springframework.http.HttpEntity<org.springframework.hateoas.ResourceSupport> org.springframework.data.rest.webmvc.ProfileController.listAllFormsOfMetadata()
2017-04-04 13:39:20.005  INFO 8664 --- [    Test worker] o.s.d.r.w.BasePathAwareHandlerMapping    : Mapped "{[/api/profile],methods=[OPTIONS]}" onto public org.springframework.http.HttpEntity<?> org.springframework.data.rest.webmvc.ProfileController.profileOptions()
2017-04-04 13:39:20.005  INFO 8664 --- [    Test worker] o.s.d.r.w.BasePathAwareHandlerMapping    : Mapped "{[/api/profile/{repository}],methods=[GET],produces=[application/schema+json]}" onto public org.springframework.http.HttpEntity<org.springframework.data.rest.webmvc.json.JsonSchema> org.springframework.data.rest.webmvc.RepositorySchemaController.schema(org.springframework.data.rest.webmvc.RootResourceInformation)
2017-04-04 13:39:20.021  INFO 8664 --- [    Test worker] .m.m.a.ExceptionHandlerExceptionResolver : Detected @ExceptionHandler methods in repositoryRestExceptionHandler
2017-04-04 13:39:20.021  INFO 8664 --- [    Test worker] .m.m.a.ExceptionHandlerExceptionResolver : Detected ResponseBodyAdvice implementation in org.springframework.boot.actuate.autoconfigure.EndpointWebMvcHypermediaManagementContextConfiguration$ActuatorEndpointLinksAdvice
2017-04-04 13:39:20.052  INFO 8664 --- [    Test worker] o.s.b.a.e.mvc.EndpointHandlerMapping     : Mapped "{[/mappings || /mappings.json],methods=[GET],produces=[application/json]}" onto public java.lang.Object org.springframework.boot.actuate.endpoint.mvc.EndpointMvcAdapter.invoke()
2017-04-04 13:39:20.052  INFO 8664 --- [    Test worker] o.s.b.a.e.mvc.EndpointHandlerMapping     : Mapped "{[/trace || /trace.json],methods=[GET],produces=[application/json]}" onto public java.lang.Object org.springframework.boot.actuate.endpoint.mvc.EndpointMvcAdapter.invoke()
2017-04-04 13:39:20.052  INFO 8664 --- [    Test worker] o.s.b.a.e.mvc.EndpointHandlerMapping     : Mapped "{[/env/{name:.*}],methods=[GET],produces=[application/json]}" onto public java.lang.Object org.springframework.boot.actuate.endpoint.mvc.EnvironmentMvcEndpoint.value(java.lang.String)
2017-04-04 13:39:20.052  INFO 8664 --- [    Test worker] o.s.b.a.e.mvc.EndpointHandlerMapping     : Mapped "{[/env || /env.json],methods=[GET],produces=[application/json]}" onto public java.lang.Object org.springframework.boot.actuate.endpoint.mvc.EndpointMvcAdapter.invoke()
2017-04-04 13:39:20.052  INFO 8664 --- [    Test worker] o.s.b.a.e.mvc.EndpointHandlerMapping     : Mapped "{[/actuator || /actuator.json],produces=[application/json]}" onto public org.springframework.hateoas.ResourceSupport org.springframework.boot.actuate.endpoint.mvc.HalJsonMvcEndpoint.links()
2017-04-04 13:39:20.052  INFO 8664 --- [    Test worker] o.s.b.a.e.mvc.EndpointHandlerMapping     : Mapped "{[/metrics/{name:.*}],methods=[GET],produces=[application/json]}" onto public java.lang.Object org.springframework.boot.actuate.endpoint.mvc.MetricsMvcEndpoint.value(java.lang.String)
2017-04-04 13:39:20.052  INFO 8664 --- [    Test worker] o.s.b.a.e.mvc.EndpointHandlerMapping     : Mapped "{[/metrics || /metrics.json],methods=[GET],produces=[application/json]}" onto public java.lang.Object org.springframework.boot.actuate.endpoint.mvc.EndpointMvcAdapter.invoke()
2017-04-04 13:39:20.052  INFO 8664 --- [    Test worker] o.s.b.a.e.mvc.EndpointHandlerMapping     : Mapped "{[/autoconfig || /autoconfig.json],methods=[GET],produces=[application/json]}" onto public java.lang.Object org.springframework.boot.actuate.endpoint.mvc.EndpointMvcAdapter.invoke()
2017-04-04 13:39:20.052  INFO 8664 --- [    Test worker] o.s.b.a.e.mvc.EndpointHandlerMapping     : Mapped "{[/health || /health.json],produces=[application/json]}" onto public java.lang.Object org.springframework.boot.actuate.endpoint.mvc.HealthMvcEndpoint.invoke(java.security.Principal)
2017-04-04 13:39:20.052  INFO 8664 --- [    Test worker] o.s.b.a.e.mvc.EndpointHandlerMapping     : Mapped "{[/beans || /beans.json],methods=[GET],produces=[application/json]}" onto public java.lang.Object org.springframework.boot.actuate.endpoint.mvc.EndpointMvcAdapter.invoke()
2017-04-04 13:39:20.052  INFO 8664 --- [    Test worker] o.s.b.a.e.mvc.EndpointHandlerMapping     : Mapped "{[/dump || /dump.json],methods=[GET],produces=[application/json]}" onto public java.lang.Object org.springframework.boot.actuate.endpoint.mvc.EndpointMvcAdapter.invoke()
2017-04-04 13:39:20.052  INFO 8664 --- [    Test worker] o.s.b.a.e.mvc.EndpointHandlerMapping     : Mapped "{[/configprops || /configprops.json],methods=[GET],produces=[application/json]}" onto public java.lang.Object org.springframework.boot.actuate.endpoint.mvc.EndpointMvcAdapter.invoke()
2017-04-04 13:39:20.052  INFO 8664 --- [    Test worker] o.s.b.a.e.mvc.EndpointHandlerMapping     : Mapped "{[/heapdump || /heapdump.json],methods=[GET],produces=[application/octet-stream]}" onto public void org.springframework.boot.actuate.endpoint.mvc.HeapdumpMvcEndpoint.invoke(boolean,javax.servlet.http.HttpServletRequest,javax.servlet.http.HttpServletResponse) throws java.io.IOException,javax.servlet.ServletException
2017-04-04 13:39:20.052  INFO 8664 --- [    Test worker] o.s.b.a.e.mvc.EndpointHandlerMapping     : Mapped "{[/info || /info.json],methods=[GET],produces=[application/json]}" onto public java.lang.Object org.springframework.boot.actuate.endpoint.mvc.EndpointMvcAdapter.invoke()
2017-04-04 13:39:20.208  INFO 8664 --- [    Test worker] h.storage.FileSystemStorageServiceTest   : Started FileSystemStorageServiceTest in 3.248 seconds (JVM running for 64.553)
2017-04-04 13:39:20.224  INFO 8664 --- [    Test worker] o.s.w.c.s.GenericWebApplicationContext   : Closing org.springframework.web.context.support.GenericWebApplicationContext@39d37d5e: startup date [Tue Apr 04 13:39:16 CDT 2017]; root of context hierarchy
2017-04-04 13:39:20.224  INFO 8664 --- [    Test worker] j.LocalContainerEntityManagerFactoryBean : Closing JPA EntityManagerFactory for persistence unit 'default'

  .   ____          _            __ _ _
 /\\ / ___'_ __ _ _(_)_ __  __ _ \ \ \ \
( ( )\___ | '_ | '_| | '_ \/ _` | \ \ \ \
 \\/  ___)| |_)| | | | | || (_| |  ) ) ) )
  '  |____| .__|_| |_|_| |_\__, | / / / /
 =========|_|==============|___/=/_/_/_/
 :: Spring Boot ::        (v1.4.4.RELEASE)

2017-04-04 13:39:20.254  INFO 8664 --- [    Test worker] h.storage.FileSystemStorageServiceTest   : Starting FileSystemStorageServiceTest on Puget-99033 with PID 8664 (started by Hector in D:\SHRPAS_Project)
2017-04-04 13:39:20.254  INFO 8664 --- [    Test worker] h.storage.FileSystemStorageServiceTest   : The following profiles are active: developer
2017-04-04 13:39:20.254  INFO 8664 --- [    Test worker] o.s.w.c.s.GenericWebApplicationContext   : Refreshing org.springframework.web.context.support.GenericWebApplicationContext@9df5392: startup date [Tue Apr 04 13:39:20 CDT 2017]; root of context hierarchy
2017-04-04 13:39:20.786  INFO 8664 --- [    Test worker] o.s.b.f.s.DefaultListableBeanFactory     : Overriding bean definition for bean 'managementServletContext' with a different definition: replacing [Root bean: class [null]; scope=; abstract=false; lazyInit=false; autowireMode=3; dependencyCheck=0; autowireCandidate=true; primary=false; factoryBeanName=org.springframework.boot.actuate.autoconfigure.EndpointWebMvcHypermediaManagementContextConfiguration; factoryMethodName=managementServletContext; initMethodName=null; destroyMethodName=(inferred); defined in class path resource [org/springframework/boot/actuate/autoconfigure/EndpointWebMvcHypermediaManagementContextConfiguration.class]] with [Root bean: class [null]; scope=; abstract=false; lazyInit=false; autowireMode=3; dependencyCheck=0; autowireCandidate=true; primary=false; factoryBeanName=org.springframework.boot.actuate.autoconfigure.EndpointWebMvcAutoConfiguration; factoryMethodName=managementServletContext; initMethodName=null; destroyMethodName=(inferred); defined in class path resource [org/springframework/boot/actuate/autoconfigure/EndpointWebMvcAutoConfiguration.class]]
2017-04-04 13:39:20.927  INFO 8664 --- [    Test worker] trationDelegate$BeanPostProcessorChecker : Bean 'org.springframework.transaction.annotation.ProxyTransactionManagementConfiguration' of type [class org.springframework.transaction.annotation.ProxyTransactionManagementConfiguration$$EnhancerBySpringCGLIB$$a51e0bb4] is not eligible for getting processed by all BeanPostProcessors (for example: not eligible for auto-proxying)
2017-04-04 13:39:21.020  INFO 8664 --- [    Test worker] j.LocalContainerEntityManagerFactoryBean : Building JPA container EntityManagerFactory for persistence unit 'default'
2017-04-04 13:39:21.020  INFO 8664 --- [    Test worker] org.hibernate.ejb.Ejb3Configuration      : HHH000204: Processing PersistenceUnitInfo [
	name: default
	...]
2017-04-04 13:39:21.036  INFO 8664 --- [    Test worker] o.h.s.j.c.i.ConnectionProviderInitiator  : HHH000130: Instantiating explicit connection provider: org.hibernate.ejb.connection.InjectedDataSourceConnectionProvider
2017-04-04 13:39:21.052  INFO 8664 --- [    Test worker] org.hibernate.dialect.Dialect            : HHH000400: Using dialect: org.hibernate.dialect.MySQLDialect
2017-04-04 13:39:21.052  INFO 8664 --- [    Test worker] o.h.e.t.i.TransactionFactoryInitiator    : HHH000268: Transaction strategy: org.hibernate.engine.transaction.internal.jdbc.JdbcTransactionFactory
2017-04-04 13:39:21.052  INFO 8664 --- [    Test worker] o.h.h.i.ast.ASTQueryTranslatorFactory    : HHH000397: Using ASTQueryTranslatorFactory
2017-04-04 13:39:21.067  INFO 8664 --- [    Test worker] org.hibernate.tool.hbm2ddl.SchemaExport  : HHH000227: Running hbm2ddl schema export
2017-04-04 13:39:22.677  INFO 8664 --- [    Test worker] org.hibernate.tool.hbm2ddl.SchemaExport  : HHH000230: Schema export complete
2017-04-04 13:39:22.677  WARN 8664 --- [    Test worker] o.h.e.i.EntityManagerFactoryRegistry     : HHH000436: Entity manager factory name (default) is already registered.  If entity manager will be clustered or passivated, specify a unique value for property 'hibernate.ejb.entitymanager_factory_name'
2017-04-04 13:39:22.677  INFO 8664 --- [    Test worker] j.LocalContainerEntityManagerFactoryBean : Initialized JPA EntityManagerFactory for persistence unit 'default'
2017-04-04 13:39:22.786  INFO 8664 --- [    Test worker] o.s.b.f.config.PropertiesFactoryBean     : Loading properties file from class path resource [rest-default-messages.properties]
2017-04-04 13:39:23.052  INFO 8664 --- [    Test worker] s.w.s.m.m.a.RequestMappingHandlerAdapter : Looking for @ControllerAdvice: org.springframework.web.context.support.GenericWebApplicationContext@9df5392: startup date [Tue Apr 04 13:39:20 CDT 2017]; root of context hierarchy
2017-04-04 13:39:23.052  INFO 8664 --- [    Test worker] s.w.s.m.m.a.RequestMappingHandlerAdapter : Detected ResponseBodyAdvice bean in org.springframework.boot.actuate.autoconfigure.EndpointWebMvcHypermediaManagementContextConfiguration$ActuatorEndpointLinksAdvice
2017-04-04 13:39:23.052  INFO 8664 --- [    Test worker] s.w.s.m.m.a.RequestMappingHandlerMapping : Mapped "{[/api/login],methods=[POST],consumes=[application/json]}" onto public hello.models.LoginResults hello.controllers.AdministratorController.login(java.lang.String,hello.models.LoginRequest,org.springframework.validation.BindingResult,javax.servlet.http.HttpServletResponse)
2017-04-04 13:39:23.052  INFO 8664 --- [    Test worker] s.w.s.m.m.a.RequestMappingHandlerMapping : Mapped "{[/rest/assessments/{id}/users],methods=[POST]}" onto public org.springframework.http.ResponseEntity<hello.models.Assessment> hello.controllers.AssessmentController.addUser(int,hello.models.User) throws java.lang.Exception
2017-04-04 13:39:23.052  INFO 8664 --- [    Test worker] s.w.s.m.m.a.RequestMappingHandlerMapping : Mapped "{[/rest/assessments/{id}],methods=[PATCH]}" onto public org.springframework.http.ResponseEntity<hello.models.Assessment> hello.controllers.AssessmentController.updateAssessment(int,hello.models.Assessment) throws java.lang.Exception
2017-04-04 13:39:23.052  INFO 8664 --- [    Test worker] s.w.s.m.m.a.RequestMappingHandlerMapping : Mapped "{[/rest/assessments/{id}/],methods=[GET]}" onto public org.springframework.http.ResponseEntity<hello.models.Assessment> hello.controllers.AssessmentController.getAssessment(int)
2017-04-04 13:39:23.052  INFO 8664 --- [    Test worker] s.w.s.m.m.a.RequestMappingHandlerMapping : Mapped "{[/rest/assessments/{id}/delete],methods=[DELETE]}" onto public org.springframework.http.ResponseEntity<java.lang.Boolean> hello.controllers.AssessmentController.deleteAssessment(int)
2017-04-04 13:39:23.052  INFO 8664 --- [    Test worker] s.w.s.m.m.a.RequestMappingHandlerMapping : Mapped "{[/rest/assessments/{id}/question],methods=[POST]}" onto public org.springframework.http.ResponseEntity<hello.models.Assessment> hello.controllers.AssessmentController.addQuestion(int,hello.models.Question) throws java.lang.Exception
2017-04-04 13:39:23.052  INFO 8664 --- [    Test worker] s.w.s.m.m.a.RequestMappingHandlerMapping : Mapped "{[/rest/assessments],methods=[POST]}" onto public org.springframework.http.ResponseEntity<hello.models.Assessment> hello.controllers.AssessmentController.addAssessment(javax.servlet.http.HttpSession,hello.models.Assessment) throws java.lang.Exception
2017-04-04 13:39:23.052  INFO 8664 --- [    Test worker] s.w.s.m.m.a.RequestMappingHandlerMapping : Mapped "{[/rest/assessments],methods=[GET]}" onto public java.util.ArrayList<hello.models.Assessment> hello.controllers.AssessmentController.getAllAssessments(javax.servlet.http.HttpSession) throws java.lang.Exception
2017-04-04 13:39:23.052  INFO 8664 --- [    Test worker] s.w.s.m.m.a.RequestMappingHandlerMapping : Mapped "{[/rest/assessments/{id}/question/{questionId}],methods=[POST]}" onto public org.springframework.http.ResponseEntity<hello.models.Assessment> hello.controllers.AssessmentController.addExistingQuestion(int,int)
2017-04-04 13:39:23.068  INFO 8664 --- [    Test worker] s.w.s.m.m.a.RequestMappingHandlerMapping : Mapped "{[/rest/session],methods=[DELETE]}" onto public void hello.controllers.AuthenticationController.logout(javax.servlet.http.HttpSession)
2017-04-04 13:39:23.068  INFO 8664 --- [    Test worker] s.w.s.m.m.a.RequestMappingHandlerMapping : Mapped "{[/rest/session/logout],methods=[POST]}" onto public org.springframework.http.ResponseEntity<hello.models.LogoutResponse> hello.controllers.AuthenticationController.logout() throws java.lang.Exception
2017-04-04 13:39:23.068  INFO 8664 --- [    Test worker] s.w.s.m.m.a.RequestMappingHandlerMapping : Mapped "{[/rest/session/login],methods=[POST]}" onto public org.springframework.http.ResponseEntity<hello.models.LoginResponse> hello.controllers.AuthenticationController.login(hello.models.LoginRequest,javax.servlet.http.HttpSession)
2017-04-04 13:39:23.068  INFO 8664 --- [    Test worker] s.w.s.m.m.a.RequestMappingHandlerMapping : Mapped "{[/rest/session],methods=[GET]}" onto public hello.models.User hello.controllers.AuthenticationController.session(javax.servlet.http.HttpSession)
2017-04-04 13:39:23.068  INFO 8664 --- [    Test worker] s.w.s.m.m.a.RequestMappingHandlerMapping : Mapped "{[/rest/session/is-logged-in],methods=[GET]}" onto public org.springframework.http.ResponseEntity<hello.models.LoginResponse> hello.controllers.AuthenticationController.isLoggedIn(javax.servlet.http.HttpSession)
2017-04-04 13:39:23.068  INFO 8664 --- [    Test worker] s.w.s.m.m.a.RequestMappingHandlerMapping : Mapped "{[/files/upload]}" onto public hello.models.JSONResponse hello.controllers.FileUploadController.uploadFile(org.springframework.web.multipart.MultipartFile)
2017-04-04 13:39:23.068  INFO 8664 --- [    Test worker] s.w.s.m.m.a.RequestMappingHandlerMapping : Mapped "{[/files/{filename:.+}],methods=[GET]}" onto public org.springframework.http.ResponseEntity<org.springframework.core.io.Resource> hello.controllers.FileUploadController.serveFile(java.lang.String)
2017-04-04 13:39:23.068  INFO 8664 --- [    Test worker] s.w.s.m.m.a.RequestMappingHandlerMapping : Mapped "{[/app/*]}" onto public org.springframework.web.servlet.ModelAndView hello.controllers.HomeController.index(javax.servlet.http.HttpSession,javax.servlet.http.HttpServletResponse)
2017-04-04 13:39:23.068  INFO 8664 --- [    Test worker] s.w.s.m.m.a.RequestMappingHandlerMapping : Mapped "{[/app/*/*]}" onto public org.springframework.web.servlet.ModelAndView hello.controllers.HomeController.index2(javax.servlet.http.HttpSession,javax.servlet.http.HttpServletResponse)
2017-04-04 13:39:23.068  INFO 8664 --- [    Test worker] s.w.s.m.m.a.RequestMappingHandlerMapping : Mapped "{[]}" onto public java.lang.String hello.controllers.HomeController.home()
2017-04-04 13:39:23.068  INFO 8664 --- [    Test worker] s.w.s.m.m.a.RequestMappingHandlerMapping : Mapped "{[/rest/participants/{id}],methods=[GET]}" onto public org.springframework.http.ResponseEntity<hello.models.Participant> hello.controllers.ParticipantController.getParticipant(int)
2017-04-04 13:39:23.068  INFO 8664 --- [    Test worker] s.w.s.m.m.a.RequestMappingHandlerMapping : Mapped "{[/rest/participants],methods=[GET]}" onto public java.util.ArrayList<hello.models.Participant> hello.controllers.ParticipantController.getParticipants()
2017-04-04 13:39:23.068  INFO 8664 --- [    Test worker] s.w.s.m.m.a.RequestMappingHandlerMapping : Mapped "{[/rest/participants],methods=[POST]}" onto public org.springframework.http.ResponseEntity<hello.models.Participant> hello.controllers.ParticipantController.addParticipant(hello.models.Participant)
2017-04-04 13:39:23.068  INFO 8664 --- [    Test worker] s.w.s.m.m.a.RequestMappingHandlerMapping : Mapped "{[/rest/participants/{id}],methods=[DELETE]}" onto public org.springframework.http.ResponseEntity<java.lang.Boolean> hello.controllers.ParticipantController.deleteParticipant(int) throws java.lang.Exception
2017-04-04 13:39:23.068  INFO 8664 --- [    Test worker] s.w.s.m.m.a.RequestMappingHandlerMapping : Mapped "{[/rest/participants/{id}],methods=[PUT]}" onto public org.springframework.http.ResponseEntity<hello.models.Participant> hello.controllers.ParticipantController.updateParticipant(int,hello.models.Participant) throws java.lang.Exception
2017-04-04 13:39:23.068  INFO 8664 --- [    Test worker] s.w.s.m.m.a.RequestMappingHandlerMapping : Mapped "{[/rest/questions],methods=[POST]}" onto public org.springframework.http.ResponseEntity<hello.models.Question> hello.controllers.QuestionController.addQuestion(hello.models.Question)
2017-04-04 13:39:23.068  INFO 8664 --- [    Test worker] s.w.s.m.m.a.RequestMappingHandlerMapping : Mapped "{[/rest/questions/{id}],methods=[DELETE]}" onto public org.springframework.http.ResponseEntity<java.lang.Boolean> hello.controllers.QuestionController.deleteQuestion(int)
2017-04-04 13:39:23.068  INFO 8664 --- [    Test worker] s.w.s.m.m.a.RequestMappingHandlerMapping : Mapped "{[/rest/questions],methods=[GET]}" onto public java.util.ArrayList<hello.models.Question> hello.controllers.QuestionController.getQuestions()
2017-04-04 13:39:23.068  INFO 8664 --- [    Test worker] s.w.s.m.m.a.RequestMappingHandlerMapping : Mapped "{[/rest/questions/{id}],methods=[PATCH]}" onto public org.springframework.http.ResponseEntity<hello.models.Question> hello.controllers.QuestionController.updateQuestion(int,hello.models.Question) throws java.lang.Exception
2017-04-04 13:39:23.068  INFO 8664 --- [    Test worker] s.w.s.m.m.a.RequestMappingHandlerMapping : Mapped "{[/rest/questions/{id}/],methods=[GET]}" onto public org.springframework.http.ResponseEntity<hello.models.Question> hello.controllers.QuestionController.getAQuestion(int)
2017-04-04 13:39:23.068  INFO 8664 --- [    Test worker] s.w.s.m.m.a.RequestMappingHandlerMapping : Mapped "{[/rest/targetGroups/{id}/assessment/{assessmentid}],methods=[POST]}" onto public org.springframework.http.ResponseEntity<hello.models.TargetGroup> hello.controllers.TargetGroupController.addExistingAssessmentToTargetGroup(int,int) throws java.lang.Exception
2017-04-04 13:39:23.068  INFO 8664 --- [    Test worker] s.w.s.m.m.a.RequestMappingHandlerMapping : Mapped "{[/rest/targetGroups/{id}/participants/{participantId}],methods=[POST]}" onto public org.springframework.http.ResponseEntity<hello.models.TargetGroup> hello.controllers.TargetGroupController.addExistingParticipantToTargetGroup(int,int) throws java.lang.Exception
2017-04-04 13:39:23.068  INFO 8664 --- [    Test worker] s.w.s.m.m.a.RequestMappingHandlerMapping : Mapped "{[/rest/targetGroups],methods=[POST]}" onto public org.springframework.http.ResponseEntity<hello.models.TargetGroup> hello.controllers.TargetGroupController.addTargetGroup(javax.servlet.http.HttpSession,hello.models.TargetGroup) throws java.lang.Exception
2017-04-04 13:39:23.068  INFO 8664 --- [    Test worker] s.w.s.m.m.a.RequestMappingHandlerMapping : Mapped "{[/rest/targetGroups/{id}],methods=[GET]}" onto public org.springframework.http.ResponseEntity<hello.models.TargetGroup> hello.controllers.TargetGroupController.getTargetGroup(int)
2017-04-04 13:39:23.068  INFO 8664 --- [    Test worker] s.w.s.m.m.a.RequestMappingHandlerMapping : Mapped "{[/rest/targetGroups],methods=[GET]}" onto public java.util.ArrayList<hello.models.TargetGroup> hello.controllers.TargetGroupController.getTargetGroups() throws java.lang.Exception
2017-04-04 13:39:23.068  INFO 8664 --- [    Test worker] s.w.s.m.m.a.RequestMappingHandlerMapping : Mapped "{[/rest/targetGroups/{id}/participants],methods=[GET]}" onto public java.util.ArrayList<hello.models.Participant> hello.controllers.TargetGroupController.getParticipantsInTargetGroup(int) throws java.lang.Exception
2017-04-04 13:39:23.068  INFO 8664 --- [    Test worker] s.w.s.m.m.a.RequestMappingHandlerMapping : Mapped "{[/rest/targetGroups/{id}],methods=[DELETE]}" onto public org.springframework.http.ResponseEntity<java.lang.Boolean> hello.controllers.TargetGroupController.deleteTargetGroup(int) throws java.lang.Exception
2017-04-04 13:39:23.068  INFO 8664 --- [    Test worker] s.w.s.m.m.a.RequestMappingHandlerMapping : Mapped "{[/rest/targetGroups/{id}/participants/{participantId}],methods=[PUT]}" onto public org.springframework.http.ResponseEntity<hello.models.TargetGroup> hello.controllers.TargetGroupController.removeParticipantFromTargetGroup(int,int) throws java.lang.Exception
2017-04-04 13:39:23.068  INFO 8664 --- [    Test worker] s.w.s.m.m.a.RequestMappingHandlerMapping : Mapped "{[/rest/targetGroups/{id}/participant],methods=[POST]}" onto public org.springframework.http.ResponseEntity<hello.models.TargetGroup> hello.controllers.TargetGroupController.addNewParticipantsToTargetGroup(int,hello.models.Participant) throws java.lang.Exception
2017-04-04 13:39:23.068  INFO 8664 --- [    Test worker] s.w.s.m.m.a.RequestMappingHandlerMapping : Mapped "{[/rest/targetGroups/{id}/participants],methods=[POST]}" onto public org.springframework.http.ResponseEntity<hello.models.TargetGroup> hello.controllers.TargetGroupController.addNewParticipantsToTargetGroup(int,java.util.List<hello.models.Participant>) throws java.lang.Exception
2017-04-04 13:39:23.068  INFO 8664 --- [    Test worker] s.w.s.m.m.a.RequestMappingHandlerMapping : Mapped "{[/rest/targetGroups/{id}],methods=[PUT]}" onto public org.springframework.http.ResponseEntity<hello.models.TargetGroup> hello.controllers.TargetGroupController.updateTargetGroup(int,hello.models.TargetGroup) throws java.lang.Exception
2017-04-04 13:39:23.068  INFO 8664 --- [    Test worker] s.w.s.m.m.a.RequestMappingHandlerMapping : Mapped "{[/rest/targetGroups/{id}/assessment],methods=[POST]}" onto public org.springframework.http.ResponseEntity<hello.models.TargetGroup> hello.controllers.TargetGroupController.addNewAssessmentToTargetGroup(int,hello.models.Assessment) throws java.lang.Exception
2017-04-04 13:39:23.068  INFO 8664 --- [    Test worker] s.w.s.m.m.a.RequestMappingHandlerMapping : Mapped "{[/error]}" onto public org.springframework.http.ResponseEntity<java.util.Map<java.lang.String, java.lang.Object>> org.springframework.boot.autoconfigure.web.BasicErrorController.error(javax.servlet.http.HttpServletRequest)
2017-04-04 13:39:23.068  INFO 8664 --- [    Test worker] s.w.s.m.m.a.RequestMappingHandlerMapping : Mapped "{[/error],produces=[text/html]}" onto public org.springframework.web.servlet.ModelAndView org.springframework.boot.autoconfigure.web.BasicErrorController.errorHtml(javax.servlet.http.HttpServletRequest,javax.servlet.http.HttpServletResponse)
2017-04-04 13:39:23.084  INFO 8664 --- [    Test worker] o.s.w.s.handler.SimpleUrlHandlerMapping  : Mapped URL path [/webjars/**] onto handler of type [class org.springframework.web.servlet.resource.ResourceHttpRequestHandler]
2017-04-04 13:39:23.084  INFO 8664 --- [    Test worker] o.s.w.s.handler.SimpleUrlHandlerMapping  : Mapped URL path [/resources/**] onto handler of type [class org.springframework.web.servlet.resource.ResourceHttpRequestHandler]
2017-04-04 13:39:23.084  INFO 8664 --- [    Test worker] .m.m.a.ExceptionHandlerExceptionResolver : Detected @ExceptionHandler methods in repositoryRestExceptionHandler
2017-04-04 13:39:23.084  INFO 8664 --- [    Test worker] .m.m.a.ExceptionHandlerExceptionResolver : Detected ResponseBodyAdvice implementation in org.springframework.boot.actuate.autoconfigure.EndpointWebMvcHypermediaManagementContextConfiguration$ActuatorEndpointLinksAdvice
2017-04-04 13:39:23.099  INFO 8664 --- [    Test worker] o.s.w.s.handler.SimpleUrlHandlerMapping  : Mapped URL path [/**/favicon.ico] onto handler of type [class org.springframework.web.servlet.resource.ResourceHttpRequestHandler]
2017-04-04 13:39:23.131  INFO 8664 --- [    Test worker] oConfiguration$WelcomePageHandlerMapping : Adding welcome page: ServletContext resource [/index.html]
2017-04-04 13:39:23.287  INFO 8664 --- [    Test worker] o.s.d.r.w.RepositoryRestHandlerAdapter   : Looking for @ControllerAdvice: org.springframework.web.context.support.GenericWebApplicationContext@9df5392: startup date [Tue Apr 04 13:39:20 CDT 2017]; root of context hierarchy
2017-04-04 13:39:23.287  INFO 8664 --- [    Test worker] o.s.d.r.w.RepositoryRestHandlerAdapter   : Detected ResponseBodyAdvice bean in org.springframework.boot.actuate.autoconfigure.EndpointWebMvcHypermediaManagementContextConfiguration$ActuatorEndpointLinksAdvice
2017-04-04 13:39:23.303  INFO 8664 --- [    Test worker] o.s.d.r.w.RepositoryRestHandlerMapping   : Mapped "{[/api/ || /api],methods=[HEAD],produces=[application/hal+json || application/json || application/*+json;charset=UTF-8]}" onto public org.springframework.http.ResponseEntity<?> org.springframework.data.rest.webmvc.RepositoryController.headForRepositories()
2017-04-04 13:39:23.303  INFO 8664 --- [    Test worker] o.s.d.r.w.RepositoryRestHandlerMapping   : Mapped "{[/api/ || /api],methods=[OPTIONS],produces=[application/hal+json || application/json || application/*+json;charset=UTF-8]}" onto public org.springframework.http.HttpEntity<?> org.springframework.data.rest.webmvc.RepositoryController.optionsForRepositories()
2017-04-04 13:39:23.303  INFO 8664 --- [    Test worker] o.s.d.r.w.RepositoryRestHandlerMapping   : Mapped "{[/api/ || /api],methods=[GET],produces=[application/hal+json || application/json || application/*+json;charset=UTF-8]}" onto public org.springframework.http.HttpEntity<org.springframework.data.rest.webmvc.RepositoryLinksResource> org.springframework.data.rest.webmvc.RepositoryController.listRepositories()
2017-04-04 13:39:23.303  INFO 8664 --- [    Test worker] o.s.d.r.w.RepositoryRestHandlerMapping   : Mapped "{[/api/{repository}],methods=[POST],produces=[application/hal+json || application/json || application/*+json;charset=UTF-8]}" onto public org.springframework.http.ResponseEntity<org.springframework.hateoas.ResourceSupport> org.springframework.data.rest.webmvc.RepositoryEntityController.postCollectionResource(org.springframework.data.rest.webmvc.RootResourceInformation,org.springframework.data.rest.webmvc.PersistentEntityResource,org.springframework.data.rest.webmvc.PersistentEntityResourceAssembler,java.lang.String) throws org.springframework.web.HttpRequestMethodNotSupportedException
2017-04-04 13:39:23.303  INFO 8664 --- [    Test worker] o.s.d.r.w.RepositoryRestHandlerMapping   : Mapped "{[/api/{repository}/{id}],methods=[OPTIONS],produces=[application/hal+json || application/json || application/*+json;charset=UTF-8]}" onto public org.springframework.http.ResponseEntity<?> org.springframework.data.rest.webmvc.RepositoryEntityController.optionsForItemResource(org.springframework.data.rest.webmvc.RootResourceInformation)
2017-04-04 13:39:23.303  INFO 8664 --- [    Test worker] o.s.d.r.w.RepositoryRestHandlerMapping   : Mapped "{[/api/{repository}],methods=[HEAD],produces=[application/hal+json || application/json || application/*+json;charset=UTF-8]}" onto public org.springframework.http.ResponseEntity<?> org.springframework.data.rest.webmvc.RepositoryEntityController.headCollectionResource(org.springframework.data.rest.webmvc.RootResourceInformation,org.springframework.data.rest.webmvc.support.DefaultedPageable) throws org.springframework.web.HttpRequestMethodNotSupportedException
2017-04-04 13:39:23.303  INFO 8664 --- [    Test worker] o.s.d.r.w.RepositoryRestHandlerMapping   : Mapped "{[/api/{repository}/{id}],methods=[HEAD],produces=[application/hal+json || application/json || application/*+json;charset=UTF-8]}" onto public org.springframework.http.ResponseEntity<?> org.springframework.data.rest.webmvc.RepositoryEntityController.headForItemResource(org.springframework.data.rest.webmvc.RootResourceInformation,java.io.Serializable,org.springframework.data.rest.webmvc.PersistentEntityResourceAssembler) throws org.springframework.web.HttpRequestMethodNotSupportedException
2017-04-04 13:39:23.303  INFO 8664 --- [    Test worker] o.s.d.r.w.RepositoryRestHandlerMapping   : Mapped "{[/api/{repository}/{id}],methods=[PATCH],produces=[application/hal+json || application/json || application/*+json;charset=UTF-8]}" onto public org.springframework.http.ResponseEntity<org.springframework.hateoas.ResourceSupport> org.springframework.data.rest.webmvc.RepositoryEntityController.patchItemResource(org.springframework.data.rest.webmvc.RootResourceInformation,org.springframework.data.rest.webmvc.PersistentEntityResource,java.io.Serializable,org.springframework.data.rest.webmvc.PersistentEntityResourceAssembler,org.springframework.data.rest.webmvc.support.ETag,java.lang.String) throws org.springframework.web.HttpRequestMethodNotSupportedException,org.springframework.data.rest.webmvc.ResourceNotFoundException
2017-04-04 13:39:23.303  INFO 8664 --- [    Test worker] o.s.d.r.w.RepositoryRestHandlerMapping   : Mapped "{[/api/{repository}],methods=[OPTIONS],produces=[application/hal+json || application/json || application/*+json;charset=UTF-8]}" onto public org.springframework.http.ResponseEntity<?> org.springframework.data.rest.webmvc.RepositoryEntityController.optionsForCollectionResource(org.springframework.data.rest.webmvc.RootResourceInformation)
2017-04-04 13:39:23.303  INFO 8664 --- [    Test worker] o.s.d.r.w.RepositoryRestHandlerMapping   : Mapped "{[/api/{repository}],methods=[GET],produces=[application/hal+json || application/json || application/*+json;charset=UTF-8]}" onto public org.springframework.hateoas.Resources<?> org.springframework.data.rest.webmvc.RepositoryEntityController.getCollectionResource(org.springframework.data.rest.webmvc.RootResourceInformation,org.springframework.data.rest.webmvc.support.DefaultedPageable,org.springframework.data.domain.Sort,org.springframework.data.rest.webmvc.PersistentEntityResourceAssembler) throws org.springframework.data.rest.webmvc.ResourceNotFoundException,org.springframework.web.HttpRequestMethodNotSupportedException
2017-04-04 13:39:23.303  INFO 8664 --- [    Test worker] o.s.d.r.w.RepositoryRestHandlerMapping   : Mapped "{[/api/{repository}],methods=[GET],produces=[application/x-spring-data-compact+json || text/uri-list]}" onto public org.springframework.hateoas.Resources<?> org.springframework.data.rest.webmvc.RepositoryEntityController.getCollectionResourceCompact(org.springframework.data.rest.webmvc.RootResourceInformation,org.springframework.data.rest.webmvc.support.DefaultedPageable,org.springframework.data.domain.Sort,org.springframework.data.rest.webmvc.PersistentEntityResourceAssembler) throws org.springframework.data.rest.webmvc.ResourceNotFoundException,org.springframework.web.HttpRequestMethodNotSupportedException
2017-04-04 13:39:23.303  INFO 8664 --- [    Test worker] o.s.d.r.w.RepositoryRestHandlerMapping   : Mapped "{[/api/{repository}/{id}],methods=[DELETE],produces=[application/hal+json || application/json || application/*+json;charset=UTF-8]}" onto public org.springframework.http.ResponseEntity<?> org.springframework.data.rest.webmvc.RepositoryEntityController.deleteItemResource(org.springframework.data.rest.webmvc.RootResourceInformation,java.io.Serializable,org.springframework.data.rest.webmvc.support.ETag) throws org.springframework.data.rest.webmvc.ResourceNotFoundException,org.springframework.web.HttpRequestMethodNotSupportedException
2017-04-04 13:39:23.303  INFO 8664 --- [    Test worker] o.s.d.r.w.RepositoryRestHandlerMapping   : Mapped "{[/api/{repository}/{id}],methods=[GET],produces=[application/hal+json || application/json || application/*+json;charset=UTF-8]}" onto public org.springframework.http.ResponseEntity<org.springframework.hateoas.Resource<?>> org.springframework.data.rest.webmvc.RepositoryEntityController.getItemResource(org.springframework.data.rest.webmvc.RootResourceInformation,java.io.Serializable,org.springframework.data.rest.webmvc.PersistentEntityResourceAssembler,org.springframework.util.MultiValueMap<java.lang.String, java.lang.String>) throws org.springframework.web.HttpRequestMethodNotSupportedException
2017-04-04 13:39:23.303  INFO 8664 --- [    Test worker] o.s.d.r.w.RepositoryRestHandlerMapping   : Mapped "{[/api/{repository}/{id}],methods=[PUT],produces=[application/hal+json || application/json || application/*+json;charset=UTF-8]}" onto public org.springframework.http.ResponseEntity<? extends org.springframework.hateoas.ResourceSupport> org.springframework.data.rest.webmvc.RepositoryEntityController.putItemResource(org.springframework.data.rest.webmvc.RootResourceInformation,org.springframework.data.rest.webmvc.PersistentEntityResource,java.io.Serializable,org.springframework.data.rest.webmvc.PersistentEntityResourceAssembler,org.springframework.data.rest.webmvc.support.ETag,java.lang.String) throws org.springframework.web.HttpRequestMethodNotSupportedException
2017-04-04 13:39:23.303  INFO 8664 --- [    Test worker] o.s.d.r.w.RepositoryRestHandlerMapping   : Mapped "{[/api/{repository}/{id}/{property}],methods=[GET],produces=[application/x-spring-data-compact+json || text/uri-list]}" onto public org.springframework.http.ResponseEntity<org.springframework.hateoas.ResourceSupport> org.springframework.data.rest.webmvc.RepositoryPropertyReferenceController.followPropertyReferenceCompact(org.springframework.data.rest.webmvc.RootResourceInformation,java.io.Serializable,java.lang.String,org.springframework.data.rest.webmvc.PersistentEntityResourceAssembler) throws java.lang.Exception
2017-04-04 13:39:23.303  INFO 8664 --- [    Test worker] o.s.d.r.w.RepositoryRestHandlerMapping   : Mapped "{[/api/{repository}/{id}/{property}],methods=[DELETE],produces=[application/hal+json || application/json || application/*+json;charset=UTF-8]}" onto public org.springframework.http.ResponseEntity<? extends org.springframework.hateoas.ResourceSupport> org.springframework.data.rest.webmvc.RepositoryPropertyReferenceController.deletePropertyReference(org.springframework.data.rest.webmvc.RootResourceInformation,java.io.Serializable,java.lang.String) throws java.lang.Exception
2017-04-04 13:39:23.303  INFO 8664 --- [    Test worker] o.s.d.r.w.RepositoryRestHandlerMapping   : Mapped "{[/api/{repository}/{id}/{property}/{propertyId}],methods=[DELETE],produces=[application/hal+json || application/json || application/*+json;charset=UTF-8]}" onto public org.springframework.http.ResponseEntity<org.springframework.hateoas.ResourceSupport> org.springframework.data.rest.webmvc.RepositoryPropertyReferenceController.deletePropertyReferenceId(org.springframework.data.rest.webmvc.RootResourceInformation,java.io.Serializable,java.lang.String,java.lang.String) throws java.lang.Exception
2017-04-04 13:39:23.303  INFO 8664 --- [    Test worker] o.s.d.r.w.RepositoryRestHandlerMapping   : Mapped "{[/api/{repository}/{id}/{property}],methods=[GET],produces=[application/hal+json || application/json || application/*+json;charset=UTF-8]}" onto public org.springframework.http.ResponseEntity<org.springframework.hateoas.ResourceSupport> org.springframework.data.rest.webmvc.RepositoryPropertyReferenceController.followPropertyReference(org.springframework.data.rest.webmvc.RootResourceInformation,java.io.Serializable,java.lang.String,org.springframework.data.rest.webmvc.PersistentEntityResourceAssembler) throws java.lang.Exception
2017-04-04 13:39:23.303  INFO 8664 --- [    Test worker] o.s.d.r.w.RepositoryRestHandlerMapping   : Mapped "{[/api/{repository}/{id}/{property}/{propertyId}],methods=[GET],produces=[application/hal+json || application/json || application/*+json;charset=UTF-8]}" onto public org.springframework.http.ResponseEntity<org.springframework.hateoas.ResourceSupport> org.springframework.data.rest.webmvc.RepositoryPropertyReferenceController.followPropertyReference(org.springframework.data.rest.webmvc.RootResourceInformation,java.io.Serializable,java.lang.String,java.lang.String,org.springframework.data.rest.webmvc.PersistentEntityResourceAssembler) throws java.lang.Exception
2017-04-04 13:39:23.303  INFO 8664 --- [    Test worker] o.s.d.r.w.RepositoryRestHandlerMapping   : Mapped "{[/api/{repository}/{id}/{property}],methods=[PATCH || PUT || POST],consumes=[application/json || application/x-spring-data-compact+json || text/uri-list],produces=[application/hal+json || application/json || application/*+json;charset=UTF-8]}" onto public org.springframework.http.ResponseEntity<? extends org.springframework.hateoas.ResourceSupport> org.springframework.data.rest.webmvc.RepositoryPropertyReferenceController.createPropertyReference(org.springframework.data.rest.webmvc.RootResourceInformation,org.springframework.http.HttpMethod,org.springframework.hateoas.Resources<java.lang.Object>,java.io.Serializable,java.lang.String) throws java.lang.Exception
2017-04-04 13:39:23.303  INFO 8664 --- [    Test worker] o.s.d.r.w.RepositoryRestHandlerMapping   : Mapped "{[/api/{repository}/search],methods=[OPTIONS],produces=[application/hal+json || application/json || application/*+json;charset=UTF-8]}" onto public org.springframework.http.HttpEntity<?> org.springframework.data.rest.webmvc.RepositorySearchController.optionsForSearches(org.springframework.data.rest.webmvc.RootResourceInformation)
2017-04-04 13:39:23.303  INFO 8664 --- [    Test worker] o.s.d.r.w.RepositoryRestHandlerMapping   : Mapped "{[/api/{repository}/search/{search}],methods=[GET],produces=[application/x-spring-data-compact+json]}" onto public org.springframework.hateoas.ResourceSupport org.springframework.data.rest.webmvc.RepositorySearchController.executeSearchCompact(org.springframework.data.rest.webmvc.RootResourceInformation,org.springframework.util.MultiValueMap<java.lang.String, java.lang.Object>,java.lang.String,java.lang.String,org.springframework.data.rest.webmvc.support.DefaultedPageable,org.springframework.data.domain.Sort,org.springframework.data.rest.webmvc.PersistentEntityResourceAssembler)
2017-04-04 13:39:23.303  INFO 8664 --- [    Test worker] o.s.d.r.w.RepositoryRestHandlerMapping   : Mapped "{[/api/{repository}/search/{search}],methods=[OPTIONS],produces=[application/hal+json || application/json || application/*+json;charset=UTF-8]}" onto public org.springframework.http.ResponseEntity<java.lang.Object> org.springframework.data.rest.webmvc.RepositorySearchController.optionsForSearch(org.springframework.data.rest.webmvc.RootResourceInformation,java.lang.String)
2017-04-04 13:39:23.303  INFO 8664 --- [    Test worker] o.s.d.r.w.RepositoryRestHandlerMapping   : Mapped "{[/api/{repository}/search/{search}],methods=[HEAD],produces=[application/hal+json || application/json || application/*+json;charset=UTF-8]}" onto public org.springframework.http.ResponseEntity<java.lang.Object> org.springframework.data.rest.webmvc.RepositorySearchController.headForSearch(org.springframework.data.rest.webmvc.RootResourceInformation,java.lang.String)
2017-04-04 13:39:23.303  INFO 8664 --- [    Test worker] o.s.d.r.w.RepositoryRestHandlerMapping   : Mapped "{[/api/{repository}/search],methods=[HEAD],produces=[application/hal+json || application/json || application/*+json;charset=UTF-8]}" onto public org.springframework.http.HttpEntity<?> org.springframework.data.rest.webmvc.RepositorySearchController.headForSearches(org.springframework.data.rest.webmvc.RootResourceInformation)
2017-04-04 13:39:23.303  INFO 8664 --- [    Test worker] o.s.d.r.w.RepositoryRestHandlerMapping   : Mapped "{[/api/{repository}/search],methods=[GET],produces=[application/hal+json || application/json || application/*+json;charset=UTF-8]}" onto public org.springframework.data.rest.webmvc.RepositorySearchesResource org.springframework.data.rest.webmvc.RepositorySearchController.listSearches(org.springframework.data.rest.webmvc.RootResourceInformation)
2017-04-04 13:39:23.303  INFO 8664 --- [    Test worker] o.s.d.r.w.RepositoryRestHandlerMapping   : Mapped "{[/api/{repository}/search/{search}],methods=[GET],produces=[application/hal+json || application/json || application/*+json;charset=UTF-8]}" onto public org.springframework.http.ResponseEntity<java.lang.Object> org.springframework.data.rest.webmvc.RepositorySearchController.executeSearch(org.springframework.data.rest.webmvc.RootResourceInformation,org.springframework.util.MultiValueMap<java.lang.String, java.lang.Object>,java.lang.String,org.springframework.data.rest.webmvc.support.DefaultedPageable,org.springframework.data.domain.Sort,org.springframework.data.rest.webmvc.PersistentEntityResourceAssembler)
2017-04-04 13:39:23.303  INFO 8664 --- [    Test worker] o.s.d.r.w.BasePathAwareHandlerMapping    : Mapped "{[/api/profile/{repository}],methods=[GET],produces=[application/alps+json || */*]}" onto org.springframework.http.HttpEntity<org.springframework.data.rest.webmvc.RootResourceInformation> org.springframework.data.rest.webmvc.alps.AlpsController.descriptor(org.springframework.data.rest.webmvc.RootResourceInformation)
2017-04-04 13:39:23.303  INFO 8664 --- [    Test worker] o.s.d.r.w.BasePathAwareHandlerMapping    : Mapped "{[/api/profile/{repository}],methods=[OPTIONS],produces=[application/alps+json]}" onto org.springframework.http.HttpEntity<?> org.springframework.data.rest.webmvc.alps.AlpsController.alpsOptions()
2017-04-04 13:39:23.303  INFO 8664 --- [    Test worker] o.s.d.r.w.BasePathAwareHandlerMapping    : Mapped "{[/api/profile],methods=[GET]}" onto org.springframework.http.HttpEntity<org.springframework.hateoas.ResourceSupport> org.springframework.data.rest.webmvc.ProfileController.listAllFormsOfMetadata()
2017-04-04 13:39:23.303  INFO 8664 --- [    Test worker] o.s.d.r.w.BasePathAwareHandlerMapping    : Mapped "{[/api/profile],methods=[OPTIONS]}" onto public org.springframework.http.HttpEntity<?> org.springframework.data.rest.webmvc.ProfileController.profileOptions()
2017-04-04 13:39:23.303  INFO 8664 --- [    Test worker] o.s.d.r.w.BasePathAwareHandlerMapping    : Mapped "{[/api/profile/{repository}],methods=[GET],produces=[application/schema+json]}" onto public org.springframework.http.HttpEntity<org.springframework.data.rest.webmvc.json.JsonSchema> org.springframework.data.rest.webmvc.RepositorySchemaController.schema(org.springframework.data.rest.webmvc.RootResourceInformation)
2017-04-04 13:39:23.303  INFO 8664 --- [    Test worker] .m.m.a.ExceptionHandlerExceptionResolver : Detected @ExceptionHandler methods in repositoryRestExceptionHandler
2017-04-04 13:39:23.303  INFO 8664 --- [    Test worker] .m.m.a.ExceptionHandlerExceptionResolver : Detected ResponseBodyAdvice implementation in org.springframework.boot.actuate.autoconfigure.EndpointWebMvcHypermediaManagementContextConfiguration$ActuatorEndpointLinksAdvice
2017-04-04 13:39:23.349  INFO 8664 --- [    Test worker] o.s.b.a.e.mvc.EndpointHandlerMapping     : Mapped "{[/env/{name:.*}],methods=[GET],produces=[application/json]}" onto public java.lang.Object org.springframework.boot.actuate.endpoint.mvc.EnvironmentMvcEndpoint.value(java.lang.String)
2017-04-04 13:39:23.349  INFO 8664 --- [    Test worker] o.s.b.a.e.mvc.EndpointHandlerMapping     : Mapped "{[/env || /env.json],methods=[GET],produces=[application/json]}" onto public java.lang.Object org.springframework.boot.actuate.endpoint.mvc.EndpointMvcAdapter.invoke()
2017-04-04 13:39:23.349  INFO 8664 --- [    Test worker] o.s.b.a.e.mvc.EndpointHandlerMapping     : Mapped "{[/configprops || /configprops.json],methods=[GET],produces=[application/json]}" onto public java.lang.Object org.springframework.boot.actuate.endpoint.mvc.EndpointMvcAdapter.invoke()
2017-04-04 13:39:23.349  INFO 8664 --- [    Test worker] o.s.b.a.e.mvc.EndpointHandlerMapping     : Mapped "{[/info || /info.json],methods=[GET],produces=[application/json]}" onto public java.lang.Object org.springframework.boot.actuate.endpoint.mvc.EndpointMvcAdapter.invoke()
2017-04-04 13:39:23.349  INFO 8664 --- [    Test worker] o.s.b.a.e.mvc.EndpointHandlerMapping     : Mapped "{[/trace || /trace.json],methods=[GET],produces=[application/json]}" onto public java.lang.Object org.springframework.boot.actuate.endpoint.mvc.EndpointMvcAdapter.invoke()
2017-04-04 13:39:23.349  INFO 8664 --- [    Test worker] o.s.b.a.e.mvc.EndpointHandlerMapping     : Mapped "{[/metrics/{name:.*}],methods=[GET],produces=[application/json]}" onto public java.lang.Object org.springframework.boot.actuate.endpoint.mvc.MetricsMvcEndpoint.value(java.lang.String)
2017-04-04 13:39:23.349  INFO 8664 --- [    Test worker] o.s.b.a.e.mvc.EndpointHandlerMapping     : Mapped "{[/metrics || /metrics.json],methods=[GET],produces=[application/json]}" onto public java.lang.Object org.springframework.boot.actuate.endpoint.mvc.EndpointMvcAdapter.invoke()
2017-04-04 13:39:23.349  INFO 8664 --- [    Test worker] o.s.b.a.e.mvc.EndpointHandlerMapping     : Mapped "{[/dump || /dump.json],methods=[GET],produces=[application/json]}" onto public java.lang.Object org.springframework.boot.actuate.endpoint.mvc.EndpointMvcAdapter.invoke()
2017-04-04 13:39:23.349  INFO 8664 --- [    Test worker] o.s.b.a.e.mvc.EndpointHandlerMapping     : Mapped "{[/beans || /beans.json],methods=[GET],produces=[application/json]}" onto public java.lang.Object org.springframework.boot.actuate.endpoint.mvc.EndpointMvcAdapter.invoke()
2017-04-04 13:39:23.349  INFO 8664 --- [    Test worker] o.s.b.a.e.mvc.EndpointHandlerMapping     : Mapped "{[/actuator || /actuator.json],produces=[application/json]}" onto public org.springframework.hateoas.ResourceSupport org.springframework.boot.actuate.endpoint.mvc.HalJsonMvcEndpoint.links()
2017-04-04 13:39:23.349  INFO 8664 --- [    Test worker] o.s.b.a.e.mvc.EndpointHandlerMapping     : Mapped "{[/autoconfig || /autoconfig.json],methods=[GET],produces=[application/json]}" onto public java.lang.Object org.springframework.boot.actuate.endpoint.mvc.EndpointMvcAdapter.invoke()
2017-04-04 13:39:23.349  INFO 8664 --- [    Test worker] o.s.b.a.e.mvc.EndpointHandlerMapping     : Mapped "{[/heapdump || /heapdump.json],methods=[GET],produces=[application/octet-stream]}" onto public void org.springframework.boot.actuate.endpoint.mvc.HeapdumpMvcEndpoint.invoke(boolean,javax.servlet.http.HttpServletRequest,javax.servlet.http.HttpServletResponse) throws java.io.IOException,javax.servlet.ServletException
2017-04-04 13:39:23.349  INFO 8664 --- [    Test worker] o.s.b.a.e.mvc.EndpointHandlerMapping     : Mapped "{[/health || /health.json],produces=[application/json]}" onto public java.lang.Object org.springframework.boot.actuate.endpoint.mvc.HealthMvcEndpoint.invoke(java.security.Principal)
2017-04-04 13:39:23.349  INFO 8664 --- [    Test worker] o.s.b.a.e.mvc.EndpointHandlerMapping     : Mapped "{[/mappings || /mappings.json],methods=[GET],produces=[application/json]}" onto public java.lang.Object org.springframework.boot.actuate.endpoint.mvc.EndpointMvcAdapter.invoke()
2017-04-04 13:39:23.521  INFO 8664 --- [    Test worker] h.storage.FileSystemStorageServiceTest   : Started FileSystemStorageServiceTest in 3.297 seconds (JVM running for 67.86)
2017-04-04 13:39:23.521  INFO 8664 --- [    Test worker] o.s.w.c.s.GenericWebApplicationContext   : Closing org.springframework.web.context.support.GenericWebApplicationContext@9df5392: startup date [Tue Apr 04 13:39:20 CDT 2017]; root of context hierarchy
2017-04-04 13:39:23.521  INFO 8664 --- [    Test worker] j.LocalContainerEntityManagerFactoryBean : Closing JPA EntityManagerFactory for persistence unit 'default'

  .   ____          _            __ _ _
 /\\ / ___'_ __ _ _(_)_ __  __ _ \ \ \ \
( ( )\___ | '_ | '_| | '_ \/ _` | \ \ \ \
 \\/  ___)| |_)| | | | | || (_| |  ) ) ) )
  '  |____| .__|_| |_|_| |_\__, | / / / /
 =========|_|==============|___/=/_/_/_/
 :: Spring Boot ::        (v1.4.4.RELEASE)

2017-04-04 13:39:23.552  INFO 8664 --- [    Test worker] h.storage.FileSystemStorageServiceTest   : Starting FileSystemStorageServiceTest on Puget-99033 with PID 8664 (started by Hector in D:\SHRPAS_Project)
2017-04-04 13:39:23.552  INFO 8664 --- [    Test worker] h.storage.FileSystemStorageServiceTest   : The following profiles are active: developer
2017-04-04 13:39:23.552  INFO 8664 --- [    Test worker] o.s.w.c.s.GenericWebApplicationContext   : Refreshing org.springframework.web.context.support.GenericWebApplicationContext@4f8246a6: startup date [Tue Apr 04 13:39:23 CDT 2017]; root of context hierarchy
2017-04-04 13:39:24.130  INFO 8664 --- [    Test worker] o.s.b.f.s.DefaultListableBeanFactory     : Overriding bean definition for bean 'managementServletContext' with a different definition: replacing [Root bean: class [null]; scope=; abstract=false; lazyInit=false; autowireMode=3; dependencyCheck=0; autowireCandidate=true; primary=false; factoryBeanName=org.springframework.boot.actuate.autoconfigure.EndpointWebMvcHypermediaManagementContextConfiguration; factoryMethodName=managementServletContext; initMethodName=null; destroyMethodName=(inferred); defined in class path resource [org/springframework/boot/actuate/autoconfigure/EndpointWebMvcHypermediaManagementContextConfiguration.class]] with [Root bean: class [null]; scope=; abstract=false; lazyInit=false; autowireMode=3; dependencyCheck=0; autowireCandidate=true; primary=false; factoryBeanName=org.springframework.boot.actuate.autoconfigure.EndpointWebMvcAutoConfiguration; factoryMethodName=managementServletContext; initMethodName=null; destroyMethodName=(inferred); defined in class path resource [org/springframework/boot/actuate/autoconfigure/EndpointWebMvcAutoConfiguration.class]]
2017-04-04 13:39:24.271  INFO 8664 --- [    Test worker] trationDelegate$BeanPostProcessorChecker : Bean 'org.springframework.transaction.annotation.ProxyTransactionManagementConfiguration' of type [class org.springframework.transaction.annotation.ProxyTransactionManagementConfiguration$$EnhancerBySpringCGLIB$$a51e0bb4] is not eligible for getting processed by all BeanPostProcessors (for example: not eligible for auto-proxying)
2017-04-04 13:39:24.396  INFO 8664 --- [    Test worker] j.LocalContainerEntityManagerFactoryBean : Building JPA container EntityManagerFactory for persistence unit 'default'
2017-04-04 13:39:24.396  INFO 8664 --- [    Test worker] org.hibernate.ejb.Ejb3Configuration      : HHH000204: Processing PersistenceUnitInfo [
	name: default
	...]
2017-04-04 13:39:24.396  INFO 8664 --- [    Test worker] o.h.s.j.c.i.ConnectionProviderInitiator  : HHH000130: Instantiating explicit connection provider: org.hibernate.ejb.connection.InjectedDataSourceConnectionProvider
2017-04-04 13:39:24.427  INFO 8664 --- [    Test worker] org.hibernate.dialect.Dialect            : HHH000400: Using dialect: org.hibernate.dialect.MySQLDialect
2017-04-04 13:39:24.427  INFO 8664 --- [    Test worker] o.h.e.t.i.TransactionFactoryInitiator    : HHH000268: Transaction strategy: org.hibernate.engine.transaction.internal.jdbc.JdbcTransactionFactory
2017-04-04 13:39:24.427  INFO 8664 --- [    Test worker] o.h.h.i.ast.ASTQueryTranslatorFactory    : HHH000397: Using ASTQueryTranslatorFactory
2017-04-04 13:39:24.443  INFO 8664 --- [    Test worker] org.hibernate.tool.hbm2ddl.SchemaExport  : HHH000227: Running hbm2ddl schema export
2017-04-04 13:39:26.021  INFO 8664 --- [    Test worker] org.hibernate.tool.hbm2ddl.SchemaExport  : HHH000230: Schema export complete
2017-04-04 13:39:26.021  WARN 8664 --- [    Test worker] o.h.e.i.EntityManagerFactoryRegistry     : HHH000436: Entity manager factory name (default) is already registered.  If entity manager will be clustered or passivated, specify a unique value for property 'hibernate.ejb.entitymanager_factory_name'
2017-04-04 13:39:26.021  INFO 8664 --- [    Test worker] j.LocalContainerEntityManagerFactoryBean : Initialized JPA EntityManagerFactory for persistence unit 'default'
2017-04-04 13:39:26.158  INFO 8664 --- [    Test worker] o.s.b.f.config.PropertiesFactoryBean     : Loading properties file from class path resource [rest-default-messages.properties]
2017-04-04 13:39:26.427  INFO 8664 --- [    Test worker] s.w.s.m.m.a.RequestMappingHandlerAdapter : Looking for @ControllerAdvice: org.springframework.web.context.support.GenericWebApplicationContext@4f8246a6: startup date [Tue Apr 04 13:39:23 CDT 2017]; root of context hierarchy
2017-04-04 13:39:26.427  INFO 8664 --- [    Test worker] s.w.s.m.m.a.RequestMappingHandlerAdapter : Detected ResponseBodyAdvice bean in org.springframework.boot.actuate.autoconfigure.EndpointWebMvcHypermediaManagementContextConfiguration$ActuatorEndpointLinksAdvice
2017-04-04 13:39:26.443  INFO 8664 --- [    Test worker] s.w.s.m.m.a.RequestMappingHandlerMapping : Mapped "{[/api/login],methods=[POST],consumes=[application/json]}" onto public hello.models.LoginResults hello.controllers.AdministratorController.login(java.lang.String,hello.models.LoginRequest,org.springframework.validation.BindingResult,javax.servlet.http.HttpServletResponse)
2017-04-04 13:39:26.443  INFO 8664 --- [    Test worker] s.w.s.m.m.a.RequestMappingHandlerMapping : Mapped "{[/rest/assessments/{id}/users],methods=[POST]}" onto public org.springframework.http.ResponseEntity<hello.models.Assessment> hello.controllers.AssessmentController.addUser(int,hello.models.User) throws java.lang.Exception
2017-04-04 13:39:26.443  INFO 8664 --- [    Test worker] s.w.s.m.m.a.RequestMappingHandlerMapping : Mapped "{[/rest/assessments/{id}],methods=[PATCH]}" onto public org.springframework.http.ResponseEntity<hello.models.Assessment> hello.controllers.AssessmentController.updateAssessment(int,hello.models.Assessment) throws java.lang.Exception
2017-04-04 13:39:26.443  INFO 8664 --- [    Test worker] s.w.s.m.m.a.RequestMappingHandlerMapping : Mapped "{[/rest/assessments/{id}/],methods=[GET]}" onto public org.springframework.http.ResponseEntity<hello.models.Assessment> hello.controllers.AssessmentController.getAssessment(int)
2017-04-04 13:39:26.443  INFO 8664 --- [    Test worker] s.w.s.m.m.a.RequestMappingHandlerMapping : Mapped "{[/rest/assessments/{id}/delete],methods=[DELETE]}" onto public org.springframework.http.ResponseEntity<java.lang.Boolean> hello.controllers.AssessmentController.deleteAssessment(int)
2017-04-04 13:39:26.443  INFO 8664 --- [    Test worker] s.w.s.m.m.a.RequestMappingHandlerMapping : Mapped "{[/rest/assessments/{id}/question],methods=[POST]}" onto public org.springframework.http.ResponseEntity<hello.models.Assessment> hello.controllers.AssessmentController.addQuestion(int,hello.models.Question) throws java.lang.Exception
2017-04-04 13:39:26.443  INFO 8664 --- [    Test worker] s.w.s.m.m.a.RequestMappingHandlerMapping : Mapped "{[/rest/assessments],methods=[POST]}" onto public org.springframework.http.ResponseEntity<hello.models.Assessment> hello.controllers.AssessmentController.addAssessment(javax.servlet.http.HttpSession,hello.models.Assessment) throws java.lang.Exception
2017-04-04 13:39:26.443  INFO 8664 --- [    Test worker] s.w.s.m.m.a.RequestMappingHandlerMapping : Mapped "{[/rest/assessments],methods=[GET]}" onto public java.util.ArrayList<hello.models.Assessment> hello.controllers.AssessmentController.getAllAssessments(javax.servlet.http.HttpSession) throws java.lang.Exception
2017-04-04 13:39:26.443  INFO 8664 --- [    Test worker] s.w.s.m.m.a.RequestMappingHandlerMapping : Mapped "{[/rest/assessments/{id}/question/{questionId}],methods=[POST]}" onto public org.springframework.http.ResponseEntity<hello.models.Assessment> hello.controllers.AssessmentController.addExistingQuestion(int,int)
2017-04-04 13:39:26.443  INFO 8664 --- [    Test worker] s.w.s.m.m.a.RequestMappingHandlerMapping : Mapped "{[/rest/session],methods=[DELETE]}" onto public void hello.controllers.AuthenticationController.logout(javax.servlet.http.HttpSession)
2017-04-04 13:39:26.443  INFO 8664 --- [    Test worker] s.w.s.m.m.a.RequestMappingHandlerMapping : Mapped "{[/rest/session/logout],methods=[POST]}" onto public org.springframework.http.ResponseEntity<hello.models.LogoutResponse> hello.controllers.AuthenticationController.logout() throws java.lang.Exception
2017-04-04 13:39:26.443  INFO 8664 --- [    Test worker] s.w.s.m.m.a.RequestMappingHandlerMapping : Mapped "{[/rest/session/login],methods=[POST]}" onto public org.springframework.http.ResponseEntity<hello.models.LoginResponse> hello.controllers.AuthenticationController.login(hello.models.LoginRequest,javax.servlet.http.HttpSession)
2017-04-04 13:39:26.443  INFO 8664 --- [    Test worker] s.w.s.m.m.a.RequestMappingHandlerMapping : Mapped "{[/rest/session],methods=[GET]}" onto public hello.models.User hello.controllers.AuthenticationController.session(javax.servlet.http.HttpSession)
2017-04-04 13:39:26.443  INFO 8664 --- [    Test worker] s.w.s.m.m.a.RequestMappingHandlerMapping : Mapped "{[/rest/session/is-logged-in],methods=[GET]}" onto public org.springframework.http.ResponseEntity<hello.models.LoginResponse> hello.controllers.AuthenticationController.isLoggedIn(javax.servlet.http.HttpSession)
2017-04-04 13:39:26.443  INFO 8664 --- [    Test worker] s.w.s.m.m.a.RequestMappingHandlerMapping : Mapped "{[/files/upload]}" onto public hello.models.JSONResponse hello.controllers.FileUploadController.uploadFile(org.springframework.web.multipart.MultipartFile)
2017-04-04 13:39:26.443  INFO 8664 --- [    Test worker] s.w.s.m.m.a.RequestMappingHandlerMapping : Mapped "{[/files/{filename:.+}],methods=[GET]}" onto public org.springframework.http.ResponseEntity<org.springframework.core.io.Resource> hello.controllers.FileUploadController.serveFile(java.lang.String)
2017-04-04 13:39:26.443  INFO 8664 --- [    Test worker] s.w.s.m.m.a.RequestMappingHandlerMapping : Mapped "{[/app/*]}" onto public org.springframework.web.servlet.ModelAndView hello.controllers.HomeController.index(javax.servlet.http.HttpSession,javax.servlet.http.HttpServletResponse)
2017-04-04 13:39:26.443  INFO 8664 --- [    Test worker] s.w.s.m.m.a.RequestMappingHandlerMapping : Mapped "{[/app/*/*]}" onto public org.springframework.web.servlet.ModelAndView hello.controllers.HomeController.index2(javax.servlet.http.HttpSession,javax.servlet.http.HttpServletResponse)
2017-04-04 13:39:26.443  INFO 8664 --- [    Test worker] s.w.s.m.m.a.RequestMappingHandlerMapping : Mapped "{[]}" onto public java.lang.String hello.controllers.HomeController.home()
2017-04-04 13:39:26.443  INFO 8664 --- [    Test worker] s.w.s.m.m.a.RequestMappingHandlerMapping : Mapped "{[/rest/participants/{id}],methods=[GET]}" onto public org.springframework.http.ResponseEntity<hello.models.Participant> hello.controllers.ParticipantController.getParticipant(int)
2017-04-04 13:39:26.443  INFO 8664 --- [    Test worker] s.w.s.m.m.a.RequestMappingHandlerMapping : Mapped "{[/rest/participants],methods=[GET]}" onto public java.util.ArrayList<hello.models.Participant> hello.controllers.ParticipantController.getParticipants()
2017-04-04 13:39:26.443  INFO 8664 --- [    Test worker] s.w.s.m.m.a.RequestMappingHandlerMapping : Mapped "{[/rest/participants],methods=[POST]}" onto public org.springframework.http.ResponseEntity<hello.models.Participant> hello.controllers.ParticipantController.addParticipant(hello.models.Participant)
2017-04-04 13:39:26.443  INFO 8664 --- [    Test worker] s.w.s.m.m.a.RequestMappingHandlerMapping : Mapped "{[/rest/participants/{id}],methods=[DELETE]}" onto public org.springframework.http.ResponseEntity<java.lang.Boolean> hello.controllers.ParticipantController.deleteParticipant(int) throws java.lang.Exception
2017-04-04 13:39:26.443  INFO 8664 --- [    Test worker] s.w.s.m.m.a.RequestMappingHandlerMapping : Mapped "{[/rest/participants/{id}],methods=[PUT]}" onto public org.springframework.http.ResponseEntity<hello.models.Participant> hello.controllers.ParticipantController.updateParticipant(int,hello.models.Participant) throws java.lang.Exception
2017-04-04 13:39:26.443  INFO 8664 --- [    Test worker] s.w.s.m.m.a.RequestMappingHandlerMapping : Mapped "{[/rest/questions],methods=[POST]}" onto public org.springframework.http.ResponseEntity<hello.models.Question> hello.controllers.QuestionController.addQuestion(hello.models.Question)
2017-04-04 13:39:26.443  INFO 8664 --- [    Test worker] s.w.s.m.m.a.RequestMappingHandlerMapping : Mapped "{[/rest/questions/{id}],methods=[DELETE]}" onto public org.springframework.http.ResponseEntity<java.lang.Boolean> hello.controllers.QuestionController.deleteQuestion(int)
2017-04-04 13:39:26.443  INFO 8664 --- [    Test worker] s.w.s.m.m.a.RequestMappingHandlerMapping : Mapped "{[/rest/questions],methods=[GET]}" onto public java.util.ArrayList<hello.models.Question> hello.controllers.QuestionController.getQuestions()
2017-04-04 13:39:26.443  INFO 8664 --- [    Test worker] s.w.s.m.m.a.RequestMappingHandlerMapping : Mapped "{[/rest/questions/{id}],methods=[PATCH]}" onto public org.springframework.http.ResponseEntity<hello.models.Question> hello.controllers.QuestionController.updateQuestion(int,hello.models.Question) throws java.lang.Exception
2017-04-04 13:39:26.443  INFO 8664 --- [    Test worker] s.w.s.m.m.a.RequestMappingHandlerMapping : Mapped "{[/rest/questions/{id}/],methods=[GET]}" onto public org.springframework.http.ResponseEntity<hello.models.Question> hello.controllers.QuestionController.getAQuestion(int)
2017-04-04 13:39:26.443  INFO 8664 --- [    Test worker] s.w.s.m.m.a.RequestMappingHandlerMapping : Mapped "{[/rest/targetGroups/{id}/assessment/{assessmentid}],methods=[POST]}" onto public org.springframework.http.ResponseEntity<hello.models.TargetGroup> hello.controllers.TargetGroupController.addExistingAssessmentToTargetGroup(int,int) throws java.lang.Exception
2017-04-04 13:39:26.443  INFO 8664 --- [    Test worker] s.w.s.m.m.a.RequestMappingHandlerMapping : Mapped "{[/rest/targetGroups/{id}/participants/{participantId}],methods=[POST]}" onto public org.springframework.http.ResponseEntity<hello.models.TargetGroup> hello.controllers.TargetGroupController.addExistingParticipantToTargetGroup(int,int) throws java.lang.Exception
2017-04-04 13:39:26.443  INFO 8664 --- [    Test worker] s.w.s.m.m.a.RequestMappingHandlerMapping : Mapped "{[/rest/targetGroups],methods=[POST]}" onto public org.springframework.http.ResponseEntity<hello.models.TargetGroup> hello.controllers.TargetGroupController.addTargetGroup(javax.servlet.http.HttpSession,hello.models.TargetGroup) throws java.lang.Exception
2017-04-04 13:39:26.443  INFO 8664 --- [    Test worker] s.w.s.m.m.a.RequestMappingHandlerMapping : Mapped "{[/rest/targetGroups/{id}],methods=[GET]}" onto public org.springframework.http.ResponseEntity<hello.models.TargetGroup> hello.controllers.TargetGroupController.getTargetGroup(int)
2017-04-04 13:39:26.443  INFO 8664 --- [    Test worker] s.w.s.m.m.a.RequestMappingHandlerMapping : Mapped "{[/rest/targetGroups],methods=[GET]}" onto public java.util.ArrayList<hello.models.TargetGroup> hello.controllers.TargetGroupController.getTargetGroups() throws java.lang.Exception
2017-04-04 13:39:26.443  INFO 8664 --- [    Test worker] s.w.s.m.m.a.RequestMappingHandlerMapping : Mapped "{[/rest/targetGroups/{id}/participants],methods=[GET]}" onto public java.util.ArrayList<hello.models.Participant> hello.controllers.TargetGroupController.getParticipantsInTargetGroup(int) throws java.lang.Exception
2017-04-04 13:39:26.443  INFO 8664 --- [    Test worker] s.w.s.m.m.a.RequestMappingHandlerMapping : Mapped "{[/rest/targetGroups/{id}],methods=[DELETE]}" onto public org.springframework.http.ResponseEntity<java.lang.Boolean> hello.controllers.TargetGroupController.deleteTargetGroup(int) throws java.lang.Exception
2017-04-04 13:39:26.443  INFO 8664 --- [    Test worker] s.w.s.m.m.a.RequestMappingHandlerMapping : Mapped "{[/rest/targetGroups/{id}/participants/{participantId}],methods=[PUT]}" onto public org.springframework.http.ResponseEntity<hello.models.TargetGroup> hello.controllers.TargetGroupController.removeParticipantFromTargetGroup(int,int) throws java.lang.Exception
2017-04-04 13:39:26.443  INFO 8664 --- [    Test worker] s.w.s.m.m.a.RequestMappingHandlerMapping : Mapped "{[/rest/targetGroups/{id}/participant],methods=[POST]}" onto public org.springframework.http.ResponseEntity<hello.models.TargetGroup> hello.controllers.TargetGroupController.addNewParticipantsToTargetGroup(int,hello.models.Participant) throws java.lang.Exception
2017-04-04 13:39:26.443  INFO 8664 --- [    Test worker] s.w.s.m.m.a.RequestMappingHandlerMapping : Mapped "{[/rest/targetGroups/{id}/participants],methods=[POST]}" onto public org.springframework.http.ResponseEntity<hello.models.TargetGroup> hello.controllers.TargetGroupController.addNewParticipantsToTargetGroup(int,java.util.List<hello.models.Participant>) throws java.lang.Exception
2017-04-04 13:39:26.443  INFO 8664 --- [    Test worker] s.w.s.m.m.a.RequestMappingHandlerMapping : Mapped "{[/rest/targetGroups/{id}],methods=[PUT]}" onto public org.springframework.http.ResponseEntity<hello.models.TargetGroup> hello.controllers.TargetGroupController.updateTargetGroup(int,hello.models.TargetGroup) throws java.lang.Exception
2017-04-04 13:39:26.443  INFO 8664 --- [    Test worker] s.w.s.m.m.a.RequestMappingHandlerMapping : Mapped "{[/rest/targetGroups/{id}/assessment],methods=[POST]}" onto public org.springframework.http.ResponseEntity<hello.models.TargetGroup> hello.controllers.TargetGroupController.addNewAssessmentToTargetGroup(int,hello.models.Assessment) throws java.lang.Exception
2017-04-04 13:39:26.443  INFO 8664 --- [    Test worker] s.w.s.m.m.a.RequestMappingHandlerMapping : Mapped "{[/error]}" onto public org.springframework.http.ResponseEntity<java.util.Map<java.lang.String, java.lang.Object>> org.springframework.boot.autoconfigure.web.BasicErrorController.error(javax.servlet.http.HttpServletRequest)
2017-04-04 13:39:26.443  INFO 8664 --- [    Test worker] s.w.s.m.m.a.RequestMappingHandlerMapping : Mapped "{[/error],produces=[text/html]}" onto public org.springframework.web.servlet.ModelAndView org.springframework.boot.autoconfigure.web.BasicErrorController.errorHtml(javax.servlet.http.HttpServletRequest,javax.servlet.http.HttpServletResponse)
2017-04-04 13:39:26.458  INFO 8664 --- [    Test worker] o.s.w.s.handler.SimpleUrlHandlerMapping  : Mapped URL path [/webjars/**] onto handler of type [class org.springframework.web.servlet.resource.ResourceHttpRequestHandler]
2017-04-04 13:39:26.458  INFO 8664 --- [    Test worker] o.s.w.s.handler.SimpleUrlHandlerMapping  : Mapped URL path [/resources/**] onto handler of type [class org.springframework.web.servlet.resource.ResourceHttpRequestHandler]
2017-04-04 13:39:26.474  INFO 8664 --- [    Test worker] .m.m.a.ExceptionHandlerExceptionResolver : Detected @ExceptionHandler methods in repositoryRestExceptionHandler
2017-04-04 13:39:26.474  INFO 8664 --- [    Test worker] .m.m.a.ExceptionHandlerExceptionResolver : Detected ResponseBodyAdvice implementation in org.springframework.boot.actuate.autoconfigure.EndpointWebMvcHypermediaManagementContextConfiguration$ActuatorEndpointLinksAdvice
2017-04-04 13:39:26.474  INFO 8664 --- [    Test worker] o.s.w.s.handler.SimpleUrlHandlerMapping  : Mapped URL path [/**/favicon.ico] onto handler of type [class org.springframework.web.servlet.resource.ResourceHttpRequestHandler]
2017-04-04 13:39:26.521  INFO 8664 --- [    Test worker] oConfiguration$WelcomePageHandlerMapping : Adding welcome page: ServletContext resource [/index.html]
2017-04-04 13:39:26.661  INFO 8664 --- [    Test worker] o.s.d.r.w.RepositoryRestHandlerAdapter   : Looking for @ControllerAdvice: org.springframework.web.context.support.GenericWebApplicationContext@4f8246a6: startup date [Tue Apr 04 13:39:23 CDT 2017]; root of context hierarchy
2017-04-04 13:39:26.677  INFO 8664 --- [    Test worker] o.s.d.r.w.RepositoryRestHandlerAdapter   : Detected ResponseBodyAdvice bean in org.springframework.boot.actuate.autoconfigure.EndpointWebMvcHypermediaManagementContextConfiguration$ActuatorEndpointLinksAdvice
2017-04-04 13:39:26.677  INFO 8664 --- [    Test worker] o.s.d.r.w.RepositoryRestHandlerMapping   : Mapped "{[/api/ || /api],methods=[HEAD],produces=[application/hal+json || application/json || application/*+json;charset=UTF-8]}" onto public org.springframework.http.ResponseEntity<?> org.springframework.data.rest.webmvc.RepositoryController.headForRepositories()
2017-04-04 13:39:26.677  INFO 8664 --- [    Test worker] o.s.d.r.w.RepositoryRestHandlerMapping   : Mapped "{[/api/ || /api],methods=[OPTIONS],produces=[application/hal+json || application/json || application/*+json;charset=UTF-8]}" onto public org.springframework.http.HttpEntity<?> org.springframework.data.rest.webmvc.RepositoryController.optionsForRepositories()
2017-04-04 13:39:26.677  INFO 8664 --- [    Test worker] o.s.d.r.w.RepositoryRestHandlerMapping   : Mapped "{[/api/ || /api],methods=[GET],produces=[application/hal+json || application/json || application/*+json;charset=UTF-8]}" onto public org.springframework.http.HttpEntity<org.springframework.data.rest.webmvc.RepositoryLinksResource> org.springframework.data.rest.webmvc.RepositoryController.listRepositories()
2017-04-04 13:39:26.677  INFO 8664 --- [    Test worker] o.s.d.r.w.RepositoryRestHandlerMapping   : Mapped "{[/api/{repository}],methods=[POST],produces=[application/hal+json || application/json || application/*+json;charset=UTF-8]}" onto public org.springframework.http.ResponseEntity<org.springframework.hateoas.ResourceSupport> org.springframework.data.rest.webmvc.RepositoryEntityController.postCollectionResource(org.springframework.data.rest.webmvc.RootResourceInformation,org.springframework.data.rest.webmvc.PersistentEntityResource,org.springframework.data.rest.webmvc.PersistentEntityResourceAssembler,java.lang.String) throws org.springframework.web.HttpRequestMethodNotSupportedException
2017-04-04 13:39:26.677  INFO 8664 --- [    Test worker] o.s.d.r.w.RepositoryRestHandlerMapping   : Mapped "{[/api/{repository}/{id}],methods=[OPTIONS],produces=[application/hal+json || application/json || application/*+json;charset=UTF-8]}" onto public org.springframework.http.ResponseEntity<?> org.springframework.data.rest.webmvc.RepositoryEntityController.optionsForItemResource(org.springframework.data.rest.webmvc.RootResourceInformation)
2017-04-04 13:39:26.677  INFO 8664 --- [    Test worker] o.s.d.r.w.RepositoryRestHandlerMapping   : Mapped "{[/api/{repository}],methods=[HEAD],produces=[application/hal+json || application/json || application/*+json;charset=UTF-8]}" onto public org.springframework.http.ResponseEntity<?> org.springframework.data.rest.webmvc.RepositoryEntityController.headCollectionResource(org.springframework.data.rest.webmvc.RootResourceInformation,org.springframework.data.rest.webmvc.support.DefaultedPageable) throws org.springframework.web.HttpRequestMethodNotSupportedException
2017-04-04 13:39:26.677  INFO 8664 --- [    Test worker] o.s.d.r.w.RepositoryRestHandlerMapping   : Mapped "{[/api/{repository}/{id}],methods=[HEAD],produces=[application/hal+json || application/json || application/*+json;charset=UTF-8]}" onto public org.springframework.http.ResponseEntity<?> org.springframework.data.rest.webmvc.RepositoryEntityController.headForItemResource(org.springframework.data.rest.webmvc.RootResourceInformation,java.io.Serializable,org.springframework.data.rest.webmvc.PersistentEntityResourceAssembler) throws org.springframework.web.HttpRequestMethodNotSupportedException
2017-04-04 13:39:26.677  INFO 8664 --- [    Test worker] o.s.d.r.w.RepositoryRestHandlerMapping   : Mapped "{[/api/{repository}/{id}],methods=[PATCH],produces=[application/hal+json || application/json || application/*+json;charset=UTF-8]}" onto public org.springframework.http.ResponseEntity<org.springframework.hateoas.ResourceSupport> org.springframework.data.rest.webmvc.RepositoryEntityController.patchItemResource(org.springframework.data.rest.webmvc.RootResourceInformation,org.springframework.data.rest.webmvc.PersistentEntityResource,java.io.Serializable,org.springframework.data.rest.webmvc.PersistentEntityResourceAssembler,org.springframework.data.rest.webmvc.support.ETag,java.lang.String) throws org.springframework.web.HttpRequestMethodNotSupportedException,org.springframework.data.rest.webmvc.ResourceNotFoundException
2017-04-04 13:39:26.677  INFO 8664 --- [    Test worker] o.s.d.r.w.RepositoryRestHandlerMapping   : Mapped "{[/api/{repository}],methods=[OPTIONS],produces=[application/hal+json || application/json || application/*+json;charset=UTF-8]}" onto public org.springframework.http.ResponseEntity<?> org.springframework.data.rest.webmvc.RepositoryEntityController.optionsForCollectionResource(org.springframework.data.rest.webmvc.RootResourceInformation)
2017-04-04 13:39:26.677  INFO 8664 --- [    Test worker] o.s.d.r.w.RepositoryRestHandlerMapping   : Mapped "{[/api/{repository}],methods=[GET],produces=[application/hal+json || application/json || application/*+json;charset=UTF-8]}" onto public org.springframework.hateoas.Resources<?> org.springframework.data.rest.webmvc.RepositoryEntityController.getCollectionResource(org.springframework.data.rest.webmvc.RootResourceInformation,org.springframework.data.rest.webmvc.support.DefaultedPageable,org.springframework.data.domain.Sort,org.springframework.data.rest.webmvc.PersistentEntityResourceAssembler) throws org.springframework.data.rest.webmvc.ResourceNotFoundException,org.springframework.web.HttpRequestMethodNotSupportedException
2017-04-04 13:39:26.677  INFO 8664 --- [    Test worker] o.s.d.r.w.RepositoryRestHandlerMapping   : Mapped "{[/api/{repository}],methods=[GET],produces=[application/x-spring-data-compact+json || text/uri-list]}" onto public org.springframework.hateoas.Resources<?> org.springframework.data.rest.webmvc.RepositoryEntityController.getCollectionResourceCompact(org.springframework.data.rest.webmvc.RootResourceInformation,org.springframework.data.rest.webmvc.support.DefaultedPageable,org.springframework.data.domain.Sort,org.springframework.data.rest.webmvc.PersistentEntityResourceAssembler) throws org.springframework.data.rest.webmvc.ResourceNotFoundException,org.springframework.web.HttpRequestMethodNotSupportedException
2017-04-04 13:39:26.677  INFO 8664 --- [    Test worker] o.s.d.r.w.RepositoryRestHandlerMapping   : Mapped "{[/api/{repository}/{id}],methods=[DELETE],produces=[application/hal+json || application/json || application/*+json;charset=UTF-8]}" onto public org.springframework.http.ResponseEntity<?> org.springframework.data.rest.webmvc.RepositoryEntityController.deleteItemResource(org.springframework.data.rest.webmvc.RootResourceInformation,java.io.Serializable,org.springframework.data.rest.webmvc.support.ETag) throws org.springframework.data.rest.webmvc.ResourceNotFoundException,org.springframework.web.HttpRequestMethodNotSupportedException
2017-04-04 13:39:26.677  INFO 8664 --- [    Test worker] o.s.d.r.w.RepositoryRestHandlerMapping   : Mapped "{[/api/{repository}/{id}],methods=[GET],produces=[application/hal+json || application/json || application/*+json;charset=UTF-8]}" onto public org.springframework.http.ResponseEntity<org.springframework.hateoas.Resource<?>> org.springframework.data.rest.webmvc.RepositoryEntityController.getItemResource(org.springframework.data.rest.webmvc.RootResourceInformation,java.io.Serializable,org.springframework.data.rest.webmvc.PersistentEntityResourceAssembler,org.springframework.util.MultiValueMap<java.lang.String, java.lang.String>) throws org.springframework.web.HttpRequestMethodNotSupportedException
2017-04-04 13:39:26.677  INFO 8664 --- [    Test worker] o.s.d.r.w.RepositoryRestHandlerMapping   : Mapped "{[/api/{repository}/{id}],methods=[PUT],produces=[application/hal+json || application/json || application/*+json;charset=UTF-8]}" onto public org.springframework.http.ResponseEntity<? extends org.springframework.hateoas.ResourceSupport> org.springframework.data.rest.webmvc.RepositoryEntityController.putItemResource(org.springframework.data.rest.webmvc.RootResourceInformation,org.springframework.data.rest.webmvc.PersistentEntityResource,java.io.Serializable,org.springframework.data.rest.webmvc.PersistentEntityResourceAssembler,org.springframework.data.rest.webmvc.support.ETag,java.lang.String) throws org.springframework.web.HttpRequestMethodNotSupportedException
2017-04-04 13:39:26.677  INFO 8664 --- [    Test worker] o.s.d.r.w.RepositoryRestHandlerMapping   : Mapped "{[/api/{repository}/{id}/{property}],methods=[GET],produces=[application/x-spring-data-compact+json || text/uri-list]}" onto public org.springframework.http.ResponseEntity<org.springframework.hateoas.ResourceSupport> org.springframework.data.rest.webmvc.RepositoryPropertyReferenceController.followPropertyReferenceCompact(org.springframework.data.rest.webmvc.RootResourceInformation,java.io.Serializable,java.lang.String,org.springframework.data.rest.webmvc.PersistentEntityResourceAssembler) throws java.lang.Exception
2017-04-04 13:39:26.677  INFO 8664 --- [    Test worker] o.s.d.r.w.RepositoryRestHandlerMapping   : Mapped "{[/api/{repository}/{id}/{property}],methods=[DELETE],produces=[application/hal+json || application/json || application/*+json;charset=UTF-8]}" onto public org.springframework.http.ResponseEntity<? extends org.springframework.hateoas.ResourceSupport> org.springframework.data.rest.webmvc.RepositoryPropertyReferenceController.deletePropertyReference(org.springframework.data.rest.webmvc.RootResourceInformation,java.io.Serializable,java.lang.String) throws java.lang.Exception
2017-04-04 13:39:26.677  INFO 8664 --- [    Test worker] o.s.d.r.w.RepositoryRestHandlerMapping   : Mapped "{[/api/{repository}/{id}/{property}/{propertyId}],methods=[DELETE],produces=[application/hal+json || application/json || application/*+json;charset=UTF-8]}" onto public org.springframework.http.ResponseEntity<org.springframework.hateoas.ResourceSupport> org.springframework.data.rest.webmvc.RepositoryPropertyReferenceController.deletePropertyReferenceId(org.springframework.data.rest.webmvc.RootResourceInformation,java.io.Serializable,java.lang.String,java.lang.String) throws java.lang.Exception
2017-04-04 13:39:26.677  INFO 8664 --- [    Test worker] o.s.d.r.w.RepositoryRestHandlerMapping   : Mapped "{[/api/{repository}/{id}/{property}],methods=[GET],produces=[application/hal+json || application/json || application/*+json;charset=UTF-8]}" onto public org.springframework.http.ResponseEntity<org.springframework.hateoas.ResourceSupport> org.springframework.data.rest.webmvc.RepositoryPropertyReferenceController.followPropertyReference(org.springframework.data.rest.webmvc.RootResourceInformation,java.io.Serializable,java.lang.String,org.springframework.data.rest.webmvc.PersistentEntityResourceAssembler) throws java.lang.Exception
2017-04-04 13:39:26.677  INFO 8664 --- [    Test worker] o.s.d.r.w.RepositoryRestHandlerMapping   : Mapped "{[/api/{repository}/{id}/{property}/{propertyId}],methods=[GET],produces=[application/hal+json || application/json || application/*+json;charset=UTF-8]}" onto public org.springframework.http.ResponseEntity<org.springframework.hateoas.ResourceSupport> org.springframework.data.rest.webmvc.RepositoryPropertyReferenceController.followPropertyReference(org.springframework.data.rest.webmvc.RootResourceInformation,java.io.Serializable,java.lang.String,java.lang.String,org.springframework.data.rest.webmvc.PersistentEntityResourceAssembler) throws java.lang.Exception
2017-04-04 13:39:26.677  INFO 8664 --- [    Test worker] o.s.d.r.w.RepositoryRestHandlerMapping   : Mapped "{[/api/{repository}/{id}/{property}],methods=[PATCH || PUT || POST],consumes=[application/json || application/x-spring-data-compact+json || text/uri-list],produces=[application/hal+json || application/json || application/*+json;charset=UTF-8]}" onto public org.springframework.http.ResponseEntity<? extends org.springframework.hateoas.ResourceSupport> org.springframework.data.rest.webmvc.RepositoryPropertyReferenceController.createPropertyReference(org.springframework.data.rest.webmvc.RootResourceInformation,org.springframework.http.HttpMethod,org.springframework.hateoas.Resources<java.lang.Object>,java.io.Serializable,java.lang.String) throws java.lang.Exception
2017-04-04 13:39:26.677  INFO 8664 --- [    Test worker] o.s.d.r.w.RepositoryRestHandlerMapping   : Mapped "{[/api/{repository}/search],methods=[OPTIONS],produces=[application/hal+json || application/json || application/*+json;charset=UTF-8]}" onto public org.springframework.http.HttpEntity<?> org.springframework.data.rest.webmvc.RepositorySearchController.optionsForSearches(org.springframework.data.rest.webmvc.RootResourceInformation)
2017-04-04 13:39:26.677  INFO 8664 --- [    Test worker] o.s.d.r.w.RepositoryRestHandlerMapping   : Mapped "{[/api/{repository}/search/{search}],methods=[GET],produces=[application/x-spring-data-compact+json]}" onto public org.springframework.hateoas.ResourceSupport org.springframework.data.rest.webmvc.RepositorySearchController.executeSearchCompact(org.springframework.data.rest.webmvc.RootResourceInformation,org.springframework.util.MultiValueMap<java.lang.String, java.lang.Object>,java.lang.String,java.lang.String,org.springframework.data.rest.webmvc.support.DefaultedPageable,org.springframework.data.domain.Sort,org.springframework.data.rest.webmvc.PersistentEntityResourceAssembler)
2017-04-04 13:39:26.677  INFO 8664 --- [    Test worker] o.s.d.r.w.RepositoryRestHandlerMapping   : Mapped "{[/api/{repository}/search/{search}],methods=[OPTIONS],produces=[application/hal+json || application/json || application/*+json;charset=UTF-8]}" onto public org.springframework.http.ResponseEntity<java.lang.Object> org.springframework.data.rest.webmvc.RepositorySearchController.optionsForSearch(org.springframework.data.rest.webmvc.RootResourceInformation,java.lang.String)
2017-04-04 13:39:26.677  INFO 8664 --- [    Test worker] o.s.d.r.w.RepositoryRestHandlerMapping   : Mapped "{[/api/{repository}/search/{search}],methods=[HEAD],produces=[application/hal+json || application/json || application/*+json;charset=UTF-8]}" onto public org.springframework.http.ResponseEntity<java.lang.Object> org.springframework.data.rest.webmvc.RepositorySearchController.headForSearch(org.springframework.data.rest.webmvc.RootResourceInformation,java.lang.String)
2017-04-04 13:39:26.677  INFO 8664 --- [    Test worker] o.s.d.r.w.RepositoryRestHandlerMapping   : Mapped "{[/api/{repository}/search],methods=[HEAD],produces=[application/hal+json || application/json || application/*+json;charset=UTF-8]}" onto public org.springframework.http.HttpEntity<?> org.springframework.data.rest.webmvc.RepositorySearchController.headForSearches(org.springframework.data.rest.webmvc.RootResourceInformation)
2017-04-04 13:39:26.677  INFO 8664 --- [    Test worker] o.s.d.r.w.RepositoryRestHandlerMapping   : Mapped "{[/api/{repository}/search],methods=[GET],produces=[application/hal+json || application/json || application/*+json;charset=UTF-8]}" onto public org.springframework.data.rest.webmvc.RepositorySearchesResource org.springframework.data.rest.webmvc.RepositorySearchController.listSearches(org.springframework.data.rest.webmvc.RootResourceInformation)
2017-04-04 13:39:26.677  INFO 8664 --- [    Test worker] o.s.d.r.w.RepositoryRestHandlerMapping   : Mapped "{[/api/{repository}/search/{search}],methods=[GET],produces=[application/hal+json || application/json || application/*+json;charset=UTF-8]}" onto public org.springframework.http.ResponseEntity<java.lang.Object> org.springframework.data.rest.webmvc.RepositorySearchController.executeSearch(org.springframework.data.rest.webmvc.RootResourceInformation,org.springframework.util.MultiValueMap<java.lang.String, java.lang.Object>,java.lang.String,org.springframework.data.rest.webmvc.support.DefaultedPageable,org.springframework.data.domain.Sort,org.springframework.data.rest.webmvc.PersistentEntityResourceAssembler)
2017-04-04 13:39:26.677  INFO 8664 --- [    Test worker] o.s.d.r.w.BasePathAwareHandlerMapping    : Mapped "{[/api/profile/{repository}],methods=[GET],produces=[application/alps+json || */*]}" onto org.springframework.http.HttpEntity<org.springframework.data.rest.webmvc.RootResourceInformation> org.springframework.data.rest.webmvc.alps.AlpsController.descriptor(org.springframework.data.rest.webmvc.RootResourceInformation)
2017-04-04 13:39:26.677  INFO 8664 --- [    Test worker] o.s.d.r.w.BasePathAwareHandlerMapping    : Mapped "{[/api/profile/{repository}],methods=[OPTIONS],produces=[application/alps+json]}" onto org.springframework.http.HttpEntity<?> org.springframework.data.rest.webmvc.alps.AlpsController.alpsOptions()
2017-04-04 13:39:26.677  INFO 8664 --- [    Test worker] o.s.d.r.w.BasePathAwareHandlerMapping    : Mapped "{[/api/profile],methods=[GET]}" onto org.springframework.http.HttpEntity<org.springframework.hateoas.ResourceSupport> org.springframework.data.rest.webmvc.ProfileController.listAllFormsOfMetadata()
2017-04-04 13:39:26.677  INFO 8664 --- [    Test worker] o.s.d.r.w.BasePathAwareHandlerMapping    : Mapped "{[/api/profile],methods=[OPTIONS]}" onto public org.springframework.http.HttpEntity<?> org.springframework.data.rest.webmvc.ProfileController.profileOptions()
2017-04-04 13:39:26.677  INFO 8664 --- [    Test worker] o.s.d.r.w.BasePathAwareHandlerMapping    : Mapped "{[/api/profile/{repository}],methods=[GET],produces=[application/schema+json]}" onto public org.springframework.http.HttpEntity<org.springframework.data.rest.webmvc.json.JsonSchema> org.springframework.data.rest.webmvc.RepositorySchemaController.schema(org.springframework.data.rest.webmvc.RootResourceInformation)
2017-04-04 13:39:26.693  INFO 8664 --- [    Test worker] .m.m.a.ExceptionHandlerExceptionResolver : Detected @ExceptionHandler methods in repositoryRestExceptionHandler
2017-04-04 13:39:26.693  INFO 8664 --- [    Test worker] .m.m.a.ExceptionHandlerExceptionResolver : Detected ResponseBodyAdvice implementation in org.springframework.boot.actuate.autoconfigure.EndpointWebMvcHypermediaManagementContextConfiguration$ActuatorEndpointLinksAdvice
2017-04-04 13:39:26.724  INFO 8664 --- [    Test worker] o.s.b.a.e.mvc.EndpointHandlerMapping     : Mapped "{[/env/{name:.*}],methods=[GET],produces=[application/json]}" onto public java.lang.Object org.springframework.boot.actuate.endpoint.mvc.EnvironmentMvcEndpoint.value(java.lang.String)
2017-04-04 13:39:26.724  INFO 8664 --- [    Test worker] o.s.b.a.e.mvc.EndpointHandlerMapping     : Mapped "{[/env || /env.json],methods=[GET],produces=[application/json]}" onto public java.lang.Object org.springframework.boot.actuate.endpoint.mvc.EndpointMvcAdapter.invoke()
2017-04-04 13:39:26.724  INFO 8664 --- [    Test worker] o.s.b.a.e.mvc.EndpointHandlerMapping     : Mapped "{[/heapdump || /heapdump.json],methods=[GET],produces=[application/octet-stream]}" onto public void org.springframework.boot.actuate.endpoint.mvc.HeapdumpMvcEndpoint.invoke(boolean,javax.servlet.http.HttpServletRequest,javax.servlet.http.HttpServletResponse) throws java.io.IOException,javax.servlet.ServletException
2017-04-04 13:39:26.724  INFO 8664 --- [    Test worker] o.s.b.a.e.mvc.EndpointHandlerMapping     : Mapped "{[/autoconfig || /autoconfig.json],methods=[GET],produces=[application/json]}" onto public java.lang.Object org.springframework.boot.actuate.endpoint.mvc.EndpointMvcAdapter.invoke()
2017-04-04 13:39:26.724  INFO 8664 --- [    Test worker] o.s.b.a.e.mvc.EndpointHandlerMapping     : Mapped "{[/trace || /trace.json],methods=[GET],produces=[application/json]}" onto public java.lang.Object org.springframework.boot.actuate.endpoint.mvc.EndpointMvcAdapter.invoke()
2017-04-04 13:39:26.724  INFO 8664 --- [    Test worker] o.s.b.a.e.mvc.EndpointHandlerMapping     : Mapped "{[/configprops || /configprops.json],methods=[GET],produces=[application/json]}" onto public java.lang.Object org.springframework.boot.actuate.endpoint.mvc.EndpointMvcAdapter.invoke()
2017-04-04 13:39:26.724  INFO 8664 --- [    Test worker] o.s.b.a.e.mvc.EndpointHandlerMapping     : Mapped "{[/beans || /beans.json],methods=[GET],produces=[application/json]}" onto public java.lang.Object org.springframework.boot.actuate.endpoint.mvc.EndpointMvcAdapter.invoke()
2017-04-04 13:39:26.724  INFO 8664 --- [    Test worker] o.s.b.a.e.mvc.EndpointHandlerMapping     : Mapped "{[/dump || /dump.json],methods=[GET],produces=[application/json]}" onto public java.lang.Object org.springframework.boot.actuate.endpoint.mvc.EndpointMvcAdapter.invoke()
2017-04-04 13:39:26.724  INFO 8664 --- [    Test worker] o.s.b.a.e.mvc.EndpointHandlerMapping     : Mapped "{[/health || /health.json],produces=[application/json]}" onto public java.lang.Object org.springframework.boot.actuate.endpoint.mvc.HealthMvcEndpoint.invoke(java.security.Principal)
2017-04-04 13:39:26.724  INFO 8664 --- [    Test worker] o.s.b.a.e.mvc.EndpointHandlerMapping     : Mapped "{[/metrics/{name:.*}],methods=[GET],produces=[application/json]}" onto public java.lang.Object org.springframework.boot.actuate.endpoint.mvc.MetricsMvcEndpoint.value(java.lang.String)
2017-04-04 13:39:26.724  INFO 8664 --- [    Test worker] o.s.b.a.e.mvc.EndpointHandlerMapping     : Mapped "{[/metrics || /metrics.json],methods=[GET],produces=[application/json]}" onto public java.lang.Object org.springframework.boot.actuate.endpoint.mvc.EndpointMvcAdapter.invoke()
2017-04-04 13:39:26.724  INFO 8664 --- [    Test worker] o.s.b.a.e.mvc.EndpointHandlerMapping     : Mapped "{[/mappings || /mappings.json],methods=[GET],produces=[application/json]}" onto public java.lang.Object org.springframework.boot.actuate.endpoint.mvc.EndpointMvcAdapter.invoke()
2017-04-04 13:39:26.724  INFO 8664 --- [    Test worker] o.s.b.a.e.mvc.EndpointHandlerMapping     : Mapped "{[/actuator || /actuator.json],produces=[application/json]}" onto public org.springframework.hateoas.ResourceSupport org.springframework.boot.actuate.endpoint.mvc.HalJsonMvcEndpoint.links()
2017-04-04 13:39:26.724  INFO 8664 --- [    Test worker] o.s.b.a.e.mvc.EndpointHandlerMapping     : Mapped "{[/info || /info.json],methods=[GET],produces=[application/json]}" onto public java.lang.Object org.springframework.boot.actuate.endpoint.mvc.EndpointMvcAdapter.invoke()
2017-04-04 13:39:26.864  INFO 8664 --- [    Test worker] h.storage.FileSystemStorageServiceTest   : Started FileSystemStorageServiceTest in 3.327 seconds (JVM running for 71.21)
2017-04-04 13:39:26.880  INFO 8664 --- [    Test worker] o.s.w.c.s.GenericWebApplicationContext   : Closing org.springframework.web.context.support.GenericWebApplicationContext@4f8246a6: startup date [Tue Apr 04 13:39:23 CDT 2017]; root of context hierarchy
2017-04-04 13:39:26.880  INFO 8664 --- [    Test worker] j.LocalContainerEntityManagerFactoryBean : Closing JPA EntityManagerFactory for persistence unit 'default'

  .   ____          _            __ _ _
 /\\ / ___'_ __ _ _(_)_ __  __ _ \ \ \ \
( ( )\___ | '_ | '_| | '_ \/ _` | \ \ \ \
 \\/  ___)| |_)| | | | | || (_| |  ) ) ) )
  '  |____| .__|_| |_|_| |_\__, | / / / /
 =========|_|==============|___/=/_/_/_/
 :: Spring Boot ::        (v1.4.4.RELEASE)

2017-04-04 13:39:26.911  INFO 8664 --- [    Test worker] h.storage.FileSystemStorageServiceTest   : Starting FileSystemStorageServiceTest on Puget-99033 with PID 8664 (started by Hector in D:\SHRPAS_Project)
2017-04-04 13:39:26.911  INFO 8664 --- [    Test worker] h.storage.FileSystemStorageServiceTest   : The following profiles are active: developer
2017-04-04 13:39:26.911  INFO 8664 --- [    Test worker] o.s.w.c.s.GenericWebApplicationContext   : Refreshing org.springframework.web.context.support.GenericWebApplicationContext@72be45aa: startup date [Tue Apr 04 13:39:26 CDT 2017]; root of context hierarchy
2017-04-04 13:39:27.474  INFO 8664 --- [    Test worker] o.s.b.f.s.DefaultListableBeanFactory     : Overriding bean definition for bean 'managementServletContext' with a different definition: replacing [Root bean: class [null]; scope=; abstract=false; lazyInit=false; autowireMode=3; dependencyCheck=0; autowireCandidate=true; primary=false; factoryBeanName=org.springframework.boot.actuate.autoconfigure.EndpointWebMvcHypermediaManagementContextConfiguration; factoryMethodName=managementServletContext; initMethodName=null; destroyMethodName=(inferred); defined in class path resource [org/springframework/boot/actuate/autoconfigure/EndpointWebMvcHypermediaManagementContextConfiguration.class]] with [Root bean: class [null]; scope=; abstract=false; lazyInit=false; autowireMode=3; dependencyCheck=0; autowireCandidate=true; primary=false; factoryBeanName=org.springframework.boot.actuate.autoconfigure.EndpointWebMvcAutoConfiguration; factoryMethodName=managementServletContext; initMethodName=null; destroyMethodName=(inferred); defined in class path resource [org/springframework/boot/actuate/autoconfigure/EndpointWebMvcAutoConfiguration.class]]
2017-04-04 13:39:27.614  INFO 8664 --- [    Test worker] trationDelegate$BeanPostProcessorChecker : Bean 'org.springframework.transaction.annotation.ProxyTransactionManagementConfiguration' of type [class org.springframework.transaction.annotation.ProxyTransactionManagementConfiguration$$EnhancerBySpringCGLIB$$a51e0bb4] is not eligible for getting processed by all BeanPostProcessors (for example: not eligible for auto-proxying)
2017-04-04 13:39:27.724  INFO 8664 --- [    Test worker] j.LocalContainerEntityManagerFactoryBean : Building JPA container EntityManagerFactory for persistence unit 'default'
2017-04-04 13:39:27.724  INFO 8664 --- [    Test worker] org.hibernate.ejb.Ejb3Configuration      : HHH000204: Processing PersistenceUnitInfo [
	name: default
	...]
2017-04-04 13:39:27.739  INFO 8664 --- [    Test worker] o.h.s.j.c.i.ConnectionProviderInitiator  : HHH000130: Instantiating explicit connection provider: org.hibernate.ejb.connection.InjectedDataSourceConnectionProvider
2017-04-04 13:39:27.739  INFO 8664 --- [    Test worker] org.hibernate.dialect.Dialect            : HHH000400: Using dialect: org.hibernate.dialect.MySQLDialect
2017-04-04 13:39:27.739  INFO 8664 --- [    Test worker] o.h.e.t.i.TransactionFactoryInitiator    : HHH000268: Transaction strategy: org.hibernate.engine.transaction.internal.jdbc.JdbcTransactionFactory
2017-04-04 13:39:27.739  INFO 8664 --- [    Test worker] o.h.h.i.ast.ASTQueryTranslatorFactory    : HHH000397: Using ASTQueryTranslatorFactory
2017-04-04 13:39:27.755  INFO 8664 --- [    Test worker] org.hibernate.tool.hbm2ddl.SchemaExport  : HHH000227: Running hbm2ddl schema export
2017-04-04 13:39:29.224  INFO 8664 --- [    Test worker] org.hibernate.tool.hbm2ddl.SchemaExport  : HHH000230: Schema export complete
2017-04-04 13:39:29.240  WARN 8664 --- [    Test worker] o.h.e.i.EntityManagerFactoryRegistry     : HHH000436: Entity manager factory name (default) is already registered.  If entity manager will be clustered or passivated, specify a unique value for property 'hibernate.ejb.entitymanager_factory_name'
2017-04-04 13:39:29.240  INFO 8664 --- [    Test worker] j.LocalContainerEntityManagerFactoryBean : Initialized JPA EntityManagerFactory for persistence unit 'default'
2017-04-04 13:39:29.349  INFO 8664 --- [    Test worker] o.s.b.f.config.PropertiesFactoryBean     : Loading properties file from class path resource [rest-default-messages.properties]
2017-04-04 13:39:29.615  INFO 8664 --- [    Test worker] s.w.s.m.m.a.RequestMappingHandlerAdapter : Looking for @ControllerAdvice: org.springframework.web.context.support.GenericWebApplicationContext@72be45aa: startup date [Tue Apr 04 13:39:26 CDT 2017]; root of context hierarchy
2017-04-04 13:39:29.615  INFO 8664 --- [    Test worker] s.w.s.m.m.a.RequestMappingHandlerAdapter : Detected ResponseBodyAdvice bean in org.springframework.boot.actuate.autoconfigure.EndpointWebMvcHypermediaManagementContextConfiguration$ActuatorEndpointLinksAdvice
2017-04-04 13:39:29.630  INFO 8664 --- [    Test worker] s.w.s.m.m.a.RequestMappingHandlerMapping : Mapped "{[/api/login],methods=[POST],consumes=[application/json]}" onto public hello.models.LoginResults hello.controllers.AdministratorController.login(java.lang.String,hello.models.LoginRequest,org.springframework.validation.BindingResult,javax.servlet.http.HttpServletResponse)
2017-04-04 13:39:29.630  INFO 8664 --- [    Test worker] s.w.s.m.m.a.RequestMappingHandlerMapping : Mapped "{[/rest/assessments/{id}/users],methods=[POST]}" onto public org.springframework.http.ResponseEntity<hello.models.Assessment> hello.controllers.AssessmentController.addUser(int,hello.models.User) throws java.lang.Exception
2017-04-04 13:39:29.630  INFO 8664 --- [    Test worker] s.w.s.m.m.a.RequestMappingHandlerMapping : Mapped "{[/rest/assessments/{id}],methods=[PATCH]}" onto public org.springframework.http.ResponseEntity<hello.models.Assessment> hello.controllers.AssessmentController.updateAssessment(int,hello.models.Assessment) throws java.lang.Exception
2017-04-04 13:39:29.630  INFO 8664 --- [    Test worker] s.w.s.m.m.a.RequestMappingHandlerMapping : Mapped "{[/rest/assessments/{id}/],methods=[GET]}" onto public org.springframework.http.ResponseEntity<hello.models.Assessment> hello.controllers.AssessmentController.getAssessment(int)
2017-04-04 13:39:29.630  INFO 8664 --- [    Test worker] s.w.s.m.m.a.RequestMappingHandlerMapping : Mapped "{[/rest/assessments/{id}/delete],methods=[DELETE]}" onto public org.springframework.http.ResponseEntity<java.lang.Boolean> hello.controllers.AssessmentController.deleteAssessment(int)
2017-04-04 13:39:29.630  INFO 8664 --- [    Test worker] s.w.s.m.m.a.RequestMappingHandlerMapping : Mapped "{[/rest/assessments/{id}/question],methods=[POST]}" onto public org.springframework.http.ResponseEntity<hello.models.Assessment> hello.controllers.AssessmentController.addQuestion(int,hello.models.Question) throws java.lang.Exception
2017-04-04 13:39:29.630  INFO 8664 --- [    Test worker] s.w.s.m.m.a.RequestMappingHandlerMapping : Mapped "{[/rest/assessments],methods=[POST]}" onto public org.springframework.http.ResponseEntity<hello.models.Assessment> hello.controllers.AssessmentController.addAssessment(javax.servlet.http.HttpSession,hello.models.Assessment) throws java.lang.Exception
2017-04-04 13:39:29.630  INFO 8664 --- [    Test worker] s.w.s.m.m.a.RequestMappingHandlerMapping : Mapped "{[/rest/assessments],methods=[GET]}" onto public java.util.ArrayList<hello.models.Assessment> hello.controllers.AssessmentController.getAllAssessments(javax.servlet.http.HttpSession) throws java.lang.Exception
2017-04-04 13:39:29.630  INFO 8664 --- [    Test worker] s.w.s.m.m.a.RequestMappingHandlerMapping : Mapped "{[/rest/assessments/{id}/question/{questionId}],methods=[POST]}" onto public org.springframework.http.ResponseEntity<hello.models.Assessment> hello.controllers.AssessmentController.addExistingQuestion(int,int)
2017-04-04 13:39:29.630  INFO 8664 --- [    Test worker] s.w.s.m.m.a.RequestMappingHandlerMapping : Mapped "{[/rest/session],methods=[DELETE]}" onto public void hello.controllers.AuthenticationController.logout(javax.servlet.http.HttpSession)
2017-04-04 13:39:29.630  INFO 8664 --- [    Test worker] s.w.s.m.m.a.RequestMappingHandlerMapping : Mapped "{[/rest/session/logout],methods=[POST]}" onto public org.springframework.http.ResponseEntity<hello.models.LogoutResponse> hello.controllers.AuthenticationController.logout() throws java.lang.Exception
2017-04-04 13:39:29.630  INFO 8664 --- [    Test worker] s.w.s.m.m.a.RequestMappingHandlerMapping : Mapped "{[/rest/session/login],methods=[POST]}" onto public org.springframework.http.ResponseEntity<hello.models.LoginResponse> hello.controllers.AuthenticationController.login(hello.models.LoginRequest,javax.servlet.http.HttpSession)
2017-04-04 13:39:29.630  INFO 8664 --- [    Test worker] s.w.s.m.m.a.RequestMappingHandlerMapping : Mapped "{[/rest/session],methods=[GET]}" onto public hello.models.User hello.controllers.AuthenticationController.session(javax.servlet.http.HttpSession)
2017-04-04 13:39:29.630  INFO 8664 --- [    Test worker] s.w.s.m.m.a.RequestMappingHandlerMapping : Mapped "{[/rest/session/is-logged-in],methods=[GET]}" onto public org.springframework.http.ResponseEntity<hello.models.LoginResponse> hello.controllers.AuthenticationController.isLoggedIn(javax.servlet.http.HttpSession)
2017-04-04 13:39:29.630  INFO 8664 --- [    Test worker] s.w.s.m.m.a.RequestMappingHandlerMapping : Mapped "{[/files/upload]}" onto public hello.models.JSONResponse hello.controllers.FileUploadController.uploadFile(org.springframework.web.multipart.MultipartFile)
2017-04-04 13:39:29.630  INFO 8664 --- [    Test worker] s.w.s.m.m.a.RequestMappingHandlerMapping : Mapped "{[/files/{filename:.+}],methods=[GET]}" onto public org.springframework.http.ResponseEntity<org.springframework.core.io.Resource> hello.controllers.FileUploadController.serveFile(java.lang.String)
2017-04-04 13:39:29.630  INFO 8664 --- [    Test worker] s.w.s.m.m.a.RequestMappingHandlerMapping : Mapped "{[/app/*]}" onto public org.springframework.web.servlet.ModelAndView hello.controllers.HomeController.index(javax.servlet.http.HttpSession,javax.servlet.http.HttpServletResponse)
2017-04-04 13:39:29.630  INFO 8664 --- [    Test worker] s.w.s.m.m.a.RequestMappingHandlerMapping : Mapped "{[/app/*/*]}" onto public org.springframework.web.servlet.ModelAndView hello.controllers.HomeController.index2(javax.servlet.http.HttpSession,javax.servlet.http.HttpServletResponse)
2017-04-04 13:39:29.630  INFO 8664 --- [    Test worker] s.w.s.m.m.a.RequestMappingHandlerMapping : Mapped "{[]}" onto public java.lang.String hello.controllers.HomeController.home()
2017-04-04 13:39:29.630  INFO 8664 --- [    Test worker] s.w.s.m.m.a.RequestMappingHandlerMapping : Mapped "{[/rest/participants/{id}],methods=[GET]}" onto public org.springframework.http.ResponseEntity<hello.models.Participant> hello.controllers.ParticipantController.getParticipant(int)
2017-04-04 13:39:29.630  INFO 8664 --- [    Test worker] s.w.s.m.m.a.RequestMappingHandlerMapping : Mapped "{[/rest/participants],methods=[GET]}" onto public java.util.ArrayList<hello.models.Participant> hello.controllers.ParticipantController.getParticipants()
2017-04-04 13:39:29.630  INFO 8664 --- [    Test worker] s.w.s.m.m.a.RequestMappingHandlerMapping : Mapped "{[/rest/participants],methods=[POST]}" onto public org.springframework.http.ResponseEntity<hello.models.Participant> hello.controllers.ParticipantController.addParticipant(hello.models.Participant)
2017-04-04 13:39:29.630  INFO 8664 --- [    Test worker] s.w.s.m.m.a.RequestMappingHandlerMapping : Mapped "{[/rest/participants/{id}],methods=[DELETE]}" onto public org.springframework.http.ResponseEntity<java.lang.Boolean> hello.controllers.ParticipantController.deleteParticipant(int) throws java.lang.Exception
2017-04-04 13:39:29.630  INFO 8664 --- [    Test worker] s.w.s.m.m.a.RequestMappingHandlerMapping : Mapped "{[/rest/participants/{id}],methods=[PUT]}" onto public org.springframework.http.ResponseEntity<hello.models.Participant> hello.controllers.ParticipantController.updateParticipant(int,hello.models.Participant) throws java.lang.Exception
2017-04-04 13:39:29.630  INFO 8664 --- [    Test worker] s.w.s.m.m.a.RequestMappingHandlerMapping : Mapped "{[/rest/questions],methods=[POST]}" onto public org.springframework.http.ResponseEntity<hello.models.Question> hello.controllers.QuestionController.addQuestion(hello.models.Question)
2017-04-04 13:39:29.630  INFO 8664 --- [    Test worker] s.w.s.m.m.a.RequestMappingHandlerMapping : Mapped "{[/rest/questions/{id}],methods=[DELETE]}" onto public org.springframework.http.ResponseEntity<java.lang.Boolean> hello.controllers.QuestionController.deleteQuestion(int)
2017-04-04 13:39:29.630  INFO 8664 --- [    Test worker] s.w.s.m.m.a.RequestMappingHandlerMapping : Mapped "{[/rest/questions],methods=[GET]}" onto public java.util.ArrayList<hello.models.Question> hello.controllers.QuestionController.getQuestions()
2017-04-04 13:39:29.630  INFO 8664 --- [    Test worker] s.w.s.m.m.a.RequestMappingHandlerMapping : Mapped "{[/rest/questions/{id}],methods=[PATCH]}" onto public org.springframework.http.ResponseEntity<hello.models.Question> hello.controllers.QuestionController.updateQuestion(int,hello.models.Question) throws java.lang.Exception
2017-04-04 13:39:29.630  INFO 8664 --- [    Test worker] s.w.s.m.m.a.RequestMappingHandlerMapping : Mapped "{[/rest/questions/{id}/],methods=[GET]}" onto public org.springframework.http.ResponseEntity<hello.models.Question> hello.controllers.QuestionController.getAQuestion(int)
2017-04-04 13:39:29.630  INFO 8664 --- [    Test worker] s.w.s.m.m.a.RequestMappingHandlerMapping : Mapped "{[/rest/targetGroups/{id}/assessment/{assessmentid}],methods=[POST]}" onto public org.springframework.http.ResponseEntity<hello.models.TargetGroup> hello.controllers.TargetGroupController.addExistingAssessmentToTargetGroup(int,int) throws java.lang.Exception
2017-04-04 13:39:29.630  INFO 8664 --- [    Test worker] s.w.s.m.m.a.RequestMappingHandlerMapping : Mapped "{[/rest/targetGroups/{id}/participants/{participantId}],methods=[POST]}" onto public org.springframework.http.ResponseEntity<hello.models.TargetGroup> hello.controllers.TargetGroupController.addExistingParticipantToTargetGroup(int,int) throws java.lang.Exception
2017-04-04 13:39:29.630  INFO 8664 --- [    Test worker] s.w.s.m.m.a.RequestMappingHandlerMapping : Mapped "{[/rest/targetGroups],methods=[POST]}" onto public org.springframework.http.ResponseEntity<hello.models.TargetGroup> hello.controllers.TargetGroupController.addTargetGroup(javax.servlet.http.HttpSession,hello.models.TargetGroup) throws java.lang.Exception
2017-04-04 13:39:29.630  INFO 8664 --- [    Test worker] s.w.s.m.m.a.RequestMappingHandlerMapping : Mapped "{[/rest/targetGroups/{id}],methods=[GET]}" onto public org.springframework.http.ResponseEntity<hello.models.TargetGroup> hello.controllers.TargetGroupController.getTargetGroup(int)
2017-04-04 13:39:29.630  INFO 8664 --- [    Test worker] s.w.s.m.m.a.RequestMappingHandlerMapping : Mapped "{[/rest/targetGroups],methods=[GET]}" onto public java.util.ArrayList<hello.models.TargetGroup> hello.controllers.TargetGroupController.getTargetGroups() throws java.lang.Exception
2017-04-04 13:39:29.630  INFO 8664 --- [    Test worker] s.w.s.m.m.a.RequestMappingHandlerMapping : Mapped "{[/rest/targetGroups/{id}/participants],methods=[GET]}" onto public java.util.ArrayList<hello.models.Participant> hello.controllers.TargetGroupController.getParticipantsInTargetGroup(int) throws java.lang.Exception
2017-04-04 13:39:29.630  INFO 8664 --- [    Test worker] s.w.s.m.m.a.RequestMappingHandlerMapping : Mapped "{[/rest/targetGroups/{id}],methods=[DELETE]}" onto public org.springframework.http.ResponseEntity<java.lang.Boolean> hello.controllers.TargetGroupController.deleteTargetGroup(int) throws java.lang.Exception
2017-04-04 13:39:29.630  INFO 8664 --- [    Test worker] s.w.s.m.m.a.RequestMappingHandlerMapping : Mapped "{[/rest/targetGroups/{id}/participants/{participantId}],methods=[PUT]}" onto public org.springframework.http.ResponseEntity<hello.models.TargetGroup> hello.controllers.TargetGroupController.removeParticipantFromTargetGroup(int,int) throws java.lang.Exception
2017-04-04 13:39:29.630  INFO 8664 --- [    Test worker] s.w.s.m.m.a.RequestMappingHandlerMapping : Mapped "{[/rest/targetGroups/{id}/participant],methods=[POST]}" onto public org.springframework.http.ResponseEntity<hello.models.TargetGroup> hello.controllers.TargetGroupController.addNewParticipantsToTargetGroup(int,hello.models.Participant) throws java.lang.Exception
2017-04-04 13:39:29.630  INFO 8664 --- [    Test worker] s.w.s.m.m.a.RequestMappingHandlerMapping : Mapped "{[/rest/targetGroups/{id}/participants],methods=[POST]}" onto public org.springframework.http.ResponseEntity<hello.models.TargetGroup> hello.controllers.TargetGroupController.addNewParticipantsToTargetGroup(int,java.util.List<hello.models.Participant>) throws java.lang.Exception
2017-04-04 13:39:29.630  INFO 8664 --- [    Test worker] s.w.s.m.m.a.RequestMappingHandlerMapping : Mapped "{[/rest/targetGroups/{id}],methods=[PUT]}" onto public org.springframework.http.ResponseEntity<hello.models.TargetGroup> hello.controllers.TargetGroupController.updateTargetGroup(int,hello.models.TargetGroup) throws java.lang.Exception
2017-04-04 13:39:29.630  INFO 8664 --- [    Test worker] s.w.s.m.m.a.RequestMappingHandlerMapping : Mapped "{[/rest/targetGroups/{id}/assessment],methods=[POST]}" onto public org.springframework.http.ResponseEntity<hello.models.TargetGroup> hello.controllers.TargetGroupController.addNewAssessmentToTargetGroup(int,hello.models.Assessment) throws java.lang.Exception
2017-04-04 13:39:29.630  INFO 8664 --- [    Test worker] s.w.s.m.m.a.RequestMappingHandlerMapping : Mapped "{[/error]}" onto public org.springframework.http.ResponseEntity<java.util.Map<java.lang.String, java.lang.Object>> org.springframework.boot.autoconfigure.web.BasicErrorController.error(javax.servlet.http.HttpServletRequest)
2017-04-04 13:39:29.630  INFO 8664 --- [    Test worker] s.w.s.m.m.a.RequestMappingHandlerMapping : Mapped "{[/error],produces=[text/html]}" onto public org.springframework.web.servlet.ModelAndView org.springframework.boot.autoconfigure.web.BasicErrorController.errorHtml(javax.servlet.http.HttpServletRequest,javax.servlet.http.HttpServletResponse)
2017-04-04 13:39:29.646  INFO 8664 --- [    Test worker] o.s.w.s.handler.SimpleUrlHandlerMapping  : Mapped URL path [/webjars/**] onto handler of type [class org.springframework.web.servlet.resource.ResourceHttpRequestHandler]
2017-04-04 13:39:29.646  INFO 8664 --- [    Test worker] o.s.w.s.handler.SimpleUrlHandlerMapping  : Mapped URL path [/resources/**] onto handler of type [class org.springframework.web.servlet.resource.ResourceHttpRequestHandler]
2017-04-04 13:39:29.661  INFO 8664 --- [    Test worker] .m.m.a.ExceptionHandlerExceptionResolver : Detected @ExceptionHandler methods in repositoryRestExceptionHandler
2017-04-04 13:39:29.661  INFO 8664 --- [    Test worker] .m.m.a.ExceptionHandlerExceptionResolver : Detected ResponseBodyAdvice implementation in org.springframework.boot.actuate.autoconfigure.EndpointWebMvcHypermediaManagementContextConfiguration$ActuatorEndpointLinksAdvice
2017-04-04 13:39:29.661  INFO 8664 --- [    Test worker] o.s.w.s.handler.SimpleUrlHandlerMapping  : Mapped URL path [/**/favicon.ico] onto handler of type [class org.springframework.web.servlet.resource.ResourceHttpRequestHandler]
2017-04-04 13:39:29.708  INFO 8664 --- [    Test worker] oConfiguration$WelcomePageHandlerMapping : Adding welcome page: ServletContext resource [/index.html]
2017-04-04 13:39:29.849  INFO 8664 --- [    Test worker] o.s.d.r.w.RepositoryRestHandlerAdapter   : Looking for @ControllerAdvice: org.springframework.web.context.support.GenericWebApplicationContext@72be45aa: startup date [Tue Apr 04 13:39:26 CDT 2017]; root of context hierarchy
2017-04-04 13:39:29.849  INFO 8664 --- [    Test worker] o.s.d.r.w.RepositoryRestHandlerAdapter   : Detected ResponseBodyAdvice bean in org.springframework.boot.actuate.autoconfigure.EndpointWebMvcHypermediaManagementContextConfiguration$ActuatorEndpointLinksAdvice
2017-04-04 13:39:29.864  INFO 8664 --- [    Test worker] o.s.d.r.w.RepositoryRestHandlerMapping   : Mapped "{[/api/ || /api],methods=[HEAD],produces=[application/hal+json || application/json || application/*+json;charset=UTF-8]}" onto public org.springframework.http.ResponseEntity<?> org.springframework.data.rest.webmvc.RepositoryController.headForRepositories()
2017-04-04 13:39:29.864  INFO 8664 --- [    Test worker] o.s.d.r.w.RepositoryRestHandlerMapping   : Mapped "{[/api/ || /api],methods=[OPTIONS],produces=[application/hal+json || application/json || application/*+json;charset=UTF-8]}" onto public org.springframework.http.HttpEntity<?> org.springframework.data.rest.webmvc.RepositoryController.optionsForRepositories()
2017-04-04 13:39:29.864  INFO 8664 --- [    Test worker] o.s.d.r.w.RepositoryRestHandlerMapping   : Mapped "{[/api/ || /api],methods=[GET],produces=[application/hal+json || application/json || application/*+json;charset=UTF-8]}" onto public org.springframework.http.HttpEntity<org.springframework.data.rest.webmvc.RepositoryLinksResource> org.springframework.data.rest.webmvc.RepositoryController.listRepositories()
2017-04-04 13:39:29.864  INFO 8664 --- [    Test worker] o.s.d.r.w.RepositoryRestHandlerMapping   : Mapped "{[/api/{repository}],methods=[POST],produces=[application/hal+json || application/json || application/*+json;charset=UTF-8]}" onto public org.springframework.http.ResponseEntity<org.springframework.hateoas.ResourceSupport> org.springframework.data.rest.webmvc.RepositoryEntityController.postCollectionResource(org.springframework.data.rest.webmvc.RootResourceInformation,org.springframework.data.rest.webmvc.PersistentEntityResource,org.springframework.data.rest.webmvc.PersistentEntityResourceAssembler,java.lang.String) throws org.springframework.web.HttpRequestMethodNotSupportedException
2017-04-04 13:39:29.864  INFO 8664 --- [    Test worker] o.s.d.r.w.RepositoryRestHandlerMapping   : Mapped "{[/api/{repository}/{id}],methods=[OPTIONS],produces=[application/hal+json || application/json || application/*+json;charset=UTF-8]}" onto public org.springframework.http.ResponseEntity<?> org.springframework.data.rest.webmvc.RepositoryEntityController.optionsForItemResource(org.springframework.data.rest.webmvc.RootResourceInformation)
2017-04-04 13:39:29.864  INFO 8664 --- [    Test worker] o.s.d.r.w.RepositoryRestHandlerMapping   : Mapped "{[/api/{repository}],methods=[HEAD],produces=[application/hal+json || application/json || application/*+json;charset=UTF-8]}" onto public org.springframework.http.ResponseEntity<?> org.springframework.data.rest.webmvc.RepositoryEntityController.headCollectionResource(org.springframework.data.rest.webmvc.RootResourceInformation,org.springframework.data.rest.webmvc.support.DefaultedPageable) throws org.springframework.web.HttpRequestMethodNotSupportedException
2017-04-04 13:39:29.864  INFO 8664 --- [    Test worker] o.s.d.r.w.RepositoryRestHandlerMapping   : Mapped "{[/api/{repository}/{id}],methods=[HEAD],produces=[application/hal+json || application/json || application/*+json;charset=UTF-8]}" onto public org.springframework.http.ResponseEntity<?> org.springframework.data.rest.webmvc.RepositoryEntityController.headForItemResource(org.springframework.data.rest.webmvc.RootResourceInformation,java.io.Serializable,org.springframework.data.rest.webmvc.PersistentEntityResourceAssembler) throws org.springframework.web.HttpRequestMethodNotSupportedException
2017-04-04 13:39:29.864  INFO 8664 --- [    Test worker] o.s.d.r.w.RepositoryRestHandlerMapping   : Mapped "{[/api/{repository}/{id}],methods=[PATCH],produces=[application/hal+json || application/json || application/*+json;charset=UTF-8]}" onto public org.springframework.http.ResponseEntity<org.springframework.hateoas.ResourceSupport> org.springframework.data.rest.webmvc.RepositoryEntityController.patchItemResource(org.springframework.data.rest.webmvc.RootResourceInformation,org.springframework.data.rest.webmvc.PersistentEntityResource,java.io.Serializable,org.springframework.data.rest.webmvc.PersistentEntityResourceAssembler,org.springframework.data.rest.webmvc.support.ETag,java.lang.String) throws org.springframework.web.HttpRequestMethodNotSupportedException,org.springframework.data.rest.webmvc.ResourceNotFoundException
2017-04-04 13:39:29.864  INFO 8664 --- [    Test worker] o.s.d.r.w.RepositoryRestHandlerMapping   : Mapped "{[/api/{repository}],methods=[OPTIONS],produces=[application/hal+json || application/json || application/*+json;charset=UTF-8]}" onto public org.springframework.http.ResponseEntity<?> org.springframework.data.rest.webmvc.RepositoryEntityController.optionsForCollectionResource(org.springframework.data.rest.webmvc.RootResourceInformation)
2017-04-04 13:39:29.864  INFO 8664 --- [    Test worker] o.s.d.r.w.RepositoryRestHandlerMapping   : Mapped "{[/api/{repository}],methods=[GET],produces=[application/hal+json || application/json || application/*+json;charset=UTF-8]}" onto public org.springframework.hateoas.Resources<?> org.springframework.data.rest.webmvc.RepositoryEntityController.getCollectionResource(org.springframework.data.rest.webmvc.RootResourceInformation,org.springframework.data.rest.webmvc.support.DefaultedPageable,org.springframework.data.domain.Sort,org.springframework.data.rest.webmvc.PersistentEntityResourceAssembler) throws org.springframework.data.rest.webmvc.ResourceNotFoundException,org.springframework.web.HttpRequestMethodNotSupportedException
2017-04-04 13:39:29.864  INFO 8664 --- [    Test worker] o.s.d.r.w.RepositoryRestHandlerMapping   : Mapped "{[/api/{repository}],methods=[GET],produces=[application/x-spring-data-compact+json || text/uri-list]}" onto public org.springframework.hateoas.Resources<?> org.springframework.data.rest.webmvc.RepositoryEntityController.getCollectionResourceCompact(org.springframework.data.rest.webmvc.RootResourceInformation,org.springframework.data.rest.webmvc.support.DefaultedPageable,org.springframework.data.domain.Sort,org.springframework.data.rest.webmvc.PersistentEntityResourceAssembler) throws org.springframework.data.rest.webmvc.ResourceNotFoundException,org.springframework.web.HttpRequestMethodNotSupportedException
2017-04-04 13:39:29.864  INFO 8664 --- [    Test worker] o.s.d.r.w.RepositoryRestHandlerMapping   : Mapped "{[/api/{repository}/{id}],methods=[DELETE],produces=[application/hal+json || application/json || application/*+json;charset=UTF-8]}" onto public org.springframework.http.ResponseEntity<?> org.springframework.data.rest.webmvc.RepositoryEntityController.deleteItemResource(org.springframework.data.rest.webmvc.RootResourceInformation,java.io.Serializable,org.springframework.data.rest.webmvc.support.ETag) throws org.springframework.data.rest.webmvc.ResourceNotFoundException,org.springframework.web.HttpRequestMethodNotSupportedException
2017-04-04 13:39:29.864  INFO 8664 --- [    Test worker] o.s.d.r.w.RepositoryRestHandlerMapping   : Mapped "{[/api/{repository}/{id}],methods=[GET],produces=[application/hal+json || application/json || application/*+json;charset=UTF-8]}" onto public org.springframework.http.ResponseEntity<org.springframework.hateoas.Resource<?>> org.springframework.data.rest.webmvc.RepositoryEntityController.getItemResource(org.springframework.data.rest.webmvc.RootResourceInformation,java.io.Serializable,org.springframework.data.rest.webmvc.PersistentEntityResourceAssembler,org.springframework.util.MultiValueMap<java.lang.String, java.lang.String>) throws org.springframework.web.HttpRequestMethodNotSupportedException
2017-04-04 13:39:29.864  INFO 8664 --- [    Test worker] o.s.d.r.w.RepositoryRestHandlerMapping   : Mapped "{[/api/{repository}/{id}],methods=[PUT],produces=[application/hal+json || application/json || application/*+json;charset=UTF-8]}" onto public org.springframework.http.ResponseEntity<? extends org.springframework.hateoas.ResourceSupport> org.springframework.data.rest.webmvc.RepositoryEntityController.putItemResource(org.springframework.data.rest.webmvc.RootResourceInformation,org.springframework.data.rest.webmvc.PersistentEntityResource,java.io.Serializable,org.springframework.data.rest.webmvc.PersistentEntityResourceAssembler,org.springframework.data.rest.webmvc.support.ETag,java.lang.String) throws org.springframework.web.HttpRequestMethodNotSupportedException
2017-04-04 13:39:29.864  INFO 8664 --- [    Test worker] o.s.d.r.w.RepositoryRestHandlerMapping   : Mapped "{[/api/{repository}/{id}/{property}],methods=[GET],produces=[application/x-spring-data-compact+json || text/uri-list]}" onto public org.springframework.http.ResponseEntity<org.springframework.hateoas.ResourceSupport> org.springframework.data.rest.webmvc.RepositoryPropertyReferenceController.followPropertyReferenceCompact(org.springframework.data.rest.webmvc.RootResourceInformation,java.io.Serializable,java.lang.String,org.springframework.data.rest.webmvc.PersistentEntityResourceAssembler) throws java.lang.Exception
2017-04-04 13:39:29.864  INFO 8664 --- [    Test worker] o.s.d.r.w.RepositoryRestHandlerMapping   : Mapped "{[/api/{repository}/{id}/{property}],methods=[DELETE],produces=[application/hal+json || application/json || application/*+json;charset=UTF-8]}" onto public org.springframework.http.ResponseEntity<? extends org.springframework.hateoas.ResourceSupport> org.springframework.data.rest.webmvc.RepositoryPropertyReferenceController.deletePropertyReference(org.springframework.data.rest.webmvc.RootResourceInformation,java.io.Serializable,java.lang.String) throws java.lang.Exception
2017-04-04 13:39:29.864  INFO 8664 --- [    Test worker] o.s.d.r.w.RepositoryRestHandlerMapping   : Mapped "{[/api/{repository}/{id}/{property}/{propertyId}],methods=[DELETE],produces=[application/hal+json || application/json || application/*+json;charset=UTF-8]}" onto public org.springframework.http.ResponseEntity<org.springframework.hateoas.ResourceSupport> org.springframework.data.rest.webmvc.RepositoryPropertyReferenceController.deletePropertyReferenceId(org.springframework.data.rest.webmvc.RootResourceInformation,java.io.Serializable,java.lang.String,java.lang.String) throws java.lang.Exception
2017-04-04 13:39:29.864  INFO 8664 --- [    Test worker] o.s.d.r.w.RepositoryRestHandlerMapping   : Mapped "{[/api/{repository}/{id}/{property}],methods=[GET],produces=[application/hal+json || application/json || application/*+json;charset=UTF-8]}" onto public org.springframework.http.ResponseEntity<org.springframework.hateoas.ResourceSupport> org.springframework.data.rest.webmvc.RepositoryPropertyReferenceController.followPropertyReference(org.springframework.data.rest.webmvc.RootResourceInformation,java.io.Serializable,java.lang.String,org.springframework.data.rest.webmvc.PersistentEntityResourceAssembler) throws java.lang.Exception
2017-04-04 13:39:29.864  INFO 8664 --- [    Test worker] o.s.d.r.w.RepositoryRestHandlerMapping   : Mapped "{[/api/{repository}/{id}/{property}/{propertyId}],methods=[GET],produces=[application/hal+json || application/json || application/*+json;charset=UTF-8]}" onto public org.springframework.http.ResponseEntity<org.springframework.hateoas.ResourceSupport> org.springframework.data.rest.webmvc.RepositoryPropertyReferenceController.followPropertyReference(org.springframework.data.rest.webmvc.RootResourceInformation,java.io.Serializable,java.lang.String,java.lang.String,org.springframework.data.rest.webmvc.PersistentEntityResourceAssembler) throws java.lang.Exception
2017-04-04 13:39:29.864  INFO 8664 --- [    Test worker] o.s.d.r.w.RepositoryRestHandlerMapping   : Mapped "{[/api/{repository}/{id}/{property}],methods=[PATCH || PUT || POST],consumes=[application/json || application/x-spring-data-compact+json || text/uri-list],produces=[application/hal+json || application/json || application/*+json;charset=UTF-8]}" onto public org.springframework.http.ResponseEntity<? extends org.springframework.hateoas.ResourceSupport> org.springframework.data.rest.webmvc.RepositoryPropertyReferenceController.createPropertyReference(org.springframework.data.rest.webmvc.RootResourceInformation,org.springframework.http.HttpMethod,org.springframework.hateoas.Resources<java.lang.Object>,java.io.Serializable,java.lang.String) throws java.lang.Exception
2017-04-04 13:39:29.864  INFO 8664 --- [    Test worker] o.s.d.r.w.RepositoryRestHandlerMapping   : Mapped "{[/api/{repository}/search],methods=[OPTIONS],produces=[application/hal+json || application/json || application/*+json;charset=UTF-8]}" onto public org.springframework.http.HttpEntity<?> org.springframework.data.rest.webmvc.RepositorySearchController.optionsForSearches(org.springframework.data.rest.webmvc.RootResourceInformation)
2017-04-04 13:39:29.864  INFO 8664 --- [    Test worker] o.s.d.r.w.RepositoryRestHandlerMapping   : Mapped "{[/api/{repository}/search/{search}],methods=[GET],produces=[application/x-spring-data-compact+json]}" onto public org.springframework.hateoas.ResourceSupport org.springframework.data.rest.webmvc.RepositorySearchController.executeSearchCompact(org.springframework.data.rest.webmvc.RootResourceInformation,org.springframework.util.MultiValueMap<java.lang.String, java.lang.Object>,java.lang.String,java.lang.String,org.springframework.data.rest.webmvc.support.DefaultedPageable,org.springframework.data.domain.Sort,org.springframework.data.rest.webmvc.PersistentEntityResourceAssembler)
2017-04-04 13:39:29.864  INFO 8664 --- [    Test worker] o.s.d.r.w.RepositoryRestHandlerMapping   : Mapped "{[/api/{repository}/search/{search}],methods=[OPTIONS],produces=[application/hal+json || application/json || application/*+json;charset=UTF-8]}" onto public org.springframework.http.ResponseEntity<java.lang.Object> org.springframework.data.rest.webmvc.RepositorySearchController.optionsForSearch(org.springframework.data.rest.webmvc.RootResourceInformation,java.lang.String)
2017-04-04 13:39:29.864  INFO 8664 --- [    Test worker] o.s.d.r.w.RepositoryRestHandlerMapping   : Mapped "{[/api/{repository}/search/{search}],methods=[HEAD],produces=[application/hal+json || application/json || application/*+json;charset=UTF-8]}" onto public org.springframework.http.ResponseEntity<java.lang.Object> org.springframework.data.rest.webmvc.RepositorySearchController.headForSearch(org.springframework.data.rest.webmvc.RootResourceInformation,java.lang.String)
2017-04-04 13:39:29.864  INFO 8664 --- [    Test worker] o.s.d.r.w.RepositoryRestHandlerMapping   : Mapped "{[/api/{repository}/search],methods=[HEAD],produces=[application/hal+json || application/json || application/*+json;charset=UTF-8]}" onto public org.springframework.http.HttpEntity<?> org.springframework.data.rest.webmvc.RepositorySearchController.headForSearches(org.springframework.data.rest.webmvc.RootResourceInformation)
2017-04-04 13:39:29.864  INFO 8664 --- [    Test worker] o.s.d.r.w.RepositoryRestHandlerMapping   : Mapped "{[/api/{repository}/search],methods=[GET],produces=[application/hal+json || application/json || application/*+json;charset=UTF-8]}" onto public org.springframework.data.rest.webmvc.RepositorySearchesResource org.springframework.data.rest.webmvc.RepositorySearchController.listSearches(org.springframework.data.rest.webmvc.RootResourceInformation)
2017-04-04 13:39:29.864  INFO 8664 --- [    Test worker] o.s.d.r.w.RepositoryRestHandlerMapping   : Mapped "{[/api/{repository}/search/{search}],methods=[GET],produces=[application/hal+json || application/json || application/*+json;charset=UTF-8]}" onto public org.springframework.http.ResponseEntity<java.lang.Object> org.springframework.data.rest.webmvc.RepositorySearchController.executeSearch(org.springframework.data.rest.webmvc.RootResourceInformation,org.springframework.util.MultiValueMap<java.lang.String, java.lang.Object>,java.lang.String,org.springframework.data.rest.webmvc.support.DefaultedPageable,org.springframework.data.domain.Sort,org.springframework.data.rest.webmvc.PersistentEntityResourceAssembler)
2017-04-04 13:39:29.864  INFO 8664 --- [    Test worker] o.s.d.r.w.BasePathAwareHandlerMapping    : Mapped "{[/api/profile/{repository}],methods=[GET],produces=[application/alps+json || */*]}" onto org.springframework.http.HttpEntity<org.springframework.data.rest.webmvc.RootResourceInformation> org.springframework.data.rest.webmvc.alps.AlpsController.descriptor(org.springframework.data.rest.webmvc.RootResourceInformation)
2017-04-04 13:39:29.864  INFO 8664 --- [    Test worker] o.s.d.r.w.BasePathAwareHandlerMapping    : Mapped "{[/api/profile/{repository}],methods=[OPTIONS],produces=[application/alps+json]}" onto org.springframework.http.HttpEntity<?> org.springframework.data.rest.webmvc.alps.AlpsController.alpsOptions()
2017-04-04 13:39:29.864  INFO 8664 --- [    Test worker] o.s.d.r.w.BasePathAwareHandlerMapping    : Mapped "{[/api/profile],methods=[GET]}" onto org.springframework.http.HttpEntity<org.springframework.hateoas.ResourceSupport> org.springframework.data.rest.webmvc.ProfileController.listAllFormsOfMetadata()
2017-04-04 13:39:29.864  INFO 8664 --- [    Test worker] o.s.d.r.w.BasePathAwareHandlerMapping    : Mapped "{[/api/profile],methods=[OPTIONS]}" onto public org.springframework.http.HttpEntity<?> org.springframework.data.rest.webmvc.ProfileController.profileOptions()
2017-04-04 13:39:29.864  INFO 8664 --- [    Test worker] o.s.d.r.w.BasePathAwareHandlerMapping    : Mapped "{[/api/profile/{repository}],methods=[GET],produces=[application/schema+json]}" onto public org.springframework.http.HttpEntity<org.springframework.data.rest.webmvc.json.JsonSchema> org.springframework.data.rest.webmvc.RepositorySchemaController.schema(org.springframework.data.rest.webmvc.RootResourceInformation)
2017-04-04 13:39:29.880  INFO 8664 --- [    Test worker] .m.m.a.ExceptionHandlerExceptionResolver : Detected @ExceptionHandler methods in repositoryRestExceptionHandler
2017-04-04 13:39:29.880  INFO 8664 --- [    Test worker] .m.m.a.ExceptionHandlerExceptionResolver : Detected ResponseBodyAdvice implementation in org.springframework.boot.actuate.autoconfigure.EndpointWebMvcHypermediaManagementContextConfiguration$ActuatorEndpointLinksAdvice
2017-04-04 13:39:29.911  INFO 8664 --- [    Test worker] o.s.b.a.e.mvc.EndpointHandlerMapping     : Mapped "{[/health || /health.json],produces=[application/json]}" onto public java.lang.Object org.springframework.boot.actuate.endpoint.mvc.HealthMvcEndpoint.invoke(java.security.Principal)
2017-04-04 13:39:29.911  INFO 8664 --- [    Test worker] o.s.b.a.e.mvc.EndpointHandlerMapping     : Mapped "{[/actuator || /actuator.json],produces=[application/json]}" onto public org.springframework.hateoas.ResourceSupport org.springframework.boot.actuate.endpoint.mvc.HalJsonMvcEndpoint.links()
2017-04-04 13:39:29.911  INFO 8664 --- [    Test worker] o.s.b.a.e.mvc.EndpointHandlerMapping     : Mapped "{[/mappings || /mappings.json],methods=[GET],produces=[application/json]}" onto public java.lang.Object org.springframework.boot.actuate.endpoint.mvc.EndpointMvcAdapter.invoke()
2017-04-04 13:39:29.911  INFO 8664 --- [    Test worker] o.s.b.a.e.mvc.EndpointHandlerMapping     : Mapped "{[/info || /info.json],methods=[GET],produces=[application/json]}" onto public java.lang.Object org.springframework.boot.actuate.endpoint.mvc.EndpointMvcAdapter.invoke()
2017-04-04 13:39:29.911  INFO 8664 --- [    Test worker] o.s.b.a.e.mvc.EndpointHandlerMapping     : Mapped "{[/configprops || /configprops.json],methods=[GET],produces=[application/json]}" onto public java.lang.Object org.springframework.boot.actuate.endpoint.mvc.EndpointMvcAdapter.invoke()
2017-04-04 13:39:29.911  INFO 8664 --- [    Test worker] o.s.b.a.e.mvc.EndpointHandlerMapping     : Mapped "{[/heapdump || /heapdump.json],methods=[GET],produces=[application/octet-stream]}" onto public void org.springframework.boot.actuate.endpoint.mvc.HeapdumpMvcEndpoint.invoke(boolean,javax.servlet.http.HttpServletRequest,javax.servlet.http.HttpServletResponse) throws java.io.IOException,javax.servlet.ServletException
2017-04-04 13:39:29.911  INFO 8664 --- [    Test worker] o.s.b.a.e.mvc.EndpointHandlerMapping     : Mapped "{[/metrics/{name:.*}],methods=[GET],produces=[application/json]}" onto public java.lang.Object org.springframework.boot.actuate.endpoint.mvc.MetricsMvcEndpoint.value(java.lang.String)
2017-04-04 13:39:29.911  INFO 8664 --- [    Test worker] o.s.b.a.e.mvc.EndpointHandlerMapping     : Mapped "{[/metrics || /metrics.json],methods=[GET],produces=[application/json]}" onto public java.lang.Object org.springframework.boot.actuate.endpoint.mvc.EndpointMvcAdapter.invoke()
2017-04-04 13:39:29.911  INFO 8664 --- [    Test worker] o.s.b.a.e.mvc.EndpointHandlerMapping     : Mapped "{[/env/{name:.*}],methods=[GET],produces=[application/json]}" onto public java.lang.Object org.springframework.boot.actuate.endpoint.mvc.EnvironmentMvcEndpoint.value(java.lang.String)
2017-04-04 13:39:29.911  INFO 8664 --- [    Test worker] o.s.b.a.e.mvc.EndpointHandlerMapping     : Mapped "{[/env || /env.json],methods=[GET],produces=[application/json]}" onto public java.lang.Object org.springframework.boot.actuate.endpoint.mvc.EndpointMvcAdapter.invoke()
2017-04-04 13:39:29.911  INFO 8664 --- [    Test worker] o.s.b.a.e.mvc.EndpointHandlerMapping     : Mapped "{[/dump || /dump.json],methods=[GET],produces=[application/json]}" onto public java.lang.Object org.springframework.boot.actuate.endpoint.mvc.EndpointMvcAdapter.invoke()
2017-04-04 13:39:29.911  INFO 8664 --- [    Test worker] o.s.b.a.e.mvc.EndpointHandlerMapping     : Mapped "{[/autoconfig || /autoconfig.json],methods=[GET],produces=[application/json]}" onto public java.lang.Object org.springframework.boot.actuate.endpoint.mvc.EndpointMvcAdapter.invoke()
2017-04-04 13:39:29.911  INFO 8664 --- [    Test worker] o.s.b.a.e.mvc.EndpointHandlerMapping     : Mapped "{[/trace || /trace.json],methods=[GET],produces=[application/json]}" onto public java.lang.Object org.springframework.boot.actuate.endpoint.mvc.EndpointMvcAdapter.invoke()
2017-04-04 13:39:29.911  INFO 8664 --- [    Test worker] o.s.b.a.e.mvc.EndpointHandlerMapping     : Mapped "{[/beans || /beans.json],methods=[GET],produces=[application/json]}" onto public java.lang.Object org.springframework.boot.actuate.endpoint.mvc.EndpointMvcAdapter.invoke()
2017-04-04 13:39:30.114  INFO 8664 --- [    Test worker] h.storage.FileSystemStorageServiceTest   : Started FileSystemStorageServiceTest in 3.234 seconds (JVM running for 74.45)
2017-04-04 13:39:30.114  INFO 8664 --- [    Test worker] o.s.w.c.s.GenericWebApplicationContext   : Closing org.springframework.web.context.support.GenericWebApplicationContext@72be45aa: startup date [Tue Apr 04 13:39:26 CDT 2017]; root of context hierarchy
2017-04-04 13:39:30.114  INFO 8664 --- [    Test worker] j.LocalContainerEntityManagerFactoryBean : Closing JPA EntityManagerFactory for persistence unit 'default'

  .   ____          _            __ _ _
 /\\ / ___'_ __ _ _(_)_ __  __ _ \ \ \ \
( ( )\___ | '_ | '_| | '_ \/ _` | \ \ \ \
 \\/  ___)| |_)| | | | | || (_| |  ) ) ) )
  '  |____| .__|_| |_|_| |_\__, | / / / /
 =========|_|==============|___/=/_/_/_/
 :: Spring Boot ::        (v1.4.4.RELEASE)

2017-04-04 13:39:30.146  INFO 8664 --- [    Test worker] h.storage.FileSystemStorageServiceTest   : Starting FileSystemStorageServiceTest on Puget-99033 with PID 8664 (started by Hector in D:\SHRPAS_Project)
2017-04-04 13:39:30.146  INFO 8664 --- [    Test worker] h.storage.FileSystemStorageServiceTest   : The following profiles are active: developer
2017-04-04 13:39:30.146  INFO 8664 --- [    Test worker] o.s.w.c.s.GenericWebApplicationContext   : Refreshing org.springframework.web.context.support.GenericWebApplicationContext@2ba567c0: startup date [Tue Apr 04 13:39:30 CDT 2017]; root of context hierarchy
2017-04-04 13:39:30.646  INFO 8664 --- [    Test worker] o.s.b.f.s.DefaultListableBeanFactory     : Overriding bean definition for bean 'managementServletContext' with a different definition: replacing [Root bean: class [null]; scope=; abstract=false; lazyInit=false; autowireMode=3; dependencyCheck=0; autowireCandidate=true; primary=false; factoryBeanName=org.springframework.boot.actuate.autoconfigure.EndpointWebMvcHypermediaManagementContextConfiguration; factoryMethodName=managementServletContext; initMethodName=null; destroyMethodName=(inferred); defined in class path resource [org/springframework/boot/actuate/autoconfigure/EndpointWebMvcHypermediaManagementContextConfiguration.class]] with [Root bean: class [null]; scope=; abstract=false; lazyInit=false; autowireMode=3; dependencyCheck=0; autowireCandidate=true; primary=false; factoryBeanName=org.springframework.boot.actuate.autoconfigure.EndpointWebMvcAutoConfiguration; factoryMethodName=managementServletContext; initMethodName=null; destroyMethodName=(inferred); defined in class path resource [org/springframework/boot/actuate/autoconfigure/EndpointWebMvcAutoConfiguration.class]]
2017-04-04 13:39:30.802  INFO 8664 --- [    Test worker] trationDelegate$BeanPostProcessorChecker : Bean 'org.springframework.transaction.annotation.ProxyTransactionManagementConfiguration' of type [class org.springframework.transaction.annotation.ProxyTransactionManagementConfiguration$$EnhancerBySpringCGLIB$$a51e0bb4] is not eligible for getting processed by all BeanPostProcessors (for example: not eligible for auto-proxying)
2017-04-04 13:39:30.911  INFO 8664 --- [    Test worker] j.LocalContainerEntityManagerFactoryBean : Building JPA container EntityManagerFactory for persistence unit 'default'
2017-04-04 13:39:30.911  INFO 8664 --- [    Test worker] org.hibernate.ejb.Ejb3Configuration      : HHH000204: Processing PersistenceUnitInfo [
	name: default
	...]
2017-04-04 13:39:30.927  INFO 8664 --- [    Test worker] o.h.s.j.c.i.ConnectionProviderInitiator  : HHH000130: Instantiating explicit connection provider: org.hibernate.ejb.connection.InjectedDataSourceConnectionProvider
2017-04-04 13:39:30.942  INFO 8664 --- [    Test worker] org.hibernate.dialect.Dialect            : HHH000400: Using dialect: org.hibernate.dialect.MySQLDialect
2017-04-04 13:39:30.942  INFO 8664 --- [    Test worker] o.h.e.t.i.TransactionFactoryInitiator    : HHH000268: Transaction strategy: org.hibernate.engine.transaction.internal.jdbc.JdbcTransactionFactory
2017-04-04 13:39:30.942  INFO 8664 --- [    Test worker] o.h.h.i.ast.ASTQueryTranslatorFactory    : HHH000397: Using ASTQueryTranslatorFactory
2017-04-04 13:39:30.958  INFO 8664 --- [    Test worker] org.hibernate.tool.hbm2ddl.SchemaExport  : HHH000227: Running hbm2ddl schema export
2017-04-04 13:39:32.567  INFO 8664 --- [    Test worker] org.hibernate.tool.hbm2ddl.SchemaExport  : HHH000230: Schema export complete
2017-04-04 13:39:32.567  WARN 8664 --- [    Test worker] o.h.e.i.EntityManagerFactoryRegistry     : HHH000436: Entity manager factory name (default) is already registered.  If entity manager will be clustered or passivated, specify a unique value for property 'hibernate.ejb.entitymanager_factory_name'
2017-04-04 13:39:32.567  INFO 8664 --- [    Test worker] j.LocalContainerEntityManagerFactoryBean : Initialized JPA EntityManagerFactory for persistence unit 'default'
2017-04-04 13:39:32.692  INFO 8664 --- [    Test worker] o.s.b.f.config.PropertiesFactoryBean     : Loading properties file from class path resource [rest-default-messages.properties]
2017-04-04 13:39:32.958  INFO 8664 --- [    Test worker] s.w.s.m.m.a.RequestMappingHandlerAdapter : Looking for @ControllerAdvice: org.springframework.web.context.support.GenericWebApplicationContext@2ba567c0: startup date [Tue Apr 04 13:39:30 CDT 2017]; root of context hierarchy
2017-04-04 13:39:32.958  INFO 8664 --- [    Test worker] s.w.s.m.m.a.RequestMappingHandlerAdapter : Detected ResponseBodyAdvice bean in org.springframework.boot.actuate.autoconfigure.EndpointWebMvcHypermediaManagementContextConfiguration$ActuatorEndpointLinksAdvice
2017-04-04 13:39:32.974  INFO 8664 --- [    Test worker] s.w.s.m.m.a.RequestMappingHandlerMapping : Mapped "{[/api/login],methods=[POST],consumes=[application/json]}" onto public hello.models.LoginResults hello.controllers.AdministratorController.login(java.lang.String,hello.models.LoginRequest,org.springframework.validation.BindingResult,javax.servlet.http.HttpServletResponse)
2017-04-04 13:39:32.974  INFO 8664 --- [    Test worker] s.w.s.m.m.a.RequestMappingHandlerMapping : Mapped "{[/rest/assessments/{id}/users],methods=[POST]}" onto public org.springframework.http.ResponseEntity<hello.models.Assessment> hello.controllers.AssessmentController.addUser(int,hello.models.User) throws java.lang.Exception
2017-04-04 13:39:32.974  INFO 8664 --- [    Test worker] s.w.s.m.m.a.RequestMappingHandlerMapping : Mapped "{[/rest/assessments/{id}],methods=[PATCH]}" onto public org.springframework.http.ResponseEntity<hello.models.Assessment> hello.controllers.AssessmentController.updateAssessment(int,hello.models.Assessment) throws java.lang.Exception
2017-04-04 13:39:32.974  INFO 8664 --- [    Test worker] s.w.s.m.m.a.RequestMappingHandlerMapping : Mapped "{[/rest/assessments/{id}/],methods=[GET]}" onto public org.springframework.http.ResponseEntity<hello.models.Assessment> hello.controllers.AssessmentController.getAssessment(int)
2017-04-04 13:39:32.974  INFO 8664 --- [    Test worker] s.w.s.m.m.a.RequestMappingHandlerMapping : Mapped "{[/rest/assessments/{id}/delete],methods=[DELETE]}" onto public org.springframework.http.ResponseEntity<java.lang.Boolean> hello.controllers.AssessmentController.deleteAssessment(int)
2017-04-04 13:39:32.974  INFO 8664 --- [    Test worker] s.w.s.m.m.a.RequestMappingHandlerMapping : Mapped "{[/rest/assessments/{id}/question],methods=[POST]}" onto public org.springframework.http.ResponseEntity<hello.models.Assessment> hello.controllers.AssessmentController.addQuestion(int,hello.models.Question) throws java.lang.Exception
2017-04-04 13:39:32.974  INFO 8664 --- [    Test worker] s.w.s.m.m.a.RequestMappingHandlerMapping : Mapped "{[/rest/assessments],methods=[POST]}" onto public org.springframework.http.ResponseEntity<hello.models.Assessment> hello.controllers.AssessmentController.addAssessment(javax.servlet.http.HttpSession,hello.models.Assessment) throws java.lang.Exception
2017-04-04 13:39:32.974  INFO 8664 --- [    Test worker] s.w.s.m.m.a.RequestMappingHandlerMapping : Mapped "{[/rest/assessments],methods=[GET]}" onto public java.util.ArrayList<hello.models.Assessment> hello.controllers.AssessmentController.getAllAssessments(javax.servlet.http.HttpSession) throws java.lang.Exception
2017-04-04 13:39:32.974  INFO 8664 --- [    Test worker] s.w.s.m.m.a.RequestMappingHandlerMapping : Mapped "{[/rest/assessments/{id}/question/{questionId}],methods=[POST]}" onto public org.springframework.http.ResponseEntity<hello.models.Assessment> hello.controllers.AssessmentController.addExistingQuestion(int,int)
2017-04-04 13:39:32.974  INFO 8664 --- [    Test worker] s.w.s.m.m.a.RequestMappingHandlerMapping : Mapped "{[/rest/session],methods=[DELETE]}" onto public void hello.controllers.AuthenticationController.logout(javax.servlet.http.HttpSession)
2017-04-04 13:39:32.974  INFO 8664 --- [    Test worker] s.w.s.m.m.a.RequestMappingHandlerMapping : Mapped "{[/rest/session/logout],methods=[POST]}" onto public org.springframework.http.ResponseEntity<hello.models.LogoutResponse> hello.controllers.AuthenticationController.logout() throws java.lang.Exception
2017-04-04 13:39:32.974  INFO 8664 --- [    Test worker] s.w.s.m.m.a.RequestMappingHandlerMapping : Mapped "{[/rest/session/login],methods=[POST]}" onto public org.springframework.http.ResponseEntity<hello.models.LoginResponse> hello.controllers.AuthenticationController.login(hello.models.LoginRequest,javax.servlet.http.HttpSession)
2017-04-04 13:39:32.974  INFO 8664 --- [    Test worker] s.w.s.m.m.a.RequestMappingHandlerMapping : Mapped "{[/rest/session],methods=[GET]}" onto public hello.models.User hello.controllers.AuthenticationController.session(javax.servlet.http.HttpSession)
2017-04-04 13:39:32.974  INFO 8664 --- [    Test worker] s.w.s.m.m.a.RequestMappingHandlerMapping : Mapped "{[/rest/session/is-logged-in],methods=[GET]}" onto public org.springframework.http.ResponseEntity<hello.models.LoginResponse> hello.controllers.AuthenticationController.isLoggedIn(javax.servlet.http.HttpSession)
2017-04-04 13:39:32.974  INFO 8664 --- [    Test worker] s.w.s.m.m.a.RequestMappingHandlerMapping : Mapped "{[/files/upload]}" onto public hello.models.JSONResponse hello.controllers.FileUploadController.uploadFile(org.springframework.web.multipart.MultipartFile)
2017-04-04 13:39:32.974  INFO 8664 --- [    Test worker] s.w.s.m.m.a.RequestMappingHandlerMapping : Mapped "{[/files/{filename:.+}],methods=[GET]}" onto public org.springframework.http.ResponseEntity<org.springframework.core.io.Resource> hello.controllers.FileUploadController.serveFile(java.lang.String)
2017-04-04 13:39:32.974  INFO 8664 --- [    Test worker] s.w.s.m.m.a.RequestMappingHandlerMapping : Mapped "{[/app/*]}" onto public org.springframework.web.servlet.ModelAndView hello.controllers.HomeController.index(javax.servlet.http.HttpSession,javax.servlet.http.HttpServletResponse)
2017-04-04 13:39:32.974  INFO 8664 --- [    Test worker] s.w.s.m.m.a.RequestMappingHandlerMapping : Mapped "{[/app/*/*]}" onto public org.springframework.web.servlet.ModelAndView hello.controllers.HomeController.index2(javax.servlet.http.HttpSession,javax.servlet.http.HttpServletResponse)
2017-04-04 13:39:32.974  INFO 8664 --- [    Test worker] s.w.s.m.m.a.RequestMappingHandlerMapping : Mapped "{[]}" onto public java.lang.String hello.controllers.HomeController.home()
2017-04-04 13:39:32.974  INFO 8664 --- [    Test worker] s.w.s.m.m.a.RequestMappingHandlerMapping : Mapped "{[/rest/participants/{id}],methods=[GET]}" onto public org.springframework.http.ResponseEntity<hello.models.Participant> hello.controllers.ParticipantController.getParticipant(int)
2017-04-04 13:39:32.974  INFO 8664 --- [    Test worker] s.w.s.m.m.a.RequestMappingHandlerMapping : Mapped "{[/rest/participants],methods=[GET]}" onto public java.util.ArrayList<hello.models.Participant> hello.controllers.ParticipantController.getParticipants()
2017-04-04 13:39:32.974  INFO 8664 --- [    Test worker] s.w.s.m.m.a.RequestMappingHandlerMapping : Mapped "{[/rest/participants],methods=[POST]}" onto public org.springframework.http.ResponseEntity<hello.models.Participant> hello.controllers.ParticipantController.addParticipant(hello.models.Participant)
2017-04-04 13:39:32.974  INFO 8664 --- [    Test worker] s.w.s.m.m.a.RequestMappingHandlerMapping : Mapped "{[/rest/participants/{id}],methods=[DELETE]}" onto public org.springframework.http.ResponseEntity<java.lang.Boolean> hello.controllers.ParticipantController.deleteParticipant(int) throws java.lang.Exception
2017-04-04 13:39:32.974  INFO 8664 --- [    Test worker] s.w.s.m.m.a.RequestMappingHandlerMapping : Mapped "{[/rest/participants/{id}],methods=[PUT]}" onto public org.springframework.http.ResponseEntity<hello.models.Participant> hello.controllers.ParticipantController.updateParticipant(int,hello.models.Participant) throws java.lang.Exception
2017-04-04 13:39:32.974  INFO 8664 --- [    Test worker] s.w.s.m.m.a.RequestMappingHandlerMapping : Mapped "{[/rest/questions],methods=[POST]}" onto public org.springframework.http.ResponseEntity<hello.models.Question> hello.controllers.QuestionController.addQuestion(hello.models.Question)
2017-04-04 13:39:32.974  INFO 8664 --- [    Test worker] s.w.s.m.m.a.RequestMappingHandlerMapping : Mapped "{[/rest/questions/{id}],methods=[DELETE]}" onto public org.springframework.http.ResponseEntity<java.lang.Boolean> hello.controllers.QuestionController.deleteQuestion(int)
2017-04-04 13:39:32.974  INFO 8664 --- [    Test worker] s.w.s.m.m.a.RequestMappingHandlerMapping : Mapped "{[/rest/questions],methods=[GET]}" onto public java.util.ArrayList<hello.models.Question> hello.controllers.QuestionController.getQuestions()
2017-04-04 13:39:32.974  INFO 8664 --- [    Test worker] s.w.s.m.m.a.RequestMappingHandlerMapping : Mapped "{[/rest/questions/{id}],methods=[PATCH]}" onto public org.springframework.http.ResponseEntity<hello.models.Question> hello.controllers.QuestionController.updateQuestion(int,hello.models.Question) throws java.lang.Exception
2017-04-04 13:39:32.974  INFO 8664 --- [    Test worker] s.w.s.m.m.a.RequestMappingHandlerMapping : Mapped "{[/rest/questions/{id}/],methods=[GET]}" onto public org.springframework.http.ResponseEntity<hello.models.Question> hello.controllers.QuestionController.getAQuestion(int)
2017-04-04 13:39:32.974  INFO 8664 --- [    Test worker] s.w.s.m.m.a.RequestMappingHandlerMapping : Mapped "{[/rest/targetGroups/{id}/assessment/{assessmentid}],methods=[POST]}" onto public org.springframework.http.ResponseEntity<hello.models.TargetGroup> hello.controllers.TargetGroupController.addExistingAssessmentToTargetGroup(int,int) throws java.lang.Exception
2017-04-04 13:39:32.974  INFO 8664 --- [    Test worker] s.w.s.m.m.a.RequestMappingHandlerMapping : Mapped "{[/rest/targetGroups/{id}/participants/{participantId}],methods=[POST]}" onto public org.springframework.http.ResponseEntity<hello.models.TargetGroup> hello.controllers.TargetGroupController.addExistingParticipantToTargetGroup(int,int) throws java.lang.Exception
2017-04-04 13:39:32.974  INFO 8664 --- [    Test worker] s.w.s.m.m.a.RequestMappingHandlerMapping : Mapped "{[/rest/targetGroups],methods=[POST]}" onto public org.springframework.http.ResponseEntity<hello.models.TargetGroup> hello.controllers.TargetGroupController.addTargetGroup(javax.servlet.http.HttpSession,hello.models.TargetGroup) throws java.lang.Exception
2017-04-04 13:39:32.974  INFO 8664 --- [    Test worker] s.w.s.m.m.a.RequestMappingHandlerMapping : Mapped "{[/rest/targetGroups/{id}],methods=[GET]}" onto public org.springframework.http.ResponseEntity<hello.models.TargetGroup> hello.controllers.TargetGroupController.getTargetGroup(int)
2017-04-04 13:39:32.974  INFO 8664 --- [    Test worker] s.w.s.m.m.a.RequestMappingHandlerMapping : Mapped "{[/rest/targetGroups],methods=[GET]}" onto public java.util.ArrayList<hello.models.TargetGroup> hello.controllers.TargetGroupController.getTargetGroups() throws java.lang.Exception
2017-04-04 13:39:32.974  INFO 8664 --- [    Test worker] s.w.s.m.m.a.RequestMappingHandlerMapping : Mapped "{[/rest/targetGroups/{id}/participants],methods=[GET]}" onto public java.util.ArrayList<hello.models.Participant> hello.controllers.TargetGroupController.getParticipantsInTargetGroup(int) throws java.lang.Exception
2017-04-04 13:39:32.974  INFO 8664 --- [    Test worker] s.w.s.m.m.a.RequestMappingHandlerMapping : Mapped "{[/rest/targetGroups/{id}],methods=[DELETE]}" onto public org.springframework.http.ResponseEntity<java.lang.Boolean> hello.controllers.TargetGroupController.deleteTargetGroup(int) throws java.lang.Exception
2017-04-04 13:39:32.974  INFO 8664 --- [    Test worker] s.w.s.m.m.a.RequestMappingHandlerMapping : Mapped "{[/rest/targetGroups/{id}/participants/{participantId}],methods=[PUT]}" onto public org.springframework.http.ResponseEntity<hello.models.TargetGroup> hello.controllers.TargetGroupController.removeParticipantFromTargetGroup(int,int) throws java.lang.Exception
2017-04-04 13:39:32.974  INFO 8664 --- [    Test worker] s.w.s.m.m.a.RequestMappingHandlerMapping : Mapped "{[/rest/targetGroups/{id}/participant],methods=[POST]}" onto public org.springframework.http.ResponseEntity<hello.models.TargetGroup> hello.controllers.TargetGroupController.addNewParticipantsToTargetGroup(int,hello.models.Participant) throws java.lang.Exception
2017-04-04 13:39:32.974  INFO 8664 --- [    Test worker] s.w.s.m.m.a.RequestMappingHandlerMapping : Mapped "{[/rest/targetGroups/{id}/participants],methods=[POST]}" onto public org.springframework.http.ResponseEntity<hello.models.TargetGroup> hello.controllers.TargetGroupController.addNewParticipantsToTargetGroup(int,java.util.List<hello.models.Participant>) throws java.lang.Exception
2017-04-04 13:39:32.974  INFO 8664 --- [    Test worker] s.w.s.m.m.a.RequestMappingHandlerMapping : Mapped "{[/rest/targetGroups/{id}],methods=[PUT]}" onto public org.springframework.http.ResponseEntity<hello.models.TargetGroup> hello.controllers.TargetGroupController.updateTargetGroup(int,hello.models.TargetGroup) throws java.lang.Exception
2017-04-04 13:39:32.974  INFO 8664 --- [    Test worker] s.w.s.m.m.a.RequestMappingHandlerMapping : Mapped "{[/rest/targetGroups/{id}/assessment],methods=[POST]}" onto public org.springframework.http.ResponseEntity<hello.models.TargetGroup> hello.controllers.TargetGroupController.addNewAssessmentToTargetGroup(int,hello.models.Assessment) throws java.lang.Exception
2017-04-04 13:39:32.974  INFO 8664 --- [    Test worker] s.w.s.m.m.a.RequestMappingHandlerMapping : Mapped "{[/error]}" onto public org.springframework.http.ResponseEntity<java.util.Map<java.lang.String, java.lang.Object>> org.springframework.boot.autoconfigure.web.BasicErrorController.error(javax.servlet.http.HttpServletRequest)
2017-04-04 13:39:32.974  INFO 8664 --- [    Test worker] s.w.s.m.m.a.RequestMappingHandlerMapping : Mapped "{[/error],produces=[text/html]}" onto public org.springframework.web.servlet.ModelAndView org.springframework.boot.autoconfigure.web.BasicErrorController.errorHtml(javax.servlet.http.HttpServletRequest,javax.servlet.http.HttpServletResponse)
2017-04-04 13:39:33.005  INFO 8664 --- [    Test worker] o.s.w.s.handler.SimpleUrlHandlerMapping  : Mapped URL path [/webjars/**] onto handler of type [class org.springframework.web.servlet.resource.ResourceHttpRequestHandler]
2017-04-04 13:39:33.005  INFO 8664 --- [    Test worker] o.s.w.s.handler.SimpleUrlHandlerMapping  : Mapped URL path [/resources/**] onto handler of type [class org.springframework.web.servlet.resource.ResourceHttpRequestHandler]
2017-04-04 13:39:33.005  INFO 8664 --- [    Test worker] .m.m.a.ExceptionHandlerExceptionResolver : Detected @ExceptionHandler methods in repositoryRestExceptionHandler
2017-04-04 13:39:33.005  INFO 8664 --- [    Test worker] .m.m.a.ExceptionHandlerExceptionResolver : Detected ResponseBodyAdvice implementation in org.springframework.boot.actuate.autoconfigure.EndpointWebMvcHypermediaManagementContextConfiguration$ActuatorEndpointLinksAdvice
2017-04-04 13:39:33.020  INFO 8664 --- [    Test worker] o.s.w.s.handler.SimpleUrlHandlerMapping  : Mapped URL path [/**/favicon.ico] onto handler of type [class org.springframework.web.servlet.resource.ResourceHttpRequestHandler]
2017-04-04 13:39:33.052  INFO 8664 --- [    Test worker] oConfiguration$WelcomePageHandlerMapping : Adding welcome page: ServletContext resource [/index.html]
2017-04-04 13:39:33.208  INFO 8664 --- [    Test worker] o.s.d.r.w.RepositoryRestHandlerAdapter   : Looking for @ControllerAdvice: org.springframework.web.context.support.GenericWebApplicationContext@2ba567c0: startup date [Tue Apr 04 13:39:30 CDT 2017]; root of context hierarchy
2017-04-04 13:39:33.208  INFO 8664 --- [    Test worker] o.s.d.r.w.RepositoryRestHandlerAdapter   : Detected ResponseBodyAdvice bean in org.springframework.boot.actuate.autoconfigure.EndpointWebMvcHypermediaManagementContextConfiguration$ActuatorEndpointLinksAdvice
2017-04-04 13:39:33.224  INFO 8664 --- [    Test worker] o.s.d.r.w.RepositoryRestHandlerMapping   : Mapped "{[/api/ || /api],methods=[HEAD],produces=[application/hal+json || application/json || application/*+json;charset=UTF-8]}" onto public org.springframework.http.ResponseEntity<?> org.springframework.data.rest.webmvc.RepositoryController.headForRepositories()
2017-04-04 13:39:33.224  INFO 8664 --- [    Test worker] o.s.d.r.w.RepositoryRestHandlerMapping   : Mapped "{[/api/ || /api],methods=[OPTIONS],produces=[application/hal+json || application/json || application/*+json;charset=UTF-8]}" onto public org.springframework.http.HttpEntity<?> org.springframework.data.rest.webmvc.RepositoryController.optionsForRepositories()
2017-04-04 13:39:33.224  INFO 8664 --- [    Test worker] o.s.d.r.w.RepositoryRestHandlerMapping   : Mapped "{[/api/ || /api],methods=[GET],produces=[application/hal+json || application/json || application/*+json;charset=UTF-8]}" onto public org.springframework.http.HttpEntity<org.springframework.data.rest.webmvc.RepositoryLinksResource> org.springframework.data.rest.webmvc.RepositoryController.listRepositories()
2017-04-04 13:39:33.224  INFO 8664 --- [    Test worker] o.s.d.r.w.RepositoryRestHandlerMapping   : Mapped "{[/api/{repository}],methods=[POST],produces=[application/hal+json || application/json || application/*+json;charset=UTF-8]}" onto public org.springframework.http.ResponseEntity<org.springframework.hateoas.ResourceSupport> org.springframework.data.rest.webmvc.RepositoryEntityController.postCollectionResource(org.springframework.data.rest.webmvc.RootResourceInformation,org.springframework.data.rest.webmvc.PersistentEntityResource,org.springframework.data.rest.webmvc.PersistentEntityResourceAssembler,java.lang.String) throws org.springframework.web.HttpRequestMethodNotSupportedException
2017-04-04 13:39:33.224  INFO 8664 --- [    Test worker] o.s.d.r.w.RepositoryRestHandlerMapping   : Mapped "{[/api/{repository}/{id}],methods=[OPTIONS],produces=[application/hal+json || application/json || application/*+json;charset=UTF-8]}" onto public org.springframework.http.ResponseEntity<?> org.springframework.data.rest.webmvc.RepositoryEntityController.optionsForItemResource(org.springframework.data.rest.webmvc.RootResourceInformation)
2017-04-04 13:39:33.224  INFO 8664 --- [    Test worker] o.s.d.r.w.RepositoryRestHandlerMapping   : Mapped "{[/api/{repository}],methods=[HEAD],produces=[application/hal+json || application/json || application/*+json;charset=UTF-8]}" onto public org.springframework.http.ResponseEntity<?> org.springframework.data.rest.webmvc.RepositoryEntityController.headCollectionResource(org.springframework.data.rest.webmvc.RootResourceInformation,org.springframework.data.rest.webmvc.support.DefaultedPageable) throws org.springframework.web.HttpRequestMethodNotSupportedException
2017-04-04 13:39:33.224  INFO 8664 --- [    Test worker] o.s.d.r.w.RepositoryRestHandlerMapping   : Mapped "{[/api/{repository}/{id}],methods=[HEAD],produces=[application/hal+json || application/json || application/*+json;charset=UTF-8]}" onto public org.springframework.http.ResponseEntity<?> org.springframework.data.rest.webmvc.RepositoryEntityController.headForItemResource(org.springframework.data.rest.webmvc.RootResourceInformation,java.io.Serializable,org.springframework.data.rest.webmvc.PersistentEntityResourceAssembler) throws org.springframework.web.HttpRequestMethodNotSupportedException
2017-04-04 13:39:33.224  INFO 8664 --- [    Test worker] o.s.d.r.w.RepositoryRestHandlerMapping   : Mapped "{[/api/{repository}/{id}],methods=[PATCH],produces=[application/hal+json || application/json || application/*+json;charset=UTF-8]}" onto public org.springframework.http.ResponseEntity<org.springframework.hateoas.ResourceSupport> org.springframework.data.rest.webmvc.RepositoryEntityController.patchItemResource(org.springframework.data.rest.webmvc.RootResourceInformation,org.springframework.data.rest.webmvc.PersistentEntityResource,java.io.Serializable,org.springframework.data.rest.webmvc.PersistentEntityResourceAssembler,org.springframework.data.rest.webmvc.support.ETag,java.lang.String) throws org.springframework.web.HttpRequestMethodNotSupportedException,org.springframework.data.rest.webmvc.ResourceNotFoundException
2017-04-04 13:39:33.224  INFO 8664 --- [    Test worker] o.s.d.r.w.RepositoryRestHandlerMapping   : Mapped "{[/api/{repository}],methods=[OPTIONS],produces=[application/hal+json || application/json || application/*+json;charset=UTF-8]}" onto public org.springframework.http.ResponseEntity<?> org.springframework.data.rest.webmvc.RepositoryEntityController.optionsForCollectionResource(org.springframework.data.rest.webmvc.RootResourceInformation)
2017-04-04 13:39:33.224  INFO 8664 --- [    Test worker] o.s.d.r.w.RepositoryRestHandlerMapping   : Mapped "{[/api/{repository}],methods=[GET],produces=[application/hal+json || application/json || application/*+json;charset=UTF-8]}" onto public org.springframework.hateoas.Resources<?> org.springframework.data.rest.webmvc.RepositoryEntityController.getCollectionResource(org.springframework.data.rest.webmvc.RootResourceInformation,org.springframework.data.rest.webmvc.support.DefaultedPageable,org.springframework.data.domain.Sort,org.springframework.data.rest.webmvc.PersistentEntityResourceAssembler) throws org.springframework.data.rest.webmvc.ResourceNotFoundException,org.springframework.web.HttpRequestMethodNotSupportedException
2017-04-04 13:39:33.224  INFO 8664 --- [    Test worker] o.s.d.r.w.RepositoryRestHandlerMapping   : Mapped "{[/api/{repository}],methods=[GET],produces=[application/x-spring-data-compact+json || text/uri-list]}" onto public org.springframework.hateoas.Resources<?> org.springframework.data.rest.webmvc.RepositoryEntityController.getCollectionResourceCompact(org.springframework.data.rest.webmvc.RootResourceInformation,org.springframework.data.rest.webmvc.support.DefaultedPageable,org.springframework.data.domain.Sort,org.springframework.data.rest.webmvc.PersistentEntityResourceAssembler) throws org.springframework.data.rest.webmvc.ResourceNotFoundException,org.springframework.web.HttpRequestMethodNotSupportedException
2017-04-04 13:39:33.224  INFO 8664 --- [    Test worker] o.s.d.r.w.RepositoryRestHandlerMapping   : Mapped "{[/api/{repository}/{id}],methods=[DELETE],produces=[application/hal+json || application/json || application/*+json;charset=UTF-8]}" onto public org.springframework.http.ResponseEntity<?> org.springframework.data.rest.webmvc.RepositoryEntityController.deleteItemResource(org.springframework.data.rest.webmvc.RootResourceInformation,java.io.Serializable,org.springframework.data.rest.webmvc.support.ETag) throws org.springframework.data.rest.webmvc.ResourceNotFoundException,org.springframework.web.HttpRequestMethodNotSupportedException
2017-04-04 13:39:33.224  INFO 8664 --- [    Test worker] o.s.d.r.w.RepositoryRestHandlerMapping   : Mapped "{[/api/{repository}/{id}],methods=[GET],produces=[application/hal+json || application/json || application/*+json;charset=UTF-8]}" onto public org.springframework.http.ResponseEntity<org.springframework.hateoas.Resource<?>> org.springframework.data.rest.webmvc.RepositoryEntityController.getItemResource(org.springframework.data.rest.webmvc.RootResourceInformation,java.io.Serializable,org.springframework.data.rest.webmvc.PersistentEntityResourceAssembler,org.springframework.util.MultiValueMap<java.lang.String, java.lang.String>) throws org.springframework.web.HttpRequestMethodNotSupportedException
2017-04-04 13:39:33.224  INFO 8664 --- [    Test worker] o.s.d.r.w.RepositoryRestHandlerMapping   : Mapped "{[/api/{repository}/{id}],methods=[PUT],produces=[application/hal+json || application/json || application/*+json;charset=UTF-8]}" onto public org.springframework.http.ResponseEntity<? extends org.springframework.hateoas.ResourceSupport> org.springframework.data.rest.webmvc.RepositoryEntityController.putItemResource(org.springframework.data.rest.webmvc.RootResourceInformation,org.springframework.data.rest.webmvc.PersistentEntityResource,java.io.Serializable,org.springframework.data.rest.webmvc.PersistentEntityResourceAssembler,org.springframework.data.rest.webmvc.support.ETag,java.lang.String) throws org.springframework.web.HttpRequestMethodNotSupportedException
2017-04-04 13:39:33.224  INFO 8664 --- [    Test worker] o.s.d.r.w.RepositoryRestHandlerMapping   : Mapped "{[/api/{repository}/{id}/{property}],methods=[GET],produces=[application/x-spring-data-compact+json || text/uri-list]}" onto public org.springframework.http.ResponseEntity<org.springframework.hateoas.ResourceSupport> org.springframework.data.rest.webmvc.RepositoryPropertyReferenceController.followPropertyReferenceCompact(org.springframework.data.rest.webmvc.RootResourceInformation,java.io.Serializable,java.lang.String,org.springframework.data.rest.webmvc.PersistentEntityResourceAssembler) throws java.lang.Exception
2017-04-04 13:39:33.224  INFO 8664 --- [    Test worker] o.s.d.r.w.RepositoryRestHandlerMapping   : Mapped "{[/api/{repository}/{id}/{property}],methods=[DELETE],produces=[application/hal+json || application/json || application/*+json;charset=UTF-8]}" onto public org.springframework.http.ResponseEntity<? extends org.springframework.hateoas.ResourceSupport> org.springframework.data.rest.webmvc.RepositoryPropertyReferenceController.deletePropertyReference(org.springframework.data.rest.webmvc.RootResourceInformation,java.io.Serializable,java.lang.String) throws java.lang.Exception
2017-04-04 13:39:33.224  INFO 8664 --- [    Test worker] o.s.d.r.w.RepositoryRestHandlerMapping   : Mapped "{[/api/{repository}/{id}/{property}/{propertyId}],methods=[DELETE],produces=[application/hal+json || application/json || application/*+json;charset=UTF-8]}" onto public org.springframework.http.ResponseEntity<org.springframework.hateoas.ResourceSupport> org.springframework.data.rest.webmvc.RepositoryPropertyReferenceController.deletePropertyReferenceId(org.springframework.data.rest.webmvc.RootResourceInformation,java.io.Serializable,java.lang.String,java.lang.String) throws java.lang.Exception
2017-04-04 13:39:33.224  INFO 8664 --- [    Test worker] o.s.d.r.w.RepositoryRestHandlerMapping   : Mapped "{[/api/{repository}/{id}/{property}],methods=[GET],produces=[application/hal+json || application/json || application/*+json;charset=UTF-8]}" onto public org.springframework.http.ResponseEntity<org.springframework.hateoas.ResourceSupport> org.springframework.data.rest.webmvc.RepositoryPropertyReferenceController.followPropertyReference(org.springframework.data.rest.webmvc.RootResourceInformation,java.io.Serializable,java.lang.String,org.springframework.data.rest.webmvc.PersistentEntityResourceAssembler) throws java.lang.Exception
2017-04-04 13:39:33.224  INFO 8664 --- [    Test worker] o.s.d.r.w.RepositoryRestHandlerMapping   : Mapped "{[/api/{repository}/{id}/{property}/{propertyId}],methods=[GET],produces=[application/hal+json || application/json || application/*+json;charset=UTF-8]}" onto public org.springframework.http.ResponseEntity<org.springframework.hateoas.ResourceSupport> org.springframework.data.rest.webmvc.RepositoryPropertyReferenceController.followPropertyReference(org.springframework.data.rest.webmvc.RootResourceInformation,java.io.Serializable,java.lang.String,java.lang.String,org.springframework.data.rest.webmvc.PersistentEntityResourceAssembler) throws java.lang.Exception
2017-04-04 13:39:33.224  INFO 8664 --- [    Test worker] o.s.d.r.w.RepositoryRestHandlerMapping   : Mapped "{[/api/{repository}/{id}/{property}],methods=[PATCH || PUT || POST],consumes=[application/json || application/x-spring-data-compact+json || text/uri-list],produces=[application/hal+json || application/json || application/*+json;charset=UTF-8]}" onto public org.springframework.http.ResponseEntity<? extends org.springframework.hateoas.ResourceSupport> org.springframework.data.rest.webmvc.RepositoryPropertyReferenceController.createPropertyReference(org.springframework.data.rest.webmvc.RootResourceInformation,org.springframework.http.HttpMethod,org.springframework.hateoas.Resources<java.lang.Object>,java.io.Serializable,java.lang.String) throws java.lang.Exception
2017-04-04 13:39:33.224  INFO 8664 --- [    Test worker] o.s.d.r.w.RepositoryRestHandlerMapping   : Mapped "{[/api/{repository}/search],methods=[OPTIONS],produces=[application/hal+json || application/json || application/*+json;charset=UTF-8]}" onto public org.springframework.http.HttpEntity<?> org.springframework.data.rest.webmvc.RepositorySearchController.optionsForSearches(org.springframework.data.rest.webmvc.RootResourceInformation)
2017-04-04 13:39:33.224  INFO 8664 --- [    Test worker] o.s.d.r.w.RepositoryRestHandlerMapping   : Mapped "{[/api/{repository}/search/{search}],methods=[GET],produces=[application/x-spring-data-compact+json]}" onto public org.springframework.hateoas.ResourceSupport org.springframework.data.rest.webmvc.RepositorySearchController.executeSearchCompact(org.springframework.data.rest.webmvc.RootResourceInformation,org.springframework.util.MultiValueMap<java.lang.String, java.lang.Object>,java.lang.String,java.lang.String,org.springframework.data.rest.webmvc.support.DefaultedPageable,org.springframework.data.domain.Sort,org.springframework.data.rest.webmvc.PersistentEntityResourceAssembler)
2017-04-04 13:39:33.224  INFO 8664 --- [    Test worker] o.s.d.r.w.RepositoryRestHandlerMapping   : Mapped "{[/api/{repository}/search/{search}],methods=[OPTIONS],produces=[application/hal+json || application/json || application/*+json;charset=UTF-8]}" onto public org.springframework.http.ResponseEntity<java.lang.Object> org.springframework.data.rest.webmvc.RepositorySearchController.optionsForSearch(org.springframework.data.rest.webmvc.RootResourceInformation,java.lang.String)
2017-04-04 13:39:33.224  INFO 8664 --- [    Test worker] o.s.d.r.w.RepositoryRestHandlerMapping   : Mapped "{[/api/{repository}/search/{search}],methods=[HEAD],produces=[application/hal+json || application/json || application/*+json;charset=UTF-8]}" onto public org.springframework.http.ResponseEntity<java.lang.Object> org.springframework.data.rest.webmvc.RepositorySearchController.headForSearch(org.springframework.data.rest.webmvc.RootResourceInformation,java.lang.String)
2017-04-04 13:39:33.224  INFO 8664 --- [    Test worker] o.s.d.r.w.RepositoryRestHandlerMapping   : Mapped "{[/api/{repository}/search],methods=[HEAD],produces=[application/hal+json || application/json || application/*+json;charset=UTF-8]}" onto public org.springframework.http.HttpEntity<?> org.springframework.data.rest.webmvc.RepositorySearchController.headForSearches(org.springframework.data.rest.webmvc.RootResourceInformation)
2017-04-04 13:39:33.224  INFO 8664 --- [    Test worker] o.s.d.r.w.RepositoryRestHandlerMapping   : Mapped "{[/api/{repository}/search],methods=[GET],produces=[application/hal+json || application/json || application/*+json;charset=UTF-8]}" onto public org.springframework.data.rest.webmvc.RepositorySearchesResource org.springframework.data.rest.webmvc.RepositorySearchController.listSearches(org.springframework.data.rest.webmvc.RootResourceInformation)
2017-04-04 13:39:33.224  INFO 8664 --- [    Test worker] o.s.d.r.w.RepositoryRestHandlerMapping   : Mapped "{[/api/{repository}/search/{search}],methods=[GET],produces=[application/hal+json || application/json || application/*+json;charset=UTF-8]}" onto public org.springframework.http.ResponseEntity<java.lang.Object> org.springframework.data.rest.webmvc.RepositorySearchController.executeSearch(org.springframework.data.rest.webmvc.RootResourceInformation,org.springframework.util.MultiValueMap<java.lang.String, java.lang.Object>,java.lang.String,org.springframework.data.rest.webmvc.support.DefaultedPageable,org.springframework.data.domain.Sort,org.springframework.data.rest.webmvc.PersistentEntityResourceAssembler)
2017-04-04 13:39:33.224  INFO 8664 --- [    Test worker] o.s.d.r.w.BasePathAwareHandlerMapping    : Mapped "{[/api/profile/{repository}],methods=[GET],produces=[application/alps+json || */*]}" onto org.springframework.http.HttpEntity<org.springframework.data.rest.webmvc.RootResourceInformation> org.springframework.data.rest.webmvc.alps.AlpsController.descriptor(org.springframework.data.rest.webmvc.RootResourceInformation)
2017-04-04 13:39:33.224  INFO 8664 --- [    Test worker] o.s.d.r.w.BasePathAwareHandlerMapping    : Mapped "{[/api/profile/{repository}],methods=[OPTIONS],produces=[application/alps+json]}" onto org.springframework.http.HttpEntity<?> org.springframework.data.rest.webmvc.alps.AlpsController.alpsOptions()
2017-04-04 13:39:33.224  INFO 8664 --- [    Test worker] o.s.d.r.w.BasePathAwareHandlerMapping    : Mapped "{[/api/profile],methods=[GET]}" onto org.springframework.http.HttpEntity<org.springframework.hateoas.ResourceSupport> org.springframework.data.rest.webmvc.ProfileController.listAllFormsOfMetadata()
2017-04-04 13:39:33.224  INFO 8664 --- [    Test worker] o.s.d.r.w.BasePathAwareHandlerMapping    : Mapped "{[/api/profile],methods=[OPTIONS]}" onto public org.springframework.http.HttpEntity<?> org.springframework.data.rest.webmvc.ProfileController.profileOptions()
2017-04-04 13:39:33.224  INFO 8664 --- [    Test worker] o.s.d.r.w.BasePathAwareHandlerMapping    : Mapped "{[/api/profile/{repository}],methods=[GET],produces=[application/schema+json]}" onto public org.springframework.http.HttpEntity<org.springframework.data.rest.webmvc.json.JsonSchema> org.springframework.data.rest.webmvc.RepositorySchemaController.schema(org.springframework.data.rest.webmvc.RootResourceInformation)
2017-04-04 13:39:33.224  INFO 8664 --- [    Test worker] .m.m.a.ExceptionHandlerExceptionResolver : Detected @ExceptionHandler methods in repositoryRestExceptionHandler
2017-04-04 13:39:33.224  INFO 8664 --- [    Test worker] .m.m.a.ExceptionHandlerExceptionResolver : Detected ResponseBodyAdvice implementation in org.springframework.boot.actuate.autoconfigure.EndpointWebMvcHypermediaManagementContextConfiguration$ActuatorEndpointLinksAdvice
2017-04-04 13:39:33.270  INFO 8664 --- [    Test worker] o.s.b.a.e.mvc.EndpointHandlerMapping     : Mapped "{[/metrics/{name:.*}],methods=[GET],produces=[application/json]}" onto public java.lang.Object org.springframework.boot.actuate.endpoint.mvc.MetricsMvcEndpoint.value(java.lang.String)
2017-04-04 13:39:33.270  INFO 8664 --- [    Test worker] o.s.b.a.e.mvc.EndpointHandlerMapping     : Mapped "{[/metrics || /metrics.json],methods=[GET],produces=[application/json]}" onto public java.lang.Object org.springframework.boot.actuate.endpoint.mvc.EndpointMvcAdapter.invoke()
2017-04-04 13:39:33.270  INFO 8664 --- [    Test worker] o.s.b.a.e.mvc.EndpointHandlerMapping     : Mapped "{[/trace || /trace.json],methods=[GET],produces=[application/json]}" onto public java.lang.Object org.springframework.boot.actuate.endpoint.mvc.EndpointMvcAdapter.invoke()
2017-04-04 13:39:33.270  INFO 8664 --- [    Test worker] o.s.b.a.e.mvc.EndpointHandlerMapping     : Mapped "{[/mappings || /mappings.json],methods=[GET],produces=[application/json]}" onto public java.lang.Object org.springframework.boot.actuate.endpoint.mvc.EndpointMvcAdapter.invoke()
2017-04-04 13:39:33.270  INFO 8664 --- [    Test worker] o.s.b.a.e.mvc.EndpointHandlerMapping     : Mapped "{[/dump || /dump.json],methods=[GET],produces=[application/json]}" onto public java.lang.Object org.springframework.boot.actuate.endpoint.mvc.EndpointMvcAdapter.invoke()
2017-04-04 13:39:33.270  INFO 8664 --- [    Test worker] o.s.b.a.e.mvc.EndpointHandlerMapping     : Mapped "{[/env/{name:.*}],methods=[GET],produces=[application/json]}" onto public java.lang.Object org.springframework.boot.actuate.endpoint.mvc.EnvironmentMvcEndpoint.value(java.lang.String)
2017-04-04 13:39:33.270  INFO 8664 --- [    Test worker] o.s.b.a.e.mvc.EndpointHandlerMapping     : Mapped "{[/env || /env.json],methods=[GET],produces=[application/json]}" onto public java.lang.Object org.springframework.boot.actuate.endpoint.mvc.EndpointMvcAdapter.invoke()
2017-04-04 13:39:33.270  INFO 8664 --- [    Test worker] o.s.b.a.e.mvc.EndpointHandlerMapping     : Mapped "{[/info || /info.json],methods=[GET],produces=[application/json]}" onto public java.lang.Object org.springframework.boot.actuate.endpoint.mvc.EndpointMvcAdapter.invoke()
2017-04-04 13:39:33.270  INFO 8664 --- [    Test worker] o.s.b.a.e.mvc.EndpointHandlerMapping     : Mapped "{[/actuator || /actuator.json],produces=[application/json]}" onto public org.springframework.hateoas.ResourceSupport org.springframework.boot.actuate.endpoint.mvc.HalJsonMvcEndpoint.links()
2017-04-04 13:39:33.270  INFO 8664 --- [    Test worker] o.s.b.a.e.mvc.EndpointHandlerMapping     : Mapped "{[/beans || /beans.json],methods=[GET],produces=[application/json]}" onto public java.lang.Object org.springframework.boot.actuate.endpoint.mvc.EndpointMvcAdapter.invoke()
2017-04-04 13:39:33.270  INFO 8664 --- [    Test worker] o.s.b.a.e.mvc.EndpointHandlerMapping     : Mapped "{[/configprops || /configprops.json],methods=[GET],produces=[application/json]}" onto public java.lang.Object org.springframework.boot.actuate.endpoint.mvc.EndpointMvcAdapter.invoke()
2017-04-04 13:39:33.270  INFO 8664 --- [    Test worker] o.s.b.a.e.mvc.EndpointHandlerMapping     : Mapped "{[/health || /health.json],produces=[application/json]}" onto public java.lang.Object org.springframework.boot.actuate.endpoint.mvc.HealthMvcEndpoint.invoke(java.security.Principal)
2017-04-04 13:39:33.270  INFO 8664 --- [    Test worker] o.s.b.a.e.mvc.EndpointHandlerMapping     : Mapped "{[/heapdump || /heapdump.json],methods=[GET],produces=[application/octet-stream]}" onto public void org.springframework.boot.actuate.endpoint.mvc.HeapdumpMvcEndpoint.invoke(boolean,javax.servlet.http.HttpServletRequest,javax.servlet.http.HttpServletResponse) throws java.io.IOException,javax.servlet.ServletException
2017-04-04 13:39:33.270  INFO 8664 --- [    Test worker] o.s.b.a.e.mvc.EndpointHandlerMapping     : Mapped "{[/autoconfig || /autoconfig.json],methods=[GET],produces=[application/json]}" onto public java.lang.Object org.springframework.boot.actuate.endpoint.mvc.EndpointMvcAdapter.invoke()
2017-04-04 13:39:33.412  INFO 8664 --- [    Test worker] h.storage.FileSystemStorageServiceTest   : Started FileSystemStorageServiceTest in 3.298 seconds (JVM running for 77.757)
2017-04-04 13:39:33.428  INFO 8664 --- [    Test worker] o.s.w.c.s.GenericWebApplicationContext   : Closing org.springframework.web.context.support.GenericWebApplicationContext@2ba567c0: startup date [Tue Apr 04 13:39:30 CDT 2017]; root of context hierarchy
2017-04-04 13:39:33.428  INFO 8664 --- [    Test worker] j.LocalContainerEntityManagerFactoryBean : Closing JPA EntityManagerFactory for persistence unit 'default'

  .   ____          _            __ _ _
 /\\ / ___'_ __ _ _(_)_ __  __ _ \ \ \ \
( ( )\___ | '_ | '_| | '_ \/ _` | \ \ \ \
 \\/  ___)| |_)| | | | | || (_| |  ) ) ) )
  '  |____| .__|_| |_|_| |_\__, | / / / /
 =========|_|==============|___/=/_/_/_/
 :: Spring Boot ::        (v1.4.4.RELEASE)

2017-04-04 13:39:33.459  INFO 8664 --- [    Test worker] h.storage.FileSystemStorageServiceTest   : Starting FileSystemStorageServiceTest on Puget-99033 with PID 8664 (started by Hector in D:\SHRPAS_Project)
2017-04-04 13:39:33.459  INFO 8664 --- [    Test worker] h.storage.FileSystemStorageServiceTest   : The following profiles are active: developer
2017-04-04 13:39:33.459  INFO 8664 --- [    Test worker] o.s.w.c.s.GenericWebApplicationContext   : Refreshing org.springframework.web.context.support.GenericWebApplicationContext@680ddff4: startup date [Tue Apr 04 13:39:33 CDT 2017]; root of context hierarchy
2017-04-04 13:39:34.006  INFO 8664 --- [    Test worker] o.s.b.f.s.DefaultListableBeanFactory     : Overriding bean definition for bean 'managementServletContext' with a different definition: replacing [Root bean: class [null]; scope=; abstract=false; lazyInit=false; autowireMode=3; dependencyCheck=0; autowireCandidate=true; primary=false; factoryBeanName=org.springframework.boot.actuate.autoconfigure.EndpointWebMvcHypermediaManagementContextConfiguration; factoryMethodName=managementServletContext; initMethodName=null; destroyMethodName=(inferred); defined in class path resource [org/springframework/boot/actuate/autoconfigure/EndpointWebMvcHypermediaManagementContextConfiguration.class]] with [Root bean: class [null]; scope=; abstract=false; lazyInit=false; autowireMode=3; dependencyCheck=0; autowireCandidate=true; primary=false; factoryBeanName=org.springframework.boot.actuate.autoconfigure.EndpointWebMvcAutoConfiguration; factoryMethodName=managementServletContext; initMethodName=null; destroyMethodName=(inferred); defined in class path resource [org/springframework/boot/actuate/autoconfigure/EndpointWebMvcAutoConfiguration.class]]
2017-04-04 13:39:34.131  INFO 8664 --- [    Test worker] trationDelegate$BeanPostProcessorChecker : Bean 'org.springframework.transaction.annotation.ProxyTransactionManagementConfiguration' of type [class org.springframework.transaction.annotation.ProxyTransactionManagementConfiguration$$EnhancerBySpringCGLIB$$a51e0bb4] is not eligible for getting processed by all BeanPostProcessors (for example: not eligible for auto-proxying)
2017-04-04 13:39:34.240  INFO 8664 --- [    Test worker] j.LocalContainerEntityManagerFactoryBean : Building JPA container EntityManagerFactory for persistence unit 'default'
2017-04-04 13:39:34.240  INFO 8664 --- [    Test worker] org.hibernate.ejb.Ejb3Configuration      : HHH000204: Processing PersistenceUnitInfo [
	name: default
	...]
2017-04-04 13:39:34.256  INFO 8664 --- [    Test worker] o.h.s.j.c.i.ConnectionProviderInitiator  : HHH000130: Instantiating explicit connection provider: org.hibernate.ejb.connection.InjectedDataSourceConnectionProvider
2017-04-04 13:39:34.271  INFO 8664 --- [    Test worker] org.hibernate.dialect.Dialect            : HHH000400: Using dialect: org.hibernate.dialect.MySQLDialect
2017-04-04 13:39:34.271  INFO 8664 --- [    Test worker] o.h.e.t.i.TransactionFactoryInitiator    : HHH000268: Transaction strategy: org.hibernate.engine.transaction.internal.jdbc.JdbcTransactionFactory
2017-04-04 13:39:34.271  INFO 8664 --- [    Test worker] o.h.h.i.ast.ASTQueryTranslatorFactory    : HHH000397: Using ASTQueryTranslatorFactory
2017-04-04 13:39:34.271  INFO 8664 --- [    Test worker] org.hibernate.tool.hbm2ddl.SchemaExport  : HHH000227: Running hbm2ddl schema export
2017-04-04 13:39:35.847  INFO 8664 --- [    Test worker] org.hibernate.tool.hbm2ddl.SchemaExport  : HHH000230: Schema export complete
2017-04-04 13:39:35.849  WARN 8664 --- [    Test worker] o.h.e.i.EntityManagerFactoryRegistry     : HHH000436: Entity manager factory name (default) is already registered.  If entity manager will be clustered or passivated, specify a unique value for property 'hibernate.ejb.entitymanager_factory_name'
2017-04-04 13:39:35.849  INFO 8664 --- [    Test worker] j.LocalContainerEntityManagerFactoryBean : Initialized JPA EntityManagerFactory for persistence unit 'default'
2017-04-04 13:39:35.990  INFO 8664 --- [    Test worker] o.s.b.f.config.PropertiesFactoryBean     : Loading properties file from class path resource [rest-default-messages.properties]
2017-04-04 13:39:36.240  INFO 8664 --- [    Test worker] s.w.s.m.m.a.RequestMappingHandlerAdapter : Looking for @ControllerAdvice: org.springframework.web.context.support.GenericWebApplicationContext@680ddff4: startup date [Tue Apr 04 13:39:33 CDT 2017]; root of context hierarchy
2017-04-04 13:39:36.240  INFO 8664 --- [    Test worker] s.w.s.m.m.a.RequestMappingHandlerAdapter : Detected ResponseBodyAdvice bean in org.springframework.boot.actuate.autoconfigure.EndpointWebMvcHypermediaManagementContextConfiguration$ActuatorEndpointLinksAdvice
2017-04-04 13:39:36.240  INFO 8664 --- [    Test worker] s.w.s.m.m.a.RequestMappingHandlerMapping : Mapped "{[/api/login],methods=[POST],consumes=[application/json]}" onto public hello.models.LoginResults hello.controllers.AdministratorController.login(java.lang.String,hello.models.LoginRequest,org.springframework.validation.BindingResult,javax.servlet.http.HttpServletResponse)
2017-04-04 13:39:36.240  INFO 8664 --- [    Test worker] s.w.s.m.m.a.RequestMappingHandlerMapping : Mapped "{[/rest/assessments/{id}/users],methods=[POST]}" onto public org.springframework.http.ResponseEntity<hello.models.Assessment> hello.controllers.AssessmentController.addUser(int,hello.models.User) throws java.lang.Exception
2017-04-04 13:39:36.240  INFO 8664 --- [    Test worker] s.w.s.m.m.a.RequestMappingHandlerMapping : Mapped "{[/rest/assessments/{id}],methods=[PATCH]}" onto public org.springframework.http.ResponseEntity<hello.models.Assessment> hello.controllers.AssessmentController.updateAssessment(int,hello.models.Assessment) throws java.lang.Exception
2017-04-04 13:39:36.240  INFO 8664 --- [    Test worker] s.w.s.m.m.a.RequestMappingHandlerMapping : Mapped "{[/rest/assessments/{id}/],methods=[GET]}" onto public org.springframework.http.ResponseEntity<hello.models.Assessment> hello.controllers.AssessmentController.getAssessment(int)
2017-04-04 13:39:36.240  INFO 8664 --- [    Test worker] s.w.s.m.m.a.RequestMappingHandlerMapping : Mapped "{[/rest/assessments/{id}/delete],methods=[DELETE]}" onto public org.springframework.http.ResponseEntity<java.lang.Boolean> hello.controllers.AssessmentController.deleteAssessment(int)
2017-04-04 13:39:36.240  INFO 8664 --- [    Test worker] s.w.s.m.m.a.RequestMappingHandlerMapping : Mapped "{[/rest/assessments/{id}/question],methods=[POST]}" onto public org.springframework.http.ResponseEntity<hello.models.Assessment> hello.controllers.AssessmentController.addQuestion(int,hello.models.Question) throws java.lang.Exception
2017-04-04 13:39:36.240  INFO 8664 --- [    Test worker] s.w.s.m.m.a.RequestMappingHandlerMapping : Mapped "{[/rest/assessments],methods=[POST]}" onto public org.springframework.http.ResponseEntity<hello.models.Assessment> hello.controllers.AssessmentController.addAssessment(javax.servlet.http.HttpSession,hello.models.Assessment) throws java.lang.Exception
2017-04-04 13:39:36.240  INFO 8664 --- [    Test worker] s.w.s.m.m.a.RequestMappingHandlerMapping : Mapped "{[/rest/assessments],methods=[GET]}" onto public java.util.ArrayList<hello.models.Assessment> hello.controllers.AssessmentController.getAllAssessments(javax.servlet.http.HttpSession) throws java.lang.Exception
2017-04-04 13:39:36.240  INFO 8664 --- [    Test worker] s.w.s.m.m.a.RequestMappingHandlerMapping : Mapped "{[/rest/assessments/{id}/question/{questionId}],methods=[POST]}" onto public org.springframework.http.ResponseEntity<hello.models.Assessment> hello.controllers.AssessmentController.addExistingQuestion(int,int)
2017-04-04 13:39:36.240  INFO 8664 --- [    Test worker] s.w.s.m.m.a.RequestMappingHandlerMapping : Mapped "{[/rest/session],methods=[DELETE]}" onto public void hello.controllers.AuthenticationController.logout(javax.servlet.http.HttpSession)
2017-04-04 13:39:36.240  INFO 8664 --- [    Test worker] s.w.s.m.m.a.RequestMappingHandlerMapping : Mapped "{[/rest/session/logout],methods=[POST]}" onto public org.springframework.http.ResponseEntity<hello.models.LogoutResponse> hello.controllers.AuthenticationController.logout() throws java.lang.Exception
2017-04-04 13:39:36.240  INFO 8664 --- [    Test worker] s.w.s.m.m.a.RequestMappingHandlerMapping : Mapped "{[/rest/session/login],methods=[POST]}" onto public org.springframework.http.ResponseEntity<hello.models.LoginResponse> hello.controllers.AuthenticationController.login(hello.models.LoginRequest,javax.servlet.http.HttpSession)
2017-04-04 13:39:36.240  INFO 8664 --- [    Test worker] s.w.s.m.m.a.RequestMappingHandlerMapping : Mapped "{[/rest/session],methods=[GET]}" onto public hello.models.User hello.controllers.AuthenticationController.session(javax.servlet.http.HttpSession)
2017-04-04 13:39:36.240  INFO 8664 --- [    Test worker] s.w.s.m.m.a.RequestMappingHandlerMapping : Mapped "{[/rest/session/is-logged-in],methods=[GET]}" onto public org.springframework.http.ResponseEntity<hello.models.LoginResponse> hello.controllers.AuthenticationController.isLoggedIn(javax.servlet.http.HttpSession)
2017-04-04 13:39:36.240  INFO 8664 --- [    Test worker] s.w.s.m.m.a.RequestMappingHandlerMapping : Mapped "{[/files/upload]}" onto public hello.models.JSONResponse hello.controllers.FileUploadController.uploadFile(org.springframework.web.multipart.MultipartFile)
2017-04-04 13:39:36.240  INFO 8664 --- [    Test worker] s.w.s.m.m.a.RequestMappingHandlerMapping : Mapped "{[/files/{filename:.+}],methods=[GET]}" onto public org.springframework.http.ResponseEntity<org.springframework.core.io.Resource> hello.controllers.FileUploadController.serveFile(java.lang.String)
2017-04-04 13:39:36.240  INFO 8664 --- [    Test worker] s.w.s.m.m.a.RequestMappingHandlerMapping : Mapped "{[/app/*]}" onto public org.springframework.web.servlet.ModelAndView hello.controllers.HomeController.index(javax.servlet.http.HttpSession,javax.servlet.http.HttpServletResponse)
2017-04-04 13:39:36.240  INFO 8664 --- [    Test worker] s.w.s.m.m.a.RequestMappingHandlerMapping : Mapped "{[/app/*/*]}" onto public org.springframework.web.servlet.ModelAndView hello.controllers.HomeController.index2(javax.servlet.http.HttpSession,javax.servlet.http.HttpServletResponse)
2017-04-04 13:39:36.240  INFO 8664 --- [    Test worker] s.w.s.m.m.a.RequestMappingHandlerMapping : Mapped "{[]}" onto public java.lang.String hello.controllers.HomeController.home()
2017-04-04 13:39:36.240  INFO 8664 --- [    Test worker] s.w.s.m.m.a.RequestMappingHandlerMapping : Mapped "{[/rest/participants/{id}],methods=[GET]}" onto public org.springframework.http.ResponseEntity<hello.models.Participant> hello.controllers.ParticipantController.getParticipant(int)
2017-04-04 13:39:36.240  INFO 8664 --- [    Test worker] s.w.s.m.m.a.RequestMappingHandlerMapping : Mapped "{[/rest/participants],methods=[GET]}" onto public java.util.ArrayList<hello.models.Participant> hello.controllers.ParticipantController.getParticipants()
2017-04-04 13:39:36.240  INFO 8664 --- [    Test worker] s.w.s.m.m.a.RequestMappingHandlerMapping : Mapped "{[/rest/participants],methods=[POST]}" onto public org.springframework.http.ResponseEntity<hello.models.Participant> hello.controllers.ParticipantController.addParticipant(hello.models.Participant)
2017-04-04 13:39:36.240  INFO 8664 --- [    Test worker] s.w.s.m.m.a.RequestMappingHandlerMapping : Mapped "{[/rest/participants/{id}],methods=[DELETE]}" onto public org.springframework.http.ResponseEntity<java.lang.Boolean> hello.controllers.ParticipantController.deleteParticipant(int) throws java.lang.Exception
2017-04-04 13:39:36.240  INFO 8664 --- [    Test worker] s.w.s.m.m.a.RequestMappingHandlerMapping : Mapped "{[/rest/participants/{id}],methods=[PUT]}" onto public org.springframework.http.ResponseEntity<hello.models.Participant> hello.controllers.ParticipantController.updateParticipant(int,hello.models.Participant) throws java.lang.Exception
2017-04-04 13:39:36.240  INFO 8664 --- [    Test worker] s.w.s.m.m.a.RequestMappingHandlerMapping : Mapped "{[/rest/questions],methods=[POST]}" onto public org.springframework.http.ResponseEntity<hello.models.Question> hello.controllers.QuestionController.addQuestion(hello.models.Question)
2017-04-04 13:39:36.240  INFO 8664 --- [    Test worker] s.w.s.m.m.a.RequestMappingHandlerMapping : Mapped "{[/rest/questions/{id}],methods=[DELETE]}" onto public org.springframework.http.ResponseEntity<java.lang.Boolean> hello.controllers.QuestionController.deleteQuestion(int)
2017-04-04 13:39:36.240  INFO 8664 --- [    Test worker] s.w.s.m.m.a.RequestMappingHandlerMapping : Mapped "{[/rest/questions],methods=[GET]}" onto public java.util.ArrayList<hello.models.Question> hello.controllers.QuestionController.getQuestions()
2017-04-04 13:39:36.240  INFO 8664 --- [    Test worker] s.w.s.m.m.a.RequestMappingHandlerMapping : Mapped "{[/rest/questions/{id}],methods=[PATCH]}" onto public org.springframework.http.ResponseEntity<hello.models.Question> hello.controllers.QuestionController.updateQuestion(int,hello.models.Question) throws java.lang.Exception
2017-04-04 13:39:36.240  INFO 8664 --- [    Test worker] s.w.s.m.m.a.RequestMappingHandlerMapping : Mapped "{[/rest/questions/{id}/],methods=[GET]}" onto public org.springframework.http.ResponseEntity<hello.models.Question> hello.controllers.QuestionController.getAQuestion(int)
2017-04-04 13:39:36.240  INFO 8664 --- [    Test worker] s.w.s.m.m.a.RequestMappingHandlerMapping : Mapped "{[/rest/targetGroups/{id}/assessment/{assessmentid}],methods=[POST]}" onto public org.springframework.http.ResponseEntity<hello.models.TargetGroup> hello.controllers.TargetGroupController.addExistingAssessmentToTargetGroup(int,int) throws java.lang.Exception
2017-04-04 13:39:36.240  INFO 8664 --- [    Test worker] s.w.s.m.m.a.RequestMappingHandlerMapping : Mapped "{[/rest/targetGroups/{id}/participants/{participantId}],methods=[POST]}" onto public org.springframework.http.ResponseEntity<hello.models.TargetGroup> hello.controllers.TargetGroupController.addExistingParticipantToTargetGroup(int,int) throws java.lang.Exception
2017-04-04 13:39:36.256  INFO 8664 --- [    Test worker] s.w.s.m.m.a.RequestMappingHandlerMapping : Mapped "{[/rest/targetGroups],methods=[POST]}" onto public org.springframework.http.ResponseEntity<hello.models.TargetGroup> hello.controllers.TargetGroupController.addTargetGroup(javax.servlet.http.HttpSession,hello.models.TargetGroup) throws java.lang.Exception
2017-04-04 13:39:36.256  INFO 8664 --- [    Test worker] s.w.s.m.m.a.RequestMappingHandlerMapping : Mapped "{[/rest/targetGroups/{id}],methods=[GET]}" onto public org.springframework.http.ResponseEntity<hello.models.TargetGroup> hello.controllers.TargetGroupController.getTargetGroup(int)
2017-04-04 13:39:36.256  INFO 8664 --- [    Test worker] s.w.s.m.m.a.RequestMappingHandlerMapping : Mapped "{[/rest/targetGroups],methods=[GET]}" onto public java.util.ArrayList<hello.models.TargetGroup> hello.controllers.TargetGroupController.getTargetGroups() throws java.lang.Exception
2017-04-04 13:39:36.256  INFO 8664 --- [    Test worker] s.w.s.m.m.a.RequestMappingHandlerMapping : Mapped "{[/rest/targetGroups/{id}/participants],methods=[GET]}" onto public java.util.ArrayList<hello.models.Participant> hello.controllers.TargetGroupController.getParticipantsInTargetGroup(int) throws java.lang.Exception
2017-04-04 13:39:36.256  INFO 8664 --- [    Test worker] s.w.s.m.m.a.RequestMappingHandlerMapping : Mapped "{[/rest/targetGroups/{id}],methods=[DELETE]}" onto public org.springframework.http.ResponseEntity<java.lang.Boolean> hello.controllers.TargetGroupController.deleteTargetGroup(int) throws java.lang.Exception
2017-04-04 13:39:36.256  INFO 8664 --- [    Test worker] s.w.s.m.m.a.RequestMappingHandlerMapping : Mapped "{[/rest/targetGroups/{id}/participants/{participantId}],methods=[PUT]}" onto public org.springframework.http.ResponseEntity<hello.models.TargetGroup> hello.controllers.TargetGroupController.removeParticipantFromTargetGroup(int,int) throws java.lang.Exception
2017-04-04 13:39:36.256  INFO 8664 --- [    Test worker] s.w.s.m.m.a.RequestMappingHandlerMapping : Mapped "{[/rest/targetGroups/{id}/participant],methods=[POST]}" onto public org.springframework.http.ResponseEntity<hello.models.TargetGroup> hello.controllers.TargetGroupController.addNewParticipantsToTargetGroup(int,hello.models.Participant) throws java.lang.Exception
2017-04-04 13:39:36.256  INFO 8664 --- [    Test worker] s.w.s.m.m.a.RequestMappingHandlerMapping : Mapped "{[/rest/targetGroups/{id}/participants],methods=[POST]}" onto public org.springframework.http.ResponseEntity<hello.models.TargetGroup> hello.controllers.TargetGroupController.addNewParticipantsToTargetGroup(int,java.util.List<hello.models.Participant>) throws java.lang.Exception
2017-04-04 13:39:36.256  INFO 8664 --- [    Test worker] s.w.s.m.m.a.RequestMappingHandlerMapping : Mapped "{[/rest/targetGroups/{id}],methods=[PUT]}" onto public org.springframework.http.ResponseEntity<hello.models.TargetGroup> hello.controllers.TargetGroupController.updateTargetGroup(int,hello.models.TargetGroup) throws java.lang.Exception
2017-04-04 13:39:36.256  INFO 8664 --- [    Test worker] s.w.s.m.m.a.RequestMappingHandlerMapping : Mapped "{[/rest/targetGroups/{id}/assessment],methods=[POST]}" onto public org.springframework.http.ResponseEntity<hello.models.TargetGroup> hello.controllers.TargetGroupController.addNewAssessmentToTargetGroup(int,hello.models.Assessment) throws java.lang.Exception
2017-04-04 13:39:36.256  INFO 8664 --- [    Test worker] s.w.s.m.m.a.RequestMappingHandlerMapping : Mapped "{[/error]}" onto public org.springframework.http.ResponseEntity<java.util.Map<java.lang.String, java.lang.Object>> org.springframework.boot.autoconfigure.web.BasicErrorController.error(javax.servlet.http.HttpServletRequest)
2017-04-04 13:39:36.256  INFO 8664 --- [    Test worker] s.w.s.m.m.a.RequestMappingHandlerMapping : Mapped "{[/error],produces=[text/html]}" onto public org.springframework.web.servlet.ModelAndView org.springframework.boot.autoconfigure.web.BasicErrorController.errorHtml(javax.servlet.http.HttpServletRequest,javax.servlet.http.HttpServletResponse)
2017-04-04 13:39:36.287  INFO 8664 --- [    Test worker] o.s.w.s.handler.SimpleUrlHandlerMapping  : Mapped URL path [/webjars/**] onto handler of type [class org.springframework.web.servlet.resource.ResourceHttpRequestHandler]
2017-04-04 13:39:36.287  INFO 8664 --- [    Test worker] o.s.w.s.handler.SimpleUrlHandlerMapping  : Mapped URL path [/resources/**] onto handler of type [class org.springframework.web.servlet.resource.ResourceHttpRequestHandler]
2017-04-04 13:39:36.303  INFO 8664 --- [    Test worker] .m.m.a.ExceptionHandlerExceptionResolver : Detected @ExceptionHandler methods in repositoryRestExceptionHandler
2017-04-04 13:39:36.303  INFO 8664 --- [    Test worker] .m.m.a.ExceptionHandlerExceptionResolver : Detected ResponseBodyAdvice implementation in org.springframework.boot.actuate.autoconfigure.EndpointWebMvcHypermediaManagementContextConfiguration$ActuatorEndpointLinksAdvice
2017-04-04 13:39:36.318  INFO 8664 --- [    Test worker] o.s.w.s.handler.SimpleUrlHandlerMapping  : Mapped URL path [/**/favicon.ico] onto handler of type [class org.springframework.web.servlet.resource.ResourceHttpRequestHandler]
2017-04-04 13:39:36.349  INFO 8664 --- [    Test worker] oConfiguration$WelcomePageHandlerMapping : Adding welcome page: ServletContext resource [/index.html]
2017-04-04 13:39:36.537  INFO 8664 --- [    Test worker] o.s.d.r.w.RepositoryRestHandlerAdapter   : Looking for @ControllerAdvice: org.springframework.web.context.support.GenericWebApplicationContext@680ddff4: startup date [Tue Apr 04 13:39:33 CDT 2017]; root of context hierarchy
2017-04-04 13:39:36.537  INFO 8664 --- [    Test worker] o.s.d.r.w.RepositoryRestHandlerAdapter   : Detected ResponseBodyAdvice bean in org.springframework.boot.actuate.autoconfigure.EndpointWebMvcHypermediaManagementContextConfiguration$ActuatorEndpointLinksAdvice
2017-04-04 13:39:36.537  INFO 8664 --- [    Test worker] o.s.d.r.w.RepositoryRestHandlerMapping   : Mapped "{[/api/ || /api],methods=[HEAD],produces=[application/hal+json || application/json || application/*+json;charset=UTF-8]}" onto public org.springframework.http.ResponseEntity<?> org.springframework.data.rest.webmvc.RepositoryController.headForRepositories()
2017-04-04 13:39:36.537  INFO 8664 --- [    Test worker] o.s.d.r.w.RepositoryRestHandlerMapping   : Mapped "{[/api/ || /api],methods=[OPTIONS],produces=[application/hal+json || application/json || application/*+json;charset=UTF-8]}" onto public org.springframework.http.HttpEntity<?> org.springframework.data.rest.webmvc.RepositoryController.optionsForRepositories()
2017-04-04 13:39:36.537  INFO 8664 --- [    Test worker] o.s.d.r.w.RepositoryRestHandlerMapping   : Mapped "{[/api/ || /api],methods=[GET],produces=[application/hal+json || application/json || application/*+json;charset=UTF-8]}" onto public org.springframework.http.HttpEntity<org.springframework.data.rest.webmvc.RepositoryLinksResource> org.springframework.data.rest.webmvc.RepositoryController.listRepositories()
2017-04-04 13:39:36.537  INFO 8664 --- [    Test worker] o.s.d.r.w.RepositoryRestHandlerMapping   : Mapped "{[/api/{repository}],methods=[POST],produces=[application/hal+json || application/json || application/*+json;charset=UTF-8]}" onto public org.springframework.http.ResponseEntity<org.springframework.hateoas.ResourceSupport> org.springframework.data.rest.webmvc.RepositoryEntityController.postCollectionResource(org.springframework.data.rest.webmvc.RootResourceInformation,org.springframework.data.rest.webmvc.PersistentEntityResource,org.springframework.data.rest.webmvc.PersistentEntityResourceAssembler,java.lang.String) throws org.springframework.web.HttpRequestMethodNotSupportedException
2017-04-04 13:39:36.537  INFO 8664 --- [    Test worker] o.s.d.r.w.RepositoryRestHandlerMapping   : Mapped "{[/api/{repository}/{id}],methods=[OPTIONS],produces=[application/hal+json || application/json || application/*+json;charset=UTF-8]}" onto public org.springframework.http.ResponseEntity<?> org.springframework.data.rest.webmvc.RepositoryEntityController.optionsForItemResource(org.springframework.data.rest.webmvc.RootResourceInformation)
2017-04-04 13:39:36.537  INFO 8664 --- [    Test worker] o.s.d.r.w.RepositoryRestHandlerMapping   : Mapped "{[/api/{repository}],methods=[HEAD],produces=[application/hal+json || application/json || application/*+json;charset=UTF-8]}" onto public org.springframework.http.ResponseEntity<?> org.springframework.data.rest.webmvc.RepositoryEntityController.headCollectionResource(org.springframework.data.rest.webmvc.RootResourceInformation,org.springframework.data.rest.webmvc.support.DefaultedPageable) throws org.springframework.web.HttpRequestMethodNotSupportedException
2017-04-04 13:39:36.537  INFO 8664 --- [    Test worker] o.s.d.r.w.RepositoryRestHandlerMapping   : Mapped "{[/api/{repository}/{id}],methods=[HEAD],produces=[application/hal+json || application/json || application/*+json;charset=UTF-8]}" onto public org.springframework.http.ResponseEntity<?> org.springframework.data.rest.webmvc.RepositoryEntityController.headForItemResource(org.springframework.data.rest.webmvc.RootResourceInformation,java.io.Serializable,org.springframework.data.rest.webmvc.PersistentEntityResourceAssembler) throws org.springframework.web.HttpRequestMethodNotSupportedException
2017-04-04 13:39:36.537  INFO 8664 --- [    Test worker] o.s.d.r.w.RepositoryRestHandlerMapping   : Mapped "{[/api/{repository}/{id}],methods=[PATCH],produces=[application/hal+json || application/json || application/*+json;charset=UTF-8]}" onto public org.springframework.http.ResponseEntity<org.springframework.hateoas.ResourceSupport> org.springframework.data.rest.webmvc.RepositoryEntityController.patchItemResource(org.springframework.data.rest.webmvc.RootResourceInformation,org.springframework.data.rest.webmvc.PersistentEntityResource,java.io.Serializable,org.springframework.data.rest.webmvc.PersistentEntityResourceAssembler,org.springframework.data.rest.webmvc.support.ETag,java.lang.String) throws org.springframework.web.HttpRequestMethodNotSupportedException,org.springframework.data.rest.webmvc.ResourceNotFoundException
2017-04-04 13:39:36.537  INFO 8664 --- [    Test worker] o.s.d.r.w.RepositoryRestHandlerMapping   : Mapped "{[/api/{repository}],methods=[OPTIONS],produces=[application/hal+json || application/json || application/*+json;charset=UTF-8]}" onto public org.springframework.http.ResponseEntity<?> org.springframework.data.rest.webmvc.RepositoryEntityController.optionsForCollectionResource(org.springframework.data.rest.webmvc.RootResourceInformation)
2017-04-04 13:39:36.537  INFO 8664 --- [    Test worker] o.s.d.r.w.RepositoryRestHandlerMapping   : Mapped "{[/api/{repository}],methods=[GET],produces=[application/hal+json || application/json || application/*+json;charset=UTF-8]}" onto public org.springframework.hateoas.Resources<?> org.springframework.data.rest.webmvc.RepositoryEntityController.getCollectionResource(org.springframework.data.rest.webmvc.RootResourceInformation,org.springframework.data.rest.webmvc.support.DefaultedPageable,org.springframework.data.domain.Sort,org.springframework.data.rest.webmvc.PersistentEntityResourceAssembler) throws org.springframework.data.rest.webmvc.ResourceNotFoundException,org.springframework.web.HttpRequestMethodNotSupportedException
2017-04-04 13:39:36.537  INFO 8664 --- [    Test worker] o.s.d.r.w.RepositoryRestHandlerMapping   : Mapped "{[/api/{repository}],methods=[GET],produces=[application/x-spring-data-compact+json || text/uri-list]}" onto public org.springframework.hateoas.Resources<?> org.springframework.data.rest.webmvc.RepositoryEntityController.getCollectionResourceCompact(org.springframework.data.rest.webmvc.RootResourceInformation,org.springframework.data.rest.webmvc.support.DefaultedPageable,org.springframework.data.domain.Sort,org.springframework.data.rest.webmvc.PersistentEntityResourceAssembler) throws org.springframework.data.rest.webmvc.ResourceNotFoundException,org.springframework.web.HttpRequestMethodNotSupportedException
2017-04-04 13:39:36.537  INFO 8664 --- [    Test worker] o.s.d.r.w.RepositoryRestHandlerMapping   : Mapped "{[/api/{repository}/{id}],methods=[DELETE],produces=[application/hal+json || application/json || application/*+json;charset=UTF-8]}" onto public org.springframework.http.ResponseEntity<?> org.springframework.data.rest.webmvc.RepositoryEntityController.deleteItemResource(org.springframework.data.rest.webmvc.RootResourceInformation,java.io.Serializable,org.springframework.data.rest.webmvc.support.ETag) throws org.springframework.data.rest.webmvc.ResourceNotFoundException,org.springframework.web.HttpRequestMethodNotSupportedException
2017-04-04 13:39:36.537  INFO 8664 --- [    Test worker] o.s.d.r.w.RepositoryRestHandlerMapping   : Mapped "{[/api/{repository}/{id}],methods=[GET],produces=[application/hal+json || application/json || application/*+json;charset=UTF-8]}" onto public org.springframework.http.ResponseEntity<org.springframework.hateoas.Resource<?>> org.springframework.data.rest.webmvc.RepositoryEntityController.getItemResource(org.springframework.data.rest.webmvc.RootResourceInformation,java.io.Serializable,org.springframework.data.rest.webmvc.PersistentEntityResourceAssembler,org.springframework.util.MultiValueMap<java.lang.String, java.lang.String>) throws org.springframework.web.HttpRequestMethodNotSupportedException
2017-04-04 13:39:36.537  INFO 8664 --- [    Test worker] o.s.d.r.w.RepositoryRestHandlerMapping   : Mapped "{[/api/{repository}/{id}],methods=[PUT],produces=[application/hal+json || application/json || application/*+json;charset=UTF-8]}" onto public org.springframework.http.ResponseEntity<? extends org.springframework.hateoas.ResourceSupport> org.springframework.data.rest.webmvc.RepositoryEntityController.putItemResource(org.springframework.data.rest.webmvc.RootResourceInformation,org.springframework.data.rest.webmvc.PersistentEntityResource,java.io.Serializable,org.springframework.data.rest.webmvc.PersistentEntityResourceAssembler,org.springframework.data.rest.webmvc.support.ETag,java.lang.String) throws org.springframework.web.HttpRequestMethodNotSupportedException
2017-04-04 13:39:36.552  INFO 8664 --- [    Test worker] o.s.d.r.w.RepositoryRestHandlerMapping   : Mapped "{[/api/{repository}/{id}/{property}],methods=[GET],produces=[application/x-spring-data-compact+json || text/uri-list]}" onto public org.springframework.http.ResponseEntity<org.springframework.hateoas.ResourceSupport> org.springframework.data.rest.webmvc.RepositoryPropertyReferenceController.followPropertyReferenceCompact(org.springframework.data.rest.webmvc.RootResourceInformation,java.io.Serializable,java.lang.String,org.springframework.data.rest.webmvc.PersistentEntityResourceAssembler) throws java.lang.Exception
2017-04-04 13:39:36.552  INFO 8664 --- [    Test worker] o.s.d.r.w.RepositoryRestHandlerMapping   : Mapped "{[/api/{repository}/{id}/{property}],methods=[DELETE],produces=[application/hal+json || application/json || application/*+json;charset=UTF-8]}" onto public org.springframework.http.ResponseEntity<? extends org.springframework.hateoas.ResourceSupport> org.springframework.data.rest.webmvc.RepositoryPropertyReferenceController.deletePropertyReference(org.springframework.data.rest.webmvc.RootResourceInformation,java.io.Serializable,java.lang.String) throws java.lang.Exception
2017-04-04 13:39:36.552  INFO 8664 --- [    Test worker] o.s.d.r.w.RepositoryRestHandlerMapping   : Mapped "{[/api/{repository}/{id}/{property}/{propertyId}],methods=[DELETE],produces=[application/hal+json || application/json || application/*+json;charset=UTF-8]}" onto public org.springframework.http.ResponseEntity<org.springframework.hateoas.ResourceSupport> org.springframework.data.rest.webmvc.RepositoryPropertyReferenceController.deletePropertyReferenceId(org.springframework.data.rest.webmvc.RootResourceInformation,java.io.Serializable,java.lang.String,java.lang.String) throws java.lang.Exception
2017-04-04 13:39:36.552  INFO 8664 --- [    Test worker] o.s.d.r.w.RepositoryRestHandlerMapping   : Mapped "{[/api/{repository}/{id}/{property}],methods=[GET],produces=[application/hal+json || application/json || application/*+json;charset=UTF-8]}" onto public org.springframework.http.ResponseEntity<org.springframework.hateoas.ResourceSupport> org.springframework.data.rest.webmvc.RepositoryPropertyReferenceController.followPropertyReference(org.springframework.data.rest.webmvc.RootResourceInformation,java.io.Serializable,java.lang.String,org.springframework.data.rest.webmvc.PersistentEntityResourceAssembler) throws java.lang.Exception
2017-04-04 13:39:36.552  INFO 8664 --- [    Test worker] o.s.d.r.w.RepositoryRestHandlerMapping   : Mapped "{[/api/{repository}/{id}/{property}/{propertyId}],methods=[GET],produces=[application/hal+json || application/json || application/*+json;charset=UTF-8]}" onto public org.springframework.http.ResponseEntity<org.springframework.hateoas.ResourceSupport> org.springframework.data.rest.webmvc.RepositoryPropertyReferenceController.followPropertyReference(org.springframework.data.rest.webmvc.RootResourceInformation,java.io.Serializable,java.lang.String,java.lang.String,org.springframework.data.rest.webmvc.PersistentEntityResourceAssembler) throws java.lang.Exception
2017-04-04 13:39:36.552  INFO 8664 --- [    Test worker] o.s.d.r.w.RepositoryRestHandlerMapping   : Mapped "{[/api/{repository}/{id}/{property}],methods=[PATCH || PUT || POST],consumes=[application/json || application/x-spring-data-compact+json || text/uri-list],produces=[application/hal+json || application/json || application/*+json;charset=UTF-8]}" onto public org.springframework.http.ResponseEntity<? extends org.springframework.hateoas.ResourceSupport> org.springframework.data.rest.webmvc.RepositoryPropertyReferenceController.createPropertyReference(org.springframework.data.rest.webmvc.RootResourceInformation,org.springframework.http.HttpMethod,org.springframework.hateoas.Resources<java.lang.Object>,java.io.Serializable,java.lang.String) throws java.lang.Exception
2017-04-04 13:39:36.552  INFO 8664 --- [    Test worker] o.s.d.r.w.RepositoryRestHandlerMapping   : Mapped "{[/api/{repository}/search],methods=[OPTIONS],produces=[application/hal+json || application/json || application/*+json;charset=UTF-8]}" onto public org.springframework.http.HttpEntity<?> org.springframework.data.rest.webmvc.RepositorySearchController.optionsForSearches(org.springframework.data.rest.webmvc.RootResourceInformation)
2017-04-04 13:39:36.552  INFO 8664 --- [    Test worker] o.s.d.r.w.RepositoryRestHandlerMapping   : Mapped "{[/api/{repository}/search/{search}],methods=[GET],produces=[application/x-spring-data-compact+json]}" onto public org.springframework.hateoas.ResourceSupport org.springframework.data.rest.webmvc.RepositorySearchController.executeSearchCompact(org.springframework.data.rest.webmvc.RootResourceInformation,org.springframework.util.MultiValueMap<java.lang.String, java.lang.Object>,java.lang.String,java.lang.String,org.springframework.data.rest.webmvc.support.DefaultedPageable,org.springframework.data.domain.Sort,org.springframework.data.rest.webmvc.PersistentEntityResourceAssembler)
2017-04-04 13:39:36.552  INFO 8664 --- [    Test worker] o.s.d.r.w.RepositoryRestHandlerMapping   : Mapped "{[/api/{repository}/search/{search}],methods=[OPTIONS],produces=[application/hal+json || application/json || application/*+json;charset=UTF-8]}" onto public org.springframework.http.ResponseEntity<java.lang.Object> org.springframework.data.rest.webmvc.RepositorySearchController.optionsForSearch(org.springframework.data.rest.webmvc.RootResourceInformation,java.lang.String)
2017-04-04 13:39:36.552  INFO 8664 --- [    Test worker] o.s.d.r.w.RepositoryRestHandlerMapping   : Mapped "{[/api/{repository}/search/{search}],methods=[HEAD],produces=[application/hal+json || application/json || application/*+json;charset=UTF-8]}" onto public org.springframework.http.ResponseEntity<java.lang.Object> org.springframework.data.rest.webmvc.RepositorySearchController.headForSearch(org.springframework.data.rest.webmvc.RootResourceInformation,java.lang.String)
2017-04-04 13:39:36.552  INFO 8664 --- [    Test worker] o.s.d.r.w.RepositoryRestHandlerMapping   : Mapped "{[/api/{repository}/search],methods=[HEAD],produces=[application/hal+json || application/json || application/*+json;charset=UTF-8]}" onto public org.springframework.http.HttpEntity<?> org.springframework.data.rest.webmvc.RepositorySearchController.headForSearches(org.springframework.data.rest.webmvc.RootResourceInformation)
2017-04-04 13:39:36.552  INFO 8664 --- [    Test worker] o.s.d.r.w.RepositoryRestHandlerMapping   : Mapped "{[/api/{repository}/search],methods=[GET],produces=[application/hal+json || application/json || application/*+json;charset=UTF-8]}" onto public org.springframework.data.rest.webmvc.RepositorySearchesResource org.springframework.data.rest.webmvc.RepositorySearchController.listSearches(org.springframework.data.rest.webmvc.RootResourceInformation)
2017-04-04 13:39:36.552  INFO 8664 --- [    Test worker] o.s.d.r.w.RepositoryRestHandlerMapping   : Mapped "{[/api/{repository}/search/{search}],methods=[GET],produces=[application/hal+json || application/json || application/*+json;charset=UTF-8]}" onto public org.springframework.http.ResponseEntity<java.lang.Object> org.springframework.data.rest.webmvc.RepositorySearchController.executeSearch(org.springframework.data.rest.webmvc.RootResourceInformation,org.springframework.util.MultiValueMap<java.lang.String, java.lang.Object>,java.lang.String,org.springframework.data.rest.webmvc.support.DefaultedPageable,org.springframework.data.domain.Sort,org.springframework.data.rest.webmvc.PersistentEntityResourceAssembler)
2017-04-04 13:39:36.552  INFO 8664 --- [    Test worker] o.s.d.r.w.BasePathAwareHandlerMapping    : Mapped "{[/api/profile/{repository}],methods=[GET],produces=[application/alps+json || */*]}" onto org.springframework.http.HttpEntity<org.springframework.data.rest.webmvc.RootResourceInformation> org.springframework.data.rest.webmvc.alps.AlpsController.descriptor(org.springframework.data.rest.webmvc.RootResourceInformation)
2017-04-04 13:39:36.552  INFO 8664 --- [    Test worker] o.s.d.r.w.BasePathAwareHandlerMapping    : Mapped "{[/api/profile/{repository}],methods=[OPTIONS],produces=[application/alps+json]}" onto org.springframework.http.HttpEntity<?> org.springframework.data.rest.webmvc.alps.AlpsController.alpsOptions()
2017-04-04 13:39:36.552  INFO 8664 --- [    Test worker] o.s.d.r.w.BasePathAwareHandlerMapping    : Mapped "{[/api/profile],methods=[GET]}" onto org.springframework.http.HttpEntity<org.springframework.hateoas.ResourceSupport> org.springframework.data.rest.webmvc.ProfileController.listAllFormsOfMetadata()
2017-04-04 13:39:36.552  INFO 8664 --- [    Test worker] o.s.d.r.w.BasePathAwareHandlerMapping    : Mapped "{[/api/profile],methods=[OPTIONS]}" onto public org.springframework.http.HttpEntity<?> org.springframework.data.rest.webmvc.ProfileController.profileOptions()
2017-04-04 13:39:36.552  INFO 8664 --- [    Test worker] o.s.d.r.w.BasePathAwareHandlerMapping    : Mapped "{[/api/profile/{repository}],methods=[GET],produces=[application/schema+json]}" onto public org.springframework.http.HttpEntity<org.springframework.data.rest.webmvc.json.JsonSchema> org.springframework.data.rest.webmvc.RepositorySchemaController.schema(org.springframework.data.rest.webmvc.RootResourceInformation)
2017-04-04 13:39:36.568  INFO 8664 --- [    Test worker] .m.m.a.ExceptionHandlerExceptionResolver : Detected @ExceptionHandler methods in repositoryRestExceptionHandler
2017-04-04 13:39:36.568  INFO 8664 --- [    Test worker] .m.m.a.ExceptionHandlerExceptionResolver : Detected ResponseBodyAdvice implementation in org.springframework.boot.actuate.autoconfigure.EndpointWebMvcHypermediaManagementContextConfiguration$ActuatorEndpointLinksAdvice
2017-04-04 13:39:36.599  INFO 8664 --- [    Test worker] o.s.b.a.e.mvc.EndpointHandlerMapping     : Mapped "{[/info || /info.json],methods=[GET],produces=[application/json]}" onto public java.lang.Object org.springframework.boot.actuate.endpoint.mvc.EndpointMvcAdapter.invoke()
2017-04-04 13:39:36.599  INFO 8664 --- [    Test worker] o.s.b.a.e.mvc.EndpointHandlerMapping     : Mapped "{[/mappings || /mappings.json],methods=[GET],produces=[application/json]}" onto public java.lang.Object org.springframework.boot.actuate.endpoint.mvc.EndpointMvcAdapter.invoke()
2017-04-04 13:39:36.599  INFO 8664 --- [    Test worker] o.s.b.a.e.mvc.EndpointHandlerMapping     : Mapped "{[/actuator || /actuator.json],produces=[application/json]}" onto public org.springframework.hateoas.ResourceSupport org.springframework.boot.actuate.endpoint.mvc.HalJsonMvcEndpoint.links()
2017-04-04 13:39:36.599  INFO 8664 --- [    Test worker] o.s.b.a.e.mvc.EndpointHandlerMapping     : Mapped "{[/autoconfig || /autoconfig.json],methods=[GET],produces=[application/json]}" onto public java.lang.Object org.springframework.boot.actuate.endpoint.mvc.EndpointMvcAdapter.invoke()
2017-04-04 13:39:36.599  INFO 8664 --- [    Test worker] o.s.b.a.e.mvc.EndpointHandlerMapping     : Mapped "{[/dump || /dump.json],methods=[GET],produces=[application/json]}" onto public java.lang.Object org.springframework.boot.actuate.endpoint.mvc.EndpointMvcAdapter.invoke()
2017-04-04 13:39:36.599  INFO 8664 --- [    Test worker] o.s.b.a.e.mvc.EndpointHandlerMapping     : Mapped "{[/beans || /beans.json],methods=[GET],produces=[application/json]}" onto public java.lang.Object org.springframework.boot.actuate.endpoint.mvc.EndpointMvcAdapter.invoke()
2017-04-04 13:39:36.599  INFO 8664 --- [    Test worker] o.s.b.a.e.mvc.EndpointHandlerMapping     : Mapped "{[/env/{name:.*}],methods=[GET],produces=[application/json]}" onto public java.lang.Object org.springframework.boot.actuate.endpoint.mvc.EnvironmentMvcEndpoint.value(java.lang.String)
2017-04-04 13:39:36.599  INFO 8664 --- [    Test worker] o.s.b.a.e.mvc.EndpointHandlerMapping     : Mapped "{[/env || /env.json],methods=[GET],produces=[application/json]}" onto public java.lang.Object org.springframework.boot.actuate.endpoint.mvc.EndpointMvcAdapter.invoke()
2017-04-04 13:39:36.599  INFO 8664 --- [    Test worker] o.s.b.a.e.mvc.EndpointHandlerMapping     : Mapped "{[/metrics/{name:.*}],methods=[GET],produces=[application/json]}" onto public java.lang.Object org.springframework.boot.actuate.endpoint.mvc.MetricsMvcEndpoint.value(java.lang.String)
2017-04-04 13:39:36.599  INFO 8664 --- [    Test worker] o.s.b.a.e.mvc.EndpointHandlerMapping     : Mapped "{[/metrics || /metrics.json],methods=[GET],produces=[application/json]}" onto public java.lang.Object org.springframework.boot.actuate.endpoint.mvc.EndpointMvcAdapter.invoke()
2017-04-04 13:39:36.599  INFO 8664 --- [    Test worker] o.s.b.a.e.mvc.EndpointHandlerMapping     : Mapped "{[/trace || /trace.json],methods=[GET],produces=[application/json]}" onto public java.lang.Object org.springframework.boot.actuate.endpoint.mvc.EndpointMvcAdapter.invoke()
2017-04-04 13:39:36.599  INFO 8664 --- [    Test worker] o.s.b.a.e.mvc.EndpointHandlerMapping     : Mapped "{[/heapdump || /heapdump.json],methods=[GET],produces=[application/octet-stream]}" onto public void org.springframework.boot.actuate.endpoint.mvc.HeapdumpMvcEndpoint.invoke(boolean,javax.servlet.http.HttpServletRequest,javax.servlet.http.HttpServletResponse) throws java.io.IOException,javax.servlet.ServletException
2017-04-04 13:39:36.599  INFO 8664 --- [    Test worker] o.s.b.a.e.mvc.EndpointHandlerMapping     : Mapped "{[/health || /health.json],produces=[application/json]}" onto public java.lang.Object org.springframework.boot.actuate.endpoint.mvc.HealthMvcEndpoint.invoke(java.security.Principal)
2017-04-04 13:39:36.599  INFO 8664 --- [    Test worker] o.s.b.a.e.mvc.EndpointHandlerMapping     : Mapped "{[/configprops || /configprops.json],methods=[GET],produces=[application/json]}" onto public java.lang.Object org.springframework.boot.actuate.endpoint.mvc.EndpointMvcAdapter.invoke()
2017-04-04 13:39:36.740  INFO 8664 --- [    Test worker] h.storage.FileSystemStorageServiceTest   : Started FileSystemStorageServiceTest in 3.312 seconds (JVM running for 81.089)
2017-04-04 13:39:36.756  INFO 8664 --- [    Test worker] o.s.w.c.s.GenericWebApplicationContext   : Closing org.springframework.web.context.support.GenericWebApplicationContext@680ddff4: startup date [Tue Apr 04 13:39:33 CDT 2017]; root of context hierarchy
2017-04-04 13:39:36.756  INFO 8664 --- [    Test worker] j.LocalContainerEntityManagerFactoryBean : Closing JPA EntityManagerFactory for persistence unit 'default'
]]></system-out>
  <system-err><![CDATA[Tue Apr 04 13:39:07 CDT 2017 WARN: Establishing SSL connection without server's identity verification is not recommended. According to MySQL 5.5.45+, 5.6.26+ and 5.7.6+ requirements SSL connection must be established by default if explicit option isn't set. For compliance with existing applications not using SSL the verifyServerCertificate property is set to 'false'. You need either to explicitly disable SSL by setting useSSL=false, or set useSSL=true and provide truststore for server certificate verification.
Tue Apr 04 13:39:07 CDT 2017 WARN: Establishing SSL connection without server's identity verification is not recommended. According to MySQL 5.5.45+, 5.6.26+ and 5.7.6+ requirements SSL connection must be established by default if explicit option isn't set. For compliance with existing applications not using SSL the verifyServerCertificate property is set to 'false'. You need either to explicitly disable SSL by setting useSSL=false, or set useSSL=true and provide truststore for server certificate verification.
Tue Apr 04 13:39:07 CDT 2017 WARN: Establishing SSL connection without server's identity verification is not recommended. According to MySQL 5.5.45+, 5.6.26+ and 5.7.6+ requirements SSL connection must be established by default if explicit option isn't set. For compliance with existing applications not using SSL the verifyServerCertificate property is set to 'false'. You need either to explicitly disable SSL by setting useSSL=false, or set useSSL=true and provide truststore for server certificate verification.
Tue Apr 04 13:39:07 CDT 2017 WARN: Establishing SSL connection without server's identity verification is not recommended. According to MySQL 5.5.45+, 5.6.26+ and 5.7.6+ requirements SSL connection must be established by default if explicit option isn't set. For compliance with existing applications not using SSL the verifyServerCertificate property is set to 'false'. You need either to explicitly disable SSL by setting useSSL=false, or set useSSL=true and provide truststore for server certificate verification.
Tue Apr 04 13:39:07 CDT 2017 WARN: Establishing SSL connection without server's identity verification is not recommended. According to MySQL 5.5.45+, 5.6.26+ and 5.7.6+ requirements SSL connection must be established by default if explicit option isn't set. For compliance with existing applications not using SSL the verifyServerCertificate property is set to 'false'. You need either to explicitly disable SSL by setting useSSL=false, or set useSSL=true and provide truststore for server certificate verification.
Tue Apr 04 13:39:07 CDT 2017 WARN: Establishing SSL connection without server's identity verification is not recommended. According to MySQL 5.5.45+, 5.6.26+ and 5.7.6+ requirements SSL connection must be established by default if explicit option isn't set. For compliance with existing applications not using SSL the verifyServerCertificate property is set to 'false'. You need either to explicitly disable SSL by setting useSSL=false, or set useSSL=true and provide truststore for server certificate verification.
Tue Apr 04 13:39:07 CDT 2017 WARN: Establishing SSL connection without server's identity verification is not recommended. According to MySQL 5.5.45+, 5.6.26+ and 5.7.6+ requirements SSL connection must be established by default if explicit option isn't set. For compliance with existing applications not using SSL the verifyServerCertificate property is set to 'false'. You need either to explicitly disable SSL by setting useSSL=false, or set useSSL=true and provide truststore for server certificate verification.
Tue Apr 04 13:39:07 CDT 2017 WARN: Establishing SSL connection without server's identity verification is not recommended. According to MySQL 5.5.45+, 5.6.26+ and 5.7.6+ requirements SSL connection must be established by default if explicit option isn't set. For compliance with existing applications not using SSL the verifyServerCertificate property is set to 'false'. You need either to explicitly disable SSL by setting useSSL=false, or set useSSL=true and provide truststore for server certificate verification.
Tue Apr 04 13:39:07 CDT 2017 WARN: Establishing SSL connection without server's identity verification is not recommended. According to MySQL 5.5.45+, 5.6.26+ and 5.7.6+ requirements SSL connection must be established by default if explicit option isn't set. For compliance with existing applications not using SSL the verifyServerCertificate property is set to 'false'. You need either to explicitly disable SSL by setting useSSL=false, or set useSSL=true and provide truststore for server certificate verification.
Tue Apr 04 13:39:07 CDT 2017 WARN: Establishing SSL connection without server's identity verification is not recommended. According to MySQL 5.5.45+, 5.6.26+ and 5.7.6+ requirements SSL connection must be established by default if explicit option isn't set. For compliance with existing applications not using SSL the verifyServerCertificate property is set to 'false'. You need either to explicitly disable SSL by setting useSSL=false, or set useSSL=true and provide truststore for server certificate verification.
Tue Apr 04 13:39:11 CDT 2017 WARN: Establishing SSL connection without server's identity verification is not recommended. According to MySQL 5.5.45+, 5.6.26+ and 5.7.6+ requirements SSL connection must be established by default if explicit option isn't set. For compliance with existing applications not using SSL the verifyServerCertificate property is set to 'false'. You need either to explicitly disable SSL by setting useSSL=false, or set useSSL=true and provide truststore for server certificate verification.
Tue Apr 04 13:39:11 CDT 2017 WARN: Establishing SSL connection without server's identity verification is not recommended. According to MySQL 5.5.45+, 5.6.26+ and 5.7.6+ requirements SSL connection must be established by default if explicit option isn't set. For compliance with existing applications not using SSL the verifyServerCertificate property is set to 'false'. You need either to explicitly disable SSL by setting useSSL=false, or set useSSL=true and provide truststore for server certificate verification.
Tue Apr 04 13:39:11 CDT 2017 WARN: Establishing SSL connection without server's identity verification is not recommended. According to MySQL 5.5.45+, 5.6.26+ and 5.7.6+ requirements SSL connection must be established by default if explicit option isn't set. For compliance with existing applications not using SSL the verifyServerCertificate property is set to 'false'. You need either to explicitly disable SSL by setting useSSL=false, or set useSSL=true and provide truststore for server certificate verification.
Tue Apr 04 13:39:11 CDT 2017 WARN: Establishing SSL connection without server's identity verification is not recommended. According to MySQL 5.5.45+, 5.6.26+ and 5.7.6+ requirements SSL connection must be established by default if explicit option isn't set. For compliance with existing applications not using SSL the verifyServerCertificate property is set to 'false'. You need either to explicitly disable SSL by setting useSSL=false, or set useSSL=true and provide truststore for server certificate verification.
Tue Apr 04 13:39:11 CDT 2017 WARN: Establishing SSL connection without server's identity verification is not recommended. According to MySQL 5.5.45+, 5.6.26+ and 5.7.6+ requirements SSL connection must be established by default if explicit option isn't set. For compliance with existing applications not using SSL the verifyServerCertificate property is set to 'false'. You need either to explicitly disable SSL by setting useSSL=false, or set useSSL=true and provide truststore for server certificate verification.
Tue Apr 04 13:39:11 CDT 2017 WARN: Establishing SSL connection without server's identity verification is not recommended. According to MySQL 5.5.45+, 5.6.26+ and 5.7.6+ requirements SSL connection must be established by default if explicit option isn't set. For compliance with existing applications not using SSL the verifyServerCertificate property is set to 'false'. You need either to explicitly disable SSL by setting useSSL=false, or set useSSL=true and provide truststore for server certificate verification.
Tue Apr 04 13:39:11 CDT 2017 WARN: Establishing SSL connection without server's identity verification is not recommended. According to MySQL 5.5.45+, 5.6.26+ and 5.7.6+ requirements SSL connection must be established by default if explicit option isn't set. For compliance with existing applications not using SSL the verifyServerCertificate property is set to 'false'. You need either to explicitly disable SSL by setting useSSL=false, or set useSSL=true and provide truststore for server certificate verification.
Tue Apr 04 13:39:11 CDT 2017 WARN: Establishing SSL connection without server's identity verification is not recommended. According to MySQL 5.5.45+, 5.6.26+ and 5.7.6+ requirements SSL connection must be established by default if explicit option isn't set. For compliance with existing applications not using SSL the verifyServerCertificate property is set to 'false'. You need either to explicitly disable SSL by setting useSSL=false, or set useSSL=true and provide truststore for server certificate verification.
Tue Apr 04 13:39:11 CDT 2017 WARN: Establishing SSL connection without server's identity verification is not recommended. According to MySQL 5.5.45+, 5.6.26+ and 5.7.6+ requirements SSL connection must be established by default if explicit option isn't set. For compliance with existing applications not using SSL the verifyServerCertificate property is set to 'false'. You need either to explicitly disable SSL by setting useSSL=false, or set useSSL=true and provide truststore for server certificate verification.
Tue Apr 04 13:39:11 CDT 2017 WARN: Establishing SSL connection without server's identity verification is not recommended. According to MySQL 5.5.45+, 5.6.26+ and 5.7.6+ requirements SSL connection must be established by default if explicit option isn't set. For compliance with existing applications not using SSL the verifyServerCertificate property is set to 'false'. You need either to explicitly disable SSL by setting useSSL=false, or set useSSL=true and provide truststore for server certificate verification.
Tue Apr 04 13:39:14 CDT 2017 WARN: Establishing SSL connection without server's identity verification is not recommended. According to MySQL 5.5.45+, 5.6.26+ and 5.7.6+ requirements SSL connection must be established by default if explicit option isn't set. For compliance with existing applications not using SSL the verifyServerCertificate property is set to 'false'. You need either to explicitly disable SSL by setting useSSL=false, or set useSSL=true and provide truststore for server certificate verification.
Tue Apr 04 13:39:14 CDT 2017 WARN: Establishing SSL connection without server's identity verification is not recommended. According to MySQL 5.5.45+, 5.6.26+ and 5.7.6+ requirements SSL connection must be established by default if explicit option isn't set. For compliance with existing applications not using SSL the verifyServerCertificate property is set to 'false'. You need either to explicitly disable SSL by setting useSSL=false, or set useSSL=true and provide truststore for server certificate verification.
Tue Apr 04 13:39:14 CDT 2017 WARN: Establishing SSL connection without server's identity verification is not recommended. According to MySQL 5.5.45+, 5.6.26+ and 5.7.6+ requirements SSL connection must be established by default if explicit option isn't set. For compliance with existing applications not using SSL the verifyServerCertificate property is set to 'false'. You need either to explicitly disable SSL by setting useSSL=false, or set useSSL=true and provide truststore for server certificate verification.
Tue Apr 04 13:39:14 CDT 2017 WARN: Establishing SSL connection without server's identity verification is not recommended. According to MySQL 5.5.45+, 5.6.26+ and 5.7.6+ requirements SSL connection must be established by default if explicit option isn't set. For compliance with existing applications not using SSL the verifyServerCertificate property is set to 'false'. You need either to explicitly disable SSL by setting useSSL=false, or set useSSL=true and provide truststore for server certificate verification.
Tue Apr 04 13:39:14 CDT 2017 WARN: Establishing SSL connection without server's identity verification is not recommended. According to MySQL 5.5.45+, 5.6.26+ and 5.7.6+ requirements SSL connection must be established by default if explicit option isn't set. For compliance with existing applications not using SSL the verifyServerCertificate property is set to 'false'. You need either to explicitly disable SSL by setting useSSL=false, or set useSSL=true and provide truststore for server certificate verification.
Tue Apr 04 13:39:14 CDT 2017 WARN: Establishing SSL connection without server's identity verification is not recommended. According to MySQL 5.5.45+, 5.6.26+ and 5.7.6+ requirements SSL connection must be established by default if explicit option isn't set. For compliance with existing applications not using SSL the verifyServerCertificate property is set to 'false'. You need either to explicitly disable SSL by setting useSSL=false, or set useSSL=true and provide truststore for server certificate verification.
Tue Apr 04 13:39:14 CDT 2017 WARN: Establishing SSL connection without server's identity verification is not recommended. According to MySQL 5.5.45+, 5.6.26+ and 5.7.6+ requirements SSL connection must be established by default if explicit option isn't set. For compliance with existing applications not using SSL the verifyServerCertificate property is set to 'false'. You need either to explicitly disable SSL by setting useSSL=false, or set useSSL=true and provide truststore for server certificate verification.
Tue Apr 04 13:39:14 CDT 2017 WARN: Establishing SSL connection without server's identity verification is not recommended. According to MySQL 5.5.45+, 5.6.26+ and 5.7.6+ requirements SSL connection must be established by default if explicit option isn't set. For compliance with existing applications not using SSL the verifyServerCertificate property is set to 'false'. You need either to explicitly disable SSL by setting useSSL=false, or set useSSL=true and provide truststore for server certificate verification.
Tue Apr 04 13:39:14 CDT 2017 WARN: Establishing SSL connection without server's identity verification is not recommended. According to MySQL 5.5.45+, 5.6.26+ and 5.7.6+ requirements SSL connection must be established by default if explicit option isn't set. For compliance with existing applications not using SSL the verifyServerCertificate property is set to 'false'. You need either to explicitly disable SSL by setting useSSL=false, or set useSSL=true and provide truststore for server certificate verification.
Tue Apr 04 13:39:14 CDT 2017 WARN: Establishing SSL connection without server's identity verification is not recommended. According to MySQL 5.5.45+, 5.6.26+ and 5.7.6+ requirements SSL connection must be established by default if explicit option isn't set. For compliance with existing applications not using SSL the verifyServerCertificate property is set to 'false'. You need either to explicitly disable SSL by setting useSSL=false, or set useSSL=true and provide truststore for server certificate verification.
Tue Apr 04 13:39:17 CDT 2017 WARN: Establishing SSL connection without server's identity verification is not recommended. According to MySQL 5.5.45+, 5.6.26+ and 5.7.6+ requirements SSL connection must be established by default if explicit option isn't set. For compliance with existing applications not using SSL the verifyServerCertificate property is set to 'false'. You need either to explicitly disable SSL by setting useSSL=false, or set useSSL=true and provide truststore for server certificate verification.
Tue Apr 04 13:39:17 CDT 2017 WARN: Establishing SSL connection without server's identity verification is not recommended. According to MySQL 5.5.45+, 5.6.26+ and 5.7.6+ requirements SSL connection must be established by default if explicit option isn't set. For compliance with existing applications not using SSL the verifyServerCertificate property is set to 'false'. You need either to explicitly disable SSL by setting useSSL=false, or set useSSL=true and provide truststore for server certificate verification.
Tue Apr 04 13:39:17 CDT 2017 WARN: Establishing SSL connection without server's identity verification is not recommended. According to MySQL 5.5.45+, 5.6.26+ and 5.7.6+ requirements SSL connection must be established by default if explicit option isn't set. For compliance with existing applications not using SSL the verifyServerCertificate property is set to 'false'. You need either to explicitly disable SSL by setting useSSL=false, or set useSSL=true and provide truststore for server certificate verification.
Tue Apr 04 13:39:17 CDT 2017 WARN: Establishing SSL connection without server's identity verification is not recommended. According to MySQL 5.5.45+, 5.6.26+ and 5.7.6+ requirements SSL connection must be established by default if explicit option isn't set. For compliance with existing applications not using SSL the verifyServerCertificate property is set to 'false'. You need either to explicitly disable SSL by setting useSSL=false, or set useSSL=true and provide truststore for server certificate verification.
Tue Apr 04 13:39:17 CDT 2017 WARN: Establishing SSL connection without server's identity verification is not recommended. According to MySQL 5.5.45+, 5.6.26+ and 5.7.6+ requirements SSL connection must be established by default if explicit option isn't set. For compliance with existing applications not using SSL the verifyServerCertificate property is set to 'false'. You need either to explicitly disable SSL by setting useSSL=false, or set useSSL=true and provide truststore for server certificate verification.
Tue Apr 04 13:39:17 CDT 2017 WARN: Establishing SSL connection without server's identity verification is not recommended. According to MySQL 5.5.45+, 5.6.26+ and 5.7.6+ requirements SSL connection must be established by default if explicit option isn't set. For compliance with existing applications not using SSL the verifyServerCertificate property is set to 'false'. You need either to explicitly disable SSL by setting useSSL=false, or set useSSL=true and provide truststore for server certificate verification.
Tue Apr 04 13:39:17 CDT 2017 WARN: Establishing SSL connection without server's identity verification is not recommended. According to MySQL 5.5.45+, 5.6.26+ and 5.7.6+ requirements SSL connection must be established by default if explicit option isn't set. For compliance with existing applications not using SSL the verifyServerCertificate property is set to 'false'. You need either to explicitly disable SSL by setting useSSL=false, or set useSSL=true and provide truststore for server certificate verification.
Tue Apr 04 13:39:17 CDT 2017 WARN: Establishing SSL connection without server's identity verification is not recommended. According to MySQL 5.5.45+, 5.6.26+ and 5.7.6+ requirements SSL connection must be established by default if explicit option isn't set. For compliance with existing applications not using SSL the verifyServerCertificate property is set to 'false'. You need either to explicitly disable SSL by setting useSSL=false, or set useSSL=true and provide truststore for server certificate verification.
Tue Apr 04 13:39:17 CDT 2017 WARN: Establishing SSL connection without server's identity verification is not recommended. According to MySQL 5.5.45+, 5.6.26+ and 5.7.6+ requirements SSL connection must be established by default if explicit option isn't set. For compliance with existing applications not using SSL the verifyServerCertificate property is set to 'false'. You need either to explicitly disable SSL by setting useSSL=false, or set useSSL=true and provide truststore for server certificate verification.
Tue Apr 04 13:39:17 CDT 2017 WARN: Establishing SSL connection without server's identity verification is not recommended. According to MySQL 5.5.45+, 5.6.26+ and 5.7.6+ requirements SSL connection must be established by default if explicit option isn't set. For compliance with existing applications not using SSL the verifyServerCertificate property is set to 'false'. You need either to explicitly disable SSL by setting useSSL=false, or set useSSL=true and provide truststore for server certificate verification.
Tue Apr 04 13:39:21 CDT 2017 WARN: Establishing SSL connection without server's identity verification is not recommended. According to MySQL 5.5.45+, 5.6.26+ and 5.7.6+ requirements SSL connection must be established by default if explicit option isn't set. For compliance with existing applications not using SSL the verifyServerCertificate property is set to 'false'. You need either to explicitly disable SSL by setting useSSL=false, or set useSSL=true and provide truststore for server certificate verification.
Tue Apr 04 13:39:21 CDT 2017 WARN: Establishing SSL connection without server's identity verification is not recommended. According to MySQL 5.5.45+, 5.6.26+ and 5.7.6+ requirements SSL connection must be established by default if explicit option isn't set. For compliance with existing applications not using SSL the verifyServerCertificate property is set to 'false'. You need either to explicitly disable SSL by setting useSSL=false, or set useSSL=true and provide truststore for server certificate verification.
Tue Apr 04 13:39:21 CDT 2017 WARN: Establishing SSL connection without server's identity verification is not recommended. According to MySQL 5.5.45+, 5.6.26+ and 5.7.6+ requirements SSL connection must be established by default if explicit option isn't set. For compliance with existing applications not using SSL the verifyServerCertificate property is set to 'false'. You need either to explicitly disable SSL by setting useSSL=false, or set useSSL=true and provide truststore for server certificate verification.
Tue Apr 04 13:39:21 CDT 2017 WARN: Establishing SSL connection without server's identity verification is not recommended. According to MySQL 5.5.45+, 5.6.26+ and 5.7.6+ requirements SSL connection must be established by default if explicit option isn't set. For compliance with existing applications not using SSL the verifyServerCertificate property is set to 'false'. You need either to explicitly disable SSL by setting useSSL=false, or set useSSL=true and provide truststore for server certificate verification.
Tue Apr 04 13:39:21 CDT 2017 WARN: Establishing SSL connection without server's identity verification is not recommended. According to MySQL 5.5.45+, 5.6.26+ and 5.7.6+ requirements SSL connection must be established by default if explicit option isn't set. For compliance with existing applications not using SSL the verifyServerCertificate property is set to 'false'. You need either to explicitly disable SSL by setting useSSL=false, or set useSSL=true and provide truststore for server certificate verification.
Tue Apr 04 13:39:21 CDT 2017 WARN: Establishing SSL connection without server's identity verification is not recommended. According to MySQL 5.5.45+, 5.6.26+ and 5.7.6+ requirements SSL connection must be established by default if explicit option isn't set. For compliance with existing applications not using SSL the verifyServerCertificate property is set to 'false'. You need either to explicitly disable SSL by setting useSSL=false, or set useSSL=true and provide truststore for server certificate verification.
Tue Apr 04 13:39:21 CDT 2017 WARN: Establishing SSL connection without server's identity verification is not recommended. According to MySQL 5.5.45+, 5.6.26+ and 5.7.6+ requirements SSL connection must be established by default if explicit option isn't set. For compliance with existing applications not using SSL the verifyServerCertificate property is set to 'false'. You need either to explicitly disable SSL by setting useSSL=false, or set useSSL=true and provide truststore for server certificate verification.
Tue Apr 04 13:39:21 CDT 2017 WARN: Establishing SSL connection without server's identity verification is not recommended. According to MySQL 5.5.45+, 5.6.26+ and 5.7.6+ requirements SSL connection must be established by default if explicit option isn't set. For compliance with existing applications not using SSL the verifyServerCertificate property is set to 'false'. You need either to explicitly disable SSL by setting useSSL=false, or set useSSL=true and provide truststore for server certificate verification.
Tue Apr 04 13:39:21 CDT 2017 WARN: Establishing SSL connection without server's identity verification is not recommended. According to MySQL 5.5.45+, 5.6.26+ and 5.7.6+ requirements SSL connection must be established by default if explicit option isn't set. For compliance with existing applications not using SSL the verifyServerCertificate property is set to 'false'. You need either to explicitly disable SSL by setting useSSL=false, or set useSSL=true and provide truststore for server certificate verification.
Tue Apr 04 13:39:21 CDT 2017 WARN: Establishing SSL connection without server's identity verification is not recommended. According to MySQL 5.5.45+, 5.6.26+ and 5.7.6+ requirements SSL connection must be established by default if explicit option isn't set. For compliance with existing applications not using SSL the verifyServerCertificate property is set to 'false'. You need either to explicitly disable SSL by setting useSSL=false, or set useSSL=true and provide truststore for server certificate verification.
Tue Apr 04 13:39:24 CDT 2017 WARN: Establishing SSL connection without server's identity verification is not recommended. According to MySQL 5.5.45+, 5.6.26+ and 5.7.6+ requirements SSL connection must be established by default if explicit option isn't set. For compliance with existing applications not using SSL the verifyServerCertificate property is set to 'false'. You need either to explicitly disable SSL by setting useSSL=false, or set useSSL=true and provide truststore for server certificate verification.
Tue Apr 04 13:39:24 CDT 2017 WARN: Establishing SSL connection without server's identity verification is not recommended. According to MySQL 5.5.45+, 5.6.26+ and 5.7.6+ requirements SSL connection must be established by default if explicit option isn't set. For compliance with existing applications not using SSL the verifyServerCertificate property is set to 'false'. You need either to explicitly disable SSL by setting useSSL=false, or set useSSL=true and provide truststore for server certificate verification.
Tue Apr 04 13:39:24 CDT 2017 WARN: Establishing SSL connection without server's identity verification is not recommended. According to MySQL 5.5.45+, 5.6.26+ and 5.7.6+ requirements SSL connection must be established by default if explicit option isn't set. For compliance with existing applications not using SSL the verifyServerCertificate property is set to 'false'. You need either to explicitly disable SSL by setting useSSL=false, or set useSSL=true and provide truststore for server certificate verification.
Tue Apr 04 13:39:24 CDT 2017 WARN: Establishing SSL connection without server's identity verification is not recommended. According to MySQL 5.5.45+, 5.6.26+ and 5.7.6+ requirements SSL connection must be established by default if explicit option isn't set. For compliance with existing applications not using SSL the verifyServerCertificate property is set to 'false'. You need either to explicitly disable SSL by setting useSSL=false, or set useSSL=true and provide truststore for server certificate verification.
Tue Apr 04 13:39:24 CDT 2017 WARN: Establishing SSL connection without server's identity verification is not recommended. According to MySQL 5.5.45+, 5.6.26+ and 5.7.6+ requirements SSL connection must be established by default if explicit option isn't set. For compliance with existing applications not using SSL the verifyServerCertificate property is set to 'false'. You need either to explicitly disable SSL by setting useSSL=false, or set useSSL=true and provide truststore for server certificate verification.
Tue Apr 04 13:39:24 CDT 2017 WARN: Establishing SSL connection without server's identity verification is not recommended. According to MySQL 5.5.45+, 5.6.26+ and 5.7.6+ requirements SSL connection must be established by default if explicit option isn't set. For compliance with existing applications not using SSL the verifyServerCertificate property is set to 'false'. You need either to explicitly disable SSL by setting useSSL=false, or set useSSL=true and provide truststore for server certificate verification.
Tue Apr 04 13:39:24 CDT 2017 WARN: Establishing SSL connection without server's identity verification is not recommended. According to MySQL 5.5.45+, 5.6.26+ and 5.7.6+ requirements SSL connection must be established by default if explicit option isn't set. For compliance with existing applications not using SSL the verifyServerCertificate property is set to 'false'. You need either to explicitly disable SSL by setting useSSL=false, or set useSSL=true and provide truststore for server certificate verification.
Tue Apr 04 13:39:24 CDT 2017 WARN: Establishing SSL connection without server's identity verification is not recommended. According to MySQL 5.5.45+, 5.6.26+ and 5.7.6+ requirements SSL connection must be established by default if explicit option isn't set. For compliance with existing applications not using SSL the verifyServerCertificate property is set to 'false'. You need either to explicitly disable SSL by setting useSSL=false, or set useSSL=true and provide truststore for server certificate verification.
Tue Apr 04 13:39:24 CDT 2017 WARN: Establishing SSL connection without server's identity verification is not recommended. According to MySQL 5.5.45+, 5.6.26+ and 5.7.6+ requirements SSL connection must be established by default if explicit option isn't set. For compliance with existing applications not using SSL the verifyServerCertificate property is set to 'false'. You need either to explicitly disable SSL by setting useSSL=false, or set useSSL=true and provide truststore for server certificate verification.
Tue Apr 04 13:39:24 CDT 2017 WARN: Establishing SSL connection without server's identity verification is not recommended. According to MySQL 5.5.45+, 5.6.26+ and 5.7.6+ requirements SSL connection must be established by default if explicit option isn't set. For compliance with existing applications not using SSL the verifyServerCertificate property is set to 'false'. You need either to explicitly disable SSL by setting useSSL=false, or set useSSL=true and provide truststore for server certificate verification.
Tue Apr 04 13:39:27 CDT 2017 WARN: Establishing SSL connection without server's identity verification is not recommended. According to MySQL 5.5.45+, 5.6.26+ and 5.7.6+ requirements SSL connection must be established by default if explicit option isn't set. For compliance with existing applications not using SSL the verifyServerCertificate property is set to 'false'. You need either to explicitly disable SSL by setting useSSL=false, or set useSSL=true and provide truststore for server certificate verification.
Tue Apr 04 13:39:27 CDT 2017 WARN: Establishing SSL connection without server's identity verification is not recommended. According to MySQL 5.5.45+, 5.6.26+ and 5.7.6+ requirements SSL connection must be established by default if explicit option isn't set. For compliance with existing applications not using SSL the verifyServerCertificate property is set to 'false'. You need either to explicitly disable SSL by setting useSSL=false, or set useSSL=true and provide truststore for server certificate verification.
Tue Apr 04 13:39:27 CDT 2017 WARN: Establishing SSL connection without server's identity verification is not recommended. According to MySQL 5.5.45+, 5.6.26+ and 5.7.6+ requirements SSL connection must be established by default if explicit option isn't set. For compliance with existing applications not using SSL the verifyServerCertificate property is set to 'false'. You need either to explicitly disable SSL by setting useSSL=false, or set useSSL=true and provide truststore for server certificate verification.
Tue Apr 04 13:39:27 CDT 2017 WARN: Establishing SSL connection without server's identity verification is not recommended. According to MySQL 5.5.45+, 5.6.26+ and 5.7.6+ requirements SSL connection must be established by default if explicit option isn't set. For compliance with existing applications not using SSL the verifyServerCertificate property is set to 'false'. You need either to explicitly disable SSL by setting useSSL=false, or set useSSL=true and provide truststore for server certificate verification.
Tue Apr 04 13:39:27 CDT 2017 WARN: Establishing SSL connection without server's identity verification is not recommended. According to MySQL 5.5.45+, 5.6.26+ and 5.7.6+ requirements SSL connection must be established by default if explicit option isn't set. For compliance with existing applications not using SSL the verifyServerCertificate property is set to 'false'. You need either to explicitly disable SSL by setting useSSL=false, or set useSSL=true and provide truststore for server certificate verification.
Tue Apr 04 13:39:27 CDT 2017 WARN: Establishing SSL connection without server's identity verification is not recommended. According to MySQL 5.5.45+, 5.6.26+ and 5.7.6+ requirements SSL connection must be established by default if explicit option isn't set. For compliance with existing applications not using SSL the verifyServerCertificate property is set to 'false'. You need either to explicitly disable SSL by setting useSSL=false, or set useSSL=true and provide truststore for server certificate verification.
Tue Apr 04 13:39:27 CDT 2017 WARN: Establishing SSL connection without server's identity verification is not recommended. According to MySQL 5.5.45+, 5.6.26+ and 5.7.6+ requirements SSL connection must be established by default if explicit option isn't set. For compliance with existing applications not using SSL the verifyServerCertificate property is set to 'false'. You need either to explicitly disable SSL by setting useSSL=false, or set useSSL=true and provide truststore for server certificate verification.
Tue Apr 04 13:39:27 CDT 2017 WARN: Establishing SSL connection without server's identity verification is not recommended. According to MySQL 5.5.45+, 5.6.26+ and 5.7.6+ requirements SSL connection must be established by default if explicit option isn't set. For compliance with existing applications not using SSL the verifyServerCertificate property is set to 'false'. You need either to explicitly disable SSL by setting useSSL=false, or set useSSL=true and provide truststore for server certificate verification.
Tue Apr 04 13:39:27 CDT 2017 WARN: Establishing SSL connection without server's identity verification is not recommended. According to MySQL 5.5.45+, 5.6.26+ and 5.7.6+ requirements SSL connection must be established by default if explicit option isn't set. For compliance with existing applications not using SSL the verifyServerCertificate property is set to 'false'. You need either to explicitly disable SSL by setting useSSL=false, or set useSSL=true and provide truststore for server certificate verification.
Tue Apr 04 13:39:27 CDT 2017 WARN: Establishing SSL connection without server's identity verification is not recommended. According to MySQL 5.5.45+, 5.6.26+ and 5.7.6+ requirements SSL connection must be established by default if explicit option isn't set. For compliance with existing applications not using SSL the verifyServerCertificate property is set to 'false'. You need either to explicitly disable SSL by setting useSSL=false, or set useSSL=true and provide truststore for server certificate verification.
Tue Apr 04 13:39:30 CDT 2017 WARN: Establishing SSL connection without server's identity verification is not recommended. According to MySQL 5.5.45+, 5.6.26+ and 5.7.6+ requirements SSL connection must be established by default if explicit option isn't set. For compliance with existing applications not using SSL the verifyServerCertificate property is set to 'false'. You need either to explicitly disable SSL by setting useSSL=false, or set useSSL=true and provide truststore for server certificate verification.
Tue Apr 04 13:39:30 CDT 2017 WARN: Establishing SSL connection without server's identity verification is not recommended. According to MySQL 5.5.45+, 5.6.26+ and 5.7.6+ requirements SSL connection must be established by default if explicit option isn't set. For compliance with existing applications not using SSL the verifyServerCertificate property is set to 'false'. You need either to explicitly disable SSL by setting useSSL=false, or set useSSL=true and provide truststore for server certificate verification.
Tue Apr 04 13:39:30 CDT 2017 WARN: Establishing SSL connection without server's identity verification is not recommended. According to MySQL 5.5.45+, 5.6.26+ and 5.7.6+ requirements SSL connection must be established by default if explicit option isn't set. For compliance with existing applications not using SSL the verifyServerCertificate property is set to 'false'. You need either to explicitly disable SSL by setting useSSL=false, or set useSSL=true and provide truststore for server certificate verification.
Tue Apr 04 13:39:30 CDT 2017 WARN: Establishing SSL connection without server's identity verification is not recommended. According to MySQL 5.5.45+, 5.6.26+ and 5.7.6+ requirements SSL connection must be established by default if explicit option isn't set. For compliance with existing applications not using SSL the verifyServerCertificate property is set to 'false'. You need either to explicitly disable SSL by setting useSSL=false, or set useSSL=true and provide truststore for server certificate verification.
Tue Apr 04 13:39:30 CDT 2017 WARN: Establishing SSL connection without server's identity verification is not recommended. According to MySQL 5.5.45+, 5.6.26+ and 5.7.6+ requirements SSL connection must be established by default if explicit option isn't set. For compliance with existing applications not using SSL the verifyServerCertificate property is set to 'false'. You need either to explicitly disable SSL by setting useSSL=false, or set useSSL=true and provide truststore for server certificate verification.
Tue Apr 04 13:39:30 CDT 2017 WARN: Establishing SSL connection without server's identity verification is not recommended. According to MySQL 5.5.45+, 5.6.26+ and 5.7.6+ requirements SSL connection must be established by default if explicit option isn't set. For compliance with existing applications not using SSL the verifyServerCertificate property is set to 'false'. You need either to explicitly disable SSL by setting useSSL=false, or set useSSL=true and provide truststore for server certificate verification.
Tue Apr 04 13:39:30 CDT 2017 WARN: Establishing SSL connection without server's identity verification is not recommended. According to MySQL 5.5.45+, 5.6.26+ and 5.7.6+ requirements SSL connection must be established by default if explicit option isn't set. For compliance with existing applications not using SSL the verifyServerCertificate property is set to 'false'. You need either to explicitly disable SSL by setting useSSL=false, or set useSSL=true and provide truststore for server certificate verification.
Tue Apr 04 13:39:30 CDT 2017 WARN: Establishing SSL connection without server's identity verification is not recommended. According to MySQL 5.5.45+, 5.6.26+ and 5.7.6+ requirements SSL connection must be established by default if explicit option isn't set. For compliance with existing applications not using SSL the verifyServerCertificate property is set to 'false'. You need either to explicitly disable SSL by setting useSSL=false, or set useSSL=true and provide truststore for server certificate verification.
Tue Apr 04 13:39:30 CDT 2017 WARN: Establishing SSL connection without server's identity verification is not recommended. According to MySQL 5.5.45+, 5.6.26+ and 5.7.6+ requirements SSL connection must be established by default if explicit option isn't set. For compliance with existing applications not using SSL the verifyServerCertificate property is set to 'false'. You need either to explicitly disable SSL by setting useSSL=false, or set useSSL=true and provide truststore for server certificate verification.
Tue Apr 04 13:39:30 CDT 2017 WARN: Establishing SSL connection without server's identity verification is not recommended. According to MySQL 5.5.45+, 5.6.26+ and 5.7.6+ requirements SSL connection must be established by default if explicit option isn't set. For compliance with existing applications not using SSL the verifyServerCertificate property is set to 'false'. You need either to explicitly disable SSL by setting useSSL=false, or set useSSL=true and provide truststore for server certificate verification.
Tue Apr 04 13:39:34 CDT 2017 WARN: Establishing SSL connection without server's identity verification is not recommended. According to MySQL 5.5.45+, 5.6.26+ and 5.7.6+ requirements SSL connection must be established by default if explicit option isn't set. For compliance with existing applications not using SSL the verifyServerCertificate property is set to 'false'. You need either to explicitly disable SSL by setting useSSL=false, or set useSSL=true and provide truststore for server certificate verification.
Tue Apr 04 13:39:34 CDT 2017 WARN: Establishing SSL connection without server's identity verification is not recommended. According to MySQL 5.5.45+, 5.6.26+ and 5.7.6+ requirements SSL connection must be established by default if explicit option isn't set. For compliance with existing applications not using SSL the verifyServerCertificate property is set to 'false'. You need either to explicitly disable SSL by setting useSSL=false, or set useSSL=true and provide truststore for server certificate verification.
Tue Apr 04 13:39:34 CDT 2017 WARN: Establishing SSL connection without server's identity verification is not recommended. According to MySQL 5.5.45+, 5.6.26+ and 5.7.6+ requirements SSL connection must be established by default if explicit option isn't set. For compliance with existing applications not using SSL the verifyServerCertificate property is set to 'false'. You need either to explicitly disable SSL by setting useSSL=false, or set useSSL=true and provide truststore for server certificate verification.
Tue Apr 04 13:39:34 CDT 2017 WARN: Establishing SSL connection without server's identity verification is not recommended. According to MySQL 5.5.45+, 5.6.26+ and 5.7.6+ requirements SSL connection must be established by default if explicit option isn't set. For compliance with existing applications not using SSL the verifyServerCertificate property is set to 'false'. You need either to explicitly disable SSL by setting useSSL=false, or set useSSL=true and provide truststore for server certificate verification.
Tue Apr 04 13:39:34 CDT 2017 WARN: Establishing SSL connection without server's identity verification is not recommended. According to MySQL 5.5.45+, 5.6.26+ and 5.7.6+ requirements SSL connection must be established by default if explicit option isn't set. For compliance with existing applications not using SSL the verifyServerCertificate property is set to 'false'. You need either to explicitly disable SSL by setting useSSL=false, or set useSSL=true and provide truststore for server certificate verification.
Tue Apr 04 13:39:34 CDT 2017 WARN: Establishing SSL connection without server's identity verification is not recommended. According to MySQL 5.5.45+, 5.6.26+ and 5.7.6+ requirements SSL connection must be established by default if explicit option isn't set. For compliance with existing applications not using SSL the verifyServerCertificate property is set to 'false'. You need either to explicitly disable SSL by setting useSSL=false, or set useSSL=true and provide truststore for server certificate verification.
Tue Apr 04 13:39:34 CDT 2017 WARN: Establishing SSL connection without server's identity verification is not recommended. According to MySQL 5.5.45+, 5.6.26+ and 5.7.6+ requirements SSL connection must be established by default if explicit option isn't set. For compliance with existing applications not using SSL the verifyServerCertificate property is set to 'false'. You need either to explicitly disable SSL by setting useSSL=false, or set useSSL=true and provide truststore for server certificate verification.
Tue Apr 04 13:39:34 CDT 2017 WARN: Establishing SSL connection without server's identity verification is not recommended. According to MySQL 5.5.45+, 5.6.26+ and 5.7.6+ requirements SSL connection must be established by default if explicit option isn't set. For compliance with existing applications not using SSL the verifyServerCertificate property is set to 'false'. You need either to explicitly disable SSL by setting useSSL=false, or set useSSL=true and provide truststore for server certificate verification.
Tue Apr 04 13:39:34 CDT 2017 WARN: Establishing SSL connection without server's identity verification is not recommended. According to MySQL 5.5.45+, 5.6.26+ and 5.7.6+ requirements SSL connection must be established by default if explicit option isn't set. For compliance with existing applications not using SSL the verifyServerCertificate property is set to 'false'. You need either to explicitly disable SSL by setting useSSL=false, or set useSSL=true and provide truststore for server certificate verification.
Tue Apr 04 13:39:34 CDT 2017 WARN: Establishing SSL connection without server's identity verification is not recommended. According to MySQL 5.5.45+, 5.6.26+ and 5.7.6+ requirements SSL connection must be established by default if explicit option isn't set. For compliance with existing applications not using SSL the verifyServerCertificate property is set to 'false'. You need either to explicitly disable SSL by setting useSSL=false, or set useSSL=true and provide truststore for server certificate verification.
]]></system-err>
</testsuite>
