<?xml version="1.0" encoding="UTF-8"?>
<testsuite name="hello.storage.FileSystemStorageServiceTest" tests="9" skipped="0" failures="0" errors="0" timestamp="2017-04-16T10:41:54" hostname="Puget-99033" time="91.469">
  <properties/>
  <testcase name="loadLoadsFile" classname="hello.storage.FileSystemStorageServiceTest" time="0.01"/>
  <testcase name="testLoadAllShouldLoadAllFiles" classname="hello.storage.FileSystemStorageServiceTest" time="0.015"/>
  <testcase name="initShouldThrowIOExceptionIfFileExists" classname="hello.storage.FileSystemStorageServiceTest" time="0.005"/>
  <testcase name="loadAllShouldThrowExceptionSinceNoFileWasSaved" classname="hello.storage.FileSystemStorageServiceTest" time="0.005"/>
  <testcase name="initShouldCreateADirectory" classname="hello.storage.FileSystemStorageServiceTest" time="0.007"/>
  <testcase name="loadAsResourceThrowsExceptionSinceResourceDoesNotExist" classname="hello.storage.FileSystemStorageServiceTest" time="0.005"/>
  <testcase name="storeShouldThrowStorageExceptionOnEmptyFile" classname="hello.storage.FileSystemStorageServiceTest" time="0.005"/>
  <testcase name="storeShouldStoreFile" classname="hello.storage.FileSystemStorageServiceTest" time="0.006"/>
  <testcase name="loadAsResourceReturnsFileAsResource" classname="hello.storage.FileSystemStorageServiceTest" time="0.007"/>
  <system-out><![CDATA[2017-04-16 05:41:45.659  INFO 8432 --- [    Test worker] .b.t.c.SpringBootTestContextBootstrapper : Neither @ContextConfiguration nor @ContextHierarchy found for test class [hello.storage.FileSystemStorageServiceTest], using SpringBootContextLoader
2017-04-16 05:41:45.660  INFO 8432 --- [    Test worker] o.s.t.c.support.AbstractContextLoader    : Could not detect default resource locations for test class [hello.storage.FileSystemStorageServiceTest]: no resource found for suffixes {-context.xml, Context.groovy}.
2017-04-16 05:41:45.660  INFO 8432 --- [    Test worker] t.c.s.AnnotationConfigContextLoaderUtils : Could not detect default configuration classes for test class [hello.storage.FileSystemStorageServiceTest]: FileSystemStorageServiceTest does not declare any static, non-private, non-final, nested classes annotated with @Configuration.
2017-04-16 05:41:45.670  INFO 8432 --- [    Test worker] .b.t.c.SpringBootTestContextBootstrapper : Found @SpringBootConfiguration hello.Application for test class hello.storage.FileSystemStorageServiceTest
2017-04-16 05:41:45.674  INFO 8432 --- [    Test worker] .b.t.c.SpringBootTestContextBootstrapper : Loaded default TestExecutionListener class names from location [META-INF/spring.factories]: [org.springframework.test.context.web.ServletTestExecutionListener, org.springframework.test.context.support.DirtiesContextBeforeModesTestExecutionListener, org.springframework.test.context.support.DependencyInjectionTestExecutionListener, org.springframework.test.context.support.DirtiesContextTestExecutionListener, org.springframework.test.context.transaction.TransactionalTestExecutionListener, org.springframework.test.context.jdbc.SqlScriptsTestExecutionListener, org.springframework.boot.test.mock.mockito.MockitoTestExecutionListener, org.springframework.boot.test.mock.mockito.ResetMocksTestExecutionListener, org.springframework.boot.test.autoconfigure.restdocs.RestDocsTestExecutionListener, org.springframework.boot.test.autoconfigure.web.client.MockRestServiceServerResetTestExecutionListener, org.springframework.boot.test.autoconfigure.web.servlet.MockMvcPrintOnlyOnFailureTestExecutionListener, org.springframework.boot.test.autoconfigure.web.servlet.WebDriverTestExecutionListener]
2017-04-16 05:41:45.677  INFO 8432 --- [    Test worker] .b.t.c.SpringBootTestContextBootstrapper : Using TestExecutionListeners: [org.springframework.test.context.web.ServletTestExecutionListener@5e1f6764, org.springframework.test.context.support.DirtiesContextBeforeModesTestExecutionListener@1cd77be0, org.springframework.boot.test.autoconfigure.SpringBootDependencyInjectionTestExecutionListener@d58d47d, org.springframework.test.context.support.DirtiesContextTestExecutionListener@255bf61d, org.springframework.test.context.transaction.TransactionalTestExecutionListener@5a9195, org.springframework.test.context.jdbc.SqlScriptsTestExecutionListener@2775e205, org.springframework.boot.test.autoconfigure.web.servlet.WebDriverTestExecutionListener@6cc521aa, org.springframework.boot.test.autoconfigure.restdocs.RestDocsTestExecutionListener@16d4d931, org.springframework.boot.test.autoconfigure.web.servlet.MockMvcPrintOnlyOnFailureTestExecutionListener@42d62447, org.springframework.boot.test.mock.mockito.ResetMocksTestExecutionListener@4a3b83d2, org.springframework.boot.test.mock.mockito.MockitoTestExecutionListener@fb6234e, org.springframework.boot.test.autoconfigure.web.client.MockRestServiceServerResetTestExecutionListener@3f9b7ed8]

  .   ____          _            __ _ _
 /\\ / ___'_ __ _ _(_)_ __  __ _ \ \ \ \
( ( )\___ | '_ | '_| | '_ \/ _` | \ \ \ \
 \\/  ___)| |_)| | | | | || (_| |  ) ) ) )
  '  |____| .__|_| |_|_| |_\__, | / / / /
 =========|_|==============|___/=/_/_/_/
 :: Spring Boot ::        (v1.4.4.RELEASE)

2017-04-16 05:41:45.715  INFO 8432 --- [    Test worker] h.storage.FileSystemStorageServiceTest   : Starting FileSystemStorageServiceTest on Puget-99033 with PID 8432 (started by Hector in D:\SHRPAS_Project)
2017-04-16 05:41:45.715  INFO 8432 --- [    Test worker] h.storage.FileSystemStorageServiceTest   : The following profiles are active: production
2017-04-16 05:41:45.716  INFO 8432 --- [    Test worker] o.s.w.c.s.GenericWebApplicationContext   : Refreshing org.springframework.web.context.support.GenericWebApplicationContext@17ebadc3: startup date [Sun Apr 16 05:41:45 CDT 2017]; root of context hierarchy
2017-04-16 05:41:46.223  INFO 8432 --- [    Test worker] o.s.b.f.s.DefaultListableBeanFactory     : Overriding bean definition for bean 'managementServletContext' with a different definition: replacing [Root bean: class [null]; scope=; abstract=false; lazyInit=false; autowireMode=3; dependencyCheck=0; autowireCandidate=true; primary=false; factoryBeanName=org.springframework.boot.actuate.autoconfigure.EndpointWebMvcHypermediaManagementContextConfiguration; factoryMethodName=managementServletContext; initMethodName=null; destroyMethodName=(inferred); defined in class path resource [org/springframework/boot/actuate/autoconfigure/EndpointWebMvcHypermediaManagementContextConfiguration.class]] with [Root bean: class [null]; scope=; abstract=false; lazyInit=false; autowireMode=3; dependencyCheck=0; autowireCandidate=true; primary=false; factoryBeanName=org.springframework.boot.actuate.autoconfigure.EndpointWebMvcAutoConfiguration; factoryMethodName=managementServletContext; initMethodName=null; destroyMethodName=(inferred); defined in class path resource [org/springframework/boot/actuate/autoconfigure/EndpointWebMvcAutoConfiguration.class]]
2017-04-16 05:41:46.357  INFO 8432 --- [    Test worker] trationDelegate$BeanPostProcessorChecker : Bean 'org.springframework.transaction.annotation.ProxyTransactionManagementConfiguration' of type [class org.springframework.transaction.annotation.ProxyTransactionManagementConfiguration$$EnhancerBySpringCGLIB$$84143e54] is not eligible for getting processed by all BeanPostProcessors (for example: not eligible for auto-proxying)
2017-04-16 05:41:46.464  INFO 8432 --- [    Test worker] j.LocalContainerEntityManagerFactoryBean : Building JPA container EntityManagerFactory for persistence unit 'default'
2017-04-16 05:41:46.464  INFO 8432 --- [    Test worker] org.hibernate.ejb.Ejb3Configuration      : HHH000204: Processing PersistenceUnitInfo [
	name: default
	...]
2017-04-16 05:41:46.471  INFO 8432 --- [    Test worker] o.h.s.j.c.i.ConnectionProviderInitiator  : HHH000130: Instantiating explicit connection provider: org.hibernate.ejb.connection.InjectedDataSourceConnectionProvider
2017-04-16 05:41:48.500  INFO 8432 --- [    Test worker] org.hibernate.dialect.Dialect            : HHH000400: Using dialect: org.hibernate.dialect.MySQLDialect
2017-04-16 05:41:48.500  INFO 8432 --- [    Test worker] o.h.e.t.i.TransactionFactoryInitiator    : HHH000268: Transaction strategy: org.hibernate.engine.transaction.internal.jdbc.JdbcTransactionFactory
2017-04-16 05:41:48.501  INFO 8432 --- [    Test worker] o.h.h.i.ast.ASTQueryTranslatorFactory    : HHH000397: Using ASTQueryTranslatorFactory
2017-04-16 05:41:48.528  INFO 8432 --- [    Test worker] org.hibernate.tool.hbm2ddl.SchemaExport  : HHH000227: Running hbm2ddl schema export
2017-04-16 05:41:52.489  INFO 8432 --- [    Test worker] org.hibernate.tool.hbm2ddl.SchemaExport  : HHH000230: Schema export complete
2017-04-16 05:41:52.495  WARN 8432 --- [    Test worker] o.h.e.i.EntityManagerFactoryRegistry     : HHH000436: Entity manager factory name (default) is already registered.  If entity manager will be clustered or passivated, specify a unique value for property 'hibernate.ejb.entitymanager_factory_name'
2017-04-16 05:41:52.495  INFO 8432 --- [    Test worker] j.LocalContainerEntityManagerFactoryBean : Initialized JPA EntityManagerFactory for persistence unit 'default'
2017-04-16 05:41:52.632  INFO 8432 --- [    Test worker] o.s.b.f.config.PropertiesFactoryBean     : Loading properties file from class path resource [rest-default-messages.properties]
2017-04-16 05:41:53.668  INFO 8432 --- [    Test worker] s.w.s.m.m.a.RequestMappingHandlerAdapter : Looking for @ControllerAdvice: org.springframework.web.context.support.GenericWebApplicationContext@17ebadc3: startup date [Sun Apr 16 05:41:45 CDT 2017]; root of context hierarchy
2017-04-16 05:41:53.670  INFO 8432 --- [    Test worker] s.w.s.m.m.a.RequestMappingHandlerAdapter : Detected ResponseBodyAdvice bean in org.springframework.boot.actuate.autoconfigure.EndpointWebMvcHypermediaManagementContextConfiguration$ActuatorEndpointLinksAdvice
2017-04-16 05:41:53.680  INFO 8432 --- [    Test worker] s.w.s.m.m.a.RequestMappingHandlerMapping : Mapped "{[/api/login],methods=[POST],consumes=[application/json]}" onto public hello.models.LoginResults hello.controllers.AdministratorController.login(java.lang.String,hello.models.LoginRequest,org.springframework.validation.BindingResult,javax.servlet.http.HttpServletResponse)
2017-04-16 05:41:53.680  INFO 8432 --- [    Test worker] s.w.s.m.m.a.RequestMappingHandlerMapping : Mapped "{[/rest/assessments/{id}/users],methods=[POST]}" onto public org.springframework.http.ResponseEntity<hello.models.Assessment> hello.controllers.AssessmentController.addUser(int,hello.models.User) throws java.lang.Exception
2017-04-16 05:41:53.681  INFO 8432 --- [    Test worker] s.w.s.m.m.a.RequestMappingHandlerMapping : Mapped "{[/rest/send-email-test],methods=[GET]}" onto public org.springframework.http.ResponseEntity<java.lang.String> hello.controllers.AssessmentController.sendEmailTest() throws java.lang.Exception
2017-04-16 05:41:53.681  INFO 8432 --- [    Test worker] s.w.s.m.m.a.RequestMappingHandlerMapping : Mapped "{[/rest/assessments/{id}/delete],methods=[DELETE]}" onto public org.springframework.http.ResponseEntity<java.lang.Boolean> hello.controllers.AssessmentController.deleteAssessment(int)
2017-04-16 05:41:53.681  INFO 8432 --- [    Test worker] s.w.s.m.m.a.RequestMappingHandlerMapping : Mapped "{[/rest/assessments],methods=[POST]}" onto public org.springframework.http.ResponseEntity<hello.models.Assessment> hello.controllers.AssessmentController.addAssessment(javax.servlet.http.HttpSession,hello.models.Assessment) throws java.lang.Exception
2017-04-16 05:41:53.681  INFO 8432 --- [    Test worker] s.w.s.m.m.a.RequestMappingHandlerMapping : Mapped "{[/rest/assessments/{id}],methods=[PATCH]}" onto public org.springframework.http.ResponseEntity<hello.models.Assessment> hello.controllers.AssessmentController.updateAssessment(int,hello.models.Assessment) throws java.lang.Exception
2017-04-16 05:41:53.681  INFO 8432 --- [    Test worker] s.w.s.m.m.a.RequestMappingHandlerMapping : Mapped "{[/rest/assessments/{id}/],methods=[GET]}" onto public org.springframework.http.ResponseEntity<hello.models.Assessment> hello.controllers.AssessmentController.getAssessment(int)
2017-04-16 05:41:53.681  INFO 8432 --- [    Test worker] s.w.s.m.m.a.RequestMappingHandlerMapping : Mapped "{[/rest/assessments/{id}/question],methods=[POST]}" onto public org.springframework.http.ResponseEntity<hello.models.Assessment> hello.controllers.AssessmentController.addQuestion(int,hello.models.Question) throws java.lang.Exception
2017-04-16 05:41:53.681  INFO 8432 --- [    Test worker] s.w.s.m.m.a.RequestMappingHandlerMapping : Mapped "{[/rest/assessments],methods=[GET]}" onto public java.util.ArrayList<hello.models.Assessment> hello.controllers.AssessmentController.getAllAssessments(javax.servlet.http.HttpSession) throws java.lang.Exception
2017-04-16 05:41:53.681  INFO 8432 --- [    Test worker] s.w.s.m.m.a.RequestMappingHandlerMapping : Mapped "{[/rest/assessments/{id}/question/{questionId}],methods=[POST]}" onto public org.springframework.http.ResponseEntity<hello.models.Assessment> hello.controllers.AssessmentController.addExistingQuestion(int,int)
2017-04-16 05:41:53.681  INFO 8432 --- [    Test worker] s.w.s.m.m.a.RequestMappingHandlerMapping : Mapped "{[/rest/session/login],methods=[POST]}" onto public org.springframework.http.ResponseEntity<hello.models.LoginResponse> hello.controllers.AuthenticationController.login(hello.models.LoginRequest,javax.servlet.http.HttpSession)
2017-04-16 05:41:53.681  INFO 8432 --- [    Test worker] s.w.s.m.m.a.RequestMappingHandlerMapping : Mapped "{[/rest/session],methods=[GET]}" onto public hello.models.User hello.controllers.AuthenticationController.session(javax.servlet.http.HttpSession)
2017-04-16 05:41:53.681  INFO 8432 --- [    Test worker] s.w.s.m.m.a.RequestMappingHandlerMapping : Mapped "{[/rest/session],methods=[DELETE]}" onto public void hello.controllers.AuthenticationController.logout(javax.servlet.http.HttpSession)
2017-04-16 05:41:53.681  INFO 8432 --- [    Test worker] s.w.s.m.m.a.RequestMappingHandlerMapping : Mapped "{[/rest/session/logout],methods=[POST]}" onto public org.springframework.http.ResponseEntity<hello.models.LogoutResponse> hello.controllers.AuthenticationController.logout() throws java.lang.Exception
2017-04-16 05:41:53.681  INFO 8432 --- [    Test worker] s.w.s.m.m.a.RequestMappingHandlerMapping : Mapped "{[/rest/session/is-logged-in],methods=[GET]}" onto public org.springframework.http.ResponseEntity<hello.models.LoginResponse> hello.controllers.AuthenticationController.isLoggedIn(javax.servlet.http.HttpSession)
2017-04-16 05:41:53.681  INFO 8432 --- [    Test worker] s.w.s.m.m.a.RequestMappingHandlerMapping : Mapped "{[/files/upload]}" onto public hello.models.JSONResponse hello.controllers.FileUploadController.uploadFile(org.springframework.web.multipart.MultipartFile)
2017-04-16 05:41:53.682  INFO 8432 --- [    Test worker] s.w.s.m.m.a.RequestMappingHandlerMapping : Mapped "{[/files/{filename:.+}],methods=[GET]}" onto public org.springframework.http.ResponseEntity<org.springframework.core.io.Resource> hello.controllers.FileUploadController.serveFile(java.lang.String)
2017-04-16 05:41:53.682  INFO 8432 --- [    Test worker] s.w.s.m.m.a.RequestMappingHandlerMapping : Mapped "{[/app/**]}" onto public org.springframework.web.servlet.ModelAndView hello.controllers.HomeController.index(javax.servlet.http.HttpSession,javax.servlet.http.HttpServletResponse)
2017-04-16 05:41:53.682  INFO 8432 --- [    Test worker] s.w.s.m.m.a.RequestMappingHandlerMapping : Mapped "{[]}" onto public java.lang.String hello.controllers.HomeController.home()
2017-04-16 05:41:53.682  INFO 8432 --- [    Test worker] s.w.s.m.m.a.RequestMappingHandlerMapping : Mapped "{[/rest/participants],methods=[GET]}" onto public java.util.ArrayList<hello.models.Participant> hello.controllers.ParticipantController.getParticipants()
2017-04-16 05:41:53.682  INFO 8432 --- [    Test worker] s.w.s.m.m.a.RequestMappingHandlerMapping : Mapped "{[/rest/participants],methods=[POST]}" onto public org.springframework.http.ResponseEntity<java.util.List<hello.models.Participant>> hello.controllers.ParticipantController.addParticipant(java.util.List<hello.models.Participant>)
2017-04-16 05:41:53.682  INFO 8432 --- [    Test worker] s.w.s.m.m.a.RequestMappingHandlerMapping : Mapped "{[/rest/participant],methods=[POST]}" onto public org.springframework.http.ResponseEntity<hello.models.Participant> hello.controllers.ParticipantController.addParticipant(hello.models.Participant)
2017-04-16 05:41:53.682  INFO 8432 --- [    Test worker] s.w.s.m.m.a.RequestMappingHandlerMapping : Mapped "{[/rest/participants/{id}],methods=[GET]}" onto public org.springframework.http.ResponseEntity<hello.models.Participant> hello.controllers.ParticipantController.getParticipant(int)
2017-04-16 05:41:53.682  INFO 8432 --- [    Test worker] s.w.s.m.m.a.RequestMappingHandlerMapping : Mapped "{[/rest/participants/{id}],methods=[DELETE]}" onto public org.springframework.http.ResponseEntity<java.lang.Boolean> hello.controllers.ParticipantController.deleteParticipant(int) throws java.lang.Exception
2017-04-16 05:41:53.682  INFO 8432 --- [    Test worker] s.w.s.m.m.a.RequestMappingHandlerMapping : Mapped "{[/rest/participants/{id}],methods=[PUT]}" onto public org.springframework.http.ResponseEntity<hello.models.Participant> hello.controllers.ParticipantController.updateParticipant(int,hello.models.Participant) throws java.lang.Exception
2017-04-16 05:41:53.682  INFO 8432 --- [    Test worker] s.w.s.m.m.a.RequestMappingHandlerMapping : Mapped "{[/rest/questions],methods=[POST]}" onto public org.springframework.http.ResponseEntity<hello.models.Question> hello.controllers.QuestionController.addQuestion(hello.models.Question)
2017-04-16 05:41:53.682  INFO 8432 --- [    Test worker] s.w.s.m.m.a.RequestMappingHandlerMapping : Mapped "{[/rest/questions/{id}/],methods=[GET]}" onto public org.springframework.http.ResponseEntity<hello.models.Question> hello.controllers.QuestionController.getAQuestion(int)
2017-04-16 05:41:53.682  INFO 8432 --- [    Test worker] s.w.s.m.m.a.RequestMappingHandlerMapping : Mapped "{[/rest/questions/{id}],methods=[PATCH]}" onto public org.springframework.http.ResponseEntity<hello.models.Question> hello.controllers.QuestionController.updateQuestion(int,hello.models.Question) throws java.lang.Exception
2017-04-16 05:41:53.682  INFO 8432 --- [    Test worker] s.w.s.m.m.a.RequestMappingHandlerMapping : Mapped "{[/rest/questions],methods=[GET]}" onto public java.util.ArrayList<hello.models.Question> hello.controllers.QuestionController.getQuestions()
2017-04-16 05:41:53.682  INFO 8432 --- [    Test worker] s.w.s.m.m.a.RequestMappingHandlerMapping : Mapped "{[/rest/questions/{id}],methods=[DELETE]}" onto public org.springframework.http.ResponseEntity<java.lang.Boolean> hello.controllers.QuestionController.deleteQuestion(int)
2017-04-16 05:41:53.683  INFO 8432 --- [    Test worker] s.w.s.m.m.a.RequestMappingHandlerMapping : Mapped "{[/rest/targetGroups/{id}/assessment/{assessmentid}],methods=[POST]}" onto public org.springframework.http.ResponseEntity<hello.models.TargetGroup> hello.controllers.TargetGroupController.addExistingAssessmentToTargetGroup(int,int) throws java.lang.Exception
2017-04-16 05:41:53.683  INFO 8432 --- [    Test worker] s.w.s.m.m.a.RequestMappingHandlerMapping : Mapped "{[/rest/targetGroups/{id}/participants/{participantId}],methods=[POST]}" onto public org.springframework.http.ResponseEntity<hello.models.TargetGroup> hello.controllers.TargetGroupController.addExistingParticipantToTargetGroup(int,int) throws java.lang.Exception
2017-04-16 05:41:53.683  INFO 8432 --- [    Test worker] s.w.s.m.m.a.RequestMappingHandlerMapping : Mapped "{[/rest/targetGroups],methods=[POST]}" onto public org.springframework.http.ResponseEntity<hello.models.TargetGroup> hello.controllers.TargetGroupController.addTargetGroup(javax.servlet.http.HttpSession,hello.models.TargetGroup) throws java.lang.Exception
2017-04-16 05:41:53.683  INFO 8432 --- [    Test worker] s.w.s.m.m.a.RequestMappingHandlerMapping : Mapped "{[/rest/targetGroups/{id}],methods=[GET]}" onto public org.springframework.http.ResponseEntity<hello.models.TargetGroup> hello.controllers.TargetGroupController.getTargetGroup(int)
2017-04-16 05:41:53.683  INFO 8432 --- [    Test worker] s.w.s.m.m.a.RequestMappingHandlerMapping : Mapped "{[/rest/targetGroups],methods=[GET]}" onto public java.util.ArrayList<hello.models.TargetGroup> hello.controllers.TargetGroupController.getTargetGroups() throws java.lang.Exception
2017-04-16 05:41:53.683  INFO 8432 --- [    Test worker] s.w.s.m.m.a.RequestMappingHandlerMapping : Mapped "{[/rest/targetGroups/{id}],methods=[DELETE]}" onto public org.springframework.http.ResponseEntity<java.lang.Boolean> hello.controllers.TargetGroupController.deleteTargetGroup(int) throws java.lang.Exception
2017-04-16 05:41:53.683  INFO 8432 --- [    Test worker] s.w.s.m.m.a.RequestMappingHandlerMapping : Mapped "{[/rest/targetGroups/{id}/assessment],methods=[POST]}" onto public org.springframework.http.ResponseEntity<hello.models.TargetGroup> hello.controllers.TargetGroupController.addNewAssessmentToTargetGroup(int,hello.models.Assessment) throws java.lang.Exception
2017-04-16 05:41:53.683  INFO 8432 --- [    Test worker] s.w.s.m.m.a.RequestMappingHandlerMapping : Mapped "{[/rest/targetGroups/{id}/participants],methods=[GET]}" onto public java.util.ArrayList<hello.models.Participant> hello.controllers.TargetGroupController.getParticipantsInTargetGroup(int) throws java.lang.Exception
2017-04-16 05:41:53.683  INFO 8432 --- [    Test worker] s.w.s.m.m.a.RequestMappingHandlerMapping : Mapped "{[/rest/targetGroups/{id}/participants/{participantId}],methods=[PUT]}" onto public org.springframework.http.ResponseEntity<hello.models.TargetGroup> hello.controllers.TargetGroupController.removeParticipantFromTargetGroup(int,int) throws java.lang.Exception
2017-04-16 05:41:53.683  INFO 8432 --- [    Test worker] s.w.s.m.m.a.RequestMappingHandlerMapping : Mapped "{[/rest/targetGroups/{id}/participants],methods=[POST]}" onto public org.springframework.http.ResponseEntity<hello.models.TargetGroup> hello.controllers.TargetGroupController.addNewParticipantToTargetGroup(int,hello.models.Participant) throws java.lang.Exception
2017-04-16 05:41:53.683  INFO 8432 --- [    Test worker] s.w.s.m.m.a.RequestMappingHandlerMapping : Mapped "{[/rest/targetGroups/{id}/participantList],methods=[POST]}" onto public org.springframework.http.ResponseEntity<hello.models.TargetGroup> hello.controllers.TargetGroupController.addNewParticipantsToTargetGroup(int,java.util.List<hello.models.Participant>) throws java.lang.Exception
2017-04-16 05:41:53.683  INFO 8432 --- [    Test worker] s.w.s.m.m.a.RequestMappingHandlerMapping : Mapped "{[/rest/targetGroups/{id}],methods=[PUT]}" onto public org.springframework.http.ResponseEntity<hello.models.TargetGroup> hello.controllers.TargetGroupController.updateTargetGroup(int,hello.models.TargetGroup) throws java.lang.Exception
2017-04-16 05:41:53.683  INFO 8432 --- [    Test worker] s.w.s.m.m.a.RequestMappingHandlerMapping : Mapped "{[/rest/register],methods=[POST]}" onto public org.springframework.http.ResponseEntity<hello.models.User> hello.controllers.UserController.registerUser(hello.models.User) throws java.lang.Exception
2017-04-16 05:41:53.683  INFO 8432 --- [    Test worker] s.w.s.m.m.a.RequestMappingHandlerMapping : Mapped "{[/rest/currentUser],methods=[PATCH]}" onto public org.springframework.http.ResponseEntity<hello.models.User> hello.controllers.UserController.updateUser(hello.models.User) throws java.lang.Exception
2017-04-16 05:41:53.683  INFO 8432 --- [    Test worker] s.w.s.m.m.a.RequestMappingHandlerMapping : Mapped "{[/rest/currentUser],methods=[GET]}" onto public org.springframework.http.ResponseEntity<hello.models.User> hello.controllers.UserController.getCurrentUser() throws java.lang.Exception
2017-04-16 05:41:53.684  INFO 8432 --- [    Test worker] s.w.s.m.m.a.RequestMappingHandlerMapping : Mapped "{[/error]}" onto public org.springframework.http.ResponseEntity<java.util.Map<java.lang.String, java.lang.Object>> org.springframework.boot.autoconfigure.web.BasicErrorController.error(javax.servlet.http.HttpServletRequest)
2017-04-16 05:41:53.684  INFO 8432 --- [    Test worker] s.w.s.m.m.a.RequestMappingHandlerMapping : Mapped "{[/error],produces=[text/html]}" onto public org.springframework.web.servlet.ModelAndView org.springframework.boot.autoconfigure.web.BasicErrorController.errorHtml(javax.servlet.http.HttpServletRequest,javax.servlet.http.HttpServletResponse)
2017-04-16 05:41:53.701  INFO 8432 --- [    Test worker] o.s.w.s.handler.SimpleUrlHandlerMapping  : Mapped URL path [/webjars/**] onto handler of type [class org.springframework.web.servlet.resource.ResourceHttpRequestHandler]
2017-04-16 05:41:53.701  INFO 8432 --- [    Test worker] o.s.w.s.handler.SimpleUrlHandlerMapping  : Mapped URL path [/resources/**] onto handler of type [class org.springframework.web.servlet.resource.ResourceHttpRequestHandler]
2017-04-16 05:41:53.709  INFO 8432 --- [    Test worker] .m.m.a.ExceptionHandlerExceptionResolver : Detected @ExceptionHandler methods in repositoryRestExceptionHandler
2017-04-16 05:41:53.709  INFO 8432 --- [    Test worker] .m.m.a.ExceptionHandlerExceptionResolver : Detected ResponseBodyAdvice implementation in org.springframework.boot.actuate.autoconfigure.EndpointWebMvcHypermediaManagementContextConfiguration$ActuatorEndpointLinksAdvice
2017-04-16 05:41:53.720  INFO 8432 --- [    Test worker] o.s.w.s.handler.SimpleUrlHandlerMapping  : Mapped URL path [/**/favicon.ico] onto handler of type [class org.springframework.web.servlet.resource.ResourceHttpRequestHandler]
2017-04-16 05:41:53.754  INFO 8432 --- [    Test worker] oConfiguration$WelcomePageHandlerMapping : Adding welcome page: ServletContext resource [/index.html]
2017-04-16 05:41:53.908  INFO 8432 --- [    Test worker] o.s.d.r.w.RepositoryRestHandlerAdapter   : Looking for @ControllerAdvice: org.springframework.web.context.support.GenericWebApplicationContext@17ebadc3: startup date [Sun Apr 16 05:41:45 CDT 2017]; root of context hierarchy
2017-04-16 05:41:53.910  INFO 8432 --- [    Test worker] o.s.d.r.w.RepositoryRestHandlerAdapter   : Detected ResponseBodyAdvice bean in org.springframework.boot.actuate.autoconfigure.EndpointWebMvcHypermediaManagementContextConfiguration$ActuatorEndpointLinksAdvice
2017-04-16 05:41:53.912  INFO 8432 --- [    Test worker] o.s.d.r.w.RepositoryRestHandlerMapping   : Mapped "{[/api/ || /api],methods=[GET],produces=[application/hal+json || application/json || application/*+json;charset=UTF-8]}" onto public org.springframework.http.HttpEntity<org.springframework.data.rest.webmvc.RepositoryLinksResource> org.springframework.data.rest.webmvc.RepositoryController.listRepositories()
2017-04-16 05:41:53.912  INFO 8432 --- [    Test worker] o.s.d.r.w.RepositoryRestHandlerMapping   : Mapped "{[/api/ || /api],methods=[HEAD],produces=[application/hal+json || application/json || application/*+json;charset=UTF-8]}" onto public org.springframework.http.ResponseEntity<?> org.springframework.data.rest.webmvc.RepositoryController.headForRepositories()
2017-04-16 05:41:53.912  INFO 8432 --- [    Test worker] o.s.d.r.w.RepositoryRestHandlerMapping   : Mapped "{[/api/ || /api],methods=[OPTIONS],produces=[application/hal+json || application/json || application/*+json;charset=UTF-8]}" onto public org.springframework.http.HttpEntity<?> org.springframework.data.rest.webmvc.RepositoryController.optionsForRepositories()
2017-04-16 05:41:53.912  INFO 8432 --- [    Test worker] o.s.d.r.w.RepositoryRestHandlerMapping   : Mapped "{[/api/{repository}/{id}],methods=[PUT],produces=[application/hal+json || application/json || application/*+json;charset=UTF-8]}" onto public org.springframework.http.ResponseEntity<? extends org.springframework.hateoas.ResourceSupport> org.springframework.data.rest.webmvc.RepositoryEntityController.putItemResource(org.springframework.data.rest.webmvc.RootResourceInformation,org.springframework.data.rest.webmvc.PersistentEntityResource,java.io.Serializable,org.springframework.data.rest.webmvc.PersistentEntityResourceAssembler,org.springframework.data.rest.webmvc.support.ETag,java.lang.String) throws org.springframework.web.HttpRequestMethodNotSupportedException
2017-04-16 05:41:53.912  INFO 8432 --- [    Test worker] o.s.d.r.w.RepositoryRestHandlerMapping   : Mapped "{[/api/{repository}/{id}],methods=[GET],produces=[application/hal+json || application/json || application/*+json;charset=UTF-8]}" onto public org.springframework.http.ResponseEntity<org.springframework.hateoas.Resource<?>> org.springframework.data.rest.webmvc.RepositoryEntityController.getItemResource(org.springframework.data.rest.webmvc.RootResourceInformation,java.io.Serializable,org.springframework.data.rest.webmvc.PersistentEntityResourceAssembler,org.springframework.util.MultiValueMap<java.lang.String, java.lang.String>) throws org.springframework.web.HttpRequestMethodNotSupportedException
2017-04-16 05:41:53.912  INFO 8432 --- [    Test worker] o.s.d.r.w.RepositoryRestHandlerMapping   : Mapped "{[/api/{repository}/{id}],methods=[PATCH],produces=[application/hal+json || application/json || application/*+json;charset=UTF-8]}" onto public org.springframework.http.ResponseEntity<org.springframework.hateoas.ResourceSupport> org.springframework.data.rest.webmvc.RepositoryEntityController.patchItemResource(org.springframework.data.rest.webmvc.RootResourceInformation,org.springframework.data.rest.webmvc.PersistentEntityResource,java.io.Serializable,org.springframework.data.rest.webmvc.PersistentEntityResourceAssembler,org.springframework.data.rest.webmvc.support.ETag,java.lang.String) throws org.springframework.web.HttpRequestMethodNotSupportedException,org.springframework.data.rest.webmvc.ResourceNotFoundException
2017-04-16 05:41:53.912  INFO 8432 --- [    Test worker] o.s.d.r.w.RepositoryRestHandlerMapping   : Mapped "{[/api/{repository}/{id}],methods=[DELETE],produces=[application/hal+json || application/json || application/*+json;charset=UTF-8]}" onto public org.springframework.http.ResponseEntity<?> org.springframework.data.rest.webmvc.RepositoryEntityController.deleteItemResource(org.springframework.data.rest.webmvc.RootResourceInformation,java.io.Serializable,org.springframework.data.rest.webmvc.support.ETag) throws org.springframework.data.rest.webmvc.ResourceNotFoundException,org.springframework.web.HttpRequestMethodNotSupportedException
2017-04-16 05:41:53.912  INFO 8432 --- [    Test worker] o.s.d.r.w.RepositoryRestHandlerMapping   : Mapped "{[/api/{repository}],methods=[GET],produces=[application/x-spring-data-compact+json || text/uri-list]}" onto public org.springframework.hateoas.Resources<?> org.springframework.data.rest.webmvc.RepositoryEntityController.getCollectionResourceCompact(org.springframework.data.rest.webmvc.RootResourceInformation,org.springframework.data.rest.webmvc.support.DefaultedPageable,org.springframework.data.domain.Sort,org.springframework.data.rest.webmvc.PersistentEntityResourceAssembler) throws org.springframework.data.rest.webmvc.ResourceNotFoundException,org.springframework.web.HttpRequestMethodNotSupportedException
2017-04-16 05:41:53.913  INFO 8432 --- [    Test worker] o.s.d.r.w.RepositoryRestHandlerMapping   : Mapped "{[/api/{repository}],methods=[POST],produces=[application/hal+json || application/json || application/*+json;charset=UTF-8]}" onto public org.springframework.http.ResponseEntity<org.springframework.hateoas.ResourceSupport> org.springframework.data.rest.webmvc.RepositoryEntityController.postCollectionResource(org.springframework.data.rest.webmvc.RootResourceInformation,org.springframework.data.rest.webmvc.PersistentEntityResource,org.springframework.data.rest.webmvc.PersistentEntityResourceAssembler,java.lang.String) throws org.springframework.web.HttpRequestMethodNotSupportedException
2017-04-16 05:41:53.913  INFO 8432 --- [    Test worker] o.s.d.r.w.RepositoryRestHandlerMapping   : Mapped "{[/api/{repository}],methods=[GET],produces=[application/hal+json || application/json || application/*+json;charset=UTF-8]}" onto public org.springframework.hateoas.Resources<?> org.springframework.data.rest.webmvc.RepositoryEntityController.getCollectionResource(org.springframework.data.rest.webmvc.RootResourceInformation,org.springframework.data.rest.webmvc.support.DefaultedPageable,org.springframework.data.domain.Sort,org.springframework.data.rest.webmvc.PersistentEntityResourceAssembler) throws org.springframework.data.rest.webmvc.ResourceNotFoundException,org.springframework.web.HttpRequestMethodNotSupportedException
2017-04-16 05:41:53.913  INFO 8432 --- [    Test worker] o.s.d.r.w.RepositoryRestHandlerMapping   : Mapped "{[/api/{repository}/{id}],methods=[OPTIONS],produces=[application/hal+json || application/json || application/*+json;charset=UTF-8]}" onto public org.springframework.http.ResponseEntity<?> org.springframework.data.rest.webmvc.RepositoryEntityController.optionsForItemResource(org.springframework.data.rest.webmvc.RootResourceInformation)
2017-04-16 05:41:53.913  INFO 8432 --- [    Test worker] o.s.d.r.w.RepositoryRestHandlerMapping   : Mapped "{[/api/{repository}],methods=[OPTIONS],produces=[application/hal+json || application/json || application/*+json;charset=UTF-8]}" onto public org.springframework.http.ResponseEntity<?> org.springframework.data.rest.webmvc.RepositoryEntityController.optionsForCollectionResource(org.springframework.data.rest.webmvc.RootResourceInformation)
2017-04-16 05:41:53.913  INFO 8432 --- [    Test worker] o.s.d.r.w.RepositoryRestHandlerMapping   : Mapped "{[/api/{repository}],methods=[HEAD],produces=[application/hal+json || application/json || application/*+json;charset=UTF-8]}" onto public org.springframework.http.ResponseEntity<?> org.springframework.data.rest.webmvc.RepositoryEntityController.headCollectionResource(org.springframework.data.rest.webmvc.RootResourceInformation,org.springframework.data.rest.webmvc.support.DefaultedPageable) throws org.springframework.web.HttpRequestMethodNotSupportedException
2017-04-16 05:41:53.913  INFO 8432 --- [    Test worker] o.s.d.r.w.RepositoryRestHandlerMapping   : Mapped "{[/api/{repository}/{id}],methods=[HEAD],produces=[application/hal+json || application/json || application/*+json;charset=UTF-8]}" onto public org.springframework.http.ResponseEntity<?> org.springframework.data.rest.webmvc.RepositoryEntityController.headForItemResource(org.springframework.data.rest.webmvc.RootResourceInformation,java.io.Serializable,org.springframework.data.rest.webmvc.PersistentEntityResourceAssembler) throws org.springframework.web.HttpRequestMethodNotSupportedException
2017-04-16 05:41:53.913  INFO 8432 --- [    Test worker] o.s.d.r.w.RepositoryRestHandlerMapping   : Mapped "{[/api/{repository}/{id}/{property}/{propertyId}],methods=[DELETE],produces=[application/hal+json || application/json || application/*+json;charset=UTF-8]}" onto public org.springframework.http.ResponseEntity<org.springframework.hateoas.ResourceSupport> org.springframework.data.rest.webmvc.RepositoryPropertyReferenceController.deletePropertyReferenceId(org.springframework.data.rest.webmvc.RootResourceInformation,java.io.Serializable,java.lang.String,java.lang.String) throws java.lang.Exception
2017-04-16 05:41:53.913  INFO 8432 --- [    Test worker] o.s.d.r.w.RepositoryRestHandlerMapping   : Mapped "{[/api/{repository}/{id}/{property}/{propertyId}],methods=[GET],produces=[application/hal+json || application/json || application/*+json;charset=UTF-8]}" onto public org.springframework.http.ResponseEntity<org.springframework.hateoas.ResourceSupport> org.springframework.data.rest.webmvc.RepositoryPropertyReferenceController.followPropertyReference(org.springframework.data.rest.webmvc.RootResourceInformation,java.io.Serializable,java.lang.String,java.lang.String,org.springframework.data.rest.webmvc.PersistentEntityResourceAssembler) throws java.lang.Exception
2017-04-16 05:41:53.913  INFO 8432 --- [    Test worker] o.s.d.r.w.RepositoryRestHandlerMapping   : Mapped "{[/api/{repository}/{id}/{property}],methods=[GET],produces=[application/hal+json || application/json || application/*+json;charset=UTF-8]}" onto public org.springframework.http.ResponseEntity<org.springframework.hateoas.ResourceSupport> org.springframework.data.rest.webmvc.RepositoryPropertyReferenceController.followPropertyReference(org.springframework.data.rest.webmvc.RootResourceInformation,java.io.Serializable,java.lang.String,org.springframework.data.rest.webmvc.PersistentEntityResourceAssembler) throws java.lang.Exception
2017-04-16 05:41:53.913  INFO 8432 --- [    Test worker] o.s.d.r.w.RepositoryRestHandlerMapping   : Mapped "{[/api/{repository}/{id}/{property}],methods=[PATCH || PUT || POST],consumes=[application/json || application/x-spring-data-compact+json || text/uri-list],produces=[application/hal+json || application/json || application/*+json;charset=UTF-8]}" onto public org.springframework.http.ResponseEntity<? extends org.springframework.hateoas.ResourceSupport> org.springframework.data.rest.webmvc.RepositoryPropertyReferenceController.createPropertyReference(org.springframework.data.rest.webmvc.RootResourceInformation,org.springframework.http.HttpMethod,org.springframework.hateoas.Resources<java.lang.Object>,java.io.Serializable,java.lang.String) throws java.lang.Exception
2017-04-16 05:41:53.913  INFO 8432 --- [    Test worker] o.s.d.r.w.RepositoryRestHandlerMapping   : Mapped "{[/api/{repository}/{id}/{property}],methods=[GET],produces=[application/x-spring-data-compact+json || text/uri-list]}" onto public org.springframework.http.ResponseEntity<org.springframework.hateoas.ResourceSupport> org.springframework.data.rest.webmvc.RepositoryPropertyReferenceController.followPropertyReferenceCompact(org.springframework.data.rest.webmvc.RootResourceInformation,java.io.Serializable,java.lang.String,org.springframework.data.rest.webmvc.PersistentEntityResourceAssembler) throws java.lang.Exception
2017-04-16 05:41:53.914  INFO 8432 --- [    Test worker] o.s.d.r.w.RepositoryRestHandlerMapping   : Mapped "{[/api/{repository}/{id}/{property}],methods=[DELETE],produces=[application/hal+json || application/json || application/*+json;charset=UTF-8]}" onto public org.springframework.http.ResponseEntity<? extends org.springframework.hateoas.ResourceSupport> org.springframework.data.rest.webmvc.RepositoryPropertyReferenceController.deletePropertyReference(org.springframework.data.rest.webmvc.RootResourceInformation,java.io.Serializable,java.lang.String) throws java.lang.Exception
2017-04-16 05:41:53.914  INFO 8432 --- [    Test worker] o.s.d.r.w.RepositoryRestHandlerMapping   : Mapped "{[/api/{repository}/search],methods=[OPTIONS],produces=[application/hal+json || application/json || application/*+json;charset=UTF-8]}" onto public org.springframework.http.HttpEntity<?> org.springframework.data.rest.webmvc.RepositorySearchController.optionsForSearches(org.springframework.data.rest.webmvc.RootResourceInformation)
2017-04-16 05:41:53.914  INFO 8432 --- [    Test worker] o.s.d.r.w.RepositoryRestHandlerMapping   : Mapped "{[/api/{repository}/search/{search}],methods=[GET],produces=[application/x-spring-data-compact+json]}" onto public org.springframework.hateoas.ResourceSupport org.springframework.data.rest.webmvc.RepositorySearchController.executeSearchCompact(org.springframework.data.rest.webmvc.RootResourceInformation,org.springframework.util.MultiValueMap<java.lang.String, java.lang.Object>,java.lang.String,java.lang.String,org.springframework.data.rest.webmvc.support.DefaultedPageable,org.springframework.data.domain.Sort,org.springframework.data.rest.webmvc.PersistentEntityResourceAssembler)
2017-04-16 05:41:53.914  INFO 8432 --- [    Test worker] o.s.d.r.w.RepositoryRestHandlerMapping   : Mapped "{[/api/{repository}/search],methods=[GET],produces=[application/hal+json || application/json || application/*+json;charset=UTF-8]}" onto public org.springframework.data.rest.webmvc.RepositorySearchesResource org.springframework.data.rest.webmvc.RepositorySearchController.listSearches(org.springframework.data.rest.webmvc.RootResourceInformation)
2017-04-16 05:41:53.914  INFO 8432 --- [    Test worker] o.s.d.r.w.RepositoryRestHandlerMapping   : Mapped "{[/api/{repository}/search/{search}],methods=[HEAD],produces=[application/hal+json || application/json || application/*+json;charset=UTF-8]}" onto public org.springframework.http.ResponseEntity<java.lang.Object> org.springframework.data.rest.webmvc.RepositorySearchController.headForSearch(org.springframework.data.rest.webmvc.RootResourceInformation,java.lang.String)
2017-04-16 05:41:53.914  INFO 8432 --- [    Test worker] o.s.d.r.w.RepositoryRestHandlerMapping   : Mapped "{[/api/{repository}/search/{search}],methods=[GET],produces=[application/hal+json || application/json || application/*+json;charset=UTF-8]}" onto public org.springframework.http.ResponseEntity<java.lang.Object> org.springframework.data.rest.webmvc.RepositorySearchController.executeSearch(org.springframework.data.rest.webmvc.RootResourceInformation,org.springframework.util.MultiValueMap<java.lang.String, java.lang.Object>,java.lang.String,org.springframework.data.rest.webmvc.support.DefaultedPageable,org.springframework.data.domain.Sort,org.springframework.data.rest.webmvc.PersistentEntityResourceAssembler)
2017-04-16 05:41:53.914  INFO 8432 --- [    Test worker] o.s.d.r.w.RepositoryRestHandlerMapping   : Mapped "{[/api/{repository}/search/{search}],methods=[OPTIONS],produces=[application/hal+json || application/json || application/*+json;charset=UTF-8]}" onto public org.springframework.http.ResponseEntity<java.lang.Object> org.springframework.data.rest.webmvc.RepositorySearchController.optionsForSearch(org.springframework.data.rest.webmvc.RootResourceInformation,java.lang.String)
2017-04-16 05:41:53.914  INFO 8432 --- [    Test worker] o.s.d.r.w.RepositoryRestHandlerMapping   : Mapped "{[/api/{repository}/search],methods=[HEAD],produces=[application/hal+json || application/json || application/*+json;charset=UTF-8]}" onto public org.springframework.http.HttpEntity<?> org.springframework.data.rest.webmvc.RepositorySearchController.headForSearches(org.springframework.data.rest.webmvc.RootResourceInformation)
2017-04-16 05:41:53.916  INFO 8432 --- [    Test worker] o.s.d.r.w.BasePathAwareHandlerMapping    : Mapped "{[/api/profile/{repository}],methods=[GET],produces=[application/alps+json || */*]}" onto org.springframework.http.HttpEntity<org.springframework.data.rest.webmvc.RootResourceInformation> org.springframework.data.rest.webmvc.alps.AlpsController.descriptor(org.springframework.data.rest.webmvc.RootResourceInformation)
2017-04-16 05:41:53.916  INFO 8432 --- [    Test worker] o.s.d.r.w.BasePathAwareHandlerMapping    : Mapped "{[/api/profile/{repository}],methods=[OPTIONS],produces=[application/alps+json]}" onto org.springframework.http.HttpEntity<?> org.springframework.data.rest.webmvc.alps.AlpsController.alpsOptions()
2017-04-16 05:41:53.916  INFO 8432 --- [    Test worker] o.s.d.r.w.BasePathAwareHandlerMapping    : Mapped "{[/api/profile],methods=[OPTIONS]}" onto public org.springframework.http.HttpEntity<?> org.springframework.data.rest.webmvc.ProfileController.profileOptions()
2017-04-16 05:41:53.916  INFO 8432 --- [    Test worker] o.s.d.r.w.BasePathAwareHandlerMapping    : Mapped "{[/api/profile],methods=[GET]}" onto org.springframework.http.HttpEntity<org.springframework.hateoas.ResourceSupport> org.springframework.data.rest.webmvc.ProfileController.listAllFormsOfMetadata()
2017-04-16 05:41:53.916  INFO 8432 --- [    Test worker] o.s.d.r.w.BasePathAwareHandlerMapping    : Mapped "{[/api/profile/{repository}],methods=[GET],produces=[application/schema+json]}" onto public org.springframework.http.HttpEntity<org.springframework.data.rest.webmvc.json.JsonSchema> org.springframework.data.rest.webmvc.RepositorySchemaController.schema(org.springframework.data.rest.webmvc.RootResourceInformation)
2017-04-16 05:41:53.925  INFO 8432 --- [    Test worker] .m.m.a.ExceptionHandlerExceptionResolver : Detected @ExceptionHandler methods in repositoryRestExceptionHandler
2017-04-16 05:41:53.925  INFO 8432 --- [    Test worker] .m.m.a.ExceptionHandlerExceptionResolver : Detected ResponseBodyAdvice implementation in org.springframework.boot.actuate.autoconfigure.EndpointWebMvcHypermediaManagementContextConfiguration$ActuatorEndpointLinksAdvice
2017-04-16 05:41:53.959  INFO 8432 --- [    Test worker] o.s.b.a.e.mvc.EndpointHandlerMapping     : Mapped "{[/health || /health.json],produces=[application/json]}" onto public java.lang.Object org.springframework.boot.actuate.endpoint.mvc.HealthMvcEndpoint.invoke(java.security.Principal)
2017-04-16 05:41:53.959  INFO 8432 --- [    Test worker] o.s.b.a.e.mvc.EndpointHandlerMapping     : Mapped "{[/trace || /trace.json],methods=[GET],produces=[application/json]}" onto public java.lang.Object org.springframework.boot.actuate.endpoint.mvc.EndpointMvcAdapter.invoke()
2017-04-16 05:41:53.959  INFO 8432 --- [    Test worker] o.s.b.a.e.mvc.EndpointHandlerMapping     : Mapped "{[/actuator || /actuator.json],produces=[application/json]}" onto public org.springframework.hateoas.ResourceSupport org.springframework.boot.actuate.endpoint.mvc.HalJsonMvcEndpoint.links()
2017-04-16 05:41:53.960  INFO 8432 --- [    Test worker] o.s.b.a.e.mvc.EndpointHandlerMapping     : Mapped "{[/mappings || /mappings.json],methods=[GET],produces=[application/json]}" onto public java.lang.Object org.springframework.boot.actuate.endpoint.mvc.EndpointMvcAdapter.invoke()
2017-04-16 05:41:53.960  INFO 8432 --- [    Test worker] o.s.b.a.e.mvc.EndpointHandlerMapping     : Mapped "{[/dump || /dump.json],methods=[GET],produces=[application/json]}" onto public java.lang.Object org.springframework.boot.actuate.endpoint.mvc.EndpointMvcAdapter.invoke()
2017-04-16 05:41:53.960  INFO 8432 --- [    Test worker] o.s.b.a.e.mvc.EndpointHandlerMapping     : Mapped "{[/heapdump || /heapdump.json],methods=[GET],produces=[application/octet-stream]}" onto public void org.springframework.boot.actuate.endpoint.mvc.HeapdumpMvcEndpoint.invoke(boolean,javax.servlet.http.HttpServletRequest,javax.servlet.http.HttpServletResponse) throws java.io.IOException,javax.servlet.ServletException
2017-04-16 05:41:53.960  INFO 8432 --- [    Test worker] o.s.b.a.e.mvc.EndpointHandlerMapping     : Mapped "{[/env/{name:.*}],methods=[GET],produces=[application/json]}" onto public java.lang.Object org.springframework.boot.actuate.endpoint.mvc.EnvironmentMvcEndpoint.value(java.lang.String)
2017-04-16 05:41:53.960  INFO 8432 --- [    Test worker] o.s.b.a.e.mvc.EndpointHandlerMapping     : Mapped "{[/env || /env.json],methods=[GET],produces=[application/json]}" onto public java.lang.Object org.springframework.boot.actuate.endpoint.mvc.EndpointMvcAdapter.invoke()
2017-04-16 05:41:53.960  INFO 8432 --- [    Test worker] o.s.b.a.e.mvc.EndpointHandlerMapping     : Mapped "{[/info || /info.json],methods=[GET],produces=[application/json]}" onto public java.lang.Object org.springframework.boot.actuate.endpoint.mvc.EndpointMvcAdapter.invoke()
2017-04-16 05:41:53.960  INFO 8432 --- [    Test worker] o.s.b.a.e.mvc.EndpointHandlerMapping     : Mapped "{[/autoconfig || /autoconfig.json],methods=[GET],produces=[application/json]}" onto public java.lang.Object org.springframework.boot.actuate.endpoint.mvc.EndpointMvcAdapter.invoke()
2017-04-16 05:41:53.961  INFO 8432 --- [    Test worker] o.s.b.a.e.mvc.EndpointHandlerMapping     : Mapped "{[/metrics/{name:.*}],methods=[GET],produces=[application/json]}" onto public java.lang.Object org.springframework.boot.actuate.endpoint.mvc.MetricsMvcEndpoint.value(java.lang.String)
2017-04-16 05:41:53.961  INFO 8432 --- [    Test worker] o.s.b.a.e.mvc.EndpointHandlerMapping     : Mapped "{[/metrics || /metrics.json],methods=[GET],produces=[application/json]}" onto public java.lang.Object org.springframework.boot.actuate.endpoint.mvc.EndpointMvcAdapter.invoke()
2017-04-16 05:41:53.961  INFO 8432 --- [    Test worker] o.s.b.a.e.mvc.EndpointHandlerMapping     : Mapped "{[/configprops || /configprops.json],methods=[GET],produces=[application/json]}" onto public java.lang.Object org.springframework.boot.actuate.endpoint.mvc.EndpointMvcAdapter.invoke()
2017-04-16 05:41:53.961  INFO 8432 --- [    Test worker] o.s.b.a.e.mvc.EndpointHandlerMapping     : Mapped "{[/beans || /beans.json],methods=[GET],produces=[application/json]}" onto public java.lang.Object org.springframework.boot.actuate.endpoint.mvc.EndpointMvcAdapter.invoke()
2017-04-16 05:41:54.104  INFO 8432 --- [    Test worker] h.storage.FileSystemStorageServiceTest   : Started FileSystemStorageServiceTest in 8.42 seconds (JVM running for 524.82)
2017-04-16 05:41:54.114  INFO 8432 --- [    Test worker] o.s.w.c.s.GenericWebApplicationContext   : Closing org.springframework.web.context.support.GenericWebApplicationContext@17ebadc3: startup date [Sun Apr 16 05:41:45 CDT 2017]; root of context hierarchy
2017-04-16 05:41:54.115  INFO 8432 --- [    Test worker] j.LocalContainerEntityManagerFactoryBean : Closing JPA EntityManagerFactory for persistence unit 'default'

  .   ____          _            __ _ _
 /\\ / ___'_ __ _ _(_)_ __  __ _ \ \ \ \
( ( )\___ | '_ | '_| | '_ \/ _` | \ \ \ \
 \\/  ___)| |_)| | | | | || (_| |  ) ) ) )
  '  |____| .__|_| |_|_| |_\__, | / / / /
 =========|_|==============|___/=/_/_/_/
 :: Spring Boot ::        (v1.4.4.RELEASE)

2017-04-16 05:41:54.146  INFO 8432 --- [    Test worker] h.storage.FileSystemStorageServiceTest   : Starting FileSystemStorageServiceTest on Puget-99033 with PID 8432 (started by Hector in D:\SHRPAS_Project)
2017-04-16 05:41:54.146  INFO 8432 --- [    Test worker] h.storage.FileSystemStorageServiceTest   : The following profiles are active: production
2017-04-16 05:41:54.147  INFO 8432 --- [    Test worker] o.s.w.c.s.GenericWebApplicationContext   : Refreshing org.springframework.web.context.support.GenericWebApplicationContext@175b6533: startup date [Sun Apr 16 05:41:54 CDT 2017]; root of context hierarchy
2017-04-16 05:41:54.667  INFO 8432 --- [    Test worker] o.s.b.f.s.DefaultListableBeanFactory     : Overriding bean definition for bean 'managementServletContext' with a different definition: replacing [Root bean: class [null]; scope=; abstract=false; lazyInit=false; autowireMode=3; dependencyCheck=0; autowireCandidate=true; primary=false; factoryBeanName=org.springframework.boot.actuate.autoconfigure.EndpointWebMvcHypermediaManagementContextConfiguration; factoryMethodName=managementServletContext; initMethodName=null; destroyMethodName=(inferred); defined in class path resource [org/springframework/boot/actuate/autoconfigure/EndpointWebMvcHypermediaManagementContextConfiguration.class]] with [Root bean: class [null]; scope=; abstract=false; lazyInit=false; autowireMode=3; dependencyCheck=0; autowireCandidate=true; primary=false; factoryBeanName=org.springframework.boot.actuate.autoconfigure.EndpointWebMvcAutoConfiguration; factoryMethodName=managementServletContext; initMethodName=null; destroyMethodName=(inferred); defined in class path resource [org/springframework/boot/actuate/autoconfigure/EndpointWebMvcAutoConfiguration.class]]
2017-04-16 05:41:54.804  INFO 8432 --- [    Test worker] trationDelegate$BeanPostProcessorChecker : Bean 'org.springframework.transaction.annotation.ProxyTransactionManagementConfiguration' of type [class org.springframework.transaction.annotation.ProxyTransactionManagementConfiguration$$EnhancerBySpringCGLIB$$84143e54] is not eligible for getting processed by all BeanPostProcessors (for example: not eligible for auto-proxying)
2017-04-16 05:41:54.917  INFO 8432 --- [    Test worker] j.LocalContainerEntityManagerFactoryBean : Building JPA container EntityManagerFactory for persistence unit 'default'
2017-04-16 05:41:54.918  INFO 8432 --- [    Test worker] org.hibernate.ejb.Ejb3Configuration      : HHH000204: Processing PersistenceUnitInfo [
	name: default
	...]
2017-04-16 05:41:54.925  INFO 8432 --- [    Test worker] o.h.s.j.c.i.ConnectionProviderInitiator  : HHH000130: Instantiating explicit connection provider: org.hibernate.ejb.connection.InjectedDataSourceConnectionProvider
2017-04-16 05:41:57.294  INFO 8432 --- [    Test worker] org.hibernate.dialect.Dialect            : HHH000400: Using dialect: org.hibernate.dialect.MySQLDialect
2017-04-16 05:41:57.294  INFO 8432 --- [    Test worker] o.h.e.t.i.TransactionFactoryInitiator    : HHH000268: Transaction strategy: org.hibernate.engine.transaction.internal.jdbc.JdbcTransactionFactory
2017-04-16 05:41:57.294  INFO 8432 --- [    Test worker] o.h.h.i.ast.ASTQueryTranslatorFactory    : HHH000397: Using ASTQueryTranslatorFactory
2017-04-16 05:41:57.321  INFO 8432 --- [    Test worker] org.hibernate.tool.hbm2ddl.SchemaExport  : HHH000227: Running hbm2ddl schema export
2017-04-16 05:42:00.865  INFO 8432 --- [    Test worker] org.hibernate.tool.hbm2ddl.SchemaExport  : HHH000230: Schema export complete
2017-04-16 05:42:00.870  WARN 8432 --- [    Test worker] o.h.e.i.EntityManagerFactoryRegistry     : HHH000436: Entity manager factory name (default) is already registered.  If entity manager will be clustered or passivated, specify a unique value for property 'hibernate.ejb.entitymanager_factory_name'
2017-04-16 05:42:00.870  INFO 8432 --- [    Test worker] j.LocalContainerEntityManagerFactoryBean : Initialized JPA EntityManagerFactory for persistence unit 'default'
2017-04-16 05:42:01.004  INFO 8432 --- [    Test worker] o.s.b.f.config.PropertiesFactoryBean     : Loading properties file from class path resource [rest-default-messages.properties]
2017-04-16 05:42:03.186  INFO 8432 --- [    Test worker] s.w.s.m.m.a.RequestMappingHandlerAdapter : Looking for @ControllerAdvice: org.springframework.web.context.support.GenericWebApplicationContext@175b6533: startup date [Sun Apr 16 05:41:54 CDT 2017]; root of context hierarchy
2017-04-16 05:42:03.188  INFO 8432 --- [    Test worker] s.w.s.m.m.a.RequestMappingHandlerAdapter : Detected ResponseBodyAdvice bean in org.springframework.boot.actuate.autoconfigure.EndpointWebMvcHypermediaManagementContextConfiguration$ActuatorEndpointLinksAdvice
2017-04-16 05:42:03.198  INFO 8432 --- [    Test worker] s.w.s.m.m.a.RequestMappingHandlerMapping : Mapped "{[/api/login],methods=[POST],consumes=[application/json]}" onto public hello.models.LoginResults hello.controllers.AdministratorController.login(java.lang.String,hello.models.LoginRequest,org.springframework.validation.BindingResult,javax.servlet.http.HttpServletResponse)
2017-04-16 05:42:03.198  INFO 8432 --- [    Test worker] s.w.s.m.m.a.RequestMappingHandlerMapping : Mapped "{[/rest/assessments/{id}/users],methods=[POST]}" onto public org.springframework.http.ResponseEntity<hello.models.Assessment> hello.controllers.AssessmentController.addUser(int,hello.models.User) throws java.lang.Exception
2017-04-16 05:42:03.198  INFO 8432 --- [    Test worker] s.w.s.m.m.a.RequestMappingHandlerMapping : Mapped "{[/rest/send-email-test],methods=[GET]}" onto public org.springframework.http.ResponseEntity<java.lang.String> hello.controllers.AssessmentController.sendEmailTest() throws java.lang.Exception
2017-04-16 05:42:03.198  INFO 8432 --- [    Test worker] s.w.s.m.m.a.RequestMappingHandlerMapping : Mapped "{[/rest/assessments/{id}/delete],methods=[DELETE]}" onto public org.springframework.http.ResponseEntity<java.lang.Boolean> hello.controllers.AssessmentController.deleteAssessment(int)
2017-04-16 05:42:03.198  INFO 8432 --- [    Test worker] s.w.s.m.m.a.RequestMappingHandlerMapping : Mapped "{[/rest/assessments],methods=[POST]}" onto public org.springframework.http.ResponseEntity<hello.models.Assessment> hello.controllers.AssessmentController.addAssessment(javax.servlet.http.HttpSession,hello.models.Assessment) throws java.lang.Exception
2017-04-16 05:42:03.198  INFO 8432 --- [    Test worker] s.w.s.m.m.a.RequestMappingHandlerMapping : Mapped "{[/rest/assessments/{id}],methods=[PATCH]}" onto public org.springframework.http.ResponseEntity<hello.models.Assessment> hello.controllers.AssessmentController.updateAssessment(int,hello.models.Assessment) throws java.lang.Exception
2017-04-16 05:42:03.198  INFO 8432 --- [    Test worker] s.w.s.m.m.a.RequestMappingHandlerMapping : Mapped "{[/rest/assessments/{id}/],methods=[GET]}" onto public org.springframework.http.ResponseEntity<hello.models.Assessment> hello.controllers.AssessmentController.getAssessment(int)
2017-04-16 05:42:03.198  INFO 8432 --- [    Test worker] s.w.s.m.m.a.RequestMappingHandlerMapping : Mapped "{[/rest/assessments/{id}/question],methods=[POST]}" onto public org.springframework.http.ResponseEntity<hello.models.Assessment> hello.controllers.AssessmentController.addQuestion(int,hello.models.Question) throws java.lang.Exception
2017-04-16 05:42:03.198  INFO 8432 --- [    Test worker] s.w.s.m.m.a.RequestMappingHandlerMapping : Mapped "{[/rest/assessments],methods=[GET]}" onto public java.util.ArrayList<hello.models.Assessment> hello.controllers.AssessmentController.getAllAssessments(javax.servlet.http.HttpSession) throws java.lang.Exception
2017-04-16 05:42:03.198  INFO 8432 --- [    Test worker] s.w.s.m.m.a.RequestMappingHandlerMapping : Mapped "{[/rest/assessments/{id}/question/{questionId}],methods=[POST]}" onto public org.springframework.http.ResponseEntity<hello.models.Assessment> hello.controllers.AssessmentController.addExistingQuestion(int,int)
2017-04-16 05:42:03.199  INFO 8432 --- [    Test worker] s.w.s.m.m.a.RequestMappingHandlerMapping : Mapped "{[/rest/session/login],methods=[POST]}" onto public org.springframework.http.ResponseEntity<hello.models.LoginResponse> hello.controllers.AuthenticationController.login(hello.models.LoginRequest,javax.servlet.http.HttpSession)
2017-04-16 05:42:03.199  INFO 8432 --- [    Test worker] s.w.s.m.m.a.RequestMappingHandlerMapping : Mapped "{[/rest/session],methods=[GET]}" onto public hello.models.User hello.controllers.AuthenticationController.session(javax.servlet.http.HttpSession)
2017-04-16 05:42:03.199  INFO 8432 --- [    Test worker] s.w.s.m.m.a.RequestMappingHandlerMapping : Mapped "{[/rest/session],methods=[DELETE]}" onto public void hello.controllers.AuthenticationController.logout(javax.servlet.http.HttpSession)
2017-04-16 05:42:03.199  INFO 8432 --- [    Test worker] s.w.s.m.m.a.RequestMappingHandlerMapping : Mapped "{[/rest/session/logout],methods=[POST]}" onto public org.springframework.http.ResponseEntity<hello.models.LogoutResponse> hello.controllers.AuthenticationController.logout() throws java.lang.Exception
2017-04-16 05:42:03.199  INFO 8432 --- [    Test worker] s.w.s.m.m.a.RequestMappingHandlerMapping : Mapped "{[/rest/session/is-logged-in],methods=[GET]}" onto public org.springframework.http.ResponseEntity<hello.models.LoginResponse> hello.controllers.AuthenticationController.isLoggedIn(javax.servlet.http.HttpSession)
2017-04-16 05:42:03.199  INFO 8432 --- [    Test worker] s.w.s.m.m.a.RequestMappingHandlerMapping : Mapped "{[/files/upload]}" onto public hello.models.JSONResponse hello.controllers.FileUploadController.uploadFile(org.springframework.web.multipart.MultipartFile)
2017-04-16 05:42:03.199  INFO 8432 --- [    Test worker] s.w.s.m.m.a.RequestMappingHandlerMapping : Mapped "{[/files/{filename:.+}],methods=[GET]}" onto public org.springframework.http.ResponseEntity<org.springframework.core.io.Resource> hello.controllers.FileUploadController.serveFile(java.lang.String)
2017-04-16 05:42:03.199  INFO 8432 --- [    Test worker] s.w.s.m.m.a.RequestMappingHandlerMapping : Mapped "{[/app/**]}" onto public org.springframework.web.servlet.ModelAndView hello.controllers.HomeController.index(javax.servlet.http.HttpSession,javax.servlet.http.HttpServletResponse)
2017-04-16 05:42:03.199  INFO 8432 --- [    Test worker] s.w.s.m.m.a.RequestMappingHandlerMapping : Mapped "{[]}" onto public java.lang.String hello.controllers.HomeController.home()
2017-04-16 05:42:03.199  INFO 8432 --- [    Test worker] s.w.s.m.m.a.RequestMappingHandlerMapping : Mapped "{[/rest/participants],methods=[GET]}" onto public java.util.ArrayList<hello.models.Participant> hello.controllers.ParticipantController.getParticipants()
2017-04-16 05:42:03.199  INFO 8432 --- [    Test worker] s.w.s.m.m.a.RequestMappingHandlerMapping : Mapped "{[/rest/participants],methods=[POST]}" onto public org.springframework.http.ResponseEntity<java.util.List<hello.models.Participant>> hello.controllers.ParticipantController.addParticipant(java.util.List<hello.models.Participant>)
2017-04-16 05:42:03.199  INFO 8432 --- [    Test worker] s.w.s.m.m.a.RequestMappingHandlerMapping : Mapped "{[/rest/participant],methods=[POST]}" onto public org.springframework.http.ResponseEntity<hello.models.Participant> hello.controllers.ParticipantController.addParticipant(hello.models.Participant)
2017-04-16 05:42:03.199  INFO 8432 --- [    Test worker] s.w.s.m.m.a.RequestMappingHandlerMapping : Mapped "{[/rest/participants/{id}],methods=[GET]}" onto public org.springframework.http.ResponseEntity<hello.models.Participant> hello.controllers.ParticipantController.getParticipant(int)
2017-04-16 05:42:03.199  INFO 8432 --- [    Test worker] s.w.s.m.m.a.RequestMappingHandlerMapping : Mapped "{[/rest/participants/{id}],methods=[DELETE]}" onto public org.springframework.http.ResponseEntity<java.lang.Boolean> hello.controllers.ParticipantController.deleteParticipant(int) throws java.lang.Exception
2017-04-16 05:42:03.200  INFO 8432 --- [    Test worker] s.w.s.m.m.a.RequestMappingHandlerMapping : Mapped "{[/rest/participants/{id}],methods=[PUT]}" onto public org.springframework.http.ResponseEntity<hello.models.Participant> hello.controllers.ParticipantController.updateParticipant(int,hello.models.Participant) throws java.lang.Exception
2017-04-16 05:42:03.200  INFO 8432 --- [    Test worker] s.w.s.m.m.a.RequestMappingHandlerMapping : Mapped "{[/rest/questions],methods=[POST]}" onto public org.springframework.http.ResponseEntity<hello.models.Question> hello.controllers.QuestionController.addQuestion(hello.models.Question)
2017-04-16 05:42:03.200  INFO 8432 --- [    Test worker] s.w.s.m.m.a.RequestMappingHandlerMapping : Mapped "{[/rest/questions/{id}/],methods=[GET]}" onto public org.springframework.http.ResponseEntity<hello.models.Question> hello.controllers.QuestionController.getAQuestion(int)
2017-04-16 05:42:03.200  INFO 8432 --- [    Test worker] s.w.s.m.m.a.RequestMappingHandlerMapping : Mapped "{[/rest/questions/{id}],methods=[PATCH]}" onto public org.springframework.http.ResponseEntity<hello.models.Question> hello.controllers.QuestionController.updateQuestion(int,hello.models.Question) throws java.lang.Exception
2017-04-16 05:42:03.200  INFO 8432 --- [    Test worker] s.w.s.m.m.a.RequestMappingHandlerMapping : Mapped "{[/rest/questions],methods=[GET]}" onto public java.util.ArrayList<hello.models.Question> hello.controllers.QuestionController.getQuestions()
2017-04-16 05:42:03.200  INFO 8432 --- [    Test worker] s.w.s.m.m.a.RequestMappingHandlerMapping : Mapped "{[/rest/questions/{id}],methods=[DELETE]}" onto public org.springframework.http.ResponseEntity<java.lang.Boolean> hello.controllers.QuestionController.deleteQuestion(int)
2017-04-16 05:42:03.200  INFO 8432 --- [    Test worker] s.w.s.m.m.a.RequestMappingHandlerMapping : Mapped "{[/rest/targetGroups/{id}/assessment/{assessmentid}],methods=[POST]}" onto public org.springframework.http.ResponseEntity<hello.models.TargetGroup> hello.controllers.TargetGroupController.addExistingAssessmentToTargetGroup(int,int) throws java.lang.Exception
2017-04-16 05:42:03.200  INFO 8432 --- [    Test worker] s.w.s.m.m.a.RequestMappingHandlerMapping : Mapped "{[/rest/targetGroups/{id}/participants/{participantId}],methods=[POST]}" onto public org.springframework.http.ResponseEntity<hello.models.TargetGroup> hello.controllers.TargetGroupController.addExistingParticipantToTargetGroup(int,int) throws java.lang.Exception
2017-04-16 05:42:03.200  INFO 8432 --- [    Test worker] s.w.s.m.m.a.RequestMappingHandlerMapping : Mapped "{[/rest/targetGroups],methods=[POST]}" onto public org.springframework.http.ResponseEntity<hello.models.TargetGroup> hello.controllers.TargetGroupController.addTargetGroup(javax.servlet.http.HttpSession,hello.models.TargetGroup) throws java.lang.Exception
2017-04-16 05:42:03.200  INFO 8432 --- [    Test worker] s.w.s.m.m.a.RequestMappingHandlerMapping : Mapped "{[/rest/targetGroups/{id}],methods=[GET]}" onto public org.springframework.http.ResponseEntity<hello.models.TargetGroup> hello.controllers.TargetGroupController.getTargetGroup(int)
2017-04-16 05:42:03.200  INFO 8432 --- [    Test worker] s.w.s.m.m.a.RequestMappingHandlerMapping : Mapped "{[/rest/targetGroups],methods=[GET]}" onto public java.util.ArrayList<hello.models.TargetGroup> hello.controllers.TargetGroupController.getTargetGroups() throws java.lang.Exception
2017-04-16 05:42:03.200  INFO 8432 --- [    Test worker] s.w.s.m.m.a.RequestMappingHandlerMapping : Mapped "{[/rest/targetGroups/{id}],methods=[DELETE]}" onto public org.springframework.http.ResponseEntity<java.lang.Boolean> hello.controllers.TargetGroupController.deleteTargetGroup(int) throws java.lang.Exception
2017-04-16 05:42:03.201  INFO 8432 --- [    Test worker] s.w.s.m.m.a.RequestMappingHandlerMapping : Mapped "{[/rest/targetGroups/{id}/assessment],methods=[POST]}" onto public org.springframework.http.ResponseEntity<hello.models.TargetGroup> hello.controllers.TargetGroupController.addNewAssessmentToTargetGroup(int,hello.models.Assessment) throws java.lang.Exception
2017-04-16 05:42:03.201  INFO 8432 --- [    Test worker] s.w.s.m.m.a.RequestMappingHandlerMapping : Mapped "{[/rest/targetGroups/{id}/participants],methods=[GET]}" onto public java.util.ArrayList<hello.models.Participant> hello.controllers.TargetGroupController.getParticipantsInTargetGroup(int) throws java.lang.Exception
2017-04-16 05:42:03.201  INFO 8432 --- [    Test worker] s.w.s.m.m.a.RequestMappingHandlerMapping : Mapped "{[/rest/targetGroups/{id}/participants/{participantId}],methods=[PUT]}" onto public org.springframework.http.ResponseEntity<hello.models.TargetGroup> hello.controllers.TargetGroupController.removeParticipantFromTargetGroup(int,int) throws java.lang.Exception
2017-04-16 05:42:03.201  INFO 8432 --- [    Test worker] s.w.s.m.m.a.RequestMappingHandlerMapping : Mapped "{[/rest/targetGroups/{id}/participants],methods=[POST]}" onto public org.springframework.http.ResponseEntity<hello.models.TargetGroup> hello.controllers.TargetGroupController.addNewParticipantToTargetGroup(int,hello.models.Participant) throws java.lang.Exception
2017-04-16 05:42:03.201  INFO 8432 --- [    Test worker] s.w.s.m.m.a.RequestMappingHandlerMapping : Mapped "{[/rest/targetGroups/{id}/participantList],methods=[POST]}" onto public org.springframework.http.ResponseEntity<hello.models.TargetGroup> hello.controllers.TargetGroupController.addNewParticipantsToTargetGroup(int,java.util.List<hello.models.Participant>) throws java.lang.Exception
2017-04-16 05:42:03.201  INFO 8432 --- [    Test worker] s.w.s.m.m.a.RequestMappingHandlerMapping : Mapped "{[/rest/targetGroups/{id}],methods=[PUT]}" onto public org.springframework.http.ResponseEntity<hello.models.TargetGroup> hello.controllers.TargetGroupController.updateTargetGroup(int,hello.models.TargetGroup) throws java.lang.Exception
2017-04-16 05:42:03.201  INFO 8432 --- [    Test worker] s.w.s.m.m.a.RequestMappingHandlerMapping : Mapped "{[/rest/register],methods=[POST]}" onto public org.springframework.http.ResponseEntity<hello.models.User> hello.controllers.UserController.registerUser(hello.models.User) throws java.lang.Exception
2017-04-16 05:42:03.201  INFO 8432 --- [    Test worker] s.w.s.m.m.a.RequestMappingHandlerMapping : Mapped "{[/rest/currentUser],methods=[PATCH]}" onto public org.springframework.http.ResponseEntity<hello.models.User> hello.controllers.UserController.updateUser(hello.models.User) throws java.lang.Exception
2017-04-16 05:42:03.201  INFO 8432 --- [    Test worker] s.w.s.m.m.a.RequestMappingHandlerMapping : Mapped "{[/rest/currentUser],methods=[GET]}" onto public org.springframework.http.ResponseEntity<hello.models.User> hello.controllers.UserController.getCurrentUser() throws java.lang.Exception
2017-04-16 05:42:03.201  INFO 8432 --- [    Test worker] s.w.s.m.m.a.RequestMappingHandlerMapping : Mapped "{[/error]}" onto public org.springframework.http.ResponseEntity<java.util.Map<java.lang.String, java.lang.Object>> org.springframework.boot.autoconfigure.web.BasicErrorController.error(javax.servlet.http.HttpServletRequest)
2017-04-16 05:42:03.202  INFO 8432 --- [    Test worker] s.w.s.m.m.a.RequestMappingHandlerMapping : Mapped "{[/error],produces=[text/html]}" onto public org.springframework.web.servlet.ModelAndView org.springframework.boot.autoconfigure.web.BasicErrorController.errorHtml(javax.servlet.http.HttpServletRequest,javax.servlet.http.HttpServletResponse)
2017-04-16 05:42:03.219  INFO 8432 --- [    Test worker] o.s.w.s.handler.SimpleUrlHandlerMapping  : Mapped URL path [/webjars/**] onto handler of type [class org.springframework.web.servlet.resource.ResourceHttpRequestHandler]
2017-04-16 05:42:03.219  INFO 8432 --- [    Test worker] o.s.w.s.handler.SimpleUrlHandlerMapping  : Mapped URL path [/resources/**] onto handler of type [class org.springframework.web.servlet.resource.ResourceHttpRequestHandler]
2017-04-16 05:42:03.227  INFO 8432 --- [    Test worker] .m.m.a.ExceptionHandlerExceptionResolver : Detected @ExceptionHandler methods in repositoryRestExceptionHandler
2017-04-16 05:42:03.227  INFO 8432 --- [    Test worker] .m.m.a.ExceptionHandlerExceptionResolver : Detected ResponseBodyAdvice implementation in org.springframework.boot.actuate.autoconfigure.EndpointWebMvcHypermediaManagementContextConfiguration$ActuatorEndpointLinksAdvice
2017-04-16 05:42:03.238  INFO 8432 --- [    Test worker] o.s.w.s.handler.SimpleUrlHandlerMapping  : Mapped URL path [/**/favicon.ico] onto handler of type [class org.springframework.web.servlet.resource.ResourceHttpRequestHandler]
2017-04-16 05:42:03.276  INFO 8432 --- [    Test worker] oConfiguration$WelcomePageHandlerMapping : Adding welcome page: ServletContext resource [/index.html]
2017-04-16 05:42:03.422  INFO 8432 --- [    Test worker] o.s.d.r.w.RepositoryRestHandlerAdapter   : Looking for @ControllerAdvice: org.springframework.web.context.support.GenericWebApplicationContext@175b6533: startup date [Sun Apr 16 05:41:54 CDT 2017]; root of context hierarchy
2017-04-16 05:42:03.424  INFO 8432 --- [    Test worker] o.s.d.r.w.RepositoryRestHandlerAdapter   : Detected ResponseBodyAdvice bean in org.springframework.boot.actuate.autoconfigure.EndpointWebMvcHypermediaManagementContextConfiguration$ActuatorEndpointLinksAdvice
2017-04-16 05:42:03.425  INFO 8432 --- [    Test worker] o.s.d.r.w.RepositoryRestHandlerMapping   : Mapped "{[/api/ || /api],methods=[GET],produces=[application/hal+json || application/json || application/*+json;charset=UTF-8]}" onto public org.springframework.http.HttpEntity<org.springframework.data.rest.webmvc.RepositoryLinksResource> org.springframework.data.rest.webmvc.RepositoryController.listRepositories()
2017-04-16 05:42:03.425  INFO 8432 --- [    Test worker] o.s.d.r.w.RepositoryRestHandlerMapping   : Mapped "{[/api/ || /api],methods=[HEAD],produces=[application/hal+json || application/json || application/*+json;charset=UTF-8]}" onto public org.springframework.http.ResponseEntity<?> org.springframework.data.rest.webmvc.RepositoryController.headForRepositories()
2017-04-16 05:42:03.425  INFO 8432 --- [    Test worker] o.s.d.r.w.RepositoryRestHandlerMapping   : Mapped "{[/api/ || /api],methods=[OPTIONS],produces=[application/hal+json || application/json || application/*+json;charset=UTF-8]}" onto public org.springframework.http.HttpEntity<?> org.springframework.data.rest.webmvc.RepositoryController.optionsForRepositories()
2017-04-16 05:42:03.426  INFO 8432 --- [    Test worker] o.s.d.r.w.RepositoryRestHandlerMapping   : Mapped "{[/api/{repository}/{id}],methods=[PUT],produces=[application/hal+json || application/json || application/*+json;charset=UTF-8]}" onto public org.springframework.http.ResponseEntity<? extends org.springframework.hateoas.ResourceSupport> org.springframework.data.rest.webmvc.RepositoryEntityController.putItemResource(org.springframework.data.rest.webmvc.RootResourceInformation,org.springframework.data.rest.webmvc.PersistentEntityResource,java.io.Serializable,org.springframework.data.rest.webmvc.PersistentEntityResourceAssembler,org.springframework.data.rest.webmvc.support.ETag,java.lang.String) throws org.springframework.web.HttpRequestMethodNotSupportedException
2017-04-16 05:42:03.426  INFO 8432 --- [    Test worker] o.s.d.r.w.RepositoryRestHandlerMapping   : Mapped "{[/api/{repository}/{id}],methods=[GET],produces=[application/hal+json || application/json || application/*+json;charset=UTF-8]}" onto public org.springframework.http.ResponseEntity<org.springframework.hateoas.Resource<?>> org.springframework.data.rest.webmvc.RepositoryEntityController.getItemResource(org.springframework.data.rest.webmvc.RootResourceInformation,java.io.Serializable,org.springframework.data.rest.webmvc.PersistentEntityResourceAssembler,org.springframework.util.MultiValueMap<java.lang.String, java.lang.String>) throws org.springframework.web.HttpRequestMethodNotSupportedException
2017-04-16 05:42:03.426  INFO 8432 --- [    Test worker] o.s.d.r.w.RepositoryRestHandlerMapping   : Mapped "{[/api/{repository}/{id}],methods=[PATCH],produces=[application/hal+json || application/json || application/*+json;charset=UTF-8]}" onto public org.springframework.http.ResponseEntity<org.springframework.hateoas.ResourceSupport> org.springframework.data.rest.webmvc.RepositoryEntityController.patchItemResource(org.springframework.data.rest.webmvc.RootResourceInformation,org.springframework.data.rest.webmvc.PersistentEntityResource,java.io.Serializable,org.springframework.data.rest.webmvc.PersistentEntityResourceAssembler,org.springframework.data.rest.webmvc.support.ETag,java.lang.String) throws org.springframework.web.HttpRequestMethodNotSupportedException,org.springframework.data.rest.webmvc.ResourceNotFoundException
2017-04-16 05:42:03.426  INFO 8432 --- [    Test worker] o.s.d.r.w.RepositoryRestHandlerMapping   : Mapped "{[/api/{repository}/{id}],methods=[DELETE],produces=[application/hal+json || application/json || application/*+json;charset=UTF-8]}" onto public org.springframework.http.ResponseEntity<?> org.springframework.data.rest.webmvc.RepositoryEntityController.deleteItemResource(org.springframework.data.rest.webmvc.RootResourceInformation,java.io.Serializable,org.springframework.data.rest.webmvc.support.ETag) throws org.springframework.data.rest.webmvc.ResourceNotFoundException,org.springframework.web.HttpRequestMethodNotSupportedException
2017-04-16 05:42:03.426  INFO 8432 --- [    Test worker] o.s.d.r.w.RepositoryRestHandlerMapping   : Mapped "{[/api/{repository}],methods=[GET],produces=[application/x-spring-data-compact+json || text/uri-list]}" onto public org.springframework.hateoas.Resources<?> org.springframework.data.rest.webmvc.RepositoryEntityController.getCollectionResourceCompact(org.springframework.data.rest.webmvc.RootResourceInformation,org.springframework.data.rest.webmvc.support.DefaultedPageable,org.springframework.data.domain.Sort,org.springframework.data.rest.webmvc.PersistentEntityResourceAssembler) throws org.springframework.data.rest.webmvc.ResourceNotFoundException,org.springframework.web.HttpRequestMethodNotSupportedException
2017-04-16 05:42:03.426  INFO 8432 --- [    Test worker] o.s.d.r.w.RepositoryRestHandlerMapping   : Mapped "{[/api/{repository}],methods=[POST],produces=[application/hal+json || application/json || application/*+json;charset=UTF-8]}" onto public org.springframework.http.ResponseEntity<org.springframework.hateoas.ResourceSupport> org.springframework.data.rest.webmvc.RepositoryEntityController.postCollectionResource(org.springframework.data.rest.webmvc.RootResourceInformation,org.springframework.data.rest.webmvc.PersistentEntityResource,org.springframework.data.rest.webmvc.PersistentEntityResourceAssembler,java.lang.String) throws org.springframework.web.HttpRequestMethodNotSupportedException
2017-04-16 05:42:03.426  INFO 8432 --- [    Test worker] o.s.d.r.w.RepositoryRestHandlerMapping   : Mapped "{[/api/{repository}],methods=[GET],produces=[application/hal+json || application/json || application/*+json;charset=UTF-8]}" onto public org.springframework.hateoas.Resources<?> org.springframework.data.rest.webmvc.RepositoryEntityController.getCollectionResource(org.springframework.data.rest.webmvc.RootResourceInformation,org.springframework.data.rest.webmvc.support.DefaultedPageable,org.springframework.data.domain.Sort,org.springframework.data.rest.webmvc.PersistentEntityResourceAssembler) throws org.springframework.data.rest.webmvc.ResourceNotFoundException,org.springframework.web.HttpRequestMethodNotSupportedException
2017-04-16 05:42:03.426  INFO 8432 --- [    Test worker] o.s.d.r.w.RepositoryRestHandlerMapping   : Mapped "{[/api/{repository}/{id}],methods=[OPTIONS],produces=[application/hal+json || application/json || application/*+json;charset=UTF-8]}" onto public org.springframework.http.ResponseEntity<?> org.springframework.data.rest.webmvc.RepositoryEntityController.optionsForItemResource(org.springframework.data.rest.webmvc.RootResourceInformation)
2017-04-16 05:42:03.426  INFO 8432 --- [    Test worker] o.s.d.r.w.RepositoryRestHandlerMapping   : Mapped "{[/api/{repository}],methods=[OPTIONS],produces=[application/hal+json || application/json || application/*+json;charset=UTF-8]}" onto public org.springframework.http.ResponseEntity<?> org.springframework.data.rest.webmvc.RepositoryEntityController.optionsForCollectionResource(org.springframework.data.rest.webmvc.RootResourceInformation)
2017-04-16 05:42:03.426  INFO 8432 --- [    Test worker] o.s.d.r.w.RepositoryRestHandlerMapping   : Mapped "{[/api/{repository}],methods=[HEAD],produces=[application/hal+json || application/json || application/*+json;charset=UTF-8]}" onto public org.springframework.http.ResponseEntity<?> org.springframework.data.rest.webmvc.RepositoryEntityController.headCollectionResource(org.springframework.data.rest.webmvc.RootResourceInformation,org.springframework.data.rest.webmvc.support.DefaultedPageable) throws org.springframework.web.HttpRequestMethodNotSupportedException
2017-04-16 05:42:03.427  INFO 8432 --- [    Test worker] o.s.d.r.w.RepositoryRestHandlerMapping   : Mapped "{[/api/{repository}/{id}],methods=[HEAD],produces=[application/hal+json || application/json || application/*+json;charset=UTF-8]}" onto public org.springframework.http.ResponseEntity<?> org.springframework.data.rest.webmvc.RepositoryEntityController.headForItemResource(org.springframework.data.rest.webmvc.RootResourceInformation,java.io.Serializable,org.springframework.data.rest.webmvc.PersistentEntityResourceAssembler) throws org.springframework.web.HttpRequestMethodNotSupportedException
2017-04-16 05:42:03.427  INFO 8432 --- [    Test worker] o.s.d.r.w.RepositoryRestHandlerMapping   : Mapped "{[/api/{repository}/{id}/{property}/{propertyId}],methods=[DELETE],produces=[application/hal+json || application/json || application/*+json;charset=UTF-8]}" onto public org.springframework.http.ResponseEntity<org.springframework.hateoas.ResourceSupport> org.springframework.data.rest.webmvc.RepositoryPropertyReferenceController.deletePropertyReferenceId(org.springframework.data.rest.webmvc.RootResourceInformation,java.io.Serializable,java.lang.String,java.lang.String) throws java.lang.Exception
2017-04-16 05:42:03.427  INFO 8432 --- [    Test worker] o.s.d.r.w.RepositoryRestHandlerMapping   : Mapped "{[/api/{repository}/{id}/{property}/{propertyId}],methods=[GET],produces=[application/hal+json || application/json || application/*+json;charset=UTF-8]}" onto public org.springframework.http.ResponseEntity<org.springframework.hateoas.ResourceSupport> org.springframework.data.rest.webmvc.RepositoryPropertyReferenceController.followPropertyReference(org.springframework.data.rest.webmvc.RootResourceInformation,java.io.Serializable,java.lang.String,java.lang.String,org.springframework.data.rest.webmvc.PersistentEntityResourceAssembler) throws java.lang.Exception
2017-04-16 05:42:03.427  INFO 8432 --- [    Test worker] o.s.d.r.w.RepositoryRestHandlerMapping   : Mapped "{[/api/{repository}/{id}/{property}],methods=[GET],produces=[application/hal+json || application/json || application/*+json;charset=UTF-8]}" onto public org.springframework.http.ResponseEntity<org.springframework.hateoas.ResourceSupport> org.springframework.data.rest.webmvc.RepositoryPropertyReferenceController.followPropertyReference(org.springframework.data.rest.webmvc.RootResourceInformation,java.io.Serializable,java.lang.String,org.springframework.data.rest.webmvc.PersistentEntityResourceAssembler) throws java.lang.Exception
2017-04-16 05:42:03.427  INFO 8432 --- [    Test worker] o.s.d.r.w.RepositoryRestHandlerMapping   : Mapped "{[/api/{repository}/{id}/{property}],methods=[PATCH || PUT || POST],consumes=[application/json || application/x-spring-data-compact+json || text/uri-list],produces=[application/hal+json || application/json || application/*+json;charset=UTF-8]}" onto public org.springframework.http.ResponseEntity<? extends org.springframework.hateoas.ResourceSupport> org.springframework.data.rest.webmvc.RepositoryPropertyReferenceController.createPropertyReference(org.springframework.data.rest.webmvc.RootResourceInformation,org.springframework.http.HttpMethod,org.springframework.hateoas.Resources<java.lang.Object>,java.io.Serializable,java.lang.String) throws java.lang.Exception
2017-04-16 05:42:03.427  INFO 8432 --- [    Test worker] o.s.d.r.w.RepositoryRestHandlerMapping   : Mapped "{[/api/{repository}/{id}/{property}],methods=[GET],produces=[application/x-spring-data-compact+json || text/uri-list]}" onto public org.springframework.http.ResponseEntity<org.springframework.hateoas.ResourceSupport> org.springframework.data.rest.webmvc.RepositoryPropertyReferenceController.followPropertyReferenceCompact(org.springframework.data.rest.webmvc.RootResourceInformation,java.io.Serializable,java.lang.String,org.springframework.data.rest.webmvc.PersistentEntityResourceAssembler) throws java.lang.Exception
2017-04-16 05:42:03.427  INFO 8432 --- [    Test worker] o.s.d.r.w.RepositoryRestHandlerMapping   : Mapped "{[/api/{repository}/{id}/{property}],methods=[DELETE],produces=[application/hal+json || application/json || application/*+json;charset=UTF-8]}" onto public org.springframework.http.ResponseEntity<? extends org.springframework.hateoas.ResourceSupport> org.springframework.data.rest.webmvc.RepositoryPropertyReferenceController.deletePropertyReference(org.springframework.data.rest.webmvc.RootResourceInformation,java.io.Serializable,java.lang.String) throws java.lang.Exception
2017-04-16 05:42:03.427  INFO 8432 --- [    Test worker] o.s.d.r.w.RepositoryRestHandlerMapping   : Mapped "{[/api/{repository}/search],methods=[OPTIONS],produces=[application/hal+json || application/json || application/*+json;charset=UTF-8]}" onto public org.springframework.http.HttpEntity<?> org.springframework.data.rest.webmvc.RepositorySearchController.optionsForSearches(org.springframework.data.rest.webmvc.RootResourceInformation)
2017-04-16 05:42:03.428  INFO 8432 --- [    Test worker] o.s.d.r.w.RepositoryRestHandlerMapping   : Mapped "{[/api/{repository}/search/{search}],methods=[GET],produces=[application/x-spring-data-compact+json]}" onto public org.springframework.hateoas.ResourceSupport org.springframework.data.rest.webmvc.RepositorySearchController.executeSearchCompact(org.springframework.data.rest.webmvc.RootResourceInformation,org.springframework.util.MultiValueMap<java.lang.String, java.lang.Object>,java.lang.String,java.lang.String,org.springframework.data.rest.webmvc.support.DefaultedPageable,org.springframework.data.domain.Sort,org.springframework.data.rest.webmvc.PersistentEntityResourceAssembler)
2017-04-16 05:42:03.428  INFO 8432 --- [    Test worker] o.s.d.r.w.RepositoryRestHandlerMapping   : Mapped "{[/api/{repository}/search],methods=[GET],produces=[application/hal+json || application/json || application/*+json;charset=UTF-8]}" onto public org.springframework.data.rest.webmvc.RepositorySearchesResource org.springframework.data.rest.webmvc.RepositorySearchController.listSearches(org.springframework.data.rest.webmvc.RootResourceInformation)
2017-04-16 05:42:03.428  INFO 8432 --- [    Test worker] o.s.d.r.w.RepositoryRestHandlerMapping   : Mapped "{[/api/{repository}/search/{search}],methods=[HEAD],produces=[application/hal+json || application/json || application/*+json;charset=UTF-8]}" onto public org.springframework.http.ResponseEntity<java.lang.Object> org.springframework.data.rest.webmvc.RepositorySearchController.headForSearch(org.springframework.data.rest.webmvc.RootResourceInformation,java.lang.String)
2017-04-16 05:42:03.428  INFO 8432 --- [    Test worker] o.s.d.r.w.RepositoryRestHandlerMapping   : Mapped "{[/api/{repository}/search/{search}],methods=[GET],produces=[application/hal+json || application/json || application/*+json;charset=UTF-8]}" onto public org.springframework.http.ResponseEntity<java.lang.Object> org.springframework.data.rest.webmvc.RepositorySearchController.executeSearch(org.springframework.data.rest.webmvc.RootResourceInformation,org.springframework.util.MultiValueMap<java.lang.String, java.lang.Object>,java.lang.String,org.springframework.data.rest.webmvc.support.DefaultedPageable,org.springframework.data.domain.Sort,org.springframework.data.rest.webmvc.PersistentEntityResourceAssembler)
2017-04-16 05:42:03.428  INFO 8432 --- [    Test worker] o.s.d.r.w.RepositoryRestHandlerMapping   : Mapped "{[/api/{repository}/search/{search}],methods=[OPTIONS],produces=[application/hal+json || application/json || application/*+json;charset=UTF-8]}" onto public org.springframework.http.ResponseEntity<java.lang.Object> org.springframework.data.rest.webmvc.RepositorySearchController.optionsForSearch(org.springframework.data.rest.webmvc.RootResourceInformation,java.lang.String)
2017-04-16 05:42:03.428  INFO 8432 --- [    Test worker] o.s.d.r.w.RepositoryRestHandlerMapping   : Mapped "{[/api/{repository}/search],methods=[HEAD],produces=[application/hal+json || application/json || application/*+json;charset=UTF-8]}" onto public org.springframework.http.HttpEntity<?> org.springframework.data.rest.webmvc.RepositorySearchController.headForSearches(org.springframework.data.rest.webmvc.RootResourceInformation)
2017-04-16 05:42:03.429  INFO 8432 --- [    Test worker] o.s.d.r.w.BasePathAwareHandlerMapping    : Mapped "{[/api/profile/{repository}],methods=[GET],produces=[application/alps+json || */*]}" onto org.springframework.http.HttpEntity<org.springframework.data.rest.webmvc.RootResourceInformation> org.springframework.data.rest.webmvc.alps.AlpsController.descriptor(org.springframework.data.rest.webmvc.RootResourceInformation)
2017-04-16 05:42:03.430  INFO 8432 --- [    Test worker] o.s.d.r.w.BasePathAwareHandlerMapping    : Mapped "{[/api/profile/{repository}],methods=[OPTIONS],produces=[application/alps+json]}" onto org.springframework.http.HttpEntity<?> org.springframework.data.rest.webmvc.alps.AlpsController.alpsOptions()
2017-04-16 05:42:03.430  INFO 8432 --- [    Test worker] o.s.d.r.w.BasePathAwareHandlerMapping    : Mapped "{[/api/profile],methods=[OPTIONS]}" onto public org.springframework.http.HttpEntity<?> org.springframework.data.rest.webmvc.ProfileController.profileOptions()
2017-04-16 05:42:03.430  INFO 8432 --- [    Test worker] o.s.d.r.w.BasePathAwareHandlerMapping    : Mapped "{[/api/profile],methods=[GET]}" onto org.springframework.http.HttpEntity<org.springframework.hateoas.ResourceSupport> org.springframework.data.rest.webmvc.ProfileController.listAllFormsOfMetadata()
2017-04-16 05:42:03.430  INFO 8432 --- [    Test worker] o.s.d.r.w.BasePathAwareHandlerMapping    : Mapped "{[/api/profile/{repository}],methods=[GET],produces=[application/schema+json]}" onto public org.springframework.http.HttpEntity<org.springframework.data.rest.webmvc.json.JsonSchema> org.springframework.data.rest.webmvc.RepositorySchemaController.schema(org.springframework.data.rest.webmvc.RootResourceInformation)
2017-04-16 05:42:03.438  INFO 8432 --- [    Test worker] .m.m.a.ExceptionHandlerExceptionResolver : Detected @ExceptionHandler methods in repositoryRestExceptionHandler
2017-04-16 05:42:03.438  INFO 8432 --- [    Test worker] .m.m.a.ExceptionHandlerExceptionResolver : Detected ResponseBodyAdvice implementation in org.springframework.boot.actuate.autoconfigure.EndpointWebMvcHypermediaManagementContextConfiguration$ActuatorEndpointLinksAdvice
2017-04-16 05:42:03.469  INFO 8432 --- [    Test worker] o.s.b.a.e.mvc.EndpointHandlerMapping     : Mapped "{[/dump || /dump.json],methods=[GET],produces=[application/json]}" onto public java.lang.Object org.springframework.boot.actuate.endpoint.mvc.EndpointMvcAdapter.invoke()
2017-04-16 05:42:03.469  INFO 8432 --- [    Test worker] o.s.b.a.e.mvc.EndpointHandlerMapping     : Mapped "{[/beans || /beans.json],methods=[GET],produces=[application/json]}" onto public java.lang.Object org.springframework.boot.actuate.endpoint.mvc.EndpointMvcAdapter.invoke()
2017-04-16 05:42:03.469  INFO 8432 --- [    Test worker] o.s.b.a.e.mvc.EndpointHandlerMapping     : Mapped "{[/env/{name:.*}],methods=[GET],produces=[application/json]}" onto public java.lang.Object org.springframework.boot.actuate.endpoint.mvc.EnvironmentMvcEndpoint.value(java.lang.String)
2017-04-16 05:42:03.469  INFO 8432 --- [    Test worker] o.s.b.a.e.mvc.EndpointHandlerMapping     : Mapped "{[/env || /env.json],methods=[GET],produces=[application/json]}" onto public java.lang.Object org.springframework.boot.actuate.endpoint.mvc.EndpointMvcAdapter.invoke()
2017-04-16 05:42:03.470  INFO 8432 --- [    Test worker] o.s.b.a.e.mvc.EndpointHandlerMapping     : Mapped "{[/actuator || /actuator.json],produces=[application/json]}" onto public org.springframework.hateoas.ResourceSupport org.springframework.boot.actuate.endpoint.mvc.HalJsonMvcEndpoint.links()
2017-04-16 05:42:03.470  INFO 8432 --- [    Test worker] o.s.b.a.e.mvc.EndpointHandlerMapping     : Mapped "{[/heapdump || /heapdump.json],methods=[GET],produces=[application/octet-stream]}" onto public void org.springframework.boot.actuate.endpoint.mvc.HeapdumpMvcEndpoint.invoke(boolean,javax.servlet.http.HttpServletRequest,javax.servlet.http.HttpServletResponse) throws java.io.IOException,javax.servlet.ServletException
2017-04-16 05:42:03.470  INFO 8432 --- [    Test worker] o.s.b.a.e.mvc.EndpointHandlerMapping     : Mapped "{[/health || /health.json],produces=[application/json]}" onto public java.lang.Object org.springframework.boot.actuate.endpoint.mvc.HealthMvcEndpoint.invoke(java.security.Principal)
2017-04-16 05:42:03.470  INFO 8432 --- [    Test worker] o.s.b.a.e.mvc.EndpointHandlerMapping     : Mapped "{[/trace || /trace.json],methods=[GET],produces=[application/json]}" onto public java.lang.Object org.springframework.boot.actuate.endpoint.mvc.EndpointMvcAdapter.invoke()
2017-04-16 05:42:03.470  INFO 8432 --- [    Test worker] o.s.b.a.e.mvc.EndpointHandlerMapping     : Mapped "{[/metrics/{name:.*}],methods=[GET],produces=[application/json]}" onto public java.lang.Object org.springframework.boot.actuate.endpoint.mvc.MetricsMvcEndpoint.value(java.lang.String)
2017-04-16 05:42:03.470  INFO 8432 --- [    Test worker] o.s.b.a.e.mvc.EndpointHandlerMapping     : Mapped "{[/metrics || /metrics.json],methods=[GET],produces=[application/json]}" onto public java.lang.Object org.springframework.boot.actuate.endpoint.mvc.EndpointMvcAdapter.invoke()
2017-04-16 05:42:03.470  INFO 8432 --- [    Test worker] o.s.b.a.e.mvc.EndpointHandlerMapping     : Mapped "{[/autoconfig || /autoconfig.json],methods=[GET],produces=[application/json]}" onto public java.lang.Object org.springframework.boot.actuate.endpoint.mvc.EndpointMvcAdapter.invoke()
2017-04-16 05:42:03.470  INFO 8432 --- [    Test worker] o.s.b.a.e.mvc.EndpointHandlerMapping     : Mapped "{[/mappings || /mappings.json],methods=[GET],produces=[application/json]}" onto public java.lang.Object org.springframework.boot.actuate.endpoint.mvc.EndpointMvcAdapter.invoke()
2017-04-16 05:42:03.471  INFO 8432 --- [    Test worker] o.s.b.a.e.mvc.EndpointHandlerMapping     : Mapped "{[/info || /info.json],methods=[GET],produces=[application/json]}" onto public java.lang.Object org.springframework.boot.actuate.endpoint.mvc.EndpointMvcAdapter.invoke()
2017-04-16 05:42:03.471  INFO 8432 --- [    Test worker] o.s.b.a.e.mvc.EndpointHandlerMapping     : Mapped "{[/configprops || /configprops.json],methods=[GET],produces=[application/json]}" onto public java.lang.Object org.springframework.boot.actuate.endpoint.mvc.EndpointMvcAdapter.invoke()
2017-04-16 05:42:03.610  INFO 8432 --- [    Test worker] h.storage.FileSystemStorageServiceTest   : Started FileSystemStorageServiceTest in 9.49 seconds (JVM running for 534.326)
2017-04-16 05:42:03.625  INFO 8432 --- [    Test worker] o.s.w.c.s.GenericWebApplicationContext   : Closing org.springframework.web.context.support.GenericWebApplicationContext@175b6533: startup date [Sun Apr 16 05:41:54 CDT 2017]; root of context hierarchy
2017-04-16 05:42:03.626  INFO 8432 --- [    Test worker] j.LocalContainerEntityManagerFactoryBean : Closing JPA EntityManagerFactory for persistence unit 'default'

  .   ____          _            __ _ _
 /\\ / ___'_ __ _ _(_)_ __  __ _ \ \ \ \
( ( )\___ | '_ | '_| | '_ \/ _` | \ \ \ \
 \\/  ___)| |_)| | | | | || (_| |  ) ) ) )
  '  |____| .__|_| |_|_| |_\__, | / / / /
 =========|_|==============|___/=/_/_/_/
 :: Spring Boot ::        (v1.4.4.RELEASE)

2017-04-16 05:42:03.657  INFO 8432 --- [    Test worker] h.storage.FileSystemStorageServiceTest   : Starting FileSystemStorageServiceTest on Puget-99033 with PID 8432 (started by Hector in D:\SHRPAS_Project)
2017-04-16 05:42:03.657  INFO 8432 --- [    Test worker] h.storage.FileSystemStorageServiceTest   : The following profiles are active: production
2017-04-16 05:42:03.658  INFO 8432 --- [    Test worker] o.s.w.c.s.GenericWebApplicationContext   : Refreshing org.springframework.web.context.support.GenericWebApplicationContext@e157134: startup date [Sun Apr 16 05:42:03 CDT 2017]; root of context hierarchy
2017-04-16 05:42:04.161  INFO 8432 --- [    Test worker] o.s.b.f.s.DefaultListableBeanFactory     : Overriding bean definition for bean 'managementServletContext' with a different definition: replacing [Root bean: class [null]; scope=; abstract=false; lazyInit=false; autowireMode=3; dependencyCheck=0; autowireCandidate=true; primary=false; factoryBeanName=org.springframework.boot.actuate.autoconfigure.EndpointWebMvcHypermediaManagementContextConfiguration; factoryMethodName=managementServletContext; initMethodName=null; destroyMethodName=(inferred); defined in class path resource [org/springframework/boot/actuate/autoconfigure/EndpointWebMvcHypermediaManagementContextConfiguration.class]] with [Root bean: class [null]; scope=; abstract=false; lazyInit=false; autowireMode=3; dependencyCheck=0; autowireCandidate=true; primary=false; factoryBeanName=org.springframework.boot.actuate.autoconfigure.EndpointWebMvcAutoConfiguration; factoryMethodName=managementServletContext; initMethodName=null; destroyMethodName=(inferred); defined in class path resource [org/springframework/boot/actuate/autoconfigure/EndpointWebMvcAutoConfiguration.class]]
2017-04-16 05:42:04.293  INFO 8432 --- [    Test worker] trationDelegate$BeanPostProcessorChecker : Bean 'org.springframework.transaction.annotation.ProxyTransactionManagementConfiguration' of type [class org.springframework.transaction.annotation.ProxyTransactionManagementConfiguration$$EnhancerBySpringCGLIB$$84143e54] is not eligible for getting processed by all BeanPostProcessors (for example: not eligible for auto-proxying)
2017-04-16 05:42:04.416  INFO 8432 --- [    Test worker] j.LocalContainerEntityManagerFactoryBean : Building JPA container EntityManagerFactory for persistence unit 'default'
2017-04-16 05:42:04.416  INFO 8432 --- [    Test worker] org.hibernate.ejb.Ejb3Configuration      : HHH000204: Processing PersistenceUnitInfo [
	name: default
	...]
2017-04-16 05:42:04.424  INFO 8432 --- [    Test worker] o.h.s.j.c.i.ConnectionProviderInitiator  : HHH000130: Instantiating explicit connection provider: org.hibernate.ejb.connection.InjectedDataSourceConnectionProvider
2017-04-16 05:42:07.655  INFO 8432 --- [    Test worker] org.hibernate.dialect.Dialect            : HHH000400: Using dialect: org.hibernate.dialect.MySQLDialect
2017-04-16 05:42:07.655  INFO 8432 --- [    Test worker] o.h.e.t.i.TransactionFactoryInitiator    : HHH000268: Transaction strategy: org.hibernate.engine.transaction.internal.jdbc.JdbcTransactionFactory
2017-04-16 05:42:07.655  INFO 8432 --- [    Test worker] o.h.h.i.ast.ASTQueryTranslatorFactory    : HHH000397: Using ASTQueryTranslatorFactory
2017-04-16 05:42:07.681  INFO 8432 --- [    Test worker] org.hibernate.tool.hbm2ddl.SchemaExport  : HHH000227: Running hbm2ddl schema export
2017-04-16 05:42:11.402  INFO 8432 --- [    Test worker] org.hibernate.tool.hbm2ddl.SchemaExport  : HHH000230: Schema export complete
2017-04-16 05:42:11.407  WARN 8432 --- [    Test worker] o.h.e.i.EntityManagerFactoryRegistry     : HHH000436: Entity manager factory name (default) is already registered.  If entity manager will be clustered or passivated, specify a unique value for property 'hibernate.ejb.entitymanager_factory_name'
2017-04-16 05:42:11.407  INFO 8432 --- [    Test worker] j.LocalContainerEntityManagerFactoryBean : Initialized JPA EntityManagerFactory for persistence unit 'default'
2017-04-16 05:42:11.548  INFO 8432 --- [    Test worker] o.s.b.f.config.PropertiesFactoryBean     : Loading properties file from class path resource [rest-default-messages.properties]
2017-04-16 05:42:12.612  INFO 8432 --- [    Test worker] s.w.s.m.m.a.RequestMappingHandlerAdapter : Looking for @ControllerAdvice: org.springframework.web.context.support.GenericWebApplicationContext@e157134: startup date [Sun Apr 16 05:42:03 CDT 2017]; root of context hierarchy
2017-04-16 05:42:12.614  INFO 8432 --- [    Test worker] s.w.s.m.m.a.RequestMappingHandlerAdapter : Detected ResponseBodyAdvice bean in org.springframework.boot.actuate.autoconfigure.EndpointWebMvcHypermediaManagementContextConfiguration$ActuatorEndpointLinksAdvice
2017-04-16 05:42:12.624  INFO 8432 --- [    Test worker] s.w.s.m.m.a.RequestMappingHandlerMapping : Mapped "{[/api/login],methods=[POST],consumes=[application/json]}" onto public hello.models.LoginResults hello.controllers.AdministratorController.login(java.lang.String,hello.models.LoginRequest,org.springframework.validation.BindingResult,javax.servlet.http.HttpServletResponse)
2017-04-16 05:42:12.624  INFO 8432 --- [    Test worker] s.w.s.m.m.a.RequestMappingHandlerMapping : Mapped "{[/rest/assessments/{id}/users],methods=[POST]}" onto public org.springframework.http.ResponseEntity<hello.models.Assessment> hello.controllers.AssessmentController.addUser(int,hello.models.User) throws java.lang.Exception
2017-04-16 05:42:12.624  INFO 8432 --- [    Test worker] s.w.s.m.m.a.RequestMappingHandlerMapping : Mapped "{[/rest/send-email-test],methods=[GET]}" onto public org.springframework.http.ResponseEntity<java.lang.String> hello.controllers.AssessmentController.sendEmailTest() throws java.lang.Exception
2017-04-16 05:42:12.624  INFO 8432 --- [    Test worker] s.w.s.m.m.a.RequestMappingHandlerMapping : Mapped "{[/rest/assessments/{id}/delete],methods=[DELETE]}" onto public org.springframework.http.ResponseEntity<java.lang.Boolean> hello.controllers.AssessmentController.deleteAssessment(int)
2017-04-16 05:42:12.624  INFO 8432 --- [    Test worker] s.w.s.m.m.a.RequestMappingHandlerMapping : Mapped "{[/rest/assessments],methods=[POST]}" onto public org.springframework.http.ResponseEntity<hello.models.Assessment> hello.controllers.AssessmentController.addAssessment(javax.servlet.http.HttpSession,hello.models.Assessment) throws java.lang.Exception
2017-04-16 05:42:12.625  INFO 8432 --- [    Test worker] s.w.s.m.m.a.RequestMappingHandlerMapping : Mapped "{[/rest/assessments/{id}],methods=[PATCH]}" onto public org.springframework.http.ResponseEntity<hello.models.Assessment> hello.controllers.AssessmentController.updateAssessment(int,hello.models.Assessment) throws java.lang.Exception
2017-04-16 05:42:12.625  INFO 8432 --- [    Test worker] s.w.s.m.m.a.RequestMappingHandlerMapping : Mapped "{[/rest/assessments/{id}/],methods=[GET]}" onto public org.springframework.http.ResponseEntity<hello.models.Assessment> hello.controllers.AssessmentController.getAssessment(int)
2017-04-16 05:42:12.625  INFO 8432 --- [    Test worker] s.w.s.m.m.a.RequestMappingHandlerMapping : Mapped "{[/rest/assessments/{id}/question],methods=[POST]}" onto public org.springframework.http.ResponseEntity<hello.models.Assessment> hello.controllers.AssessmentController.addQuestion(int,hello.models.Question) throws java.lang.Exception
2017-04-16 05:42:12.625  INFO 8432 --- [    Test worker] s.w.s.m.m.a.RequestMappingHandlerMapping : Mapped "{[/rest/assessments],methods=[GET]}" onto public java.util.ArrayList<hello.models.Assessment> hello.controllers.AssessmentController.getAllAssessments(javax.servlet.http.HttpSession) throws java.lang.Exception
2017-04-16 05:42:12.625  INFO 8432 --- [    Test worker] s.w.s.m.m.a.RequestMappingHandlerMapping : Mapped "{[/rest/assessments/{id}/question/{questionId}],methods=[POST]}" onto public org.springframework.http.ResponseEntity<hello.models.Assessment> hello.controllers.AssessmentController.addExistingQuestion(int,int)
2017-04-16 05:42:12.625  INFO 8432 --- [    Test worker] s.w.s.m.m.a.RequestMappingHandlerMapping : Mapped "{[/rest/session/login],methods=[POST]}" onto public org.springframework.http.ResponseEntity<hello.models.LoginResponse> hello.controllers.AuthenticationController.login(hello.models.LoginRequest,javax.servlet.http.HttpSession)
2017-04-16 05:42:12.625  INFO 8432 --- [    Test worker] s.w.s.m.m.a.RequestMappingHandlerMapping : Mapped "{[/rest/session],methods=[GET]}" onto public hello.models.User hello.controllers.AuthenticationController.session(javax.servlet.http.HttpSession)
2017-04-16 05:42:12.625  INFO 8432 --- [    Test worker] s.w.s.m.m.a.RequestMappingHandlerMapping : Mapped "{[/rest/session],methods=[DELETE]}" onto public void hello.controllers.AuthenticationController.logout(javax.servlet.http.HttpSession)
2017-04-16 05:42:12.625  INFO 8432 --- [    Test worker] s.w.s.m.m.a.RequestMappingHandlerMapping : Mapped "{[/rest/session/logout],methods=[POST]}" onto public org.springframework.http.ResponseEntity<hello.models.LogoutResponse> hello.controllers.AuthenticationController.logout() throws java.lang.Exception
2017-04-16 05:42:12.625  INFO 8432 --- [    Test worker] s.w.s.m.m.a.RequestMappingHandlerMapping : Mapped "{[/rest/session/is-logged-in],methods=[GET]}" onto public org.springframework.http.ResponseEntity<hello.models.LoginResponse> hello.controllers.AuthenticationController.isLoggedIn(javax.servlet.http.HttpSession)
2017-04-16 05:42:12.625  INFO 8432 --- [    Test worker] s.w.s.m.m.a.RequestMappingHandlerMapping : Mapped "{[/files/upload]}" onto public hello.models.JSONResponse hello.controllers.FileUploadController.uploadFile(org.springframework.web.multipart.MultipartFile)
2017-04-16 05:42:12.625  INFO 8432 --- [    Test worker] s.w.s.m.m.a.RequestMappingHandlerMapping : Mapped "{[/files/{filename:.+}],methods=[GET]}" onto public org.springframework.http.ResponseEntity<org.springframework.core.io.Resource> hello.controllers.FileUploadController.serveFile(java.lang.String)
2017-04-16 05:42:12.625  INFO 8432 --- [    Test worker] s.w.s.m.m.a.RequestMappingHandlerMapping : Mapped "{[/app/**]}" onto public org.springframework.web.servlet.ModelAndView hello.controllers.HomeController.index(javax.servlet.http.HttpSession,javax.servlet.http.HttpServletResponse)
2017-04-16 05:42:12.625  INFO 8432 --- [    Test worker] s.w.s.m.m.a.RequestMappingHandlerMapping : Mapped "{[]}" onto public java.lang.String hello.controllers.HomeController.home()
2017-04-16 05:42:12.626  INFO 8432 --- [    Test worker] s.w.s.m.m.a.RequestMappingHandlerMapping : Mapped "{[/rest/participants],methods=[GET]}" onto public java.util.ArrayList<hello.models.Participant> hello.controllers.ParticipantController.getParticipants()
2017-04-16 05:42:12.626  INFO 8432 --- [    Test worker] s.w.s.m.m.a.RequestMappingHandlerMapping : Mapped "{[/rest/participants],methods=[POST]}" onto public org.springframework.http.ResponseEntity<java.util.List<hello.models.Participant>> hello.controllers.ParticipantController.addParticipant(java.util.List<hello.models.Participant>)
2017-04-16 05:42:12.626  INFO 8432 --- [    Test worker] s.w.s.m.m.a.RequestMappingHandlerMapping : Mapped "{[/rest/participant],methods=[POST]}" onto public org.springframework.http.ResponseEntity<hello.models.Participant> hello.controllers.ParticipantController.addParticipant(hello.models.Participant)
2017-04-16 05:42:12.626  INFO 8432 --- [    Test worker] s.w.s.m.m.a.RequestMappingHandlerMapping : Mapped "{[/rest/participants/{id}],methods=[GET]}" onto public org.springframework.http.ResponseEntity<hello.models.Participant> hello.controllers.ParticipantController.getParticipant(int)
2017-04-16 05:42:12.626  INFO 8432 --- [    Test worker] s.w.s.m.m.a.RequestMappingHandlerMapping : Mapped "{[/rest/participants/{id}],methods=[DELETE]}" onto public org.springframework.http.ResponseEntity<java.lang.Boolean> hello.controllers.ParticipantController.deleteParticipant(int) throws java.lang.Exception
2017-04-16 05:42:12.626  INFO 8432 --- [    Test worker] s.w.s.m.m.a.RequestMappingHandlerMapping : Mapped "{[/rest/participants/{id}],methods=[PUT]}" onto public org.springframework.http.ResponseEntity<hello.models.Participant> hello.controllers.ParticipantController.updateParticipant(int,hello.models.Participant) throws java.lang.Exception
2017-04-16 05:42:12.626  INFO 8432 --- [    Test worker] s.w.s.m.m.a.RequestMappingHandlerMapping : Mapped "{[/rest/questions],methods=[POST]}" onto public org.springframework.http.ResponseEntity<hello.models.Question> hello.controllers.QuestionController.addQuestion(hello.models.Question)
2017-04-16 05:42:12.626  INFO 8432 --- [    Test worker] s.w.s.m.m.a.RequestMappingHandlerMapping : Mapped "{[/rest/questions/{id}/],methods=[GET]}" onto public org.springframework.http.ResponseEntity<hello.models.Question> hello.controllers.QuestionController.getAQuestion(int)
2017-04-16 05:42:12.626  INFO 8432 --- [    Test worker] s.w.s.m.m.a.RequestMappingHandlerMapping : Mapped "{[/rest/questions/{id}],methods=[PATCH]}" onto public org.springframework.http.ResponseEntity<hello.models.Question> hello.controllers.QuestionController.updateQuestion(int,hello.models.Question) throws java.lang.Exception
2017-04-16 05:42:12.626  INFO 8432 --- [    Test worker] s.w.s.m.m.a.RequestMappingHandlerMapping : Mapped "{[/rest/questions],methods=[GET]}" onto public java.util.ArrayList<hello.models.Question> hello.controllers.QuestionController.getQuestions()
2017-04-16 05:42:12.626  INFO 8432 --- [    Test worker] s.w.s.m.m.a.RequestMappingHandlerMapping : Mapped "{[/rest/questions/{id}],methods=[DELETE]}" onto public org.springframework.http.ResponseEntity<java.lang.Boolean> hello.controllers.QuestionController.deleteQuestion(int)
2017-04-16 05:42:12.626  INFO 8432 --- [    Test worker] s.w.s.m.m.a.RequestMappingHandlerMapping : Mapped "{[/rest/targetGroups/{id}/assessment/{assessmentid}],methods=[POST]}" onto public org.springframework.http.ResponseEntity<hello.models.TargetGroup> hello.controllers.TargetGroupController.addExistingAssessmentToTargetGroup(int,int) throws java.lang.Exception
2017-04-16 05:42:12.626  INFO 8432 --- [    Test worker] s.w.s.m.m.a.RequestMappingHandlerMapping : Mapped "{[/rest/targetGroups/{id}/participants/{participantId}],methods=[POST]}" onto public org.springframework.http.ResponseEntity<hello.models.TargetGroup> hello.controllers.TargetGroupController.addExistingParticipantToTargetGroup(int,int) throws java.lang.Exception
2017-04-16 05:42:12.626  INFO 8432 --- [    Test worker] s.w.s.m.m.a.RequestMappingHandlerMapping : Mapped "{[/rest/targetGroups],methods=[POST]}" onto public org.springframework.http.ResponseEntity<hello.models.TargetGroup> hello.controllers.TargetGroupController.addTargetGroup(javax.servlet.http.HttpSession,hello.models.TargetGroup) throws java.lang.Exception
2017-04-16 05:42:12.627  INFO 8432 --- [    Test worker] s.w.s.m.m.a.RequestMappingHandlerMapping : Mapped "{[/rest/targetGroups/{id}],methods=[GET]}" onto public org.springframework.http.ResponseEntity<hello.models.TargetGroup> hello.controllers.TargetGroupController.getTargetGroup(int)
2017-04-16 05:42:12.627  INFO 8432 --- [    Test worker] s.w.s.m.m.a.RequestMappingHandlerMapping : Mapped "{[/rest/targetGroups],methods=[GET]}" onto public java.util.ArrayList<hello.models.TargetGroup> hello.controllers.TargetGroupController.getTargetGroups() throws java.lang.Exception
2017-04-16 05:42:12.627  INFO 8432 --- [    Test worker] s.w.s.m.m.a.RequestMappingHandlerMapping : Mapped "{[/rest/targetGroups/{id}],methods=[DELETE]}" onto public org.springframework.http.ResponseEntity<java.lang.Boolean> hello.controllers.TargetGroupController.deleteTargetGroup(int) throws java.lang.Exception
2017-04-16 05:42:12.627  INFO 8432 --- [    Test worker] s.w.s.m.m.a.RequestMappingHandlerMapping : Mapped "{[/rest/targetGroups/{id}/assessment],methods=[POST]}" onto public org.springframework.http.ResponseEntity<hello.models.TargetGroup> hello.controllers.TargetGroupController.addNewAssessmentToTargetGroup(int,hello.models.Assessment) throws java.lang.Exception
2017-04-16 05:42:12.627  INFO 8432 --- [    Test worker] s.w.s.m.m.a.RequestMappingHandlerMapping : Mapped "{[/rest/targetGroups/{id}/participants],methods=[GET]}" onto public java.util.ArrayList<hello.models.Participant> hello.controllers.TargetGroupController.getParticipantsInTargetGroup(int) throws java.lang.Exception
2017-04-16 05:42:12.627  INFO 8432 --- [    Test worker] s.w.s.m.m.a.RequestMappingHandlerMapping : Mapped "{[/rest/targetGroups/{id}/participants/{participantId}],methods=[PUT]}" onto public org.springframework.http.ResponseEntity<hello.models.TargetGroup> hello.controllers.TargetGroupController.removeParticipantFromTargetGroup(int,int) throws java.lang.Exception
2017-04-16 05:42:12.627  INFO 8432 --- [    Test worker] s.w.s.m.m.a.RequestMappingHandlerMapping : Mapped "{[/rest/targetGroups/{id}/participants],methods=[POST]}" onto public org.springframework.http.ResponseEntity<hello.models.TargetGroup> hello.controllers.TargetGroupController.addNewParticipantToTargetGroup(int,hello.models.Participant) throws java.lang.Exception
2017-04-16 05:42:12.627  INFO 8432 --- [    Test worker] s.w.s.m.m.a.RequestMappingHandlerMapping : Mapped "{[/rest/targetGroups/{id}/participantList],methods=[POST]}" onto public org.springframework.http.ResponseEntity<hello.models.TargetGroup> hello.controllers.TargetGroupController.addNewParticipantsToTargetGroup(int,java.util.List<hello.models.Participant>) throws java.lang.Exception
2017-04-16 05:42:12.627  INFO 8432 --- [    Test worker] s.w.s.m.m.a.RequestMappingHandlerMapping : Mapped "{[/rest/targetGroups/{id}],methods=[PUT]}" onto public org.springframework.http.ResponseEntity<hello.models.TargetGroup> hello.controllers.TargetGroupController.updateTargetGroup(int,hello.models.TargetGroup) throws java.lang.Exception
2017-04-16 05:42:12.627  INFO 8432 --- [    Test worker] s.w.s.m.m.a.RequestMappingHandlerMapping : Mapped "{[/rest/register],methods=[POST]}" onto public org.springframework.http.ResponseEntity<hello.models.User> hello.controllers.UserController.registerUser(hello.models.User) throws java.lang.Exception
2017-04-16 05:42:12.627  INFO 8432 --- [    Test worker] s.w.s.m.m.a.RequestMappingHandlerMapping : Mapped "{[/rest/currentUser],methods=[PATCH]}" onto public org.springframework.http.ResponseEntity<hello.models.User> hello.controllers.UserController.updateUser(hello.models.User) throws java.lang.Exception
2017-04-16 05:42:12.627  INFO 8432 --- [    Test worker] s.w.s.m.m.a.RequestMappingHandlerMapping : Mapped "{[/rest/currentUser],methods=[GET]}" onto public org.springframework.http.ResponseEntity<hello.models.User> hello.controllers.UserController.getCurrentUser() throws java.lang.Exception
2017-04-16 05:42:12.627  INFO 8432 --- [    Test worker] s.w.s.m.m.a.RequestMappingHandlerMapping : Mapped "{[/error]}" onto public org.springframework.http.ResponseEntity<java.util.Map<java.lang.String, java.lang.Object>> org.springframework.boot.autoconfigure.web.BasicErrorController.error(javax.servlet.http.HttpServletRequest)
2017-04-16 05:42:12.627  INFO 8432 --- [    Test worker] s.w.s.m.m.a.RequestMappingHandlerMapping : Mapped "{[/error],produces=[text/html]}" onto public org.springframework.web.servlet.ModelAndView org.springframework.boot.autoconfigure.web.BasicErrorController.errorHtml(javax.servlet.http.HttpServletRequest,javax.servlet.http.HttpServletResponse)
2017-04-16 05:42:12.644  INFO 8432 --- [    Test worker] o.s.w.s.handler.SimpleUrlHandlerMapping  : Mapped URL path [/webjars/**] onto handler of type [class org.springframework.web.servlet.resource.ResourceHttpRequestHandler]
2017-04-16 05:42:12.644  INFO 8432 --- [    Test worker] o.s.w.s.handler.SimpleUrlHandlerMapping  : Mapped URL path [/resources/**] onto handler of type [class org.springframework.web.servlet.resource.ResourceHttpRequestHandler]
2017-04-16 05:42:12.652  INFO 8432 --- [    Test worker] .m.m.a.ExceptionHandlerExceptionResolver : Detected @ExceptionHandler methods in repositoryRestExceptionHandler
2017-04-16 05:42:12.652  INFO 8432 --- [    Test worker] .m.m.a.ExceptionHandlerExceptionResolver : Detected ResponseBodyAdvice implementation in org.springframework.boot.actuate.autoconfigure.EndpointWebMvcHypermediaManagementContextConfiguration$ActuatorEndpointLinksAdvice
2017-04-16 05:42:12.663  INFO 8432 --- [    Test worker] o.s.w.s.handler.SimpleUrlHandlerMapping  : Mapped URL path [/**/favicon.ico] onto handler of type [class org.springframework.web.servlet.resource.ResourceHttpRequestHandler]
2017-04-16 05:42:12.695  INFO 8432 --- [    Test worker] oConfiguration$WelcomePageHandlerMapping : Adding welcome page: ServletContext resource [/index.html]
2017-04-16 05:42:12.840  INFO 8432 --- [    Test worker] o.s.d.r.w.RepositoryRestHandlerAdapter   : Looking for @ControllerAdvice: org.springframework.web.context.support.GenericWebApplicationContext@e157134: startup date [Sun Apr 16 05:42:03 CDT 2017]; root of context hierarchy
2017-04-16 05:42:12.842  INFO 8432 --- [    Test worker] o.s.d.r.w.RepositoryRestHandlerAdapter   : Detected ResponseBodyAdvice bean in org.springframework.boot.actuate.autoconfigure.EndpointWebMvcHypermediaManagementContextConfiguration$ActuatorEndpointLinksAdvice
2017-04-16 05:42:12.844  INFO 8432 --- [    Test worker] o.s.d.r.w.RepositoryRestHandlerMapping   : Mapped "{[/api/ || /api],methods=[GET],produces=[application/hal+json || application/json || application/*+json;charset=UTF-8]}" onto public org.springframework.http.HttpEntity<org.springframework.data.rest.webmvc.RepositoryLinksResource> org.springframework.data.rest.webmvc.RepositoryController.listRepositories()
2017-04-16 05:42:12.844  INFO 8432 --- [    Test worker] o.s.d.r.w.RepositoryRestHandlerMapping   : Mapped "{[/api/ || /api],methods=[HEAD],produces=[application/hal+json || application/json || application/*+json;charset=UTF-8]}" onto public org.springframework.http.ResponseEntity<?> org.springframework.data.rest.webmvc.RepositoryController.headForRepositories()
2017-04-16 05:42:12.844  INFO 8432 --- [    Test worker] o.s.d.r.w.RepositoryRestHandlerMapping   : Mapped "{[/api/ || /api],methods=[OPTIONS],produces=[application/hal+json || application/json || application/*+json;charset=UTF-8]}" onto public org.springframework.http.HttpEntity<?> org.springframework.data.rest.webmvc.RepositoryController.optionsForRepositories()
2017-04-16 05:42:12.844  INFO 8432 --- [    Test worker] o.s.d.r.w.RepositoryRestHandlerMapping   : Mapped "{[/api/{repository}/{id}],methods=[PUT],produces=[application/hal+json || application/json || application/*+json;charset=UTF-8]}" onto public org.springframework.http.ResponseEntity<? extends org.springframework.hateoas.ResourceSupport> org.springframework.data.rest.webmvc.RepositoryEntityController.putItemResource(org.springframework.data.rest.webmvc.RootResourceInformation,org.springframework.data.rest.webmvc.PersistentEntityResource,java.io.Serializable,org.springframework.data.rest.webmvc.PersistentEntityResourceAssembler,org.springframework.data.rest.webmvc.support.ETag,java.lang.String) throws org.springframework.web.HttpRequestMethodNotSupportedException
2017-04-16 05:42:12.844  INFO 8432 --- [    Test worker] o.s.d.r.w.RepositoryRestHandlerMapping   : Mapped "{[/api/{repository}/{id}],methods=[GET],produces=[application/hal+json || application/json || application/*+json;charset=UTF-8]}" onto public org.springframework.http.ResponseEntity<org.springframework.hateoas.Resource<?>> org.springframework.data.rest.webmvc.RepositoryEntityController.getItemResource(org.springframework.data.rest.webmvc.RootResourceInformation,java.io.Serializable,org.springframework.data.rest.webmvc.PersistentEntityResourceAssembler,org.springframework.util.MultiValueMap<java.lang.String, java.lang.String>) throws org.springframework.web.HttpRequestMethodNotSupportedException
2017-04-16 05:42:12.844  INFO 8432 --- [    Test worker] o.s.d.r.w.RepositoryRestHandlerMapping   : Mapped "{[/api/{repository}/{id}],methods=[PATCH],produces=[application/hal+json || application/json || application/*+json;charset=UTF-8]}" onto public org.springframework.http.ResponseEntity<org.springframework.hateoas.ResourceSupport> org.springframework.data.rest.webmvc.RepositoryEntityController.patchItemResource(org.springframework.data.rest.webmvc.RootResourceInformation,org.springframework.data.rest.webmvc.PersistentEntityResource,java.io.Serializable,org.springframework.data.rest.webmvc.PersistentEntityResourceAssembler,org.springframework.data.rest.webmvc.support.ETag,java.lang.String) throws org.springframework.web.HttpRequestMethodNotSupportedException,org.springframework.data.rest.webmvc.ResourceNotFoundException
2017-04-16 05:42:12.844  INFO 8432 --- [    Test worker] o.s.d.r.w.RepositoryRestHandlerMapping   : Mapped "{[/api/{repository}/{id}],methods=[DELETE],produces=[application/hal+json || application/json || application/*+json;charset=UTF-8]}" onto public org.springframework.http.ResponseEntity<?> org.springframework.data.rest.webmvc.RepositoryEntityController.deleteItemResource(org.springframework.data.rest.webmvc.RootResourceInformation,java.io.Serializable,org.springframework.data.rest.webmvc.support.ETag) throws org.springframework.data.rest.webmvc.ResourceNotFoundException,org.springframework.web.HttpRequestMethodNotSupportedException
2017-04-16 05:42:12.844  INFO 8432 --- [    Test worker] o.s.d.r.w.RepositoryRestHandlerMapping   : Mapped "{[/api/{repository}],methods=[GET],produces=[application/x-spring-data-compact+json || text/uri-list]}" onto public org.springframework.hateoas.Resources<?> org.springframework.data.rest.webmvc.RepositoryEntityController.getCollectionResourceCompact(org.springframework.data.rest.webmvc.RootResourceInformation,org.springframework.data.rest.webmvc.support.DefaultedPageable,org.springframework.data.domain.Sort,org.springframework.data.rest.webmvc.PersistentEntityResourceAssembler) throws org.springframework.data.rest.webmvc.ResourceNotFoundException,org.springframework.web.HttpRequestMethodNotSupportedException
2017-04-16 05:42:12.845  INFO 8432 --- [    Test worker] o.s.d.r.w.RepositoryRestHandlerMapping   : Mapped "{[/api/{repository}],methods=[POST],produces=[application/hal+json || application/json || application/*+json;charset=UTF-8]}" onto public org.springframework.http.ResponseEntity<org.springframework.hateoas.ResourceSupport> org.springframework.data.rest.webmvc.RepositoryEntityController.postCollectionResource(org.springframework.data.rest.webmvc.RootResourceInformation,org.springframework.data.rest.webmvc.PersistentEntityResource,org.springframework.data.rest.webmvc.PersistentEntityResourceAssembler,java.lang.String) throws org.springframework.web.HttpRequestMethodNotSupportedException
2017-04-16 05:42:12.845  INFO 8432 --- [    Test worker] o.s.d.r.w.RepositoryRestHandlerMapping   : Mapped "{[/api/{repository}],methods=[GET],produces=[application/hal+json || application/json || application/*+json;charset=UTF-8]}" onto public org.springframework.hateoas.Resources<?> org.springframework.data.rest.webmvc.RepositoryEntityController.getCollectionResource(org.springframework.data.rest.webmvc.RootResourceInformation,org.springframework.data.rest.webmvc.support.DefaultedPageable,org.springframework.data.domain.Sort,org.springframework.data.rest.webmvc.PersistentEntityResourceAssembler) throws org.springframework.data.rest.webmvc.ResourceNotFoundException,org.springframework.web.HttpRequestMethodNotSupportedException
2017-04-16 05:42:12.845  INFO 8432 --- [    Test worker] o.s.d.r.w.RepositoryRestHandlerMapping   : Mapped "{[/api/{repository}/{id}],methods=[OPTIONS],produces=[application/hal+json || application/json || application/*+json;charset=UTF-8]}" onto public org.springframework.http.ResponseEntity<?> org.springframework.data.rest.webmvc.RepositoryEntityController.optionsForItemResource(org.springframework.data.rest.webmvc.RootResourceInformation)
2017-04-16 05:42:12.845  INFO 8432 --- [    Test worker] o.s.d.r.w.RepositoryRestHandlerMapping   : Mapped "{[/api/{repository}],methods=[OPTIONS],produces=[application/hal+json || application/json || application/*+json;charset=UTF-8]}" onto public org.springframework.http.ResponseEntity<?> org.springframework.data.rest.webmvc.RepositoryEntityController.optionsForCollectionResource(org.springframework.data.rest.webmvc.RootResourceInformation)
2017-04-16 05:42:12.845  INFO 8432 --- [    Test worker] o.s.d.r.w.RepositoryRestHandlerMapping   : Mapped "{[/api/{repository}],methods=[HEAD],produces=[application/hal+json || application/json || application/*+json;charset=UTF-8]}" onto public org.springframework.http.ResponseEntity<?> org.springframework.data.rest.webmvc.RepositoryEntityController.headCollectionResource(org.springframework.data.rest.webmvc.RootResourceInformation,org.springframework.data.rest.webmvc.support.DefaultedPageable) throws org.springframework.web.HttpRequestMethodNotSupportedException
2017-04-16 05:42:12.845  INFO 8432 --- [    Test worker] o.s.d.r.w.RepositoryRestHandlerMapping   : Mapped "{[/api/{repository}/{id}],methods=[HEAD],produces=[application/hal+json || application/json || application/*+json;charset=UTF-8]}" onto public org.springframework.http.ResponseEntity<?> org.springframework.data.rest.webmvc.RepositoryEntityController.headForItemResource(org.springframework.data.rest.webmvc.RootResourceInformation,java.io.Serializable,org.springframework.data.rest.webmvc.PersistentEntityResourceAssembler) throws org.springframework.web.HttpRequestMethodNotSupportedException
2017-04-16 05:42:12.845  INFO 8432 --- [    Test worker] o.s.d.r.w.RepositoryRestHandlerMapping   : Mapped "{[/api/{repository}/{id}/{property}/{propertyId}],methods=[DELETE],produces=[application/hal+json || application/json || application/*+json;charset=UTF-8]}" onto public org.springframework.http.ResponseEntity<org.springframework.hateoas.ResourceSupport> org.springframework.data.rest.webmvc.RepositoryPropertyReferenceController.deletePropertyReferenceId(org.springframework.data.rest.webmvc.RootResourceInformation,java.io.Serializable,java.lang.String,java.lang.String) throws java.lang.Exception
2017-04-16 05:42:12.845  INFO 8432 --- [    Test worker] o.s.d.r.w.RepositoryRestHandlerMapping   : Mapped "{[/api/{repository}/{id}/{property}/{propertyId}],methods=[GET],produces=[application/hal+json || application/json || application/*+json;charset=UTF-8]}" onto public org.springframework.http.ResponseEntity<org.springframework.hateoas.ResourceSupport> org.springframework.data.rest.webmvc.RepositoryPropertyReferenceController.followPropertyReference(org.springframework.data.rest.webmvc.RootResourceInformation,java.io.Serializable,java.lang.String,java.lang.String,org.springframework.data.rest.webmvc.PersistentEntityResourceAssembler) throws java.lang.Exception
2017-04-16 05:42:12.845  INFO 8432 --- [    Test worker] o.s.d.r.w.RepositoryRestHandlerMapping   : Mapped "{[/api/{repository}/{id}/{property}],methods=[GET],produces=[application/hal+json || application/json || application/*+json;charset=UTF-8]}" onto public org.springframework.http.ResponseEntity<org.springframework.hateoas.ResourceSupport> org.springframework.data.rest.webmvc.RepositoryPropertyReferenceController.followPropertyReference(org.springframework.data.rest.webmvc.RootResourceInformation,java.io.Serializable,java.lang.String,org.springframework.data.rest.webmvc.PersistentEntityResourceAssembler) throws java.lang.Exception
2017-04-16 05:42:12.845  INFO 8432 --- [    Test worker] o.s.d.r.w.RepositoryRestHandlerMapping   : Mapped "{[/api/{repository}/{id}/{property}],methods=[PATCH || PUT || POST],consumes=[application/json || application/x-spring-data-compact+json || text/uri-list],produces=[application/hal+json || application/json || application/*+json;charset=UTF-8]}" onto public org.springframework.http.ResponseEntity<? extends org.springframework.hateoas.ResourceSupport> org.springframework.data.rest.webmvc.RepositoryPropertyReferenceController.createPropertyReference(org.springframework.data.rest.webmvc.RootResourceInformation,org.springframework.http.HttpMethod,org.springframework.hateoas.Resources<java.lang.Object>,java.io.Serializable,java.lang.String) throws java.lang.Exception
2017-04-16 05:42:12.845  INFO 8432 --- [    Test worker] o.s.d.r.w.RepositoryRestHandlerMapping   : Mapped "{[/api/{repository}/{id}/{property}],methods=[GET],produces=[application/x-spring-data-compact+json || text/uri-list]}" onto public org.springframework.http.ResponseEntity<org.springframework.hateoas.ResourceSupport> org.springframework.data.rest.webmvc.RepositoryPropertyReferenceController.followPropertyReferenceCompact(org.springframework.data.rest.webmvc.RootResourceInformation,java.io.Serializable,java.lang.String,org.springframework.data.rest.webmvc.PersistentEntityResourceAssembler) throws java.lang.Exception
2017-04-16 05:42:12.845  INFO 8432 --- [    Test worker] o.s.d.r.w.RepositoryRestHandlerMapping   : Mapped "{[/api/{repository}/{id}/{property}],methods=[DELETE],produces=[application/hal+json || application/json || application/*+json;charset=UTF-8]}" onto public org.springframework.http.ResponseEntity<? extends org.springframework.hateoas.ResourceSupport> org.springframework.data.rest.webmvc.RepositoryPropertyReferenceController.deletePropertyReference(org.springframework.data.rest.webmvc.RootResourceInformation,java.io.Serializable,java.lang.String) throws java.lang.Exception
2017-04-16 05:42:12.846  INFO 8432 --- [    Test worker] o.s.d.r.w.RepositoryRestHandlerMapping   : Mapped "{[/api/{repository}/search],methods=[OPTIONS],produces=[application/hal+json || application/json || application/*+json;charset=UTF-8]}" onto public org.springframework.http.HttpEntity<?> org.springframework.data.rest.webmvc.RepositorySearchController.optionsForSearches(org.springframework.data.rest.webmvc.RootResourceInformation)
2017-04-16 05:42:12.846  INFO 8432 --- [    Test worker] o.s.d.r.w.RepositoryRestHandlerMapping   : Mapped "{[/api/{repository}/search/{search}],methods=[GET],produces=[application/x-spring-data-compact+json]}" onto public org.springframework.hateoas.ResourceSupport org.springframework.data.rest.webmvc.RepositorySearchController.executeSearchCompact(org.springframework.data.rest.webmvc.RootResourceInformation,org.springframework.util.MultiValueMap<java.lang.String, java.lang.Object>,java.lang.String,java.lang.String,org.springframework.data.rest.webmvc.support.DefaultedPageable,org.springframework.data.domain.Sort,org.springframework.data.rest.webmvc.PersistentEntityResourceAssembler)
2017-04-16 05:42:12.846  INFO 8432 --- [    Test worker] o.s.d.r.w.RepositoryRestHandlerMapping   : Mapped "{[/api/{repository}/search],methods=[GET],produces=[application/hal+json || application/json || application/*+json;charset=UTF-8]}" onto public org.springframework.data.rest.webmvc.RepositorySearchesResource org.springframework.data.rest.webmvc.RepositorySearchController.listSearches(org.springframework.data.rest.webmvc.RootResourceInformation)
2017-04-16 05:42:12.846  INFO 8432 --- [    Test worker] o.s.d.r.w.RepositoryRestHandlerMapping   : Mapped "{[/api/{repository}/search/{search}],methods=[HEAD],produces=[application/hal+json || application/json || application/*+json;charset=UTF-8]}" onto public org.springframework.http.ResponseEntity<java.lang.Object> org.springframework.data.rest.webmvc.RepositorySearchController.headForSearch(org.springframework.data.rest.webmvc.RootResourceInformation,java.lang.String)
2017-04-16 05:42:12.846  INFO 8432 --- [    Test worker] o.s.d.r.w.RepositoryRestHandlerMapping   : Mapped "{[/api/{repository}/search/{search}],methods=[GET],produces=[application/hal+json || application/json || application/*+json;charset=UTF-8]}" onto public org.springframework.http.ResponseEntity<java.lang.Object> org.springframework.data.rest.webmvc.RepositorySearchController.executeSearch(org.springframework.data.rest.webmvc.RootResourceInformation,org.springframework.util.MultiValueMap<java.lang.String, java.lang.Object>,java.lang.String,org.springframework.data.rest.webmvc.support.DefaultedPageable,org.springframework.data.domain.Sort,org.springframework.data.rest.webmvc.PersistentEntityResourceAssembler)
2017-04-16 05:42:12.846  INFO 8432 --- [    Test worker] o.s.d.r.w.RepositoryRestHandlerMapping   : Mapped "{[/api/{repository}/search/{search}],methods=[OPTIONS],produces=[application/hal+json || application/json || application/*+json;charset=UTF-8]}" onto public org.springframework.http.ResponseEntity<java.lang.Object> org.springframework.data.rest.webmvc.RepositorySearchController.optionsForSearch(org.springframework.data.rest.webmvc.RootResourceInformation,java.lang.String)
2017-04-16 05:42:12.846  INFO 8432 --- [    Test worker] o.s.d.r.w.RepositoryRestHandlerMapping   : Mapped "{[/api/{repository}/search],methods=[HEAD],produces=[application/hal+json || application/json || application/*+json;charset=UTF-8]}" onto public org.springframework.http.HttpEntity<?> org.springframework.data.rest.webmvc.RepositorySearchController.headForSearches(org.springframework.data.rest.webmvc.RootResourceInformation)
2017-04-16 05:42:12.848  INFO 8432 --- [    Test worker] o.s.d.r.w.BasePathAwareHandlerMapping    : Mapped "{[/api/profile/{repository}],methods=[GET],produces=[application/alps+json || */*]}" onto org.springframework.http.HttpEntity<org.springframework.data.rest.webmvc.RootResourceInformation> org.springframework.data.rest.webmvc.alps.AlpsController.descriptor(org.springframework.data.rest.webmvc.RootResourceInformation)
2017-04-16 05:42:12.848  INFO 8432 --- [    Test worker] o.s.d.r.w.BasePathAwareHandlerMapping    : Mapped "{[/api/profile/{repository}],methods=[OPTIONS],produces=[application/alps+json]}" onto org.springframework.http.HttpEntity<?> org.springframework.data.rest.webmvc.alps.AlpsController.alpsOptions()
2017-04-16 05:42:12.848  INFO 8432 --- [    Test worker] o.s.d.r.w.BasePathAwareHandlerMapping    : Mapped "{[/api/profile],methods=[OPTIONS]}" onto public org.springframework.http.HttpEntity<?> org.springframework.data.rest.webmvc.ProfileController.profileOptions()
2017-04-16 05:42:12.848  INFO 8432 --- [    Test worker] o.s.d.r.w.BasePathAwareHandlerMapping    : Mapped "{[/api/profile],methods=[GET]}" onto org.springframework.http.HttpEntity<org.springframework.hateoas.ResourceSupport> org.springframework.data.rest.webmvc.ProfileController.listAllFormsOfMetadata()
2017-04-16 05:42:12.848  INFO 8432 --- [    Test worker] o.s.d.r.w.BasePathAwareHandlerMapping    : Mapped "{[/api/profile/{repository}],methods=[GET],produces=[application/schema+json]}" onto public org.springframework.http.HttpEntity<org.springframework.data.rest.webmvc.json.JsonSchema> org.springframework.data.rest.webmvc.RepositorySchemaController.schema(org.springframework.data.rest.webmvc.RootResourceInformation)
2017-04-16 05:42:12.856  INFO 8432 --- [    Test worker] .m.m.a.ExceptionHandlerExceptionResolver : Detected @ExceptionHandler methods in repositoryRestExceptionHandler
2017-04-16 05:42:12.856  INFO 8432 --- [    Test worker] .m.m.a.ExceptionHandlerExceptionResolver : Detected ResponseBodyAdvice implementation in org.springframework.boot.actuate.autoconfigure.EndpointWebMvcHypermediaManagementContextConfiguration$ActuatorEndpointLinksAdvice
2017-04-16 05:42:12.887  INFO 8432 --- [    Test worker] o.s.b.a.e.mvc.EndpointHandlerMapping     : Mapped "{[/trace || /trace.json],methods=[GET],produces=[application/json]}" onto public java.lang.Object org.springframework.boot.actuate.endpoint.mvc.EndpointMvcAdapter.invoke()
2017-04-16 05:42:12.887  INFO 8432 --- [    Test worker] o.s.b.a.e.mvc.EndpointHandlerMapping     : Mapped "{[/mappings || /mappings.json],methods=[GET],produces=[application/json]}" onto public java.lang.Object org.springframework.boot.actuate.endpoint.mvc.EndpointMvcAdapter.invoke()
2017-04-16 05:42:12.887  INFO 8432 --- [    Test worker] o.s.b.a.e.mvc.EndpointHandlerMapping     : Mapped "{[/metrics/{name:.*}],methods=[GET],produces=[application/json]}" onto public java.lang.Object org.springframework.boot.actuate.endpoint.mvc.MetricsMvcEndpoint.value(java.lang.String)
2017-04-16 05:42:12.887  INFO 8432 --- [    Test worker] o.s.b.a.e.mvc.EndpointHandlerMapping     : Mapped "{[/metrics || /metrics.json],methods=[GET],produces=[application/json]}" onto public java.lang.Object org.springframework.boot.actuate.endpoint.mvc.EndpointMvcAdapter.invoke()
2017-04-16 05:42:12.887  INFO 8432 --- [    Test worker] o.s.b.a.e.mvc.EndpointHandlerMapping     : Mapped "{[/configprops || /configprops.json],methods=[GET],produces=[application/json]}" onto public java.lang.Object org.springframework.boot.actuate.endpoint.mvc.EndpointMvcAdapter.invoke()
2017-04-16 05:42:12.888  INFO 8432 --- [    Test worker] o.s.b.a.e.mvc.EndpointHandlerMapping     : Mapped "{[/info || /info.json],methods=[GET],produces=[application/json]}" onto public java.lang.Object org.springframework.boot.actuate.endpoint.mvc.EndpointMvcAdapter.invoke()
2017-04-16 05:42:12.888  INFO 8432 --- [    Test worker] o.s.b.a.e.mvc.EndpointHandlerMapping     : Mapped "{[/heapdump || /heapdump.json],methods=[GET],produces=[application/octet-stream]}" onto public void org.springframework.boot.actuate.endpoint.mvc.HeapdumpMvcEndpoint.invoke(boolean,javax.servlet.http.HttpServletRequest,javax.servlet.http.HttpServletResponse) throws java.io.IOException,javax.servlet.ServletException
2017-04-16 05:42:12.888  INFO 8432 --- [    Test worker] o.s.b.a.e.mvc.EndpointHandlerMapping     : Mapped "{[/health || /health.json],produces=[application/json]}" onto public java.lang.Object org.springframework.boot.actuate.endpoint.mvc.HealthMvcEndpoint.invoke(java.security.Principal)
2017-04-16 05:42:12.888  INFO 8432 --- [    Test worker] o.s.b.a.e.mvc.EndpointHandlerMapping     : Mapped "{[/beans || /beans.json],methods=[GET],produces=[application/json]}" onto public java.lang.Object org.springframework.boot.actuate.endpoint.mvc.EndpointMvcAdapter.invoke()
2017-04-16 05:42:12.888  INFO 8432 --- [    Test worker] o.s.b.a.e.mvc.EndpointHandlerMapping     : Mapped "{[/dump || /dump.json],methods=[GET],produces=[application/json]}" onto public java.lang.Object org.springframework.boot.actuate.endpoint.mvc.EndpointMvcAdapter.invoke()
2017-04-16 05:42:12.888  INFO 8432 --- [    Test worker] o.s.b.a.e.mvc.EndpointHandlerMapping     : Mapped "{[/actuator || /actuator.json],produces=[application/json]}" onto public org.springframework.hateoas.ResourceSupport org.springframework.boot.actuate.endpoint.mvc.HalJsonMvcEndpoint.links()
2017-04-16 05:42:12.889  INFO 8432 --- [    Test worker] o.s.b.a.e.mvc.EndpointHandlerMapping     : Mapped "{[/autoconfig || /autoconfig.json],methods=[GET],produces=[application/json]}" onto public java.lang.Object org.springframework.boot.actuate.endpoint.mvc.EndpointMvcAdapter.invoke()
2017-04-16 05:42:12.889  INFO 8432 --- [    Test worker] o.s.b.a.e.mvc.EndpointHandlerMapping     : Mapped "{[/env/{name:.*}],methods=[GET],produces=[application/json]}" onto public java.lang.Object org.springframework.boot.actuate.endpoint.mvc.EnvironmentMvcEndpoint.value(java.lang.String)
2017-04-16 05:42:12.889  INFO 8432 --- [    Test worker] o.s.b.a.e.mvc.EndpointHandlerMapping     : Mapped "{[/env || /env.json],methods=[GET],produces=[application/json]}" onto public java.lang.Object org.springframework.boot.actuate.endpoint.mvc.EndpointMvcAdapter.invoke()
2017-04-16 05:42:13.035  INFO 8432 --- [    Test worker] h.storage.FileSystemStorageServiceTest   : Started FileSystemStorageServiceTest in 9.405 seconds (JVM running for 543.752)
2017-04-16 05:42:13.040  INFO 8432 --- [    Test worker] o.s.w.c.s.GenericWebApplicationContext   : Closing org.springframework.web.context.support.GenericWebApplicationContext@e157134: startup date [Sun Apr 16 05:42:03 CDT 2017]; root of context hierarchy
2017-04-16 05:42:13.041  INFO 8432 --- [    Test worker] j.LocalContainerEntityManagerFactoryBean : Closing JPA EntityManagerFactory for persistence unit 'default'

  .   ____          _            __ _ _
 /\\ / ___'_ __ _ _(_)_ __  __ _ \ \ \ \
( ( )\___ | '_ | '_| | '_ \/ _` | \ \ \ \
 \\/  ___)| |_)| | | | | || (_| |  ) ) ) )
  '  |____| .__|_| |_|_| |_\__, | / / / /
 =========|_|==============|___/=/_/_/_/
 :: Spring Boot ::        (v1.4.4.RELEASE)

2017-04-16 05:42:13.072  INFO 8432 --- [    Test worker] h.storage.FileSystemStorageServiceTest   : Starting FileSystemStorageServiceTest on Puget-99033 with PID 8432 (started by Hector in D:\SHRPAS_Project)
2017-04-16 05:42:13.072  INFO 8432 --- [    Test worker] h.storage.FileSystemStorageServiceTest   : The following profiles are active: production
2017-04-16 05:42:13.073  INFO 8432 --- [    Test worker] o.s.w.c.s.GenericWebApplicationContext   : Refreshing org.springframework.web.context.support.GenericWebApplicationContext@56c65596: startup date [Sun Apr 16 05:42:13 CDT 2017]; root of context hierarchy
2017-04-16 05:42:13.572  INFO 8432 --- [    Test worker] o.s.b.f.s.DefaultListableBeanFactory     : Overriding bean definition for bean 'managementServletContext' with a different definition: replacing [Root bean: class [null]; scope=; abstract=false; lazyInit=false; autowireMode=3; dependencyCheck=0; autowireCandidate=true; primary=false; factoryBeanName=org.springframework.boot.actuate.autoconfigure.EndpointWebMvcHypermediaManagementContextConfiguration; factoryMethodName=managementServletContext; initMethodName=null; destroyMethodName=(inferred); defined in class path resource [org/springframework/boot/actuate/autoconfigure/EndpointWebMvcHypermediaManagementContextConfiguration.class]] with [Root bean: class [null]; scope=; abstract=false; lazyInit=false; autowireMode=3; dependencyCheck=0; autowireCandidate=true; primary=false; factoryBeanName=org.springframework.boot.actuate.autoconfigure.EndpointWebMvcAutoConfiguration; factoryMethodName=managementServletContext; initMethodName=null; destroyMethodName=(inferred); defined in class path resource [org/springframework/boot/actuate/autoconfigure/EndpointWebMvcAutoConfiguration.class]]
2017-04-16 05:42:13.717  INFO 8432 --- [    Test worker] trationDelegate$BeanPostProcessorChecker : Bean 'org.springframework.transaction.annotation.ProxyTransactionManagementConfiguration' of type [class org.springframework.transaction.annotation.ProxyTransactionManagementConfiguration$$EnhancerBySpringCGLIB$$84143e54] is not eligible for getting processed by all BeanPostProcessors (for example: not eligible for auto-proxying)
2017-04-16 05:42:13.823  INFO 8432 --- [    Test worker] j.LocalContainerEntityManagerFactoryBean : Building JPA container EntityManagerFactory for persistence unit 'default'
2017-04-16 05:42:13.823  INFO 8432 --- [    Test worker] org.hibernate.ejb.Ejb3Configuration      : HHH000204: Processing PersistenceUnitInfo [
	name: default
	...]
2017-04-16 05:42:13.830  INFO 8432 --- [    Test worker] o.h.s.j.c.i.ConnectionProviderInitiator  : HHH000130: Instantiating explicit connection provider: org.hibernate.ejb.connection.InjectedDataSourceConnectionProvider
2017-04-16 05:42:16.181  INFO 8432 --- [    Test worker] org.hibernate.dialect.Dialect            : HHH000400: Using dialect: org.hibernate.dialect.MySQLDialect
2017-04-16 05:42:16.182  INFO 8432 --- [    Test worker] o.h.e.t.i.TransactionFactoryInitiator    : HHH000268: Transaction strategy: org.hibernate.engine.transaction.internal.jdbc.JdbcTransactionFactory
2017-04-16 05:42:16.182  INFO 8432 --- [    Test worker] o.h.h.i.ast.ASTQueryTranslatorFactory    : HHH000397: Using ASTQueryTranslatorFactory
2017-04-16 05:42:16.206  INFO 8432 --- [    Test worker] org.hibernate.tool.hbm2ddl.SchemaExport  : HHH000227: Running hbm2ddl schema export
2017-04-16 05:42:28.659  INFO 8432 --- [    Test worker] org.hibernate.tool.hbm2ddl.SchemaExport  : HHH000230: Schema export complete
2017-04-16 05:42:28.664  WARN 8432 --- [    Test worker] o.h.e.i.EntityManagerFactoryRegistry     : HHH000436: Entity manager factory name (default) is already registered.  If entity manager will be clustered or passivated, specify a unique value for property 'hibernate.ejb.entitymanager_factory_name'
2017-04-16 05:42:28.664  INFO 8432 --- [    Test worker] j.LocalContainerEntityManagerFactoryBean : Initialized JPA EntityManagerFactory for persistence unit 'default'
2017-04-16 05:42:28.796  INFO 8432 --- [    Test worker] o.s.b.f.config.PropertiesFactoryBean     : Loading properties file from class path resource [rest-default-messages.properties]
2017-04-16 05:42:30.486  INFO 8432 --- [    Test worker] s.w.s.m.m.a.RequestMappingHandlerAdapter : Looking for @ControllerAdvice: org.springframework.web.context.support.GenericWebApplicationContext@56c65596: startup date [Sun Apr 16 05:42:13 CDT 2017]; root of context hierarchy
2017-04-16 05:42:30.489  INFO 8432 --- [    Test worker] s.w.s.m.m.a.RequestMappingHandlerAdapter : Detected ResponseBodyAdvice bean in org.springframework.boot.actuate.autoconfigure.EndpointWebMvcHypermediaManagementContextConfiguration$ActuatorEndpointLinksAdvice
2017-04-16 05:42:30.499  INFO 8432 --- [    Test worker] s.w.s.m.m.a.RequestMappingHandlerMapping : Mapped "{[/api/login],methods=[POST],consumes=[application/json]}" onto public hello.models.LoginResults hello.controllers.AdministratorController.login(java.lang.String,hello.models.LoginRequest,org.springframework.validation.BindingResult,javax.servlet.http.HttpServletResponse)
2017-04-16 05:42:30.499  INFO 8432 --- [    Test worker] s.w.s.m.m.a.RequestMappingHandlerMapping : Mapped "{[/rest/assessments/{id}/users],methods=[POST]}" onto public org.springframework.http.ResponseEntity<hello.models.Assessment> hello.controllers.AssessmentController.addUser(int,hello.models.User) throws java.lang.Exception
2017-04-16 05:42:30.499  INFO 8432 --- [    Test worker] s.w.s.m.m.a.RequestMappingHandlerMapping : Mapped "{[/rest/send-email-test],methods=[GET]}" onto public org.springframework.http.ResponseEntity<java.lang.String> hello.controllers.AssessmentController.sendEmailTest() throws java.lang.Exception
2017-04-16 05:42:30.499  INFO 8432 --- [    Test worker] s.w.s.m.m.a.RequestMappingHandlerMapping : Mapped "{[/rest/assessments/{id}/delete],methods=[DELETE]}" onto public org.springframework.http.ResponseEntity<java.lang.Boolean> hello.controllers.AssessmentController.deleteAssessment(int)
2017-04-16 05:42:30.499  INFO 8432 --- [    Test worker] s.w.s.m.m.a.RequestMappingHandlerMapping : Mapped "{[/rest/assessments],methods=[POST]}" onto public org.springframework.http.ResponseEntity<hello.models.Assessment> hello.controllers.AssessmentController.addAssessment(javax.servlet.http.HttpSession,hello.models.Assessment) throws java.lang.Exception
2017-04-16 05:42:30.499  INFO 8432 --- [    Test worker] s.w.s.m.m.a.RequestMappingHandlerMapping : Mapped "{[/rest/assessments/{id}],methods=[PATCH]}" onto public org.springframework.http.ResponseEntity<hello.models.Assessment> hello.controllers.AssessmentController.updateAssessment(int,hello.models.Assessment) throws java.lang.Exception
2017-04-16 05:42:30.499  INFO 8432 --- [    Test worker] s.w.s.m.m.a.RequestMappingHandlerMapping : Mapped "{[/rest/assessments/{id}/],methods=[GET]}" onto public org.springframework.http.ResponseEntity<hello.models.Assessment> hello.controllers.AssessmentController.getAssessment(int)
2017-04-16 05:42:30.499  INFO 8432 --- [    Test worker] s.w.s.m.m.a.RequestMappingHandlerMapping : Mapped "{[/rest/assessments/{id}/question],methods=[POST]}" onto public org.springframework.http.ResponseEntity<hello.models.Assessment> hello.controllers.AssessmentController.addQuestion(int,hello.models.Question) throws java.lang.Exception
2017-04-16 05:42:30.499  INFO 8432 --- [    Test worker] s.w.s.m.m.a.RequestMappingHandlerMapping : Mapped "{[/rest/assessments],methods=[GET]}" onto public java.util.ArrayList<hello.models.Assessment> hello.controllers.AssessmentController.getAllAssessments(javax.servlet.http.HttpSession) throws java.lang.Exception
2017-04-16 05:42:30.499  INFO 8432 --- [    Test worker] s.w.s.m.m.a.RequestMappingHandlerMapping : Mapped "{[/rest/assessments/{id}/question/{questionId}],methods=[POST]}" onto public org.springframework.http.ResponseEntity<hello.models.Assessment> hello.controllers.AssessmentController.addExistingQuestion(int,int)
2017-04-16 05:42:30.499  INFO 8432 --- [    Test worker] s.w.s.m.m.a.RequestMappingHandlerMapping : Mapped "{[/rest/session/login],methods=[POST]}" onto public org.springframework.http.ResponseEntity<hello.models.LoginResponse> hello.controllers.AuthenticationController.login(hello.models.LoginRequest,javax.servlet.http.HttpSession)
2017-04-16 05:42:30.499  INFO 8432 --- [    Test worker] s.w.s.m.m.a.RequestMappingHandlerMapping : Mapped "{[/rest/session],methods=[GET]}" onto public hello.models.User hello.controllers.AuthenticationController.session(javax.servlet.http.HttpSession)
2017-04-16 05:42:30.499  INFO 8432 --- [    Test worker] s.w.s.m.m.a.RequestMappingHandlerMapping : Mapped "{[/rest/session],methods=[DELETE]}" onto public void hello.controllers.AuthenticationController.logout(javax.servlet.http.HttpSession)
2017-04-16 05:42:30.499  INFO 8432 --- [    Test worker] s.w.s.m.m.a.RequestMappingHandlerMapping : Mapped "{[/rest/session/logout],methods=[POST]}" onto public org.springframework.http.ResponseEntity<hello.models.LogoutResponse> hello.controllers.AuthenticationController.logout() throws java.lang.Exception
2017-04-16 05:42:30.499  INFO 8432 --- [    Test worker] s.w.s.m.m.a.RequestMappingHandlerMapping : Mapped "{[/rest/session/is-logged-in],methods=[GET]}" onto public org.springframework.http.ResponseEntity<hello.models.LoginResponse> hello.controllers.AuthenticationController.isLoggedIn(javax.servlet.http.HttpSession)
2017-04-16 05:42:30.500  INFO 8432 --- [    Test worker] s.w.s.m.m.a.RequestMappingHandlerMapping : Mapped "{[/files/upload]}" onto public hello.models.JSONResponse hello.controllers.FileUploadController.uploadFile(org.springframework.web.multipart.MultipartFile)
2017-04-16 05:42:30.500  INFO 8432 --- [    Test worker] s.w.s.m.m.a.RequestMappingHandlerMapping : Mapped "{[/files/{filename:.+}],methods=[GET]}" onto public org.springframework.http.ResponseEntity<org.springframework.core.io.Resource> hello.controllers.FileUploadController.serveFile(java.lang.String)
2017-04-16 05:42:30.500  INFO 8432 --- [    Test worker] s.w.s.m.m.a.RequestMappingHandlerMapping : Mapped "{[/app/**]}" onto public org.springframework.web.servlet.ModelAndView hello.controllers.HomeController.index(javax.servlet.http.HttpSession,javax.servlet.http.HttpServletResponse)
2017-04-16 05:42:30.500  INFO 8432 --- [    Test worker] s.w.s.m.m.a.RequestMappingHandlerMapping : Mapped "{[]}" onto public java.lang.String hello.controllers.HomeController.home()
2017-04-16 05:42:30.500  INFO 8432 --- [    Test worker] s.w.s.m.m.a.RequestMappingHandlerMapping : Mapped "{[/rest/participants],methods=[GET]}" onto public java.util.ArrayList<hello.models.Participant> hello.controllers.ParticipantController.getParticipants()
2017-04-16 05:42:30.500  INFO 8432 --- [    Test worker] s.w.s.m.m.a.RequestMappingHandlerMapping : Mapped "{[/rest/participants],methods=[POST]}" onto public org.springframework.http.ResponseEntity<java.util.List<hello.models.Participant>> hello.controllers.ParticipantController.addParticipant(java.util.List<hello.models.Participant>)
2017-04-16 05:42:30.500  INFO 8432 --- [    Test worker] s.w.s.m.m.a.RequestMappingHandlerMapping : Mapped "{[/rest/participant],methods=[POST]}" onto public org.springframework.http.ResponseEntity<hello.models.Participant> hello.controllers.ParticipantController.addParticipant(hello.models.Participant)
2017-04-16 05:42:30.500  INFO 8432 --- [    Test worker] s.w.s.m.m.a.RequestMappingHandlerMapping : Mapped "{[/rest/participants/{id}],methods=[GET]}" onto public org.springframework.http.ResponseEntity<hello.models.Participant> hello.controllers.ParticipantController.getParticipant(int)
2017-04-16 05:42:30.500  INFO 8432 --- [    Test worker] s.w.s.m.m.a.RequestMappingHandlerMapping : Mapped "{[/rest/participants/{id}],methods=[DELETE]}" onto public org.springframework.http.ResponseEntity<java.lang.Boolean> hello.controllers.ParticipantController.deleteParticipant(int) throws java.lang.Exception
2017-04-16 05:42:30.500  INFO 8432 --- [    Test worker] s.w.s.m.m.a.RequestMappingHandlerMapping : Mapped "{[/rest/participants/{id}],methods=[PUT]}" onto public org.springframework.http.ResponseEntity<hello.models.Participant> hello.controllers.ParticipantController.updateParticipant(int,hello.models.Participant) throws java.lang.Exception
2017-04-16 05:42:30.500  INFO 8432 --- [    Test worker] s.w.s.m.m.a.RequestMappingHandlerMapping : Mapped "{[/rest/questions],methods=[POST]}" onto public org.springframework.http.ResponseEntity<hello.models.Question> hello.controllers.QuestionController.addQuestion(hello.models.Question)
2017-04-16 05:42:30.500  INFO 8432 --- [    Test worker] s.w.s.m.m.a.RequestMappingHandlerMapping : Mapped "{[/rest/questions/{id}/],methods=[GET]}" onto public org.springframework.http.ResponseEntity<hello.models.Question> hello.controllers.QuestionController.getAQuestion(int)
2017-04-16 05:42:30.500  INFO 8432 --- [    Test worker] s.w.s.m.m.a.RequestMappingHandlerMapping : Mapped "{[/rest/questions/{id}],methods=[PATCH]}" onto public org.springframework.http.ResponseEntity<hello.models.Question> hello.controllers.QuestionController.updateQuestion(int,hello.models.Question) throws java.lang.Exception
2017-04-16 05:42:30.500  INFO 8432 --- [    Test worker] s.w.s.m.m.a.RequestMappingHandlerMapping : Mapped "{[/rest/questions],methods=[GET]}" onto public java.util.ArrayList<hello.models.Question> hello.controllers.QuestionController.getQuestions()
2017-04-16 05:42:30.500  INFO 8432 --- [    Test worker] s.w.s.m.m.a.RequestMappingHandlerMapping : Mapped "{[/rest/questions/{id}],methods=[DELETE]}" onto public org.springframework.http.ResponseEntity<java.lang.Boolean> hello.controllers.QuestionController.deleteQuestion(int)
2017-04-16 05:42:30.501  INFO 8432 --- [    Test worker] s.w.s.m.m.a.RequestMappingHandlerMapping : Mapped "{[/rest/targetGroups/{id}/assessment/{assessmentid}],methods=[POST]}" onto public org.springframework.http.ResponseEntity<hello.models.TargetGroup> hello.controllers.TargetGroupController.addExistingAssessmentToTargetGroup(int,int) throws java.lang.Exception
2017-04-16 05:42:30.501  INFO 8432 --- [    Test worker] s.w.s.m.m.a.RequestMappingHandlerMapping : Mapped "{[/rest/targetGroups/{id}/participants/{participantId}],methods=[POST]}" onto public org.springframework.http.ResponseEntity<hello.models.TargetGroup> hello.controllers.TargetGroupController.addExistingParticipantToTargetGroup(int,int) throws java.lang.Exception
2017-04-16 05:42:30.501  INFO 8432 --- [    Test worker] s.w.s.m.m.a.RequestMappingHandlerMapping : Mapped "{[/rest/targetGroups],methods=[POST]}" onto public org.springframework.http.ResponseEntity<hello.models.TargetGroup> hello.controllers.TargetGroupController.addTargetGroup(javax.servlet.http.HttpSession,hello.models.TargetGroup) throws java.lang.Exception
2017-04-16 05:42:30.501  INFO 8432 --- [    Test worker] s.w.s.m.m.a.RequestMappingHandlerMapping : Mapped "{[/rest/targetGroups/{id}],methods=[GET]}" onto public org.springframework.http.ResponseEntity<hello.models.TargetGroup> hello.controllers.TargetGroupController.getTargetGroup(int)
2017-04-16 05:42:30.501  INFO 8432 --- [    Test worker] s.w.s.m.m.a.RequestMappingHandlerMapping : Mapped "{[/rest/targetGroups],methods=[GET]}" onto public java.util.ArrayList<hello.models.TargetGroup> hello.controllers.TargetGroupController.getTargetGroups() throws java.lang.Exception
2017-04-16 05:42:30.501  INFO 8432 --- [    Test worker] s.w.s.m.m.a.RequestMappingHandlerMapping : Mapped "{[/rest/targetGroups/{id}],methods=[DELETE]}" onto public org.springframework.http.ResponseEntity<java.lang.Boolean> hello.controllers.TargetGroupController.deleteTargetGroup(int) throws java.lang.Exception
2017-04-16 05:42:30.501  INFO 8432 --- [    Test worker] s.w.s.m.m.a.RequestMappingHandlerMapping : Mapped "{[/rest/targetGroups/{id}/assessment],methods=[POST]}" onto public org.springframework.http.ResponseEntity<hello.models.TargetGroup> hello.controllers.TargetGroupController.addNewAssessmentToTargetGroup(int,hello.models.Assessment) throws java.lang.Exception
2017-04-16 05:42:30.501  INFO 8432 --- [    Test worker] s.w.s.m.m.a.RequestMappingHandlerMapping : Mapped "{[/rest/targetGroups/{id}/participants],methods=[GET]}" onto public java.util.ArrayList<hello.models.Participant> hello.controllers.TargetGroupController.getParticipantsInTargetGroup(int) throws java.lang.Exception
2017-04-16 05:42:30.501  INFO 8432 --- [    Test worker] s.w.s.m.m.a.RequestMappingHandlerMapping : Mapped "{[/rest/targetGroups/{id}/participants/{participantId}],methods=[PUT]}" onto public org.springframework.http.ResponseEntity<hello.models.TargetGroup> hello.controllers.TargetGroupController.removeParticipantFromTargetGroup(int,int) throws java.lang.Exception
2017-04-16 05:42:30.501  INFO 8432 --- [    Test worker] s.w.s.m.m.a.RequestMappingHandlerMapping : Mapped "{[/rest/targetGroups/{id}/participants],methods=[POST]}" onto public org.springframework.http.ResponseEntity<hello.models.TargetGroup> hello.controllers.TargetGroupController.addNewParticipantToTargetGroup(int,hello.models.Participant) throws java.lang.Exception
2017-04-16 05:42:30.501  INFO 8432 --- [    Test worker] s.w.s.m.m.a.RequestMappingHandlerMapping : Mapped "{[/rest/targetGroups/{id}/participantList],methods=[POST]}" onto public org.springframework.http.ResponseEntity<hello.models.TargetGroup> hello.controllers.TargetGroupController.addNewParticipantsToTargetGroup(int,java.util.List<hello.models.Participant>) throws java.lang.Exception
2017-04-16 05:42:30.501  INFO 8432 --- [    Test worker] s.w.s.m.m.a.RequestMappingHandlerMapping : Mapped "{[/rest/targetGroups/{id}],methods=[PUT]}" onto public org.springframework.http.ResponseEntity<hello.models.TargetGroup> hello.controllers.TargetGroupController.updateTargetGroup(int,hello.models.TargetGroup) throws java.lang.Exception
2017-04-16 05:42:30.501  INFO 8432 --- [    Test worker] s.w.s.m.m.a.RequestMappingHandlerMapping : Mapped "{[/rest/register],methods=[POST]}" onto public org.springframework.http.ResponseEntity<hello.models.User> hello.controllers.UserController.registerUser(hello.models.User) throws java.lang.Exception
2017-04-16 05:42:30.501  INFO 8432 --- [    Test worker] s.w.s.m.m.a.RequestMappingHandlerMapping : Mapped "{[/rest/currentUser],methods=[PATCH]}" onto public org.springframework.http.ResponseEntity<hello.models.User> hello.controllers.UserController.updateUser(hello.models.User) throws java.lang.Exception
2017-04-16 05:42:30.501  INFO 8432 --- [    Test worker] s.w.s.m.m.a.RequestMappingHandlerMapping : Mapped "{[/rest/currentUser],methods=[GET]}" onto public org.springframework.http.ResponseEntity<hello.models.User> hello.controllers.UserController.getCurrentUser() throws java.lang.Exception
2017-04-16 05:42:30.502  INFO 8432 --- [    Test worker] s.w.s.m.m.a.RequestMappingHandlerMapping : Mapped "{[/error]}" onto public org.springframework.http.ResponseEntity<java.util.Map<java.lang.String, java.lang.Object>> org.springframework.boot.autoconfigure.web.BasicErrorController.error(javax.servlet.http.HttpServletRequest)
2017-04-16 05:42:30.502  INFO 8432 --- [    Test worker] s.w.s.m.m.a.RequestMappingHandlerMapping : Mapped "{[/error],produces=[text/html]}" onto public org.springframework.web.servlet.ModelAndView org.springframework.boot.autoconfigure.web.BasicErrorController.errorHtml(javax.servlet.http.HttpServletRequest,javax.servlet.http.HttpServletResponse)
2017-04-16 05:42:30.519  INFO 8432 --- [    Test worker] o.s.w.s.handler.SimpleUrlHandlerMapping  : Mapped URL path [/webjars/**] onto handler of type [class org.springframework.web.servlet.resource.ResourceHttpRequestHandler]
2017-04-16 05:42:30.519  INFO 8432 --- [    Test worker] o.s.w.s.handler.SimpleUrlHandlerMapping  : Mapped URL path [/resources/**] onto handler of type [class org.springframework.web.servlet.resource.ResourceHttpRequestHandler]
2017-04-16 05:42:30.527  INFO 8432 --- [    Test worker] .m.m.a.ExceptionHandlerExceptionResolver : Detected @ExceptionHandler methods in repositoryRestExceptionHandler
2017-04-16 05:42:30.527  INFO 8432 --- [    Test worker] .m.m.a.ExceptionHandlerExceptionResolver : Detected ResponseBodyAdvice implementation in org.springframework.boot.actuate.autoconfigure.EndpointWebMvcHypermediaManagementContextConfiguration$ActuatorEndpointLinksAdvice
2017-04-16 05:42:30.538  INFO 8432 --- [    Test worker] o.s.w.s.handler.SimpleUrlHandlerMapping  : Mapped URL path [/**/favicon.ico] onto handler of type [class org.springframework.web.servlet.resource.ResourceHttpRequestHandler]
2017-04-16 05:42:30.571  INFO 8432 --- [    Test worker] oConfiguration$WelcomePageHandlerMapping : Adding welcome page: ServletContext resource [/index.html]
2017-04-16 05:42:30.728  INFO 8432 --- [    Test worker] o.s.d.r.w.RepositoryRestHandlerAdapter   : Looking for @ControllerAdvice: org.springframework.web.context.support.GenericWebApplicationContext@56c65596: startup date [Sun Apr 16 05:42:13 CDT 2017]; root of context hierarchy
2017-04-16 05:42:30.730  INFO 8432 --- [    Test worker] o.s.d.r.w.RepositoryRestHandlerAdapter   : Detected ResponseBodyAdvice bean in org.springframework.boot.actuate.autoconfigure.EndpointWebMvcHypermediaManagementContextConfiguration$ActuatorEndpointLinksAdvice
2017-04-16 05:42:30.732  INFO 8432 --- [    Test worker] o.s.d.r.w.RepositoryRestHandlerMapping   : Mapped "{[/api/ || /api],methods=[GET],produces=[application/hal+json || application/json || application/*+json;charset=UTF-8]}" onto public org.springframework.http.HttpEntity<org.springframework.data.rest.webmvc.RepositoryLinksResource> org.springframework.data.rest.webmvc.RepositoryController.listRepositories()
2017-04-16 05:42:30.732  INFO 8432 --- [    Test worker] o.s.d.r.w.RepositoryRestHandlerMapping   : Mapped "{[/api/ || /api],methods=[HEAD],produces=[application/hal+json || application/json || application/*+json;charset=UTF-8]}" onto public org.springframework.http.ResponseEntity<?> org.springframework.data.rest.webmvc.RepositoryController.headForRepositories()
2017-04-16 05:42:30.732  INFO 8432 --- [    Test worker] o.s.d.r.w.RepositoryRestHandlerMapping   : Mapped "{[/api/ || /api],methods=[OPTIONS],produces=[application/hal+json || application/json || application/*+json;charset=UTF-8]}" onto public org.springframework.http.HttpEntity<?> org.springframework.data.rest.webmvc.RepositoryController.optionsForRepositories()
2017-04-16 05:42:30.732  INFO 8432 --- [    Test worker] o.s.d.r.w.RepositoryRestHandlerMapping   : Mapped "{[/api/{repository}/{id}],methods=[PUT],produces=[application/hal+json || application/json || application/*+json;charset=UTF-8]}" onto public org.springframework.http.ResponseEntity<? extends org.springframework.hateoas.ResourceSupport> org.springframework.data.rest.webmvc.RepositoryEntityController.putItemResource(org.springframework.data.rest.webmvc.RootResourceInformation,org.springframework.data.rest.webmvc.PersistentEntityResource,java.io.Serializable,org.springframework.data.rest.webmvc.PersistentEntityResourceAssembler,org.springframework.data.rest.webmvc.support.ETag,java.lang.String) throws org.springframework.web.HttpRequestMethodNotSupportedException
2017-04-16 05:42:30.732  INFO 8432 --- [    Test worker] o.s.d.r.w.RepositoryRestHandlerMapping   : Mapped "{[/api/{repository}/{id}],methods=[GET],produces=[application/hal+json || application/json || application/*+json;charset=UTF-8]}" onto public org.springframework.http.ResponseEntity<org.springframework.hateoas.Resource<?>> org.springframework.data.rest.webmvc.RepositoryEntityController.getItemResource(org.springframework.data.rest.webmvc.RootResourceInformation,java.io.Serializable,org.springframework.data.rest.webmvc.PersistentEntityResourceAssembler,org.springframework.util.MultiValueMap<java.lang.String, java.lang.String>) throws org.springframework.web.HttpRequestMethodNotSupportedException
2017-04-16 05:42:30.732  INFO 8432 --- [    Test worker] o.s.d.r.w.RepositoryRestHandlerMapping   : Mapped "{[/api/{repository}/{id}],methods=[PATCH],produces=[application/hal+json || application/json || application/*+json;charset=UTF-8]}" onto public org.springframework.http.ResponseEntity<org.springframework.hateoas.ResourceSupport> org.springframework.data.rest.webmvc.RepositoryEntityController.patchItemResource(org.springframework.data.rest.webmvc.RootResourceInformation,org.springframework.data.rest.webmvc.PersistentEntityResource,java.io.Serializable,org.springframework.data.rest.webmvc.PersistentEntityResourceAssembler,org.springframework.data.rest.webmvc.support.ETag,java.lang.String) throws org.springframework.web.HttpRequestMethodNotSupportedException,org.springframework.data.rest.webmvc.ResourceNotFoundException
2017-04-16 05:42:30.732  INFO 8432 --- [    Test worker] o.s.d.r.w.RepositoryRestHandlerMapping   : Mapped "{[/api/{repository}/{id}],methods=[DELETE],produces=[application/hal+json || application/json || application/*+json;charset=UTF-8]}" onto public org.springframework.http.ResponseEntity<?> org.springframework.data.rest.webmvc.RepositoryEntityController.deleteItemResource(org.springframework.data.rest.webmvc.RootResourceInformation,java.io.Serializable,org.springframework.data.rest.webmvc.support.ETag) throws org.springframework.data.rest.webmvc.ResourceNotFoundException,org.springframework.web.HttpRequestMethodNotSupportedException
2017-04-16 05:42:30.733  INFO 8432 --- [    Test worker] o.s.d.r.w.RepositoryRestHandlerMapping   : Mapped "{[/api/{repository}],methods=[GET],produces=[application/x-spring-data-compact+json || text/uri-list]}" onto public org.springframework.hateoas.Resources<?> org.springframework.data.rest.webmvc.RepositoryEntityController.getCollectionResourceCompact(org.springframework.data.rest.webmvc.RootResourceInformation,org.springframework.data.rest.webmvc.support.DefaultedPageable,org.springframework.data.domain.Sort,org.springframework.data.rest.webmvc.PersistentEntityResourceAssembler) throws org.springframework.data.rest.webmvc.ResourceNotFoundException,org.springframework.web.HttpRequestMethodNotSupportedException
2017-04-16 05:42:30.733  INFO 8432 --- [    Test worker] o.s.d.r.w.RepositoryRestHandlerMapping   : Mapped "{[/api/{repository}],methods=[POST],produces=[application/hal+json || application/json || application/*+json;charset=UTF-8]}" onto public org.springframework.http.ResponseEntity<org.springframework.hateoas.ResourceSupport> org.springframework.data.rest.webmvc.RepositoryEntityController.postCollectionResource(org.springframework.data.rest.webmvc.RootResourceInformation,org.springframework.data.rest.webmvc.PersistentEntityResource,org.springframework.data.rest.webmvc.PersistentEntityResourceAssembler,java.lang.String) throws org.springframework.web.HttpRequestMethodNotSupportedException
2017-04-16 05:42:30.733  INFO 8432 --- [    Test worker] o.s.d.r.w.RepositoryRestHandlerMapping   : Mapped "{[/api/{repository}],methods=[GET],produces=[application/hal+json || application/json || application/*+json;charset=UTF-8]}" onto public org.springframework.hateoas.Resources<?> org.springframework.data.rest.webmvc.RepositoryEntityController.getCollectionResource(org.springframework.data.rest.webmvc.RootResourceInformation,org.springframework.data.rest.webmvc.support.DefaultedPageable,org.springframework.data.domain.Sort,org.springframework.data.rest.webmvc.PersistentEntityResourceAssembler) throws org.springframework.data.rest.webmvc.ResourceNotFoundException,org.springframework.web.HttpRequestMethodNotSupportedException
2017-04-16 05:42:30.733  INFO 8432 --- [    Test worker] o.s.d.r.w.RepositoryRestHandlerMapping   : Mapped "{[/api/{repository}/{id}],methods=[OPTIONS],produces=[application/hal+json || application/json || application/*+json;charset=UTF-8]}" onto public org.springframework.http.ResponseEntity<?> org.springframework.data.rest.webmvc.RepositoryEntityController.optionsForItemResource(org.springframework.data.rest.webmvc.RootResourceInformation)
2017-04-16 05:42:30.733  INFO 8432 --- [    Test worker] o.s.d.r.w.RepositoryRestHandlerMapping   : Mapped "{[/api/{repository}],methods=[OPTIONS],produces=[application/hal+json || application/json || application/*+json;charset=UTF-8]}" onto public org.springframework.http.ResponseEntity<?> org.springframework.data.rest.webmvc.RepositoryEntityController.optionsForCollectionResource(org.springframework.data.rest.webmvc.RootResourceInformation)
2017-04-16 05:42:30.733  INFO 8432 --- [    Test worker] o.s.d.r.w.RepositoryRestHandlerMapping   : Mapped "{[/api/{repository}],methods=[HEAD],produces=[application/hal+json || application/json || application/*+json;charset=UTF-8]}" onto public org.springframework.http.ResponseEntity<?> org.springframework.data.rest.webmvc.RepositoryEntityController.headCollectionResource(org.springframework.data.rest.webmvc.RootResourceInformation,org.springframework.data.rest.webmvc.support.DefaultedPageable) throws org.springframework.web.HttpRequestMethodNotSupportedException
2017-04-16 05:42:30.733  INFO 8432 --- [    Test worker] o.s.d.r.w.RepositoryRestHandlerMapping   : Mapped "{[/api/{repository}/{id}],methods=[HEAD],produces=[application/hal+json || application/json || application/*+json;charset=UTF-8]}" onto public org.springframework.http.ResponseEntity<?> org.springframework.data.rest.webmvc.RepositoryEntityController.headForItemResource(org.springframework.data.rest.webmvc.RootResourceInformation,java.io.Serializable,org.springframework.data.rest.webmvc.PersistentEntityResourceAssembler) throws org.springframework.web.HttpRequestMethodNotSupportedException
2017-04-16 05:42:30.733  INFO 8432 --- [    Test worker] o.s.d.r.w.RepositoryRestHandlerMapping   : Mapped "{[/api/{repository}/{id}/{property}/{propertyId}],methods=[DELETE],produces=[application/hal+json || application/json || application/*+json;charset=UTF-8]}" onto public org.springframework.http.ResponseEntity<org.springframework.hateoas.ResourceSupport> org.springframework.data.rest.webmvc.RepositoryPropertyReferenceController.deletePropertyReferenceId(org.springframework.data.rest.webmvc.RootResourceInformation,java.io.Serializable,java.lang.String,java.lang.String) throws java.lang.Exception
2017-04-16 05:42:30.733  INFO 8432 --- [    Test worker] o.s.d.r.w.RepositoryRestHandlerMapping   : Mapped "{[/api/{repository}/{id}/{property}/{propertyId}],methods=[GET],produces=[application/hal+json || application/json || application/*+json;charset=UTF-8]}" onto public org.springframework.http.ResponseEntity<org.springframework.hateoas.ResourceSupport> org.springframework.data.rest.webmvc.RepositoryPropertyReferenceController.followPropertyReference(org.springframework.data.rest.webmvc.RootResourceInformation,java.io.Serializable,java.lang.String,java.lang.String,org.springframework.data.rest.webmvc.PersistentEntityResourceAssembler) throws java.lang.Exception
2017-04-16 05:42:30.733  INFO 8432 --- [    Test worker] o.s.d.r.w.RepositoryRestHandlerMapping   : Mapped "{[/api/{repository}/{id}/{property}],methods=[GET],produces=[application/hal+json || application/json || application/*+json;charset=UTF-8]}" onto public org.springframework.http.ResponseEntity<org.springframework.hateoas.ResourceSupport> org.springframework.data.rest.webmvc.RepositoryPropertyReferenceController.followPropertyReference(org.springframework.data.rest.webmvc.RootResourceInformation,java.io.Serializable,java.lang.String,org.springframework.data.rest.webmvc.PersistentEntityResourceAssembler) throws java.lang.Exception
2017-04-16 05:42:30.733  INFO 8432 --- [    Test worker] o.s.d.r.w.RepositoryRestHandlerMapping   : Mapped "{[/api/{repository}/{id}/{property}],methods=[PATCH || PUT || POST],consumes=[application/json || application/x-spring-data-compact+json || text/uri-list],produces=[application/hal+json || application/json || application/*+json;charset=UTF-8]}" onto public org.springframework.http.ResponseEntity<? extends org.springframework.hateoas.ResourceSupport> org.springframework.data.rest.webmvc.RepositoryPropertyReferenceController.createPropertyReference(org.springframework.data.rest.webmvc.RootResourceInformation,org.springframework.http.HttpMethod,org.springframework.hateoas.Resources<java.lang.Object>,java.io.Serializable,java.lang.String) throws java.lang.Exception
2017-04-16 05:42:30.733  INFO 8432 --- [    Test worker] o.s.d.r.w.RepositoryRestHandlerMapping   : Mapped "{[/api/{repository}/{id}/{property}],methods=[GET],produces=[application/x-spring-data-compact+json || text/uri-list]}" onto public org.springframework.http.ResponseEntity<org.springframework.hateoas.ResourceSupport> org.springframework.data.rest.webmvc.RepositoryPropertyReferenceController.followPropertyReferenceCompact(org.springframework.data.rest.webmvc.RootResourceInformation,java.io.Serializable,java.lang.String,org.springframework.data.rest.webmvc.PersistentEntityResourceAssembler) throws java.lang.Exception
2017-04-16 05:42:30.734  INFO 8432 --- [    Test worker] o.s.d.r.w.RepositoryRestHandlerMapping   : Mapped "{[/api/{repository}/{id}/{property}],methods=[DELETE],produces=[application/hal+json || application/json || application/*+json;charset=UTF-8]}" onto public org.springframework.http.ResponseEntity<? extends org.springframework.hateoas.ResourceSupport> org.springframework.data.rest.webmvc.RepositoryPropertyReferenceController.deletePropertyReference(org.springframework.data.rest.webmvc.RootResourceInformation,java.io.Serializable,java.lang.String) throws java.lang.Exception
2017-04-16 05:42:30.734  INFO 8432 --- [    Test worker] o.s.d.r.w.RepositoryRestHandlerMapping   : Mapped "{[/api/{repository}/search],methods=[OPTIONS],produces=[application/hal+json || application/json || application/*+json;charset=UTF-8]}" onto public org.springframework.http.HttpEntity<?> org.springframework.data.rest.webmvc.RepositorySearchController.optionsForSearches(org.springframework.data.rest.webmvc.RootResourceInformation)
2017-04-16 05:42:30.734  INFO 8432 --- [    Test worker] o.s.d.r.w.RepositoryRestHandlerMapping   : Mapped "{[/api/{repository}/search/{search}],methods=[GET],produces=[application/x-spring-data-compact+json]}" onto public org.springframework.hateoas.ResourceSupport org.springframework.data.rest.webmvc.RepositorySearchController.executeSearchCompact(org.springframework.data.rest.webmvc.RootResourceInformation,org.springframework.util.MultiValueMap<java.lang.String, java.lang.Object>,java.lang.String,java.lang.String,org.springframework.data.rest.webmvc.support.DefaultedPageable,org.springframework.data.domain.Sort,org.springframework.data.rest.webmvc.PersistentEntityResourceAssembler)
2017-04-16 05:42:30.734  INFO 8432 --- [    Test worker] o.s.d.r.w.RepositoryRestHandlerMapping   : Mapped "{[/api/{repository}/search],methods=[GET],produces=[application/hal+json || application/json || application/*+json;charset=UTF-8]}" onto public org.springframework.data.rest.webmvc.RepositorySearchesResource org.springframework.data.rest.webmvc.RepositorySearchController.listSearches(org.springframework.data.rest.webmvc.RootResourceInformation)
2017-04-16 05:42:30.734  INFO 8432 --- [    Test worker] o.s.d.r.w.RepositoryRestHandlerMapping   : Mapped "{[/api/{repository}/search/{search}],methods=[HEAD],produces=[application/hal+json || application/json || application/*+json;charset=UTF-8]}" onto public org.springframework.http.ResponseEntity<java.lang.Object> org.springframework.data.rest.webmvc.RepositorySearchController.headForSearch(org.springframework.data.rest.webmvc.RootResourceInformation,java.lang.String)
2017-04-16 05:42:30.734  INFO 8432 --- [    Test worker] o.s.d.r.w.RepositoryRestHandlerMapping   : Mapped "{[/api/{repository}/search/{search}],methods=[GET],produces=[application/hal+json || application/json || application/*+json;charset=UTF-8]}" onto public org.springframework.http.ResponseEntity<java.lang.Object> org.springframework.data.rest.webmvc.RepositorySearchController.executeSearch(org.springframework.data.rest.webmvc.RootResourceInformation,org.springframework.util.MultiValueMap<java.lang.String, java.lang.Object>,java.lang.String,org.springframework.data.rest.webmvc.support.DefaultedPageable,org.springframework.data.domain.Sort,org.springframework.data.rest.webmvc.PersistentEntityResourceAssembler)
2017-04-16 05:42:30.734  INFO 8432 --- [    Test worker] o.s.d.r.w.RepositoryRestHandlerMapping   : Mapped "{[/api/{repository}/search/{search}],methods=[OPTIONS],produces=[application/hal+json || application/json || application/*+json;charset=UTF-8]}" onto public org.springframework.http.ResponseEntity<java.lang.Object> org.springframework.data.rest.webmvc.RepositorySearchController.optionsForSearch(org.springframework.data.rest.webmvc.RootResourceInformation,java.lang.String)
2017-04-16 05:42:30.734  INFO 8432 --- [    Test worker] o.s.d.r.w.RepositoryRestHandlerMapping   : Mapped "{[/api/{repository}/search],methods=[HEAD],produces=[application/hal+json || application/json || application/*+json;charset=UTF-8]}" onto public org.springframework.http.HttpEntity<?> org.springframework.data.rest.webmvc.RepositorySearchController.headForSearches(org.springframework.data.rest.webmvc.RootResourceInformation)
2017-04-16 05:42:30.736  INFO 8432 --- [    Test worker] o.s.d.r.w.BasePathAwareHandlerMapping    : Mapped "{[/api/profile/{repository}],methods=[GET],produces=[application/alps+json || */*]}" onto org.springframework.http.HttpEntity<org.springframework.data.rest.webmvc.RootResourceInformation> org.springframework.data.rest.webmvc.alps.AlpsController.descriptor(org.springframework.data.rest.webmvc.RootResourceInformation)
2017-04-16 05:42:30.736  INFO 8432 --- [    Test worker] o.s.d.r.w.BasePathAwareHandlerMapping    : Mapped "{[/api/profile/{repository}],methods=[OPTIONS],produces=[application/alps+json]}" onto org.springframework.http.HttpEntity<?> org.springframework.data.rest.webmvc.alps.AlpsController.alpsOptions()
2017-04-16 05:42:30.736  INFO 8432 --- [    Test worker] o.s.d.r.w.BasePathAwareHandlerMapping    : Mapped "{[/api/profile],methods=[OPTIONS]}" onto public org.springframework.http.HttpEntity<?> org.springframework.data.rest.webmvc.ProfileController.profileOptions()
2017-04-16 05:42:30.736  INFO 8432 --- [    Test worker] o.s.d.r.w.BasePathAwareHandlerMapping    : Mapped "{[/api/profile],methods=[GET]}" onto org.springframework.http.HttpEntity<org.springframework.hateoas.ResourceSupport> org.springframework.data.rest.webmvc.ProfileController.listAllFormsOfMetadata()
2017-04-16 05:42:30.736  INFO 8432 --- [    Test worker] o.s.d.r.w.BasePathAwareHandlerMapping    : Mapped "{[/api/profile/{repository}],methods=[GET],produces=[application/schema+json]}" onto public org.springframework.http.HttpEntity<org.springframework.data.rest.webmvc.json.JsonSchema> org.springframework.data.rest.webmvc.RepositorySchemaController.schema(org.springframework.data.rest.webmvc.RootResourceInformation)
2017-04-16 05:42:30.744  INFO 8432 --- [    Test worker] .m.m.a.ExceptionHandlerExceptionResolver : Detected @ExceptionHandler methods in repositoryRestExceptionHandler
2017-04-16 05:42:30.744  INFO 8432 --- [    Test worker] .m.m.a.ExceptionHandlerExceptionResolver : Detected ResponseBodyAdvice implementation in org.springframework.boot.actuate.autoconfigure.EndpointWebMvcHypermediaManagementContextConfiguration$ActuatorEndpointLinksAdvice
2017-04-16 05:42:30.775  INFO 8432 --- [    Test worker] o.s.b.a.e.mvc.EndpointHandlerMapping     : Mapped "{[/health || /health.json],produces=[application/json]}" onto public java.lang.Object org.springframework.boot.actuate.endpoint.mvc.HealthMvcEndpoint.invoke(java.security.Principal)
2017-04-16 05:42:30.775  INFO 8432 --- [    Test worker] o.s.b.a.e.mvc.EndpointHandlerMapping     : Mapped "{[/metrics/{name:.*}],methods=[GET],produces=[application/json]}" onto public java.lang.Object org.springframework.boot.actuate.endpoint.mvc.MetricsMvcEndpoint.value(java.lang.String)
2017-04-16 05:42:30.775  INFO 8432 --- [    Test worker] o.s.b.a.e.mvc.EndpointHandlerMapping     : Mapped "{[/metrics || /metrics.json],methods=[GET],produces=[application/json]}" onto public java.lang.Object org.springframework.boot.actuate.endpoint.mvc.EndpointMvcAdapter.invoke()
2017-04-16 05:42:30.775  INFO 8432 --- [    Test worker] o.s.b.a.e.mvc.EndpointHandlerMapping     : Mapped "{[/actuator || /actuator.json],produces=[application/json]}" onto public org.springframework.hateoas.ResourceSupport org.springframework.boot.actuate.endpoint.mvc.HalJsonMvcEndpoint.links()
2017-04-16 05:42:30.775  INFO 8432 --- [    Test worker] o.s.b.a.e.mvc.EndpointHandlerMapping     : Mapped "{[/configprops || /configprops.json],methods=[GET],produces=[application/json]}" onto public java.lang.Object org.springframework.boot.actuate.endpoint.mvc.EndpointMvcAdapter.invoke()
2017-04-16 05:42:30.775  INFO 8432 --- [    Test worker] o.s.b.a.e.mvc.EndpointHandlerMapping     : Mapped "{[/heapdump || /heapdump.json],methods=[GET],produces=[application/octet-stream]}" onto public void org.springframework.boot.actuate.endpoint.mvc.HeapdumpMvcEndpoint.invoke(boolean,javax.servlet.http.HttpServletRequest,javax.servlet.http.HttpServletResponse) throws java.io.IOException,javax.servlet.ServletException
2017-04-16 05:42:30.776  INFO 8432 --- [    Test worker] o.s.b.a.e.mvc.EndpointHandlerMapping     : Mapped "{[/dump || /dump.json],methods=[GET],produces=[application/json]}" onto public java.lang.Object org.springframework.boot.actuate.endpoint.mvc.EndpointMvcAdapter.invoke()
2017-04-16 05:42:30.776  INFO 8432 --- [    Test worker] o.s.b.a.e.mvc.EndpointHandlerMapping     : Mapped "{[/env/{name:.*}],methods=[GET],produces=[application/json]}" onto public java.lang.Object org.springframework.boot.actuate.endpoint.mvc.EnvironmentMvcEndpoint.value(java.lang.String)
2017-04-16 05:42:30.776  INFO 8432 --- [    Test worker] o.s.b.a.e.mvc.EndpointHandlerMapping     : Mapped "{[/env || /env.json],methods=[GET],produces=[application/json]}" onto public java.lang.Object org.springframework.boot.actuate.endpoint.mvc.EndpointMvcAdapter.invoke()
2017-04-16 05:42:30.776  INFO 8432 --- [    Test worker] o.s.b.a.e.mvc.EndpointHandlerMapping     : Mapped "{[/autoconfig || /autoconfig.json],methods=[GET],produces=[application/json]}" onto public java.lang.Object org.springframework.boot.actuate.endpoint.mvc.EndpointMvcAdapter.invoke()
2017-04-16 05:42:30.776  INFO 8432 --- [    Test worker] o.s.b.a.e.mvc.EndpointHandlerMapping     : Mapped "{[/trace || /trace.json],methods=[GET],produces=[application/json]}" onto public java.lang.Object org.springframework.boot.actuate.endpoint.mvc.EndpointMvcAdapter.invoke()
2017-04-16 05:42:30.776  INFO 8432 --- [    Test worker] o.s.b.a.e.mvc.EndpointHandlerMapping     : Mapped "{[/mappings || /mappings.json],methods=[GET],produces=[application/json]}" onto public java.lang.Object org.springframework.boot.actuate.endpoint.mvc.EndpointMvcAdapter.invoke()
2017-04-16 05:42:30.776  INFO 8432 --- [    Test worker] o.s.b.a.e.mvc.EndpointHandlerMapping     : Mapped "{[/info || /info.json],methods=[GET],produces=[application/json]}" onto public java.lang.Object org.springframework.boot.actuate.endpoint.mvc.EndpointMvcAdapter.invoke()
2017-04-16 05:42:30.776  INFO 8432 --- [    Test worker] o.s.b.a.e.mvc.EndpointHandlerMapping     : Mapped "{[/beans || /beans.json],methods=[GET],produces=[application/json]}" onto public java.lang.Object org.springframework.boot.actuate.endpoint.mvc.EndpointMvcAdapter.invoke()
2017-04-16 05:42:30.910  INFO 8432 --- [    Test worker] h.storage.FileSystemStorageServiceTest   : Started FileSystemStorageServiceTest in 17.865 seconds (JVM running for 561.626)
2017-04-16 05:42:30.915  INFO 8432 --- [    Test worker] o.s.w.c.s.GenericWebApplicationContext   : Closing org.springframework.web.context.support.GenericWebApplicationContext@56c65596: startup date [Sun Apr 16 05:42:13 CDT 2017]; root of context hierarchy
2017-04-16 05:42:30.916  INFO 8432 --- [    Test worker] j.LocalContainerEntityManagerFactoryBean : Closing JPA EntityManagerFactory for persistence unit 'default'

  .   ____          _            __ _ _
 /\\ / ___'_ __ _ _(_)_ __  __ _ \ \ \ \
( ( )\___ | '_ | '_| | '_ \/ _` | \ \ \ \
 \\/  ___)| |_)| | | | | || (_| |  ) ) ) )
  '  |____| .__|_| |_|_| |_\__, | / / / /
 =========|_|==============|___/=/_/_/_/
 :: Spring Boot ::        (v1.4.4.RELEASE)

2017-04-16 05:42:30.946  INFO 8432 --- [    Test worker] h.storage.FileSystemStorageServiceTest   : Starting FileSystemStorageServiceTest on Puget-99033 with PID 8432 (started by Hector in D:\SHRPAS_Project)
2017-04-16 05:42:30.946  INFO 8432 --- [    Test worker] h.storage.FileSystemStorageServiceTest   : The following profiles are active: production
2017-04-16 05:42:30.947  INFO 8432 --- [    Test worker] o.s.w.c.s.GenericWebApplicationContext   : Refreshing org.springframework.web.context.support.GenericWebApplicationContext@729fe296: startup date [Sun Apr 16 05:42:30 CDT 2017]; root of context hierarchy
2017-04-16 05:42:31.476  INFO 8432 --- [    Test worker] o.s.b.f.s.DefaultListableBeanFactory     : Overriding bean definition for bean 'managementServletContext' with a different definition: replacing [Root bean: class [null]; scope=; abstract=false; lazyInit=false; autowireMode=3; dependencyCheck=0; autowireCandidate=true; primary=false; factoryBeanName=org.springframework.boot.actuate.autoconfigure.EndpointWebMvcHypermediaManagementContextConfiguration; factoryMethodName=managementServletContext; initMethodName=null; destroyMethodName=(inferred); defined in class path resource [org/springframework/boot/actuate/autoconfigure/EndpointWebMvcHypermediaManagementContextConfiguration.class]] with [Root bean: class [null]; scope=; abstract=false; lazyInit=false; autowireMode=3; dependencyCheck=0; autowireCandidate=true; primary=false; factoryBeanName=org.springframework.boot.actuate.autoconfigure.EndpointWebMvcAutoConfiguration; factoryMethodName=managementServletContext; initMethodName=null; destroyMethodName=(inferred); defined in class path resource [org/springframework/boot/actuate/autoconfigure/EndpointWebMvcAutoConfiguration.class]]
2017-04-16 05:42:31.610  INFO 8432 --- [    Test worker] trationDelegate$BeanPostProcessorChecker : Bean 'org.springframework.transaction.annotation.ProxyTransactionManagementConfiguration' of type [class org.springframework.transaction.annotation.ProxyTransactionManagementConfiguration$$EnhancerBySpringCGLIB$$84143e54] is not eligible for getting processed by all BeanPostProcessors (for example: not eligible for auto-proxying)
2017-04-16 05:42:31.716  INFO 8432 --- [    Test worker] j.LocalContainerEntityManagerFactoryBean : Building JPA container EntityManagerFactory for persistence unit 'default'
2017-04-16 05:42:31.716  INFO 8432 --- [    Test worker] org.hibernate.ejb.Ejb3Configuration      : HHH000204: Processing PersistenceUnitInfo [
	name: default
	...]
2017-04-16 05:42:31.723  INFO 8432 --- [    Test worker] o.h.s.j.c.i.ConnectionProviderInitiator  : HHH000130: Instantiating explicit connection provider: org.hibernate.ejb.connection.InjectedDataSourceConnectionProvider
2017-04-16 05:42:33.337  INFO 8432 --- [    Test worker] org.hibernate.dialect.Dialect            : HHH000400: Using dialect: org.hibernate.dialect.MySQLDialect
2017-04-16 05:42:33.338  INFO 8432 --- [    Test worker] o.h.e.t.i.TransactionFactoryInitiator    : HHH000268: Transaction strategy: org.hibernate.engine.transaction.internal.jdbc.JdbcTransactionFactory
2017-04-16 05:42:33.338  INFO 8432 --- [    Test worker] o.h.h.i.ast.ASTQueryTranslatorFactory    : HHH000397: Using ASTQueryTranslatorFactory
2017-04-16 05:42:33.364  INFO 8432 --- [    Test worker] org.hibernate.tool.hbm2ddl.SchemaExport  : HHH000227: Running hbm2ddl schema export
2017-04-16 05:42:37.047  INFO 8432 --- [    Test worker] org.hibernate.tool.hbm2ddl.SchemaExport  : HHH000230: Schema export complete
2017-04-16 05:42:37.052  WARN 8432 --- [    Test worker] o.h.e.i.EntityManagerFactoryRegistry     : HHH000436: Entity manager factory name (default) is already registered.  If entity manager will be clustered or passivated, specify a unique value for property 'hibernate.ejb.entitymanager_factory_name'
2017-04-16 05:42:37.052  INFO 8432 --- [    Test worker] j.LocalContainerEntityManagerFactoryBean : Initialized JPA EntityManagerFactory for persistence unit 'default'
2017-04-16 05:42:37.188  INFO 8432 --- [    Test worker] o.s.b.f.config.PropertiesFactoryBean     : Loading properties file from class path resource [rest-default-messages.properties]
2017-04-16 05:42:38.578  INFO 8432 --- [    Test worker] s.w.s.m.m.a.RequestMappingHandlerAdapter : Looking for @ControllerAdvice: org.springframework.web.context.support.GenericWebApplicationContext@729fe296: startup date [Sun Apr 16 05:42:30 CDT 2017]; root of context hierarchy
2017-04-16 05:42:38.580  INFO 8432 --- [    Test worker] s.w.s.m.m.a.RequestMappingHandlerAdapter : Detected ResponseBodyAdvice bean in org.springframework.boot.actuate.autoconfigure.EndpointWebMvcHypermediaManagementContextConfiguration$ActuatorEndpointLinksAdvice
2017-04-16 05:42:38.590  INFO 8432 --- [    Test worker] s.w.s.m.m.a.RequestMappingHandlerMapping : Mapped "{[/api/login],methods=[POST],consumes=[application/json]}" onto public hello.models.LoginResults hello.controllers.AdministratorController.login(java.lang.String,hello.models.LoginRequest,org.springframework.validation.BindingResult,javax.servlet.http.HttpServletResponse)
2017-04-16 05:42:38.590  INFO 8432 --- [    Test worker] s.w.s.m.m.a.RequestMappingHandlerMapping : Mapped "{[/rest/assessments/{id}/users],methods=[POST]}" onto public org.springframework.http.ResponseEntity<hello.models.Assessment> hello.controllers.AssessmentController.addUser(int,hello.models.User) throws java.lang.Exception
2017-04-16 05:42:38.590  INFO 8432 --- [    Test worker] s.w.s.m.m.a.RequestMappingHandlerMapping : Mapped "{[/rest/send-email-test],methods=[GET]}" onto public org.springframework.http.ResponseEntity<java.lang.String> hello.controllers.AssessmentController.sendEmailTest() throws java.lang.Exception
2017-04-16 05:42:38.590  INFO 8432 --- [    Test worker] s.w.s.m.m.a.RequestMappingHandlerMapping : Mapped "{[/rest/assessments/{id}/delete],methods=[DELETE]}" onto public org.springframework.http.ResponseEntity<java.lang.Boolean> hello.controllers.AssessmentController.deleteAssessment(int)
2017-04-16 05:42:38.590  INFO 8432 --- [    Test worker] s.w.s.m.m.a.RequestMappingHandlerMapping : Mapped "{[/rest/assessments],methods=[POST]}" onto public org.springframework.http.ResponseEntity<hello.models.Assessment> hello.controllers.AssessmentController.addAssessment(javax.servlet.http.HttpSession,hello.models.Assessment) throws java.lang.Exception
2017-04-16 05:42:38.590  INFO 8432 --- [    Test worker] s.w.s.m.m.a.RequestMappingHandlerMapping : Mapped "{[/rest/assessments/{id}],methods=[PATCH]}" onto public org.springframework.http.ResponseEntity<hello.models.Assessment> hello.controllers.AssessmentController.updateAssessment(int,hello.models.Assessment) throws java.lang.Exception
2017-04-16 05:42:38.590  INFO 8432 --- [    Test worker] s.w.s.m.m.a.RequestMappingHandlerMapping : Mapped "{[/rest/assessments/{id}/],methods=[GET]}" onto public org.springframework.http.ResponseEntity<hello.models.Assessment> hello.controllers.AssessmentController.getAssessment(int)
2017-04-16 05:42:38.590  INFO 8432 --- [    Test worker] s.w.s.m.m.a.RequestMappingHandlerMapping : Mapped "{[/rest/assessments/{id}/question],methods=[POST]}" onto public org.springframework.http.ResponseEntity<hello.models.Assessment> hello.controllers.AssessmentController.addQuestion(int,hello.models.Question) throws java.lang.Exception
2017-04-16 05:42:38.590  INFO 8432 --- [    Test worker] s.w.s.m.m.a.RequestMappingHandlerMapping : Mapped "{[/rest/assessments],methods=[GET]}" onto public java.util.ArrayList<hello.models.Assessment> hello.controllers.AssessmentController.getAllAssessments(javax.servlet.http.HttpSession) throws java.lang.Exception
2017-04-16 05:42:38.590  INFO 8432 --- [    Test worker] s.w.s.m.m.a.RequestMappingHandlerMapping : Mapped "{[/rest/assessments/{id}/question/{questionId}],methods=[POST]}" onto public org.springframework.http.ResponseEntity<hello.models.Assessment> hello.controllers.AssessmentController.addExistingQuestion(int,int)
2017-04-16 05:42:38.591  INFO 8432 --- [    Test worker] s.w.s.m.m.a.RequestMappingHandlerMapping : Mapped "{[/rest/session/login],methods=[POST]}" onto public org.springframework.http.ResponseEntity<hello.models.LoginResponse> hello.controllers.AuthenticationController.login(hello.models.LoginRequest,javax.servlet.http.HttpSession)
2017-04-16 05:42:38.591  INFO 8432 --- [    Test worker] s.w.s.m.m.a.RequestMappingHandlerMapping : Mapped "{[/rest/session],methods=[GET]}" onto public hello.models.User hello.controllers.AuthenticationController.session(javax.servlet.http.HttpSession)
2017-04-16 05:42:38.591  INFO 8432 --- [    Test worker] s.w.s.m.m.a.RequestMappingHandlerMapping : Mapped "{[/rest/session],methods=[DELETE]}" onto public void hello.controllers.AuthenticationController.logout(javax.servlet.http.HttpSession)
2017-04-16 05:42:38.591  INFO 8432 --- [    Test worker] s.w.s.m.m.a.RequestMappingHandlerMapping : Mapped "{[/rest/session/logout],methods=[POST]}" onto public org.springframework.http.ResponseEntity<hello.models.LogoutResponse> hello.controllers.AuthenticationController.logout() throws java.lang.Exception
2017-04-16 05:42:38.591  INFO 8432 --- [    Test worker] s.w.s.m.m.a.RequestMappingHandlerMapping : Mapped "{[/rest/session/is-logged-in],methods=[GET]}" onto public org.springframework.http.ResponseEntity<hello.models.LoginResponse> hello.controllers.AuthenticationController.isLoggedIn(javax.servlet.http.HttpSession)
2017-04-16 05:42:38.591  INFO 8432 --- [    Test worker] s.w.s.m.m.a.RequestMappingHandlerMapping : Mapped "{[/files/upload]}" onto public hello.models.JSONResponse hello.controllers.FileUploadController.uploadFile(org.springframework.web.multipart.MultipartFile)
2017-04-16 05:42:38.591  INFO 8432 --- [    Test worker] s.w.s.m.m.a.RequestMappingHandlerMapping : Mapped "{[/files/{filename:.+}],methods=[GET]}" onto public org.springframework.http.ResponseEntity<org.springframework.core.io.Resource> hello.controllers.FileUploadController.serveFile(java.lang.String)
2017-04-16 05:42:38.591  INFO 8432 --- [    Test worker] s.w.s.m.m.a.RequestMappingHandlerMapping : Mapped "{[/app/**]}" onto public org.springframework.web.servlet.ModelAndView hello.controllers.HomeController.index(javax.servlet.http.HttpSession,javax.servlet.http.HttpServletResponse)
2017-04-16 05:42:38.591  INFO 8432 --- [    Test worker] s.w.s.m.m.a.RequestMappingHandlerMapping : Mapped "{[]}" onto public java.lang.String hello.controllers.HomeController.home()
2017-04-16 05:42:38.591  INFO 8432 --- [    Test worker] s.w.s.m.m.a.RequestMappingHandlerMapping : Mapped "{[/rest/participants],methods=[GET]}" onto public java.util.ArrayList<hello.models.Participant> hello.controllers.ParticipantController.getParticipants()
2017-04-16 05:42:38.591  INFO 8432 --- [    Test worker] s.w.s.m.m.a.RequestMappingHandlerMapping : Mapped "{[/rest/participants],methods=[POST]}" onto public org.springframework.http.ResponseEntity<java.util.List<hello.models.Participant>> hello.controllers.ParticipantController.addParticipant(java.util.List<hello.models.Participant>)
2017-04-16 05:42:38.591  INFO 8432 --- [    Test worker] s.w.s.m.m.a.RequestMappingHandlerMapping : Mapped "{[/rest/participant],methods=[POST]}" onto public org.springframework.http.ResponseEntity<hello.models.Participant> hello.controllers.ParticipantController.addParticipant(hello.models.Participant)
2017-04-16 05:42:38.591  INFO 8432 --- [    Test worker] s.w.s.m.m.a.RequestMappingHandlerMapping : Mapped "{[/rest/participants/{id}],methods=[GET]}" onto public org.springframework.http.ResponseEntity<hello.models.Participant> hello.controllers.ParticipantController.getParticipant(int)
2017-04-16 05:42:38.591  INFO 8432 --- [    Test worker] s.w.s.m.m.a.RequestMappingHandlerMapping : Mapped "{[/rest/participants/{id}],methods=[DELETE]}" onto public org.springframework.http.ResponseEntity<java.lang.Boolean> hello.controllers.ParticipantController.deleteParticipant(int) throws java.lang.Exception
2017-04-16 05:42:38.591  INFO 8432 --- [    Test worker] s.w.s.m.m.a.RequestMappingHandlerMapping : Mapped "{[/rest/participants/{id}],methods=[PUT]}" onto public org.springframework.http.ResponseEntity<hello.models.Participant> hello.controllers.ParticipantController.updateParticipant(int,hello.models.Participant) throws java.lang.Exception
2017-04-16 05:42:38.591  INFO 8432 --- [    Test worker] s.w.s.m.m.a.RequestMappingHandlerMapping : Mapped "{[/rest/questions],methods=[POST]}" onto public org.springframework.http.ResponseEntity<hello.models.Question> hello.controllers.QuestionController.addQuestion(hello.models.Question)
2017-04-16 05:42:38.591  INFO 8432 --- [    Test worker] s.w.s.m.m.a.RequestMappingHandlerMapping : Mapped "{[/rest/questions/{id}/],methods=[GET]}" onto public org.springframework.http.ResponseEntity<hello.models.Question> hello.controllers.QuestionController.getAQuestion(int)
2017-04-16 05:42:38.591  INFO 8432 --- [    Test worker] s.w.s.m.m.a.RequestMappingHandlerMapping : Mapped "{[/rest/questions/{id}],methods=[PATCH]}" onto public org.springframework.http.ResponseEntity<hello.models.Question> hello.controllers.QuestionController.updateQuestion(int,hello.models.Question) throws java.lang.Exception
2017-04-16 05:42:38.592  INFO 8432 --- [    Test worker] s.w.s.m.m.a.RequestMappingHandlerMapping : Mapped "{[/rest/questions],methods=[GET]}" onto public java.util.ArrayList<hello.models.Question> hello.controllers.QuestionController.getQuestions()
2017-04-16 05:42:38.592  INFO 8432 --- [    Test worker] s.w.s.m.m.a.RequestMappingHandlerMapping : Mapped "{[/rest/questions/{id}],methods=[DELETE]}" onto public org.springframework.http.ResponseEntity<java.lang.Boolean> hello.controllers.QuestionController.deleteQuestion(int)
2017-04-16 05:42:38.592  INFO 8432 --- [    Test worker] s.w.s.m.m.a.RequestMappingHandlerMapping : Mapped "{[/rest/targetGroups/{id}/assessment/{assessmentid}],methods=[POST]}" onto public org.springframework.http.ResponseEntity<hello.models.TargetGroup> hello.controllers.TargetGroupController.addExistingAssessmentToTargetGroup(int,int) throws java.lang.Exception
2017-04-16 05:42:38.592  INFO 8432 --- [    Test worker] s.w.s.m.m.a.RequestMappingHandlerMapping : Mapped "{[/rest/targetGroups/{id}/participants/{participantId}],methods=[POST]}" onto public org.springframework.http.ResponseEntity<hello.models.TargetGroup> hello.controllers.TargetGroupController.addExistingParticipantToTargetGroup(int,int) throws java.lang.Exception
2017-04-16 05:42:38.592  INFO 8432 --- [    Test worker] s.w.s.m.m.a.RequestMappingHandlerMapping : Mapped "{[/rest/targetGroups],methods=[POST]}" onto public org.springframework.http.ResponseEntity<hello.models.TargetGroup> hello.controllers.TargetGroupController.addTargetGroup(javax.servlet.http.HttpSession,hello.models.TargetGroup) throws java.lang.Exception
2017-04-16 05:42:38.592  INFO 8432 --- [    Test worker] s.w.s.m.m.a.RequestMappingHandlerMapping : Mapped "{[/rest/targetGroups/{id}],methods=[GET]}" onto public org.springframework.http.ResponseEntity<hello.models.TargetGroup> hello.controllers.TargetGroupController.getTargetGroup(int)
2017-04-16 05:42:38.592  INFO 8432 --- [    Test worker] s.w.s.m.m.a.RequestMappingHandlerMapping : Mapped "{[/rest/targetGroups],methods=[GET]}" onto public java.util.ArrayList<hello.models.TargetGroup> hello.controllers.TargetGroupController.getTargetGroups() throws java.lang.Exception
2017-04-16 05:42:38.592  INFO 8432 --- [    Test worker] s.w.s.m.m.a.RequestMappingHandlerMapping : Mapped "{[/rest/targetGroups/{id}],methods=[DELETE]}" onto public org.springframework.http.ResponseEntity<java.lang.Boolean> hello.controllers.TargetGroupController.deleteTargetGroup(int) throws java.lang.Exception
2017-04-16 05:42:38.592  INFO 8432 --- [    Test worker] s.w.s.m.m.a.RequestMappingHandlerMapping : Mapped "{[/rest/targetGroups/{id}/assessment],methods=[POST]}" onto public org.springframework.http.ResponseEntity<hello.models.TargetGroup> hello.controllers.TargetGroupController.addNewAssessmentToTargetGroup(int,hello.models.Assessment) throws java.lang.Exception
2017-04-16 05:42:38.592  INFO 8432 --- [    Test worker] s.w.s.m.m.a.RequestMappingHandlerMapping : Mapped "{[/rest/targetGroups/{id}/participants],methods=[GET]}" onto public java.util.ArrayList<hello.models.Participant> hello.controllers.TargetGroupController.getParticipantsInTargetGroup(int) throws java.lang.Exception
2017-04-16 05:42:38.592  INFO 8432 --- [    Test worker] s.w.s.m.m.a.RequestMappingHandlerMapping : Mapped "{[/rest/targetGroups/{id}/participants/{participantId}],methods=[PUT]}" onto public org.springframework.http.ResponseEntity<hello.models.TargetGroup> hello.controllers.TargetGroupController.removeParticipantFromTargetGroup(int,int) throws java.lang.Exception
2017-04-16 05:42:38.592  INFO 8432 --- [    Test worker] s.w.s.m.m.a.RequestMappingHandlerMapping : Mapped "{[/rest/targetGroups/{id}/participants],methods=[POST]}" onto public org.springframework.http.ResponseEntity<hello.models.TargetGroup> hello.controllers.TargetGroupController.addNewParticipantToTargetGroup(int,hello.models.Participant) throws java.lang.Exception
2017-04-16 05:42:38.592  INFO 8432 --- [    Test worker] s.w.s.m.m.a.RequestMappingHandlerMapping : Mapped "{[/rest/targetGroups/{id}/participantList],methods=[POST]}" onto public org.springframework.http.ResponseEntity<hello.models.TargetGroup> hello.controllers.TargetGroupController.addNewParticipantsToTargetGroup(int,java.util.List<hello.models.Participant>) throws java.lang.Exception
2017-04-16 05:42:38.592  INFO 8432 --- [    Test worker] s.w.s.m.m.a.RequestMappingHandlerMapping : Mapped "{[/rest/targetGroups/{id}],methods=[PUT]}" onto public org.springframework.http.ResponseEntity<hello.models.TargetGroup> hello.controllers.TargetGroupController.updateTargetGroup(int,hello.models.TargetGroup) throws java.lang.Exception
2017-04-16 05:42:38.593  INFO 8432 --- [    Test worker] s.w.s.m.m.a.RequestMappingHandlerMapping : Mapped "{[/rest/register],methods=[POST]}" onto public org.springframework.http.ResponseEntity<hello.models.User> hello.controllers.UserController.registerUser(hello.models.User) throws java.lang.Exception
2017-04-16 05:42:38.593  INFO 8432 --- [    Test worker] s.w.s.m.m.a.RequestMappingHandlerMapping : Mapped "{[/rest/currentUser],methods=[PATCH]}" onto public org.springframework.http.ResponseEntity<hello.models.User> hello.controllers.UserController.updateUser(hello.models.User) throws java.lang.Exception
2017-04-16 05:42:38.593  INFO 8432 --- [    Test worker] s.w.s.m.m.a.RequestMappingHandlerMapping : Mapped "{[/rest/currentUser],methods=[GET]}" onto public org.springframework.http.ResponseEntity<hello.models.User> hello.controllers.UserController.getCurrentUser() throws java.lang.Exception
2017-04-16 05:42:38.593  INFO 8432 --- [    Test worker] s.w.s.m.m.a.RequestMappingHandlerMapping : Mapped "{[/error]}" onto public org.springframework.http.ResponseEntity<java.util.Map<java.lang.String, java.lang.Object>> org.springframework.boot.autoconfigure.web.BasicErrorController.error(javax.servlet.http.HttpServletRequest)
2017-04-16 05:42:38.593  INFO 8432 --- [    Test worker] s.w.s.m.m.a.RequestMappingHandlerMapping : Mapped "{[/error],produces=[text/html]}" onto public org.springframework.web.servlet.ModelAndView org.springframework.boot.autoconfigure.web.BasicErrorController.errorHtml(javax.servlet.http.HttpServletRequest,javax.servlet.http.HttpServletResponse)
2017-04-16 05:42:38.610  INFO 8432 --- [    Test worker] o.s.w.s.handler.SimpleUrlHandlerMapping  : Mapped URL path [/webjars/**] onto handler of type [class org.springframework.web.servlet.resource.ResourceHttpRequestHandler]
2017-04-16 05:42:38.610  INFO 8432 --- [    Test worker] o.s.w.s.handler.SimpleUrlHandlerMapping  : Mapped URL path [/resources/**] onto handler of type [class org.springframework.web.servlet.resource.ResourceHttpRequestHandler]
2017-04-16 05:42:38.617  INFO 8432 --- [    Test worker] .m.m.a.ExceptionHandlerExceptionResolver : Detected @ExceptionHandler methods in repositoryRestExceptionHandler
2017-04-16 05:42:38.617  INFO 8432 --- [    Test worker] .m.m.a.ExceptionHandlerExceptionResolver : Detected ResponseBodyAdvice implementation in org.springframework.boot.actuate.autoconfigure.EndpointWebMvcHypermediaManagementContextConfiguration$ActuatorEndpointLinksAdvice
2017-04-16 05:42:38.628  INFO 8432 --- [    Test worker] o.s.w.s.handler.SimpleUrlHandlerMapping  : Mapped URL path [/**/favicon.ico] onto handler of type [class org.springframework.web.servlet.resource.ResourceHttpRequestHandler]
2017-04-16 05:42:38.660  INFO 8432 --- [    Test worker] oConfiguration$WelcomePageHandlerMapping : Adding welcome page: ServletContext resource [/index.html]
2017-04-16 05:42:38.804  INFO 8432 --- [    Test worker] o.s.d.r.w.RepositoryRestHandlerAdapter   : Looking for @ControllerAdvice: org.springframework.web.context.support.GenericWebApplicationContext@729fe296: startup date [Sun Apr 16 05:42:30 CDT 2017]; root of context hierarchy
2017-04-16 05:42:38.806  INFO 8432 --- [    Test worker] o.s.d.r.w.RepositoryRestHandlerAdapter   : Detected ResponseBodyAdvice bean in org.springframework.boot.actuate.autoconfigure.EndpointWebMvcHypermediaManagementContextConfiguration$ActuatorEndpointLinksAdvice
2017-04-16 05:42:38.807  INFO 8432 --- [    Test worker] o.s.d.r.w.RepositoryRestHandlerMapping   : Mapped "{[/api/ || /api],methods=[GET],produces=[application/hal+json || application/json || application/*+json;charset=UTF-8]}" onto public org.springframework.http.HttpEntity<org.springframework.data.rest.webmvc.RepositoryLinksResource> org.springframework.data.rest.webmvc.RepositoryController.listRepositories()
2017-04-16 05:42:38.807  INFO 8432 --- [    Test worker] o.s.d.r.w.RepositoryRestHandlerMapping   : Mapped "{[/api/ || /api],methods=[HEAD],produces=[application/hal+json || application/json || application/*+json;charset=UTF-8]}" onto public org.springframework.http.ResponseEntity<?> org.springframework.data.rest.webmvc.RepositoryController.headForRepositories()
2017-04-16 05:42:38.807  INFO 8432 --- [    Test worker] o.s.d.r.w.RepositoryRestHandlerMapping   : Mapped "{[/api/ || /api],methods=[OPTIONS],produces=[application/hal+json || application/json || application/*+json;charset=UTF-8]}" onto public org.springframework.http.HttpEntity<?> org.springframework.data.rest.webmvc.RepositoryController.optionsForRepositories()
2017-04-16 05:42:38.808  INFO 8432 --- [    Test worker] o.s.d.r.w.RepositoryRestHandlerMapping   : Mapped "{[/api/{repository}/{id}],methods=[PUT],produces=[application/hal+json || application/json || application/*+json;charset=UTF-8]}" onto public org.springframework.http.ResponseEntity<? extends org.springframework.hateoas.ResourceSupport> org.springframework.data.rest.webmvc.RepositoryEntityController.putItemResource(org.springframework.data.rest.webmvc.RootResourceInformation,org.springframework.data.rest.webmvc.PersistentEntityResource,java.io.Serializable,org.springframework.data.rest.webmvc.PersistentEntityResourceAssembler,org.springframework.data.rest.webmvc.support.ETag,java.lang.String) throws org.springframework.web.HttpRequestMethodNotSupportedException
2017-04-16 05:42:38.808  INFO 8432 --- [    Test worker] o.s.d.r.w.RepositoryRestHandlerMapping   : Mapped "{[/api/{repository}/{id}],methods=[GET],produces=[application/hal+json || application/json || application/*+json;charset=UTF-8]}" onto public org.springframework.http.ResponseEntity<org.springframework.hateoas.Resource<?>> org.springframework.data.rest.webmvc.RepositoryEntityController.getItemResource(org.springframework.data.rest.webmvc.RootResourceInformation,java.io.Serializable,org.springframework.data.rest.webmvc.PersistentEntityResourceAssembler,org.springframework.util.MultiValueMap<java.lang.String, java.lang.String>) throws org.springframework.web.HttpRequestMethodNotSupportedException
2017-04-16 05:42:38.808  INFO 8432 --- [    Test worker] o.s.d.r.w.RepositoryRestHandlerMapping   : Mapped "{[/api/{repository}/{id}],methods=[PATCH],produces=[application/hal+json || application/json || application/*+json;charset=UTF-8]}" onto public org.springframework.http.ResponseEntity<org.springframework.hateoas.ResourceSupport> org.springframework.data.rest.webmvc.RepositoryEntityController.patchItemResource(org.springframework.data.rest.webmvc.RootResourceInformation,org.springframework.data.rest.webmvc.PersistentEntityResource,java.io.Serializable,org.springframework.data.rest.webmvc.PersistentEntityResourceAssembler,org.springframework.data.rest.webmvc.support.ETag,java.lang.String) throws org.springframework.web.HttpRequestMethodNotSupportedException,org.springframework.data.rest.webmvc.ResourceNotFoundException
2017-04-16 05:42:38.808  INFO 8432 --- [    Test worker] o.s.d.r.w.RepositoryRestHandlerMapping   : Mapped "{[/api/{repository}/{id}],methods=[DELETE],produces=[application/hal+json || application/json || application/*+json;charset=UTF-8]}" onto public org.springframework.http.ResponseEntity<?> org.springframework.data.rest.webmvc.RepositoryEntityController.deleteItemResource(org.springframework.data.rest.webmvc.RootResourceInformation,java.io.Serializable,org.springframework.data.rest.webmvc.support.ETag) throws org.springframework.data.rest.webmvc.ResourceNotFoundException,org.springframework.web.HttpRequestMethodNotSupportedException
2017-04-16 05:42:38.808  INFO 8432 --- [    Test worker] o.s.d.r.w.RepositoryRestHandlerMapping   : Mapped "{[/api/{repository}],methods=[GET],produces=[application/x-spring-data-compact+json || text/uri-list]}" onto public org.springframework.hateoas.Resources<?> org.springframework.data.rest.webmvc.RepositoryEntityController.getCollectionResourceCompact(org.springframework.data.rest.webmvc.RootResourceInformation,org.springframework.data.rest.webmvc.support.DefaultedPageable,org.springframework.data.domain.Sort,org.springframework.data.rest.webmvc.PersistentEntityResourceAssembler) throws org.springframework.data.rest.webmvc.ResourceNotFoundException,org.springframework.web.HttpRequestMethodNotSupportedException
2017-04-16 05:42:38.808  INFO 8432 --- [    Test worker] o.s.d.r.w.RepositoryRestHandlerMapping   : Mapped "{[/api/{repository}],methods=[POST],produces=[application/hal+json || application/json || application/*+json;charset=UTF-8]}" onto public org.springframework.http.ResponseEntity<org.springframework.hateoas.ResourceSupport> org.springframework.data.rest.webmvc.RepositoryEntityController.postCollectionResource(org.springframework.data.rest.webmvc.RootResourceInformation,org.springframework.data.rest.webmvc.PersistentEntityResource,org.springframework.data.rest.webmvc.PersistentEntityResourceAssembler,java.lang.String) throws org.springframework.web.HttpRequestMethodNotSupportedException
2017-04-16 05:42:38.808  INFO 8432 --- [    Test worker] o.s.d.r.w.RepositoryRestHandlerMapping   : Mapped "{[/api/{repository}],methods=[GET],produces=[application/hal+json || application/json || application/*+json;charset=UTF-8]}" onto public org.springframework.hateoas.Resources<?> org.springframework.data.rest.webmvc.RepositoryEntityController.getCollectionResource(org.springframework.data.rest.webmvc.RootResourceInformation,org.springframework.data.rest.webmvc.support.DefaultedPageable,org.springframework.data.domain.Sort,org.springframework.data.rest.webmvc.PersistentEntityResourceAssembler) throws org.springframework.data.rest.webmvc.ResourceNotFoundException,org.springframework.web.HttpRequestMethodNotSupportedException
2017-04-16 05:42:38.808  INFO 8432 --- [    Test worker] o.s.d.r.w.RepositoryRestHandlerMapping   : Mapped "{[/api/{repository}/{id}],methods=[OPTIONS],produces=[application/hal+json || application/json || application/*+json;charset=UTF-8]}" onto public org.springframework.http.ResponseEntity<?> org.springframework.data.rest.webmvc.RepositoryEntityController.optionsForItemResource(org.springframework.data.rest.webmvc.RootResourceInformation)
2017-04-16 05:42:38.809  INFO 8432 --- [    Test worker] o.s.d.r.w.RepositoryRestHandlerMapping   : Mapped "{[/api/{repository}],methods=[OPTIONS],produces=[application/hal+json || application/json || application/*+json;charset=UTF-8]}" onto public org.springframework.http.ResponseEntity<?> org.springframework.data.rest.webmvc.RepositoryEntityController.optionsForCollectionResource(org.springframework.data.rest.webmvc.RootResourceInformation)
2017-04-16 05:42:38.809  INFO 8432 --- [    Test worker] o.s.d.r.w.RepositoryRestHandlerMapping   : Mapped "{[/api/{repository}],methods=[HEAD],produces=[application/hal+json || application/json || application/*+json;charset=UTF-8]}" onto public org.springframework.http.ResponseEntity<?> org.springframework.data.rest.webmvc.RepositoryEntityController.headCollectionResource(org.springframework.data.rest.webmvc.RootResourceInformation,org.springframework.data.rest.webmvc.support.DefaultedPageable) throws org.springframework.web.HttpRequestMethodNotSupportedException
2017-04-16 05:42:38.809  INFO 8432 --- [    Test worker] o.s.d.r.w.RepositoryRestHandlerMapping   : Mapped "{[/api/{repository}/{id}],methods=[HEAD],produces=[application/hal+json || application/json || application/*+json;charset=UTF-8]}" onto public org.springframework.http.ResponseEntity<?> org.springframework.data.rest.webmvc.RepositoryEntityController.headForItemResource(org.springframework.data.rest.webmvc.RootResourceInformation,java.io.Serializable,org.springframework.data.rest.webmvc.PersistentEntityResourceAssembler) throws org.springframework.web.HttpRequestMethodNotSupportedException
2017-04-16 05:42:38.809  INFO 8432 --- [    Test worker] o.s.d.r.w.RepositoryRestHandlerMapping   : Mapped "{[/api/{repository}/{id}/{property}/{propertyId}],methods=[DELETE],produces=[application/hal+json || application/json || application/*+json;charset=UTF-8]}" onto public org.springframework.http.ResponseEntity<org.springframework.hateoas.ResourceSupport> org.springframework.data.rest.webmvc.RepositoryPropertyReferenceController.deletePropertyReferenceId(org.springframework.data.rest.webmvc.RootResourceInformation,java.io.Serializable,java.lang.String,java.lang.String) throws java.lang.Exception
2017-04-16 05:42:38.809  INFO 8432 --- [    Test worker] o.s.d.r.w.RepositoryRestHandlerMapping   : Mapped "{[/api/{repository}/{id}/{property}/{propertyId}],methods=[GET],produces=[application/hal+json || application/json || application/*+json;charset=UTF-8]}" onto public org.springframework.http.ResponseEntity<org.springframework.hateoas.ResourceSupport> org.springframework.data.rest.webmvc.RepositoryPropertyReferenceController.followPropertyReference(org.springframework.data.rest.webmvc.RootResourceInformation,java.io.Serializable,java.lang.String,java.lang.String,org.springframework.data.rest.webmvc.PersistentEntityResourceAssembler) throws java.lang.Exception
2017-04-16 05:42:38.809  INFO 8432 --- [    Test worker] o.s.d.r.w.RepositoryRestHandlerMapping   : Mapped "{[/api/{repository}/{id}/{property}],methods=[GET],produces=[application/hal+json || application/json || application/*+json;charset=UTF-8]}" onto public org.springframework.http.ResponseEntity<org.springframework.hateoas.ResourceSupport> org.springframework.data.rest.webmvc.RepositoryPropertyReferenceController.followPropertyReference(org.springframework.data.rest.webmvc.RootResourceInformation,java.io.Serializable,java.lang.String,org.springframework.data.rest.webmvc.PersistentEntityResourceAssembler) throws java.lang.Exception
2017-04-16 05:42:38.809  INFO 8432 --- [    Test worker] o.s.d.r.w.RepositoryRestHandlerMapping   : Mapped "{[/api/{repository}/{id}/{property}],methods=[PATCH || PUT || POST],consumes=[application/json || application/x-spring-data-compact+json || text/uri-list],produces=[application/hal+json || application/json || application/*+json;charset=UTF-8]}" onto public org.springframework.http.ResponseEntity<? extends org.springframework.hateoas.ResourceSupport> org.springframework.data.rest.webmvc.RepositoryPropertyReferenceController.createPropertyReference(org.springframework.data.rest.webmvc.RootResourceInformation,org.springframework.http.HttpMethod,org.springframework.hateoas.Resources<java.lang.Object>,java.io.Serializable,java.lang.String) throws java.lang.Exception
2017-04-16 05:42:38.809  INFO 8432 --- [    Test worker] o.s.d.r.w.RepositoryRestHandlerMapping   : Mapped "{[/api/{repository}/{id}/{property}],methods=[GET],produces=[application/x-spring-data-compact+json || text/uri-list]}" onto public org.springframework.http.ResponseEntity<org.springframework.hateoas.ResourceSupport> org.springframework.data.rest.webmvc.RepositoryPropertyReferenceController.followPropertyReferenceCompact(org.springframework.data.rest.webmvc.RootResourceInformation,java.io.Serializable,java.lang.String,org.springframework.data.rest.webmvc.PersistentEntityResourceAssembler) throws java.lang.Exception
2017-04-16 05:42:38.809  INFO 8432 --- [    Test worker] o.s.d.r.w.RepositoryRestHandlerMapping   : Mapped "{[/api/{repository}/{id}/{property}],methods=[DELETE],produces=[application/hal+json || application/json || application/*+json;charset=UTF-8]}" onto public org.springframework.http.ResponseEntity<? extends org.springframework.hateoas.ResourceSupport> org.springframework.data.rest.webmvc.RepositoryPropertyReferenceController.deletePropertyReference(org.springframework.data.rest.webmvc.RootResourceInformation,java.io.Serializable,java.lang.String) throws java.lang.Exception
2017-04-16 05:42:38.810  INFO 8432 --- [    Test worker] o.s.d.r.w.RepositoryRestHandlerMapping   : Mapped "{[/api/{repository}/search],methods=[OPTIONS],produces=[application/hal+json || application/json || application/*+json;charset=UTF-8]}" onto public org.springframework.http.HttpEntity<?> org.springframework.data.rest.webmvc.RepositorySearchController.optionsForSearches(org.springframework.data.rest.webmvc.RootResourceInformation)
2017-04-16 05:42:38.810  INFO 8432 --- [    Test worker] o.s.d.r.w.RepositoryRestHandlerMapping   : Mapped "{[/api/{repository}/search/{search}],methods=[GET],produces=[application/x-spring-data-compact+json]}" onto public org.springframework.hateoas.ResourceSupport org.springframework.data.rest.webmvc.RepositorySearchController.executeSearchCompact(org.springframework.data.rest.webmvc.RootResourceInformation,org.springframework.util.MultiValueMap<java.lang.String, java.lang.Object>,java.lang.String,java.lang.String,org.springframework.data.rest.webmvc.support.DefaultedPageable,org.springframework.data.domain.Sort,org.springframework.data.rest.webmvc.PersistentEntityResourceAssembler)
2017-04-16 05:42:38.810  INFO 8432 --- [    Test worker] o.s.d.r.w.RepositoryRestHandlerMapping   : Mapped "{[/api/{repository}/search],methods=[GET],produces=[application/hal+json || application/json || application/*+json;charset=UTF-8]}" onto public org.springframework.data.rest.webmvc.RepositorySearchesResource org.springframework.data.rest.webmvc.RepositorySearchController.listSearches(org.springframework.data.rest.webmvc.RootResourceInformation)
2017-04-16 05:42:38.810  INFO 8432 --- [    Test worker] o.s.d.r.w.RepositoryRestHandlerMapping   : Mapped "{[/api/{repository}/search/{search}],methods=[HEAD],produces=[application/hal+json || application/json || application/*+json;charset=UTF-8]}" onto public org.springframework.http.ResponseEntity<java.lang.Object> org.springframework.data.rest.webmvc.RepositorySearchController.headForSearch(org.springframework.data.rest.webmvc.RootResourceInformation,java.lang.String)
2017-04-16 05:42:38.810  INFO 8432 --- [    Test worker] o.s.d.r.w.RepositoryRestHandlerMapping   : Mapped "{[/api/{repository}/search/{search}],methods=[GET],produces=[application/hal+json || application/json || application/*+json;charset=UTF-8]}" onto public org.springframework.http.ResponseEntity<java.lang.Object> org.springframework.data.rest.webmvc.RepositorySearchController.executeSearch(org.springframework.data.rest.webmvc.RootResourceInformation,org.springframework.util.MultiValueMap<java.lang.String, java.lang.Object>,java.lang.String,org.springframework.data.rest.webmvc.support.DefaultedPageable,org.springframework.data.domain.Sort,org.springframework.data.rest.webmvc.PersistentEntityResourceAssembler)
2017-04-16 05:42:38.810  INFO 8432 --- [    Test worker] o.s.d.r.w.RepositoryRestHandlerMapping   : Mapped "{[/api/{repository}/search/{search}],methods=[OPTIONS],produces=[application/hal+json || application/json || application/*+json;charset=UTF-8]}" onto public org.springframework.http.ResponseEntity<java.lang.Object> org.springframework.data.rest.webmvc.RepositorySearchController.optionsForSearch(org.springframework.data.rest.webmvc.RootResourceInformation,java.lang.String)
2017-04-16 05:42:38.810  INFO 8432 --- [    Test worker] o.s.d.r.w.RepositoryRestHandlerMapping   : Mapped "{[/api/{repository}/search],methods=[HEAD],produces=[application/hal+json || application/json || application/*+json;charset=UTF-8]}" onto public org.springframework.http.HttpEntity<?> org.springframework.data.rest.webmvc.RepositorySearchController.headForSearches(org.springframework.data.rest.webmvc.RootResourceInformation)
2017-04-16 05:42:38.812  INFO 8432 --- [    Test worker] o.s.d.r.w.BasePathAwareHandlerMapping    : Mapped "{[/api/profile/{repository}],methods=[GET],produces=[application/alps+json || */*]}" onto org.springframework.http.HttpEntity<org.springframework.data.rest.webmvc.RootResourceInformation> org.springframework.data.rest.webmvc.alps.AlpsController.descriptor(org.springframework.data.rest.webmvc.RootResourceInformation)
2017-04-16 05:42:38.812  INFO 8432 --- [    Test worker] o.s.d.r.w.BasePathAwareHandlerMapping    : Mapped "{[/api/profile/{repository}],methods=[OPTIONS],produces=[application/alps+json]}" onto org.springframework.http.HttpEntity<?> org.springframework.data.rest.webmvc.alps.AlpsController.alpsOptions()
2017-04-16 05:42:38.812  INFO 8432 --- [    Test worker] o.s.d.r.w.BasePathAwareHandlerMapping    : Mapped "{[/api/profile],methods=[OPTIONS]}" onto public org.springframework.http.HttpEntity<?> org.springframework.data.rest.webmvc.ProfileController.profileOptions()
2017-04-16 05:42:38.812  INFO 8432 --- [    Test worker] o.s.d.r.w.BasePathAwareHandlerMapping    : Mapped "{[/api/profile],methods=[GET]}" onto org.springframework.http.HttpEntity<org.springframework.hateoas.ResourceSupport> org.springframework.data.rest.webmvc.ProfileController.listAllFormsOfMetadata()
2017-04-16 05:42:38.812  INFO 8432 --- [    Test worker] o.s.d.r.w.BasePathAwareHandlerMapping    : Mapped "{[/api/profile/{repository}],methods=[GET],produces=[application/schema+json]}" onto public org.springframework.http.HttpEntity<org.springframework.data.rest.webmvc.json.JsonSchema> org.springframework.data.rest.webmvc.RepositorySchemaController.schema(org.springframework.data.rest.webmvc.RootResourceInformation)
2017-04-16 05:42:38.820  INFO 8432 --- [    Test worker] .m.m.a.ExceptionHandlerExceptionResolver : Detected @ExceptionHandler methods in repositoryRestExceptionHandler
2017-04-16 05:42:38.820  INFO 8432 --- [    Test worker] .m.m.a.ExceptionHandlerExceptionResolver : Detected ResponseBodyAdvice implementation in org.springframework.boot.actuate.autoconfigure.EndpointWebMvcHypermediaManagementContextConfiguration$ActuatorEndpointLinksAdvice
2017-04-16 05:42:38.851  INFO 8432 --- [    Test worker] o.s.b.a.e.mvc.EndpointHandlerMapping     : Mapped "{[/info || /info.json],methods=[GET],produces=[application/json]}" onto public java.lang.Object org.springframework.boot.actuate.endpoint.mvc.EndpointMvcAdapter.invoke()
2017-04-16 05:42:38.851  INFO 8432 --- [    Test worker] o.s.b.a.e.mvc.EndpointHandlerMapping     : Mapped "{[/metrics/{name:.*}],methods=[GET],produces=[application/json]}" onto public java.lang.Object org.springframework.boot.actuate.endpoint.mvc.MetricsMvcEndpoint.value(java.lang.String)
2017-04-16 05:42:38.851  INFO 8432 --- [    Test worker] o.s.b.a.e.mvc.EndpointHandlerMapping     : Mapped "{[/metrics || /metrics.json],methods=[GET],produces=[application/json]}" onto public java.lang.Object org.springframework.boot.actuate.endpoint.mvc.EndpointMvcAdapter.invoke()
2017-04-16 05:42:38.851  INFO 8432 --- [    Test worker] o.s.b.a.e.mvc.EndpointHandlerMapping     : Mapped "{[/dump || /dump.json],methods=[GET],produces=[application/json]}" onto public java.lang.Object org.springframework.boot.actuate.endpoint.mvc.EndpointMvcAdapter.invoke()
2017-04-16 05:42:38.851  INFO 8432 --- [    Test worker] o.s.b.a.e.mvc.EndpointHandlerMapping     : Mapped "{[/health || /health.json],produces=[application/json]}" onto public java.lang.Object org.springframework.boot.actuate.endpoint.mvc.HealthMvcEndpoint.invoke(java.security.Principal)
2017-04-16 05:42:38.851  INFO 8432 --- [    Test worker] o.s.b.a.e.mvc.EndpointHandlerMapping     : Mapped "{[/env/{name:.*}],methods=[GET],produces=[application/json]}" onto public java.lang.Object org.springframework.boot.actuate.endpoint.mvc.EnvironmentMvcEndpoint.value(java.lang.String)
2017-04-16 05:42:38.851  INFO 8432 --- [    Test worker] o.s.b.a.e.mvc.EndpointHandlerMapping     : Mapped "{[/env || /env.json],methods=[GET],produces=[application/json]}" onto public java.lang.Object org.springframework.boot.actuate.endpoint.mvc.EndpointMvcAdapter.invoke()
2017-04-16 05:42:38.851  INFO 8432 --- [    Test worker] o.s.b.a.e.mvc.EndpointHandlerMapping     : Mapped "{[/mappings || /mappings.json],methods=[GET],produces=[application/json]}" onto public java.lang.Object org.springframework.boot.actuate.endpoint.mvc.EndpointMvcAdapter.invoke()
2017-04-16 05:42:38.852  INFO 8432 --- [    Test worker] o.s.b.a.e.mvc.EndpointHandlerMapping     : Mapped "{[/beans || /beans.json],methods=[GET],produces=[application/json]}" onto public java.lang.Object org.springframework.boot.actuate.endpoint.mvc.EndpointMvcAdapter.invoke()
2017-04-16 05:42:38.852  INFO 8432 --- [    Test worker] o.s.b.a.e.mvc.EndpointHandlerMapping     : Mapped "{[/trace || /trace.json],methods=[GET],produces=[application/json]}" onto public java.lang.Object org.springframework.boot.actuate.endpoint.mvc.EndpointMvcAdapter.invoke()
2017-04-16 05:42:38.852  INFO 8432 --- [    Test worker] o.s.b.a.e.mvc.EndpointHandlerMapping     : Mapped "{[/configprops || /configprops.json],methods=[GET],produces=[application/json]}" onto public java.lang.Object org.springframework.boot.actuate.endpoint.mvc.EndpointMvcAdapter.invoke()
2017-04-16 05:42:38.852  INFO 8432 --- [    Test worker] o.s.b.a.e.mvc.EndpointHandlerMapping     : Mapped "{[/heapdump || /heapdump.json],methods=[GET],produces=[application/octet-stream]}" onto public void org.springframework.boot.actuate.endpoint.mvc.HeapdumpMvcEndpoint.invoke(boolean,javax.servlet.http.HttpServletRequest,javax.servlet.http.HttpServletResponse) throws java.io.IOException,javax.servlet.ServletException
2017-04-16 05:42:38.852  INFO 8432 --- [    Test worker] o.s.b.a.e.mvc.EndpointHandlerMapping     : Mapped "{[/actuator || /actuator.json],produces=[application/json]}" onto public org.springframework.hateoas.ResourceSupport org.springframework.boot.actuate.endpoint.mvc.HalJsonMvcEndpoint.links()
2017-04-16 05:42:38.852  INFO 8432 --- [    Test worker] o.s.b.a.e.mvc.EndpointHandlerMapping     : Mapped "{[/autoconfig || /autoconfig.json],methods=[GET],produces=[application/json]}" onto public java.lang.Object org.springframework.boot.actuate.endpoint.mvc.EndpointMvcAdapter.invoke()
2017-04-16 05:42:38.986  INFO 8432 --- [    Test worker] h.storage.FileSystemStorageServiceTest   : Started FileSystemStorageServiceTest in 8.066 seconds (JVM running for 569.702)
2017-04-16 05:42:38.992  INFO 8432 --- [    Test worker] o.s.w.c.s.GenericWebApplicationContext   : Closing org.springframework.web.context.support.GenericWebApplicationContext@729fe296: startup date [Sun Apr 16 05:42:30 CDT 2017]; root of context hierarchy
2017-04-16 05:42:38.993  INFO 8432 --- [    Test worker] j.LocalContainerEntityManagerFactoryBean : Closing JPA EntityManagerFactory for persistence unit 'default'

  .   ____          _            __ _ _
 /\\ / ___'_ __ _ _(_)_ __  __ _ \ \ \ \
( ( )\___ | '_ | '_| | '_ \/ _` | \ \ \ \
 \\/  ___)| |_)| | | | | || (_| |  ) ) ) )
  '  |____| .__|_| |_|_| |_\__, | / / / /
 =========|_|==============|___/=/_/_/_/
 :: Spring Boot ::        (v1.4.4.RELEASE)

2017-04-16 05:42:39.023  INFO 8432 --- [    Test worker] h.storage.FileSystemStorageServiceTest   : Starting FileSystemStorageServiceTest on Puget-99033 with PID 8432 (started by Hector in D:\SHRPAS_Project)
2017-04-16 05:42:39.023  INFO 8432 --- [    Test worker] h.storage.FileSystemStorageServiceTest   : The following profiles are active: production
2017-04-16 05:42:39.025  INFO 8432 --- [    Test worker] o.s.w.c.s.GenericWebApplicationContext   : Refreshing org.springframework.web.context.support.GenericWebApplicationContext@31b85f0b: startup date [Sun Apr 16 05:42:39 CDT 2017]; root of context hierarchy
2017-04-16 05:42:39.513  INFO 8432 --- [    Test worker] o.s.b.f.s.DefaultListableBeanFactory     : Overriding bean definition for bean 'managementServletContext' with a different definition: replacing [Root bean: class [null]; scope=; abstract=false; lazyInit=false; autowireMode=3; dependencyCheck=0; autowireCandidate=true; primary=false; factoryBeanName=org.springframework.boot.actuate.autoconfigure.EndpointWebMvcHypermediaManagementContextConfiguration; factoryMethodName=managementServletContext; initMethodName=null; destroyMethodName=(inferred); defined in class path resource [org/springframework/boot/actuate/autoconfigure/EndpointWebMvcHypermediaManagementContextConfiguration.class]] with [Root bean: class [null]; scope=; abstract=false; lazyInit=false; autowireMode=3; dependencyCheck=0; autowireCandidate=true; primary=false; factoryBeanName=org.springframework.boot.actuate.autoconfigure.EndpointWebMvcAutoConfiguration; factoryMethodName=managementServletContext; initMethodName=null; destroyMethodName=(inferred); defined in class path resource [org/springframework/boot/actuate/autoconfigure/EndpointWebMvcAutoConfiguration.class]]
2017-04-16 05:42:39.642  INFO 8432 --- [    Test worker] trationDelegate$BeanPostProcessorChecker : Bean 'org.springframework.transaction.annotation.ProxyTransactionManagementConfiguration' of type [class org.springframework.transaction.annotation.ProxyTransactionManagementConfiguration$$EnhancerBySpringCGLIB$$84143e54] is not eligible for getting processed by all BeanPostProcessors (for example: not eligible for auto-proxying)
2017-04-16 05:42:39.749  INFO 8432 --- [    Test worker] j.LocalContainerEntityManagerFactoryBean : Building JPA container EntityManagerFactory for persistence unit 'default'
2017-04-16 05:42:39.749  INFO 8432 --- [    Test worker] org.hibernate.ejb.Ejb3Configuration      : HHH000204: Processing PersistenceUnitInfo [
	name: default
	...]
2017-04-16 05:42:39.756  INFO 8432 --- [    Test worker] o.h.s.j.c.i.ConnectionProviderInitiator  : HHH000130: Instantiating explicit connection provider: org.hibernate.ejb.connection.InjectedDataSourceConnectionProvider
2017-04-16 05:42:42.480  INFO 8432 --- [    Test worker] org.hibernate.dialect.Dialect            : HHH000400: Using dialect: org.hibernate.dialect.MySQLDialect
2017-04-16 05:42:42.480  INFO 8432 --- [    Test worker] o.h.e.t.i.TransactionFactoryInitiator    : HHH000268: Transaction strategy: org.hibernate.engine.transaction.internal.jdbc.JdbcTransactionFactory
2017-04-16 05:42:42.480  INFO 8432 --- [    Test worker] o.h.h.i.ast.ASTQueryTranslatorFactory    : HHH000397: Using ASTQueryTranslatorFactory
2017-04-16 05:42:42.505  INFO 8432 --- [    Test worker] org.hibernate.tool.hbm2ddl.SchemaExport  : HHH000227: Running hbm2ddl schema export
2017-04-16 05:42:45.448  INFO 8432 --- [    Test worker] org.hibernate.tool.hbm2ddl.SchemaExport  : HHH000230: Schema export complete
2017-04-16 05:42:45.453  WARN 8432 --- [    Test worker] o.h.e.i.EntityManagerFactoryRegistry     : HHH000436: Entity manager factory name (default) is already registered.  If entity manager will be clustered or passivated, specify a unique value for property 'hibernate.ejb.entitymanager_factory_name'
2017-04-16 05:42:45.453  INFO 8432 --- [    Test worker] j.LocalContainerEntityManagerFactoryBean : Initialized JPA EntityManagerFactory for persistence unit 'default'
2017-04-16 05:42:45.584  INFO 8432 --- [    Test worker] o.s.b.f.config.PropertiesFactoryBean     : Loading properties file from class path resource [rest-default-messages.properties]
2017-04-16 05:42:46.813  INFO 8432 --- [    Test worker] s.w.s.m.m.a.RequestMappingHandlerAdapter : Looking for @ControllerAdvice: org.springframework.web.context.support.GenericWebApplicationContext@31b85f0b: startup date [Sun Apr 16 05:42:39 CDT 2017]; root of context hierarchy
2017-04-16 05:42:46.815  INFO 8432 --- [    Test worker] s.w.s.m.m.a.RequestMappingHandlerAdapter : Detected ResponseBodyAdvice bean in org.springframework.boot.actuate.autoconfigure.EndpointWebMvcHypermediaManagementContextConfiguration$ActuatorEndpointLinksAdvice
2017-04-16 05:42:46.825  INFO 8432 --- [    Test worker] s.w.s.m.m.a.RequestMappingHandlerMapping : Mapped "{[/api/login],methods=[POST],consumes=[application/json]}" onto public hello.models.LoginResults hello.controllers.AdministratorController.login(java.lang.String,hello.models.LoginRequest,org.springframework.validation.BindingResult,javax.servlet.http.HttpServletResponse)
2017-04-16 05:42:46.825  INFO 8432 --- [    Test worker] s.w.s.m.m.a.RequestMappingHandlerMapping : Mapped "{[/rest/assessments/{id}/users],methods=[POST]}" onto public org.springframework.http.ResponseEntity<hello.models.Assessment> hello.controllers.AssessmentController.addUser(int,hello.models.User) throws java.lang.Exception
2017-04-16 05:42:46.825  INFO 8432 --- [    Test worker] s.w.s.m.m.a.RequestMappingHandlerMapping : Mapped "{[/rest/send-email-test],methods=[GET]}" onto public org.springframework.http.ResponseEntity<java.lang.String> hello.controllers.AssessmentController.sendEmailTest() throws java.lang.Exception
2017-04-16 05:42:46.825  INFO 8432 --- [    Test worker] s.w.s.m.m.a.RequestMappingHandlerMapping : Mapped "{[/rest/assessments/{id}/delete],methods=[DELETE]}" onto public org.springframework.http.ResponseEntity<java.lang.Boolean> hello.controllers.AssessmentController.deleteAssessment(int)
2017-04-16 05:42:46.825  INFO 8432 --- [    Test worker] s.w.s.m.m.a.RequestMappingHandlerMapping : Mapped "{[/rest/assessments],methods=[POST]}" onto public org.springframework.http.ResponseEntity<hello.models.Assessment> hello.controllers.AssessmentController.addAssessment(javax.servlet.http.HttpSession,hello.models.Assessment) throws java.lang.Exception
2017-04-16 05:42:46.825  INFO 8432 --- [    Test worker] s.w.s.m.m.a.RequestMappingHandlerMapping : Mapped "{[/rest/assessments/{id}],methods=[PATCH]}" onto public org.springframework.http.ResponseEntity<hello.models.Assessment> hello.controllers.AssessmentController.updateAssessment(int,hello.models.Assessment) throws java.lang.Exception
2017-04-16 05:42:46.825  INFO 8432 --- [    Test worker] s.w.s.m.m.a.RequestMappingHandlerMapping : Mapped "{[/rest/assessments/{id}/],methods=[GET]}" onto public org.springframework.http.ResponseEntity<hello.models.Assessment> hello.controllers.AssessmentController.getAssessment(int)
2017-04-16 05:42:46.825  INFO 8432 --- [    Test worker] s.w.s.m.m.a.RequestMappingHandlerMapping : Mapped "{[/rest/assessments/{id}/question],methods=[POST]}" onto public org.springframework.http.ResponseEntity<hello.models.Assessment> hello.controllers.AssessmentController.addQuestion(int,hello.models.Question) throws java.lang.Exception
2017-04-16 05:42:46.825  INFO 8432 --- [    Test worker] s.w.s.m.m.a.RequestMappingHandlerMapping : Mapped "{[/rest/assessments],methods=[GET]}" onto public java.util.ArrayList<hello.models.Assessment> hello.controllers.AssessmentController.getAllAssessments(javax.servlet.http.HttpSession) throws java.lang.Exception
2017-04-16 05:42:46.825  INFO 8432 --- [    Test worker] s.w.s.m.m.a.RequestMappingHandlerMapping : Mapped "{[/rest/assessments/{id}/question/{questionId}],methods=[POST]}" onto public org.springframework.http.ResponseEntity<hello.models.Assessment> hello.controllers.AssessmentController.addExistingQuestion(int,int)
2017-04-16 05:42:46.825  INFO 8432 --- [    Test worker] s.w.s.m.m.a.RequestMappingHandlerMapping : Mapped "{[/rest/session/login],methods=[POST]}" onto public org.springframework.http.ResponseEntity<hello.models.LoginResponse> hello.controllers.AuthenticationController.login(hello.models.LoginRequest,javax.servlet.http.HttpSession)
2017-04-16 05:42:46.825  INFO 8432 --- [    Test worker] s.w.s.m.m.a.RequestMappingHandlerMapping : Mapped "{[/rest/session],methods=[GET]}" onto public hello.models.User hello.controllers.AuthenticationController.session(javax.servlet.http.HttpSession)
2017-04-16 05:42:46.825  INFO 8432 --- [    Test worker] s.w.s.m.m.a.RequestMappingHandlerMapping : Mapped "{[/rest/session],methods=[DELETE]}" onto public void hello.controllers.AuthenticationController.logout(javax.servlet.http.HttpSession)
2017-04-16 05:42:46.825  INFO 8432 --- [    Test worker] s.w.s.m.m.a.RequestMappingHandlerMapping : Mapped "{[/rest/session/logout],methods=[POST]}" onto public org.springframework.http.ResponseEntity<hello.models.LogoutResponse> hello.controllers.AuthenticationController.logout() throws java.lang.Exception
2017-04-16 05:42:46.825  INFO 8432 --- [    Test worker] s.w.s.m.m.a.RequestMappingHandlerMapping : Mapped "{[/rest/session/is-logged-in],methods=[GET]}" onto public org.springframework.http.ResponseEntity<hello.models.LoginResponse> hello.controllers.AuthenticationController.isLoggedIn(javax.servlet.http.HttpSession)
2017-04-16 05:42:46.826  INFO 8432 --- [    Test worker] s.w.s.m.m.a.RequestMappingHandlerMapping : Mapped "{[/files/upload]}" onto public hello.models.JSONResponse hello.controllers.FileUploadController.uploadFile(org.springframework.web.multipart.MultipartFile)
2017-04-16 05:42:46.826  INFO 8432 --- [    Test worker] s.w.s.m.m.a.RequestMappingHandlerMapping : Mapped "{[/files/{filename:.+}],methods=[GET]}" onto public org.springframework.http.ResponseEntity<org.springframework.core.io.Resource> hello.controllers.FileUploadController.serveFile(java.lang.String)
2017-04-16 05:42:46.826  INFO 8432 --- [    Test worker] s.w.s.m.m.a.RequestMappingHandlerMapping : Mapped "{[/app/**]}" onto public org.springframework.web.servlet.ModelAndView hello.controllers.HomeController.index(javax.servlet.http.HttpSession,javax.servlet.http.HttpServletResponse)
2017-04-16 05:42:46.826  INFO 8432 --- [    Test worker] s.w.s.m.m.a.RequestMappingHandlerMapping : Mapped "{[]}" onto public java.lang.String hello.controllers.HomeController.home()
2017-04-16 05:42:46.826  INFO 8432 --- [    Test worker] s.w.s.m.m.a.RequestMappingHandlerMapping : Mapped "{[/rest/participants],methods=[GET]}" onto public java.util.ArrayList<hello.models.Participant> hello.controllers.ParticipantController.getParticipants()
2017-04-16 05:42:46.826  INFO 8432 --- [    Test worker] s.w.s.m.m.a.RequestMappingHandlerMapping : Mapped "{[/rest/participants],methods=[POST]}" onto public org.springframework.http.ResponseEntity<java.util.List<hello.models.Participant>> hello.controllers.ParticipantController.addParticipant(java.util.List<hello.models.Participant>)
2017-04-16 05:42:46.826  INFO 8432 --- [    Test worker] s.w.s.m.m.a.RequestMappingHandlerMapping : Mapped "{[/rest/participant],methods=[POST]}" onto public org.springframework.http.ResponseEntity<hello.models.Participant> hello.controllers.ParticipantController.addParticipant(hello.models.Participant)
2017-04-16 05:42:46.826  INFO 8432 --- [    Test worker] s.w.s.m.m.a.RequestMappingHandlerMapping : Mapped "{[/rest/participants/{id}],methods=[GET]}" onto public org.springframework.http.ResponseEntity<hello.models.Participant> hello.controllers.ParticipantController.getParticipant(int)
2017-04-16 05:42:46.826  INFO 8432 --- [    Test worker] s.w.s.m.m.a.RequestMappingHandlerMapping : Mapped "{[/rest/participants/{id}],methods=[DELETE]}" onto public org.springframework.http.ResponseEntity<java.lang.Boolean> hello.controllers.ParticipantController.deleteParticipant(int) throws java.lang.Exception
2017-04-16 05:42:46.826  INFO 8432 --- [    Test worker] s.w.s.m.m.a.RequestMappingHandlerMapping : Mapped "{[/rest/participants/{id}],methods=[PUT]}" onto public org.springframework.http.ResponseEntity<hello.models.Participant> hello.controllers.ParticipantController.updateParticipant(int,hello.models.Participant) throws java.lang.Exception
2017-04-16 05:42:46.826  INFO 8432 --- [    Test worker] s.w.s.m.m.a.RequestMappingHandlerMapping : Mapped "{[/rest/questions],methods=[POST]}" onto public org.springframework.http.ResponseEntity<hello.models.Question> hello.controllers.QuestionController.addQuestion(hello.models.Question)
2017-04-16 05:42:46.826  INFO 8432 --- [    Test worker] s.w.s.m.m.a.RequestMappingHandlerMapping : Mapped "{[/rest/questions/{id}/],methods=[GET]}" onto public org.springframework.http.ResponseEntity<hello.models.Question> hello.controllers.QuestionController.getAQuestion(int)
2017-04-16 05:42:46.826  INFO 8432 --- [    Test worker] s.w.s.m.m.a.RequestMappingHandlerMapping : Mapped "{[/rest/questions/{id}],methods=[PATCH]}" onto public org.springframework.http.ResponseEntity<hello.models.Question> hello.controllers.QuestionController.updateQuestion(int,hello.models.Question) throws java.lang.Exception
2017-04-16 05:42:46.826  INFO 8432 --- [    Test worker] s.w.s.m.m.a.RequestMappingHandlerMapping : Mapped "{[/rest/questions],methods=[GET]}" onto public java.util.ArrayList<hello.models.Question> hello.controllers.QuestionController.getQuestions()
2017-04-16 05:42:46.826  INFO 8432 --- [    Test worker] s.w.s.m.m.a.RequestMappingHandlerMapping : Mapped "{[/rest/questions/{id}],methods=[DELETE]}" onto public org.springframework.http.ResponseEntity<java.lang.Boolean> hello.controllers.QuestionController.deleteQuestion(int)
2017-04-16 05:42:46.826  INFO 8432 --- [    Test worker] s.w.s.m.m.a.RequestMappingHandlerMapping : Mapped "{[/rest/targetGroups/{id}/assessment/{assessmentid}],methods=[POST]}" onto public org.springframework.http.ResponseEntity<hello.models.TargetGroup> hello.controllers.TargetGroupController.addExistingAssessmentToTargetGroup(int,int) throws java.lang.Exception
2017-04-16 05:42:46.827  INFO 8432 --- [    Test worker] s.w.s.m.m.a.RequestMappingHandlerMapping : Mapped "{[/rest/targetGroups/{id}/participants/{participantId}],methods=[POST]}" onto public org.springframework.http.ResponseEntity<hello.models.TargetGroup> hello.controllers.TargetGroupController.addExistingParticipantToTargetGroup(int,int) throws java.lang.Exception
2017-04-16 05:42:46.827  INFO 8432 --- [    Test worker] s.w.s.m.m.a.RequestMappingHandlerMapping : Mapped "{[/rest/targetGroups],methods=[POST]}" onto public org.springframework.http.ResponseEntity<hello.models.TargetGroup> hello.controllers.TargetGroupController.addTargetGroup(javax.servlet.http.HttpSession,hello.models.TargetGroup) throws java.lang.Exception
2017-04-16 05:42:46.827  INFO 8432 --- [    Test worker] s.w.s.m.m.a.RequestMappingHandlerMapping : Mapped "{[/rest/targetGroups/{id}],methods=[GET]}" onto public org.springframework.http.ResponseEntity<hello.models.TargetGroup> hello.controllers.TargetGroupController.getTargetGroup(int)
2017-04-16 05:42:46.827  INFO 8432 --- [    Test worker] s.w.s.m.m.a.RequestMappingHandlerMapping : Mapped "{[/rest/targetGroups],methods=[GET]}" onto public java.util.ArrayList<hello.models.TargetGroup> hello.controllers.TargetGroupController.getTargetGroups() throws java.lang.Exception
2017-04-16 05:42:46.827  INFO 8432 --- [    Test worker] s.w.s.m.m.a.RequestMappingHandlerMapping : Mapped "{[/rest/targetGroups/{id}],methods=[DELETE]}" onto public org.springframework.http.ResponseEntity<java.lang.Boolean> hello.controllers.TargetGroupController.deleteTargetGroup(int) throws java.lang.Exception
2017-04-16 05:42:46.827  INFO 8432 --- [    Test worker] s.w.s.m.m.a.RequestMappingHandlerMapping : Mapped "{[/rest/targetGroups/{id}/assessment],methods=[POST]}" onto public org.springframework.http.ResponseEntity<hello.models.TargetGroup> hello.controllers.TargetGroupController.addNewAssessmentToTargetGroup(int,hello.models.Assessment) throws java.lang.Exception
2017-04-16 05:42:46.827  INFO 8432 --- [    Test worker] s.w.s.m.m.a.RequestMappingHandlerMapping : Mapped "{[/rest/targetGroups/{id}/participants],methods=[GET]}" onto public java.util.ArrayList<hello.models.Participant> hello.controllers.TargetGroupController.getParticipantsInTargetGroup(int) throws java.lang.Exception
2017-04-16 05:42:46.827  INFO 8432 --- [    Test worker] s.w.s.m.m.a.RequestMappingHandlerMapping : Mapped "{[/rest/targetGroups/{id}/participants/{participantId}],methods=[PUT]}" onto public org.springframework.http.ResponseEntity<hello.models.TargetGroup> hello.controllers.TargetGroupController.removeParticipantFromTargetGroup(int,int) throws java.lang.Exception
2017-04-16 05:42:46.827  INFO 8432 --- [    Test worker] s.w.s.m.m.a.RequestMappingHandlerMapping : Mapped "{[/rest/targetGroups/{id}/participants],methods=[POST]}" onto public org.springframework.http.ResponseEntity<hello.models.TargetGroup> hello.controllers.TargetGroupController.addNewParticipantToTargetGroup(int,hello.models.Participant) throws java.lang.Exception
2017-04-16 05:42:46.827  INFO 8432 --- [    Test worker] s.w.s.m.m.a.RequestMappingHandlerMapping : Mapped "{[/rest/targetGroups/{id}/participantList],methods=[POST]}" onto public org.springframework.http.ResponseEntity<hello.models.TargetGroup> hello.controllers.TargetGroupController.addNewParticipantsToTargetGroup(int,java.util.List<hello.models.Participant>) throws java.lang.Exception
2017-04-16 05:42:46.827  INFO 8432 --- [    Test worker] s.w.s.m.m.a.RequestMappingHandlerMapping : Mapped "{[/rest/targetGroups/{id}],methods=[PUT]}" onto public org.springframework.http.ResponseEntity<hello.models.TargetGroup> hello.controllers.TargetGroupController.updateTargetGroup(int,hello.models.TargetGroup) throws java.lang.Exception
2017-04-16 05:42:46.827  INFO 8432 --- [    Test worker] s.w.s.m.m.a.RequestMappingHandlerMapping : Mapped "{[/rest/register],methods=[POST]}" onto public org.springframework.http.ResponseEntity<hello.models.User> hello.controllers.UserController.registerUser(hello.models.User) throws java.lang.Exception
2017-04-16 05:42:46.827  INFO 8432 --- [    Test worker] s.w.s.m.m.a.RequestMappingHandlerMapping : Mapped "{[/rest/currentUser],methods=[PATCH]}" onto public org.springframework.http.ResponseEntity<hello.models.User> hello.controllers.UserController.updateUser(hello.models.User) throws java.lang.Exception
2017-04-16 05:42:46.827  INFO 8432 --- [    Test worker] s.w.s.m.m.a.RequestMappingHandlerMapping : Mapped "{[/rest/currentUser],methods=[GET]}" onto public org.springframework.http.ResponseEntity<hello.models.User> hello.controllers.UserController.getCurrentUser() throws java.lang.Exception
2017-04-16 05:42:46.827  INFO 8432 --- [    Test worker] s.w.s.m.m.a.RequestMappingHandlerMapping : Mapped "{[/error]}" onto public org.springframework.http.ResponseEntity<java.util.Map<java.lang.String, java.lang.Object>> org.springframework.boot.autoconfigure.web.BasicErrorController.error(javax.servlet.http.HttpServletRequest)
2017-04-16 05:42:46.827  INFO 8432 --- [    Test worker] s.w.s.m.m.a.RequestMappingHandlerMapping : Mapped "{[/error],produces=[text/html]}" onto public org.springframework.web.servlet.ModelAndView org.springframework.boot.autoconfigure.web.BasicErrorController.errorHtml(javax.servlet.http.HttpServletRequest,javax.servlet.http.HttpServletResponse)
2017-04-16 05:42:46.845  INFO 8432 --- [    Test worker] o.s.w.s.handler.SimpleUrlHandlerMapping  : Mapped URL path [/webjars/**] onto handler of type [class org.springframework.web.servlet.resource.ResourceHttpRequestHandler]
2017-04-16 05:42:46.845  INFO 8432 --- [    Test worker] o.s.w.s.handler.SimpleUrlHandlerMapping  : Mapped URL path [/resources/**] onto handler of type [class org.springframework.web.servlet.resource.ResourceHttpRequestHandler]
2017-04-16 05:42:46.852  INFO 8432 --- [    Test worker] .m.m.a.ExceptionHandlerExceptionResolver : Detected @ExceptionHandler methods in repositoryRestExceptionHandler
2017-04-16 05:42:46.852  INFO 8432 --- [    Test worker] .m.m.a.ExceptionHandlerExceptionResolver : Detected ResponseBodyAdvice implementation in org.springframework.boot.actuate.autoconfigure.EndpointWebMvcHypermediaManagementContextConfiguration$ActuatorEndpointLinksAdvice
2017-04-16 05:42:46.862  INFO 8432 --- [    Test worker] o.s.w.s.handler.SimpleUrlHandlerMapping  : Mapped URL path [/**/favicon.ico] onto handler of type [class org.springframework.web.servlet.resource.ResourceHttpRequestHandler]
2017-04-16 05:42:46.895  INFO 8432 --- [    Test worker] oConfiguration$WelcomePageHandlerMapping : Adding welcome page: ServletContext resource [/index.html]
2017-04-16 05:42:47.046  INFO 8432 --- [    Test worker] o.s.d.r.w.RepositoryRestHandlerAdapter   : Looking for @ControllerAdvice: org.springframework.web.context.support.GenericWebApplicationContext@31b85f0b: startup date [Sun Apr 16 05:42:39 CDT 2017]; root of context hierarchy
2017-04-16 05:42:47.048  INFO 8432 --- [    Test worker] o.s.d.r.w.RepositoryRestHandlerAdapter   : Detected ResponseBodyAdvice bean in org.springframework.boot.actuate.autoconfigure.EndpointWebMvcHypermediaManagementContextConfiguration$ActuatorEndpointLinksAdvice
2017-04-16 05:42:47.049  INFO 8432 --- [    Test worker] o.s.d.r.w.RepositoryRestHandlerMapping   : Mapped "{[/api/ || /api],methods=[GET],produces=[application/hal+json || application/json || application/*+json;charset=UTF-8]}" onto public org.springframework.http.HttpEntity<org.springframework.data.rest.webmvc.RepositoryLinksResource> org.springframework.data.rest.webmvc.RepositoryController.listRepositories()
2017-04-16 05:42:47.049  INFO 8432 --- [    Test worker] o.s.d.r.w.RepositoryRestHandlerMapping   : Mapped "{[/api/ || /api],methods=[HEAD],produces=[application/hal+json || application/json || application/*+json;charset=UTF-8]}" onto public org.springframework.http.ResponseEntity<?> org.springframework.data.rest.webmvc.RepositoryController.headForRepositories()
2017-04-16 05:42:47.050  INFO 8432 --- [    Test worker] o.s.d.r.w.RepositoryRestHandlerMapping   : Mapped "{[/api/ || /api],methods=[OPTIONS],produces=[application/hal+json || application/json || application/*+json;charset=UTF-8]}" onto public org.springframework.http.HttpEntity<?> org.springframework.data.rest.webmvc.RepositoryController.optionsForRepositories()
2017-04-16 05:42:47.050  INFO 8432 --- [    Test worker] o.s.d.r.w.RepositoryRestHandlerMapping   : Mapped "{[/api/{repository}/{id}],methods=[PUT],produces=[application/hal+json || application/json || application/*+json;charset=UTF-8]}" onto public org.springframework.http.ResponseEntity<? extends org.springframework.hateoas.ResourceSupport> org.springframework.data.rest.webmvc.RepositoryEntityController.putItemResource(org.springframework.data.rest.webmvc.RootResourceInformation,org.springframework.data.rest.webmvc.PersistentEntityResource,java.io.Serializable,org.springframework.data.rest.webmvc.PersistentEntityResourceAssembler,org.springframework.data.rest.webmvc.support.ETag,java.lang.String) throws org.springframework.web.HttpRequestMethodNotSupportedException
2017-04-16 05:42:47.050  INFO 8432 --- [    Test worker] o.s.d.r.w.RepositoryRestHandlerMapping   : Mapped "{[/api/{repository}/{id}],methods=[GET],produces=[application/hal+json || application/json || application/*+json;charset=UTF-8]}" onto public org.springframework.http.ResponseEntity<org.springframework.hateoas.Resource<?>> org.springframework.data.rest.webmvc.RepositoryEntityController.getItemResource(org.springframework.data.rest.webmvc.RootResourceInformation,java.io.Serializable,org.springframework.data.rest.webmvc.PersistentEntityResourceAssembler,org.springframework.util.MultiValueMap<java.lang.String, java.lang.String>) throws org.springframework.web.HttpRequestMethodNotSupportedException
2017-04-16 05:42:47.050  INFO 8432 --- [    Test worker] o.s.d.r.w.RepositoryRestHandlerMapping   : Mapped "{[/api/{repository}/{id}],methods=[PATCH],produces=[application/hal+json || application/json || application/*+json;charset=UTF-8]}" onto public org.springframework.http.ResponseEntity<org.springframework.hateoas.ResourceSupport> org.springframework.data.rest.webmvc.RepositoryEntityController.patchItemResource(org.springframework.data.rest.webmvc.RootResourceInformation,org.springframework.data.rest.webmvc.PersistentEntityResource,java.io.Serializable,org.springframework.data.rest.webmvc.PersistentEntityResourceAssembler,org.springframework.data.rest.webmvc.support.ETag,java.lang.String) throws org.springframework.web.HttpRequestMethodNotSupportedException,org.springframework.data.rest.webmvc.ResourceNotFoundException
2017-04-16 05:42:47.050  INFO 8432 --- [    Test worker] o.s.d.r.w.RepositoryRestHandlerMapping   : Mapped "{[/api/{repository}/{id}],methods=[DELETE],produces=[application/hal+json || application/json || application/*+json;charset=UTF-8]}" onto public org.springframework.http.ResponseEntity<?> org.springframework.data.rest.webmvc.RepositoryEntityController.deleteItemResource(org.springframework.data.rest.webmvc.RootResourceInformation,java.io.Serializable,org.springframework.data.rest.webmvc.support.ETag) throws org.springframework.data.rest.webmvc.ResourceNotFoundException,org.springframework.web.HttpRequestMethodNotSupportedException
2017-04-16 05:42:47.050  INFO 8432 --- [    Test worker] o.s.d.r.w.RepositoryRestHandlerMapping   : Mapped "{[/api/{repository}],methods=[GET],produces=[application/x-spring-data-compact+json || text/uri-list]}" onto public org.springframework.hateoas.Resources<?> org.springframework.data.rest.webmvc.RepositoryEntityController.getCollectionResourceCompact(org.springframework.data.rest.webmvc.RootResourceInformation,org.springframework.data.rest.webmvc.support.DefaultedPageable,org.springframework.data.domain.Sort,org.springframework.data.rest.webmvc.PersistentEntityResourceAssembler) throws org.springframework.data.rest.webmvc.ResourceNotFoundException,org.springframework.web.HttpRequestMethodNotSupportedException
2017-04-16 05:42:47.050  INFO 8432 --- [    Test worker] o.s.d.r.w.RepositoryRestHandlerMapping   : Mapped "{[/api/{repository}],methods=[POST],produces=[application/hal+json || application/json || application/*+json;charset=UTF-8]}" onto public org.springframework.http.ResponseEntity<org.springframework.hateoas.ResourceSupport> org.springframework.data.rest.webmvc.RepositoryEntityController.postCollectionResource(org.springframework.data.rest.webmvc.RootResourceInformation,org.springframework.data.rest.webmvc.PersistentEntityResource,org.springframework.data.rest.webmvc.PersistentEntityResourceAssembler,java.lang.String) throws org.springframework.web.HttpRequestMethodNotSupportedException
2017-04-16 05:42:47.050  INFO 8432 --- [    Test worker] o.s.d.r.w.RepositoryRestHandlerMapping   : Mapped "{[/api/{repository}],methods=[GET],produces=[application/hal+json || application/json || application/*+json;charset=UTF-8]}" onto public org.springframework.hateoas.Resources<?> org.springframework.data.rest.webmvc.RepositoryEntityController.getCollectionResource(org.springframework.data.rest.webmvc.RootResourceInformation,org.springframework.data.rest.webmvc.support.DefaultedPageable,org.springframework.data.domain.Sort,org.springframework.data.rest.webmvc.PersistentEntityResourceAssembler) throws org.springframework.data.rest.webmvc.ResourceNotFoundException,org.springframework.web.HttpRequestMethodNotSupportedException
2017-04-16 05:42:47.050  INFO 8432 --- [    Test worker] o.s.d.r.w.RepositoryRestHandlerMapping   : Mapped "{[/api/{repository}/{id}],methods=[OPTIONS],produces=[application/hal+json || application/json || application/*+json;charset=UTF-8]}" onto public org.springframework.http.ResponseEntity<?> org.springframework.data.rest.webmvc.RepositoryEntityController.optionsForItemResource(org.springframework.data.rest.webmvc.RootResourceInformation)
2017-04-16 05:42:47.050  INFO 8432 --- [    Test worker] o.s.d.r.w.RepositoryRestHandlerMapping   : Mapped "{[/api/{repository}],methods=[OPTIONS],produces=[application/hal+json || application/json || application/*+json;charset=UTF-8]}" onto public org.springframework.http.ResponseEntity<?> org.springframework.data.rest.webmvc.RepositoryEntityController.optionsForCollectionResource(org.springframework.data.rest.webmvc.RootResourceInformation)
2017-04-16 05:42:47.051  INFO 8432 --- [    Test worker] o.s.d.r.w.RepositoryRestHandlerMapping   : Mapped "{[/api/{repository}],methods=[HEAD],produces=[application/hal+json || application/json || application/*+json;charset=UTF-8]}" onto public org.springframework.http.ResponseEntity<?> org.springframework.data.rest.webmvc.RepositoryEntityController.headCollectionResource(org.springframework.data.rest.webmvc.RootResourceInformation,org.springframework.data.rest.webmvc.support.DefaultedPageable) throws org.springframework.web.HttpRequestMethodNotSupportedException
2017-04-16 05:42:47.051  INFO 8432 --- [    Test worker] o.s.d.r.w.RepositoryRestHandlerMapping   : Mapped "{[/api/{repository}/{id}],methods=[HEAD],produces=[application/hal+json || application/json || application/*+json;charset=UTF-8]}" onto public org.springframework.http.ResponseEntity<?> org.springframework.data.rest.webmvc.RepositoryEntityController.headForItemResource(org.springframework.data.rest.webmvc.RootResourceInformation,java.io.Serializable,org.springframework.data.rest.webmvc.PersistentEntityResourceAssembler) throws org.springframework.web.HttpRequestMethodNotSupportedException
2017-04-16 05:42:47.051  INFO 8432 --- [    Test worker] o.s.d.r.w.RepositoryRestHandlerMapping   : Mapped "{[/api/{repository}/{id}/{property}/{propertyId}],methods=[DELETE],produces=[application/hal+json || application/json || application/*+json;charset=UTF-8]}" onto public org.springframework.http.ResponseEntity<org.springframework.hateoas.ResourceSupport> org.springframework.data.rest.webmvc.RepositoryPropertyReferenceController.deletePropertyReferenceId(org.springframework.data.rest.webmvc.RootResourceInformation,java.io.Serializable,java.lang.String,java.lang.String) throws java.lang.Exception
2017-04-16 05:42:47.051  INFO 8432 --- [    Test worker] o.s.d.r.w.RepositoryRestHandlerMapping   : Mapped "{[/api/{repository}/{id}/{property}/{propertyId}],methods=[GET],produces=[application/hal+json || application/json || application/*+json;charset=UTF-8]}" onto public org.springframework.http.ResponseEntity<org.springframework.hateoas.ResourceSupport> org.springframework.data.rest.webmvc.RepositoryPropertyReferenceController.followPropertyReference(org.springframework.data.rest.webmvc.RootResourceInformation,java.io.Serializable,java.lang.String,java.lang.String,org.springframework.data.rest.webmvc.PersistentEntityResourceAssembler) throws java.lang.Exception
2017-04-16 05:42:47.051  INFO 8432 --- [    Test worker] o.s.d.r.w.RepositoryRestHandlerMapping   : Mapped "{[/api/{repository}/{id}/{property}],methods=[GET],produces=[application/hal+json || application/json || application/*+json;charset=UTF-8]}" onto public org.springframework.http.ResponseEntity<org.springframework.hateoas.ResourceSupport> org.springframework.data.rest.webmvc.RepositoryPropertyReferenceController.followPropertyReference(org.springframework.data.rest.webmvc.RootResourceInformation,java.io.Serializable,java.lang.String,org.springframework.data.rest.webmvc.PersistentEntityResourceAssembler) throws java.lang.Exception
2017-04-16 05:42:47.051  INFO 8432 --- [    Test worker] o.s.d.r.w.RepositoryRestHandlerMapping   : Mapped "{[/api/{repository}/{id}/{property}],methods=[PATCH || PUT || POST],consumes=[application/json || application/x-spring-data-compact+json || text/uri-list],produces=[application/hal+json || application/json || application/*+json;charset=UTF-8]}" onto public org.springframework.http.ResponseEntity<? extends org.springframework.hateoas.ResourceSupport> org.springframework.data.rest.webmvc.RepositoryPropertyReferenceController.createPropertyReference(org.springframework.data.rest.webmvc.RootResourceInformation,org.springframework.http.HttpMethod,org.springframework.hateoas.Resources<java.lang.Object>,java.io.Serializable,java.lang.String) throws java.lang.Exception
2017-04-16 05:42:47.051  INFO 8432 --- [    Test worker] o.s.d.r.w.RepositoryRestHandlerMapping   : Mapped "{[/api/{repository}/{id}/{property}],methods=[GET],produces=[application/x-spring-data-compact+json || text/uri-list]}" onto public org.springframework.http.ResponseEntity<org.springframework.hateoas.ResourceSupport> org.springframework.data.rest.webmvc.RepositoryPropertyReferenceController.followPropertyReferenceCompact(org.springframework.data.rest.webmvc.RootResourceInformation,java.io.Serializable,java.lang.String,org.springframework.data.rest.webmvc.PersistentEntityResourceAssembler) throws java.lang.Exception
2017-04-16 05:42:47.051  INFO 8432 --- [    Test worker] o.s.d.r.w.RepositoryRestHandlerMapping   : Mapped "{[/api/{repository}/{id}/{property}],methods=[DELETE],produces=[application/hal+json || application/json || application/*+json;charset=UTF-8]}" onto public org.springframework.http.ResponseEntity<? extends org.springframework.hateoas.ResourceSupport> org.springframework.data.rest.webmvc.RepositoryPropertyReferenceController.deletePropertyReference(org.springframework.data.rest.webmvc.RootResourceInformation,java.io.Serializable,java.lang.String) throws java.lang.Exception
2017-04-16 05:42:47.052  INFO 8432 --- [    Test worker] o.s.d.r.w.RepositoryRestHandlerMapping   : Mapped "{[/api/{repository}/search],methods=[OPTIONS],produces=[application/hal+json || application/json || application/*+json;charset=UTF-8]}" onto public org.springframework.http.HttpEntity<?> org.springframework.data.rest.webmvc.RepositorySearchController.optionsForSearches(org.springframework.data.rest.webmvc.RootResourceInformation)
2017-04-16 05:42:47.052  INFO 8432 --- [    Test worker] o.s.d.r.w.RepositoryRestHandlerMapping   : Mapped "{[/api/{repository}/search/{search}],methods=[GET],produces=[application/x-spring-data-compact+json]}" onto public org.springframework.hateoas.ResourceSupport org.springframework.data.rest.webmvc.RepositorySearchController.executeSearchCompact(org.springframework.data.rest.webmvc.RootResourceInformation,org.springframework.util.MultiValueMap<java.lang.String, java.lang.Object>,java.lang.String,java.lang.String,org.springframework.data.rest.webmvc.support.DefaultedPageable,org.springframework.data.domain.Sort,org.springframework.data.rest.webmvc.PersistentEntityResourceAssembler)
2017-04-16 05:42:47.052  INFO 8432 --- [    Test worker] o.s.d.r.w.RepositoryRestHandlerMapping   : Mapped "{[/api/{repository}/search],methods=[GET],produces=[application/hal+json || application/json || application/*+json;charset=UTF-8]}" onto public org.springframework.data.rest.webmvc.RepositorySearchesResource org.springframework.data.rest.webmvc.RepositorySearchController.listSearches(org.springframework.data.rest.webmvc.RootResourceInformation)
2017-04-16 05:42:47.052  INFO 8432 --- [    Test worker] o.s.d.r.w.RepositoryRestHandlerMapping   : Mapped "{[/api/{repository}/search/{search}],methods=[HEAD],produces=[application/hal+json || application/json || application/*+json;charset=UTF-8]}" onto public org.springframework.http.ResponseEntity<java.lang.Object> org.springframework.data.rest.webmvc.RepositorySearchController.headForSearch(org.springframework.data.rest.webmvc.RootResourceInformation,java.lang.String)
2017-04-16 05:42:47.052  INFO 8432 --- [    Test worker] o.s.d.r.w.RepositoryRestHandlerMapping   : Mapped "{[/api/{repository}/search/{search}],methods=[GET],produces=[application/hal+json || application/json || application/*+json;charset=UTF-8]}" onto public org.springframework.http.ResponseEntity<java.lang.Object> org.springframework.data.rest.webmvc.RepositorySearchController.executeSearch(org.springframework.data.rest.webmvc.RootResourceInformation,org.springframework.util.MultiValueMap<java.lang.String, java.lang.Object>,java.lang.String,org.springframework.data.rest.webmvc.support.DefaultedPageable,org.springframework.data.domain.Sort,org.springframework.data.rest.webmvc.PersistentEntityResourceAssembler)
2017-04-16 05:42:47.052  INFO 8432 --- [    Test worker] o.s.d.r.w.RepositoryRestHandlerMapping   : Mapped "{[/api/{repository}/search/{search}],methods=[OPTIONS],produces=[application/hal+json || application/json || application/*+json;charset=UTF-8]}" onto public org.springframework.http.ResponseEntity<java.lang.Object> org.springframework.data.rest.webmvc.RepositorySearchController.optionsForSearch(org.springframework.data.rest.webmvc.RootResourceInformation,java.lang.String)
2017-04-16 05:42:47.052  INFO 8432 --- [    Test worker] o.s.d.r.w.RepositoryRestHandlerMapping   : Mapped "{[/api/{repository}/search],methods=[HEAD],produces=[application/hal+json || application/json || application/*+json;charset=UTF-8]}" onto public org.springframework.http.HttpEntity<?> org.springframework.data.rest.webmvc.RepositorySearchController.headForSearches(org.springframework.data.rest.webmvc.RootResourceInformation)
2017-04-16 05:42:47.054  INFO 8432 --- [    Test worker] o.s.d.r.w.BasePathAwareHandlerMapping    : Mapped "{[/api/profile/{repository}],methods=[GET],produces=[application/alps+json || */*]}" onto org.springframework.http.HttpEntity<org.springframework.data.rest.webmvc.RootResourceInformation> org.springframework.data.rest.webmvc.alps.AlpsController.descriptor(org.springframework.data.rest.webmvc.RootResourceInformation)
2017-04-16 05:42:47.054  INFO 8432 --- [    Test worker] o.s.d.r.w.BasePathAwareHandlerMapping    : Mapped "{[/api/profile/{repository}],methods=[OPTIONS],produces=[application/alps+json]}" onto org.springframework.http.HttpEntity<?> org.springframework.data.rest.webmvc.alps.AlpsController.alpsOptions()
2017-04-16 05:42:47.054  INFO 8432 --- [    Test worker] o.s.d.r.w.BasePathAwareHandlerMapping    : Mapped "{[/api/profile],methods=[OPTIONS]}" onto public org.springframework.http.HttpEntity<?> org.springframework.data.rest.webmvc.ProfileController.profileOptions()
2017-04-16 05:42:47.054  INFO 8432 --- [    Test worker] o.s.d.r.w.BasePathAwareHandlerMapping    : Mapped "{[/api/profile],methods=[GET]}" onto org.springframework.http.HttpEntity<org.springframework.hateoas.ResourceSupport> org.springframework.data.rest.webmvc.ProfileController.listAllFormsOfMetadata()
2017-04-16 05:42:47.054  INFO 8432 --- [    Test worker] o.s.d.r.w.BasePathAwareHandlerMapping    : Mapped "{[/api/profile/{repository}],methods=[GET],produces=[application/schema+json]}" onto public org.springframework.http.HttpEntity<org.springframework.data.rest.webmvc.json.JsonSchema> org.springframework.data.rest.webmvc.RepositorySchemaController.schema(org.springframework.data.rest.webmvc.RootResourceInformation)
2017-04-16 05:42:47.062  INFO 8432 --- [    Test worker] .m.m.a.ExceptionHandlerExceptionResolver : Detected @ExceptionHandler methods in repositoryRestExceptionHandler
2017-04-16 05:42:47.062  INFO 8432 --- [    Test worker] .m.m.a.ExceptionHandlerExceptionResolver : Detected ResponseBodyAdvice implementation in org.springframework.boot.actuate.autoconfigure.EndpointWebMvcHypermediaManagementContextConfiguration$ActuatorEndpointLinksAdvice
2017-04-16 05:42:47.093  INFO 8432 --- [    Test worker] o.s.b.a.e.mvc.EndpointHandlerMapping     : Mapped "{[/beans || /beans.json],methods=[GET],produces=[application/json]}" onto public java.lang.Object org.springframework.boot.actuate.endpoint.mvc.EndpointMvcAdapter.invoke()
2017-04-16 05:42:47.094  INFO 8432 --- [    Test worker] o.s.b.a.e.mvc.EndpointHandlerMapping     : Mapped "{[/metrics/{name:.*}],methods=[GET],produces=[application/json]}" onto public java.lang.Object org.springframework.boot.actuate.endpoint.mvc.MetricsMvcEndpoint.value(java.lang.String)
2017-04-16 05:42:47.094  INFO 8432 --- [    Test worker] o.s.b.a.e.mvc.EndpointHandlerMapping     : Mapped "{[/metrics || /metrics.json],methods=[GET],produces=[application/json]}" onto public java.lang.Object org.springframework.boot.actuate.endpoint.mvc.EndpointMvcAdapter.invoke()
2017-04-16 05:42:47.094  INFO 8432 --- [    Test worker] o.s.b.a.e.mvc.EndpointHandlerMapping     : Mapped "{[/health || /health.json],produces=[application/json]}" onto public java.lang.Object org.springframework.boot.actuate.endpoint.mvc.HealthMvcEndpoint.invoke(java.security.Principal)
2017-04-16 05:42:47.094  INFO 8432 --- [    Test worker] o.s.b.a.e.mvc.EndpointHandlerMapping     : Mapped "{[/info || /info.json],methods=[GET],produces=[application/json]}" onto public java.lang.Object org.springframework.boot.actuate.endpoint.mvc.EndpointMvcAdapter.invoke()
2017-04-16 05:42:47.094  INFO 8432 --- [    Test worker] o.s.b.a.e.mvc.EndpointHandlerMapping     : Mapped "{[/dump || /dump.json],methods=[GET],produces=[application/json]}" onto public java.lang.Object org.springframework.boot.actuate.endpoint.mvc.EndpointMvcAdapter.invoke()
2017-04-16 05:42:47.094  INFO 8432 --- [    Test worker] o.s.b.a.e.mvc.EndpointHandlerMapping     : Mapped "{[/actuator || /actuator.json],produces=[application/json]}" onto public org.springframework.hateoas.ResourceSupport org.springframework.boot.actuate.endpoint.mvc.HalJsonMvcEndpoint.links()
2017-04-16 05:42:47.094  INFO 8432 --- [    Test worker] o.s.b.a.e.mvc.EndpointHandlerMapping     : Mapped "{[/env/{name:.*}],methods=[GET],produces=[application/json]}" onto public java.lang.Object org.springframework.boot.actuate.endpoint.mvc.EnvironmentMvcEndpoint.value(java.lang.String)
2017-04-16 05:42:47.094  INFO 8432 --- [    Test worker] o.s.b.a.e.mvc.EndpointHandlerMapping     : Mapped "{[/env || /env.json],methods=[GET],produces=[application/json]}" onto public java.lang.Object org.springframework.boot.actuate.endpoint.mvc.EndpointMvcAdapter.invoke()
2017-04-16 05:42:47.095  INFO 8432 --- [    Test worker] o.s.b.a.e.mvc.EndpointHandlerMapping     : Mapped "{[/mappings || /mappings.json],methods=[GET],produces=[application/json]}" onto public java.lang.Object org.springframework.boot.actuate.endpoint.mvc.EndpointMvcAdapter.invoke()
2017-04-16 05:42:47.095  INFO 8432 --- [    Test worker] o.s.b.a.e.mvc.EndpointHandlerMapping     : Mapped "{[/autoconfig || /autoconfig.json],methods=[GET],produces=[application/json]}" onto public java.lang.Object org.springframework.boot.actuate.endpoint.mvc.EndpointMvcAdapter.invoke()
2017-04-16 05:42:47.105  INFO 8432 --- [    Test worker] o.s.b.a.e.mvc.EndpointHandlerMapping     : Mapped "{[/heapdump || /heapdump.json],methods=[GET],produces=[application/octet-stream]}" onto public void org.springframework.boot.actuate.endpoint.mvc.HeapdumpMvcEndpoint.invoke(boolean,javax.servlet.http.HttpServletRequest,javax.servlet.http.HttpServletResponse) throws java.io.IOException,javax.servlet.ServletException
2017-04-16 05:42:47.106  INFO 8432 --- [    Test worker] o.s.b.a.e.mvc.EndpointHandlerMapping     : Mapped "{[/trace || /trace.json],methods=[GET],produces=[application/json]}" onto public java.lang.Object org.springframework.boot.actuate.endpoint.mvc.EndpointMvcAdapter.invoke()
2017-04-16 05:42:47.106  INFO 8432 --- [    Test worker] o.s.b.a.e.mvc.EndpointHandlerMapping     : Mapped "{[/configprops || /configprops.json],methods=[GET],produces=[application/json]}" onto public java.lang.Object org.springframework.boot.actuate.endpoint.mvc.EndpointMvcAdapter.invoke()
2017-04-16 05:42:47.239  INFO 8432 --- [    Test worker] h.storage.FileSystemStorageServiceTest   : Started FileSystemStorageServiceTest in 8.242 seconds (JVM running for 577.955)
2017-04-16 05:42:47.244  INFO 8432 --- [    Test worker] o.s.w.c.s.GenericWebApplicationContext   : Closing org.springframework.web.context.support.GenericWebApplicationContext@31b85f0b: startup date [Sun Apr 16 05:42:39 CDT 2017]; root of context hierarchy
2017-04-16 05:42:47.245  INFO 8432 --- [    Test worker] j.LocalContainerEntityManagerFactoryBean : Closing JPA EntityManagerFactory for persistence unit 'default'

  .   ____          _            __ _ _
 /\\ / ___'_ __ _ _(_)_ __  __ _ \ \ \ \
( ( )\___ | '_ | '_| | '_ \/ _` | \ \ \ \
 \\/  ___)| |_)| | | | | || (_| |  ) ) ) )
  '  |____| .__|_| |_|_| |_\__, | / / / /
 =========|_|==============|___/=/_/_/_/
 :: Spring Boot ::        (v1.4.4.RELEASE)

2017-04-16 05:42:47.278  INFO 8432 --- [    Test worker] h.storage.FileSystemStorageServiceTest   : Starting FileSystemStorageServiceTest on Puget-99033 with PID 8432 (started by Hector in D:\SHRPAS_Project)
2017-04-16 05:42:47.278  INFO 8432 --- [    Test worker] h.storage.FileSystemStorageServiceTest   : The following profiles are active: production
2017-04-16 05:42:47.279  INFO 8432 --- [    Test worker] o.s.w.c.s.GenericWebApplicationContext   : Refreshing org.springframework.web.context.support.GenericWebApplicationContext@5eb7c61b: startup date [Sun Apr 16 05:42:47 CDT 2017]; root of context hierarchy
2017-04-16 05:42:47.810  INFO 8432 --- [    Test worker] o.s.b.f.s.DefaultListableBeanFactory     : Overriding bean definition for bean 'managementServletContext' with a different definition: replacing [Root bean: class [null]; scope=; abstract=false; lazyInit=false; autowireMode=3; dependencyCheck=0; autowireCandidate=true; primary=false; factoryBeanName=org.springframework.boot.actuate.autoconfigure.EndpointWebMvcHypermediaManagementContextConfiguration; factoryMethodName=managementServletContext; initMethodName=null; destroyMethodName=(inferred); defined in class path resource [org/springframework/boot/actuate/autoconfigure/EndpointWebMvcHypermediaManagementContextConfiguration.class]] with [Root bean: class [null]; scope=; abstract=false; lazyInit=false; autowireMode=3; dependencyCheck=0; autowireCandidate=true; primary=false; factoryBeanName=org.springframework.boot.actuate.autoconfigure.EndpointWebMvcAutoConfiguration; factoryMethodName=managementServletContext; initMethodName=null; destroyMethodName=(inferred); defined in class path resource [org/springframework/boot/actuate/autoconfigure/EndpointWebMvcAutoConfiguration.class]]
2017-04-16 05:42:47.941  INFO 8432 --- [    Test worker] trationDelegate$BeanPostProcessorChecker : Bean 'org.springframework.transaction.annotation.ProxyTransactionManagementConfiguration' of type [class org.springframework.transaction.annotation.ProxyTransactionManagementConfiguration$$EnhancerBySpringCGLIB$$84143e54] is not eligible for getting processed by all BeanPostProcessors (for example: not eligible for auto-proxying)
2017-04-16 05:42:48.048  INFO 8432 --- [    Test worker] j.LocalContainerEntityManagerFactoryBean : Building JPA container EntityManagerFactory for persistence unit 'default'
2017-04-16 05:42:48.049  INFO 8432 --- [    Test worker] org.hibernate.ejb.Ejb3Configuration      : HHH000204: Processing PersistenceUnitInfo [
	name: default
	...]
2017-04-16 05:42:48.055  INFO 8432 --- [    Test worker] o.h.s.j.c.i.ConnectionProviderInitiator  : HHH000130: Instantiating explicit connection provider: org.hibernate.ejb.connection.InjectedDataSourceConnectionProvider
2017-04-16 05:42:49.921  INFO 8432 --- [    Test worker] org.hibernate.dialect.Dialect            : HHH000400: Using dialect: org.hibernate.dialect.MySQLDialect
2017-04-16 05:42:49.921  INFO 8432 --- [    Test worker] o.h.e.t.i.TransactionFactoryInitiator    : HHH000268: Transaction strategy: org.hibernate.engine.transaction.internal.jdbc.JdbcTransactionFactory
2017-04-16 05:42:49.921  INFO 8432 --- [    Test worker] o.h.h.i.ast.ASTQueryTranslatorFactory    : HHH000397: Using ASTQueryTranslatorFactory
2017-04-16 05:42:49.947  INFO 8432 --- [    Test worker] org.hibernate.tool.hbm2ddl.SchemaExport  : HHH000227: Running hbm2ddl schema export
2017-04-16 05:42:54.116  INFO 8432 --- [    Test worker] org.hibernate.tool.hbm2ddl.SchemaExport  : HHH000230: Schema export complete
2017-04-16 05:42:54.121  WARN 8432 --- [    Test worker] o.h.e.i.EntityManagerFactoryRegistry     : HHH000436: Entity manager factory name (default) is already registered.  If entity manager will be clustered or passivated, specify a unique value for property 'hibernate.ejb.entitymanager_factory_name'
2017-04-16 05:42:54.121  INFO 8432 --- [    Test worker] j.LocalContainerEntityManagerFactoryBean : Initialized JPA EntityManagerFactory for persistence unit 'default'
2017-04-16 05:42:54.259  INFO 8432 --- [    Test worker] o.s.b.f.config.PropertiesFactoryBean     : Loading properties file from class path resource [rest-default-messages.properties]
2017-04-16 05:42:55.931  INFO 8432 --- [    Test worker] s.w.s.m.m.a.RequestMappingHandlerAdapter : Looking for @ControllerAdvice: org.springframework.web.context.support.GenericWebApplicationContext@5eb7c61b: startup date [Sun Apr 16 05:42:47 CDT 2017]; root of context hierarchy
2017-04-16 05:42:55.934  INFO 8432 --- [    Test worker] s.w.s.m.m.a.RequestMappingHandlerAdapter : Detected ResponseBodyAdvice bean in org.springframework.boot.actuate.autoconfigure.EndpointWebMvcHypermediaManagementContextConfiguration$ActuatorEndpointLinksAdvice
2017-04-16 05:42:55.944  INFO 8432 --- [    Test worker] s.w.s.m.m.a.RequestMappingHandlerMapping : Mapped "{[/api/login],methods=[POST],consumes=[application/json]}" onto public hello.models.LoginResults hello.controllers.AdministratorController.login(java.lang.String,hello.models.LoginRequest,org.springframework.validation.BindingResult,javax.servlet.http.HttpServletResponse)
2017-04-16 05:42:55.944  INFO 8432 --- [    Test worker] s.w.s.m.m.a.RequestMappingHandlerMapping : Mapped "{[/rest/assessments/{id}/users],methods=[POST]}" onto public org.springframework.http.ResponseEntity<hello.models.Assessment> hello.controllers.AssessmentController.addUser(int,hello.models.User) throws java.lang.Exception
2017-04-16 05:42:55.944  INFO 8432 --- [    Test worker] s.w.s.m.m.a.RequestMappingHandlerMapping : Mapped "{[/rest/send-email-test],methods=[GET]}" onto public org.springframework.http.ResponseEntity<java.lang.String> hello.controllers.AssessmentController.sendEmailTest() throws java.lang.Exception
2017-04-16 05:42:55.944  INFO 8432 --- [    Test worker] s.w.s.m.m.a.RequestMappingHandlerMapping : Mapped "{[/rest/assessments/{id}/delete],methods=[DELETE]}" onto public org.springframework.http.ResponseEntity<java.lang.Boolean> hello.controllers.AssessmentController.deleteAssessment(int)
2017-04-16 05:42:55.944  INFO 8432 --- [    Test worker] s.w.s.m.m.a.RequestMappingHandlerMapping : Mapped "{[/rest/assessments],methods=[POST]}" onto public org.springframework.http.ResponseEntity<hello.models.Assessment> hello.controllers.AssessmentController.addAssessment(javax.servlet.http.HttpSession,hello.models.Assessment) throws java.lang.Exception
2017-04-16 05:42:55.944  INFO 8432 --- [    Test worker] s.w.s.m.m.a.RequestMappingHandlerMapping : Mapped "{[/rest/assessments/{id}],methods=[PATCH]}" onto public org.springframework.http.ResponseEntity<hello.models.Assessment> hello.controllers.AssessmentController.updateAssessment(int,hello.models.Assessment) throws java.lang.Exception
2017-04-16 05:42:55.944  INFO 8432 --- [    Test worker] s.w.s.m.m.a.RequestMappingHandlerMapping : Mapped "{[/rest/assessments/{id}/],methods=[GET]}" onto public org.springframework.http.ResponseEntity<hello.models.Assessment> hello.controllers.AssessmentController.getAssessment(int)
2017-04-16 05:42:55.944  INFO 8432 --- [    Test worker] s.w.s.m.m.a.RequestMappingHandlerMapping : Mapped "{[/rest/assessments/{id}/question],methods=[POST]}" onto public org.springframework.http.ResponseEntity<hello.models.Assessment> hello.controllers.AssessmentController.addQuestion(int,hello.models.Question) throws java.lang.Exception
2017-04-16 05:42:55.944  INFO 8432 --- [    Test worker] s.w.s.m.m.a.RequestMappingHandlerMapping : Mapped "{[/rest/assessments],methods=[GET]}" onto public java.util.ArrayList<hello.models.Assessment> hello.controllers.AssessmentController.getAllAssessments(javax.servlet.http.HttpSession) throws java.lang.Exception
2017-04-16 05:42:55.944  INFO 8432 --- [    Test worker] s.w.s.m.m.a.RequestMappingHandlerMapping : Mapped "{[/rest/assessments/{id}/question/{questionId}],methods=[POST]}" onto public org.springframework.http.ResponseEntity<hello.models.Assessment> hello.controllers.AssessmentController.addExistingQuestion(int,int)
2017-04-16 05:42:55.945  INFO 8432 --- [    Test worker] s.w.s.m.m.a.RequestMappingHandlerMapping : Mapped "{[/rest/session/login],methods=[POST]}" onto public org.springframework.http.ResponseEntity<hello.models.LoginResponse> hello.controllers.AuthenticationController.login(hello.models.LoginRequest,javax.servlet.http.HttpSession)
2017-04-16 05:42:55.945  INFO 8432 --- [    Test worker] s.w.s.m.m.a.RequestMappingHandlerMapping : Mapped "{[/rest/session],methods=[GET]}" onto public hello.models.User hello.controllers.AuthenticationController.session(javax.servlet.http.HttpSession)
2017-04-16 05:42:55.945  INFO 8432 --- [    Test worker] s.w.s.m.m.a.RequestMappingHandlerMapping : Mapped "{[/rest/session],methods=[DELETE]}" onto public void hello.controllers.AuthenticationController.logout(javax.servlet.http.HttpSession)
2017-04-16 05:42:55.945  INFO 8432 --- [    Test worker] s.w.s.m.m.a.RequestMappingHandlerMapping : Mapped "{[/rest/session/logout],methods=[POST]}" onto public org.springframework.http.ResponseEntity<hello.models.LogoutResponse> hello.controllers.AuthenticationController.logout() throws java.lang.Exception
2017-04-16 05:42:55.945  INFO 8432 --- [    Test worker] s.w.s.m.m.a.RequestMappingHandlerMapping : Mapped "{[/rest/session/is-logged-in],methods=[GET]}" onto public org.springframework.http.ResponseEntity<hello.models.LoginResponse> hello.controllers.AuthenticationController.isLoggedIn(javax.servlet.http.HttpSession)
2017-04-16 05:42:55.945  INFO 8432 --- [    Test worker] s.w.s.m.m.a.RequestMappingHandlerMapping : Mapped "{[/files/upload]}" onto public hello.models.JSONResponse hello.controllers.FileUploadController.uploadFile(org.springframework.web.multipart.MultipartFile)
2017-04-16 05:42:55.945  INFO 8432 --- [    Test worker] s.w.s.m.m.a.RequestMappingHandlerMapping : Mapped "{[/files/{filename:.+}],methods=[GET]}" onto public org.springframework.http.ResponseEntity<org.springframework.core.io.Resource> hello.controllers.FileUploadController.serveFile(java.lang.String)
2017-04-16 05:42:55.945  INFO 8432 --- [    Test worker] s.w.s.m.m.a.RequestMappingHandlerMapping : Mapped "{[/app/**]}" onto public org.springframework.web.servlet.ModelAndView hello.controllers.HomeController.index(javax.servlet.http.HttpSession,javax.servlet.http.HttpServletResponse)
2017-04-16 05:42:55.945  INFO 8432 --- [    Test worker] s.w.s.m.m.a.RequestMappingHandlerMapping : Mapped "{[]}" onto public java.lang.String hello.controllers.HomeController.home()
2017-04-16 05:42:55.945  INFO 8432 --- [    Test worker] s.w.s.m.m.a.RequestMappingHandlerMapping : Mapped "{[/rest/participants],methods=[GET]}" onto public java.util.ArrayList<hello.models.Participant> hello.controllers.ParticipantController.getParticipants()
2017-04-16 05:42:55.945  INFO 8432 --- [    Test worker] s.w.s.m.m.a.RequestMappingHandlerMapping : Mapped "{[/rest/participants],methods=[POST]}" onto public org.springframework.http.ResponseEntity<java.util.List<hello.models.Participant>> hello.controllers.ParticipantController.addParticipant(java.util.List<hello.models.Participant>)
2017-04-16 05:42:55.945  INFO 8432 --- [    Test worker] s.w.s.m.m.a.RequestMappingHandlerMapping : Mapped "{[/rest/participant],methods=[POST]}" onto public org.springframework.http.ResponseEntity<hello.models.Participant> hello.controllers.ParticipantController.addParticipant(hello.models.Participant)
2017-04-16 05:42:55.945  INFO 8432 --- [    Test worker] s.w.s.m.m.a.RequestMappingHandlerMapping : Mapped "{[/rest/participants/{id}],methods=[GET]}" onto public org.springframework.http.ResponseEntity<hello.models.Participant> hello.controllers.ParticipantController.getParticipant(int)
2017-04-16 05:42:55.945  INFO 8432 --- [    Test worker] s.w.s.m.m.a.RequestMappingHandlerMapping : Mapped "{[/rest/participants/{id}],methods=[DELETE]}" onto public org.springframework.http.ResponseEntity<java.lang.Boolean> hello.controllers.ParticipantController.deleteParticipant(int) throws java.lang.Exception
2017-04-16 05:42:55.945  INFO 8432 --- [    Test worker] s.w.s.m.m.a.RequestMappingHandlerMapping : Mapped "{[/rest/participants/{id}],methods=[PUT]}" onto public org.springframework.http.ResponseEntity<hello.models.Participant> hello.controllers.ParticipantController.updateParticipant(int,hello.models.Participant) throws java.lang.Exception
2017-04-16 05:42:55.945  INFO 8432 --- [    Test worker] s.w.s.m.m.a.RequestMappingHandlerMapping : Mapped "{[/rest/questions],methods=[POST]}" onto public org.springframework.http.ResponseEntity<hello.models.Question> hello.controllers.QuestionController.addQuestion(hello.models.Question)
2017-04-16 05:42:55.945  INFO 8432 --- [    Test worker] s.w.s.m.m.a.RequestMappingHandlerMapping : Mapped "{[/rest/questions/{id}/],methods=[GET]}" onto public org.springframework.http.ResponseEntity<hello.models.Question> hello.controllers.QuestionController.getAQuestion(int)
2017-04-16 05:42:55.945  INFO 8432 --- [    Test worker] s.w.s.m.m.a.RequestMappingHandlerMapping : Mapped "{[/rest/questions/{id}],methods=[PATCH]}" onto public org.springframework.http.ResponseEntity<hello.models.Question> hello.controllers.QuestionController.updateQuestion(int,hello.models.Question) throws java.lang.Exception
2017-04-16 05:42:55.945  INFO 8432 --- [    Test worker] s.w.s.m.m.a.RequestMappingHandlerMapping : Mapped "{[/rest/questions],methods=[GET]}" onto public java.util.ArrayList<hello.models.Question> hello.controllers.QuestionController.getQuestions()
2017-04-16 05:42:55.945  INFO 8432 --- [    Test worker] s.w.s.m.m.a.RequestMappingHandlerMapping : Mapped "{[/rest/questions/{id}],methods=[DELETE]}" onto public org.springframework.http.ResponseEntity<java.lang.Boolean> hello.controllers.QuestionController.deleteQuestion(int)
2017-04-16 05:42:55.946  INFO 8432 --- [    Test worker] s.w.s.m.m.a.RequestMappingHandlerMapping : Mapped "{[/rest/targetGroups/{id}/assessment/{assessmentid}],methods=[POST]}" onto public org.springframework.http.ResponseEntity<hello.models.TargetGroup> hello.controllers.TargetGroupController.addExistingAssessmentToTargetGroup(int,int) throws java.lang.Exception
2017-04-16 05:42:55.946  INFO 8432 --- [    Test worker] s.w.s.m.m.a.RequestMappingHandlerMapping : Mapped "{[/rest/targetGroups/{id}/participants/{participantId}],methods=[POST]}" onto public org.springframework.http.ResponseEntity<hello.models.TargetGroup> hello.controllers.TargetGroupController.addExistingParticipantToTargetGroup(int,int) throws java.lang.Exception
2017-04-16 05:42:55.946  INFO 8432 --- [    Test worker] s.w.s.m.m.a.RequestMappingHandlerMapping : Mapped "{[/rest/targetGroups],methods=[POST]}" onto public org.springframework.http.ResponseEntity<hello.models.TargetGroup> hello.controllers.TargetGroupController.addTargetGroup(javax.servlet.http.HttpSession,hello.models.TargetGroup) throws java.lang.Exception
2017-04-16 05:42:55.946  INFO 8432 --- [    Test worker] s.w.s.m.m.a.RequestMappingHandlerMapping : Mapped "{[/rest/targetGroups/{id}],methods=[GET]}" onto public org.springframework.http.ResponseEntity<hello.models.TargetGroup> hello.controllers.TargetGroupController.getTargetGroup(int)
2017-04-16 05:42:55.946  INFO 8432 --- [    Test worker] s.w.s.m.m.a.RequestMappingHandlerMapping : Mapped "{[/rest/targetGroups],methods=[GET]}" onto public java.util.ArrayList<hello.models.TargetGroup> hello.controllers.TargetGroupController.getTargetGroups() throws java.lang.Exception
2017-04-16 05:42:55.946  INFO 8432 --- [    Test worker] s.w.s.m.m.a.RequestMappingHandlerMapping : Mapped "{[/rest/targetGroups/{id}],methods=[DELETE]}" onto public org.springframework.http.ResponseEntity<java.lang.Boolean> hello.controllers.TargetGroupController.deleteTargetGroup(int) throws java.lang.Exception
2017-04-16 05:42:55.946  INFO 8432 --- [    Test worker] s.w.s.m.m.a.RequestMappingHandlerMapping : Mapped "{[/rest/targetGroups/{id}/assessment],methods=[POST]}" onto public org.springframework.http.ResponseEntity<hello.models.TargetGroup> hello.controllers.TargetGroupController.addNewAssessmentToTargetGroup(int,hello.models.Assessment) throws java.lang.Exception
2017-04-16 05:42:55.946  INFO 8432 --- [    Test worker] s.w.s.m.m.a.RequestMappingHandlerMapping : Mapped "{[/rest/targetGroups/{id}/participants],methods=[GET]}" onto public java.util.ArrayList<hello.models.Participant> hello.controllers.TargetGroupController.getParticipantsInTargetGroup(int) throws java.lang.Exception
2017-04-16 05:42:55.946  INFO 8432 --- [    Test worker] s.w.s.m.m.a.RequestMappingHandlerMapping : Mapped "{[/rest/targetGroups/{id}/participants/{participantId}],methods=[PUT]}" onto public org.springframework.http.ResponseEntity<hello.models.TargetGroup> hello.controllers.TargetGroupController.removeParticipantFromTargetGroup(int,int) throws java.lang.Exception
2017-04-16 05:42:55.946  INFO 8432 --- [    Test worker] s.w.s.m.m.a.RequestMappingHandlerMapping : Mapped "{[/rest/targetGroups/{id}/participants],methods=[POST]}" onto public org.springframework.http.ResponseEntity<hello.models.TargetGroup> hello.controllers.TargetGroupController.addNewParticipantToTargetGroup(int,hello.models.Participant) throws java.lang.Exception
2017-04-16 05:42:55.946  INFO 8432 --- [    Test worker] s.w.s.m.m.a.RequestMappingHandlerMapping : Mapped "{[/rest/targetGroups/{id}/participantList],methods=[POST]}" onto public org.springframework.http.ResponseEntity<hello.models.TargetGroup> hello.controllers.TargetGroupController.addNewParticipantsToTargetGroup(int,java.util.List<hello.models.Participant>) throws java.lang.Exception
2017-04-16 05:42:55.946  INFO 8432 --- [    Test worker] s.w.s.m.m.a.RequestMappingHandlerMapping : Mapped "{[/rest/targetGroups/{id}],methods=[PUT]}" onto public org.springframework.http.ResponseEntity<hello.models.TargetGroup> hello.controllers.TargetGroupController.updateTargetGroup(int,hello.models.TargetGroup) throws java.lang.Exception
2017-04-16 05:42:55.946  INFO 8432 --- [    Test worker] s.w.s.m.m.a.RequestMappingHandlerMapping : Mapped "{[/rest/register],methods=[POST]}" onto public org.springframework.http.ResponseEntity<hello.models.User> hello.controllers.UserController.registerUser(hello.models.User) throws java.lang.Exception
2017-04-16 05:42:55.946  INFO 8432 --- [    Test worker] s.w.s.m.m.a.RequestMappingHandlerMapping : Mapped "{[/rest/currentUser],methods=[PATCH]}" onto public org.springframework.http.ResponseEntity<hello.models.User> hello.controllers.UserController.updateUser(hello.models.User) throws java.lang.Exception
2017-04-16 05:42:55.946  INFO 8432 --- [    Test worker] s.w.s.m.m.a.RequestMappingHandlerMapping : Mapped "{[/rest/currentUser],methods=[GET]}" onto public org.springframework.http.ResponseEntity<hello.models.User> hello.controllers.UserController.getCurrentUser() throws java.lang.Exception
2017-04-16 05:42:55.947  INFO 8432 --- [    Test worker] s.w.s.m.m.a.RequestMappingHandlerMapping : Mapped "{[/error]}" onto public org.springframework.http.ResponseEntity<java.util.Map<java.lang.String, java.lang.Object>> org.springframework.boot.autoconfigure.web.BasicErrorController.error(javax.servlet.http.HttpServletRequest)
2017-04-16 05:42:55.947  INFO 8432 --- [    Test worker] s.w.s.m.m.a.RequestMappingHandlerMapping : Mapped "{[/error],produces=[text/html]}" onto public org.springframework.web.servlet.ModelAndView org.springframework.boot.autoconfigure.web.BasicErrorController.errorHtml(javax.servlet.http.HttpServletRequest,javax.servlet.http.HttpServletResponse)
2017-04-16 05:42:55.968  INFO 8432 --- [    Test worker] o.s.w.s.handler.SimpleUrlHandlerMapping  : Mapped URL path [/webjars/**] onto handler of type [class org.springframework.web.servlet.resource.ResourceHttpRequestHandler]
2017-04-16 05:42:55.968  INFO 8432 --- [    Test worker] o.s.w.s.handler.SimpleUrlHandlerMapping  : Mapped URL path [/resources/**] onto handler of type [class org.springframework.web.servlet.resource.ResourceHttpRequestHandler]
2017-04-16 05:42:55.980  INFO 8432 --- [    Test worker] .m.m.a.ExceptionHandlerExceptionResolver : Detected @ExceptionHandler methods in repositoryRestExceptionHandler
2017-04-16 05:42:55.980  INFO 8432 --- [    Test worker] .m.m.a.ExceptionHandlerExceptionResolver : Detected ResponseBodyAdvice implementation in org.springframework.boot.actuate.autoconfigure.EndpointWebMvcHypermediaManagementContextConfiguration$ActuatorEndpointLinksAdvice
2017-04-16 05:42:55.991  INFO 8432 --- [    Test worker] o.s.w.s.handler.SimpleUrlHandlerMapping  : Mapped URL path [/**/favicon.ico] onto handler of type [class org.springframework.web.servlet.resource.ResourceHttpRequestHandler]
2017-04-16 05:42:56.031  INFO 8432 --- [    Test worker] oConfiguration$WelcomePageHandlerMapping : Adding welcome page: ServletContext resource [/index.html]
2017-04-16 05:42:56.226  INFO 8432 --- [    Test worker] o.s.d.r.w.RepositoryRestHandlerAdapter   : Looking for @ControllerAdvice: org.springframework.web.context.support.GenericWebApplicationContext@5eb7c61b: startup date [Sun Apr 16 05:42:47 CDT 2017]; root of context hierarchy
2017-04-16 05:42:56.228  INFO 8432 --- [    Test worker] o.s.d.r.w.RepositoryRestHandlerAdapter   : Detected ResponseBodyAdvice bean in org.springframework.boot.actuate.autoconfigure.EndpointWebMvcHypermediaManagementContextConfiguration$ActuatorEndpointLinksAdvice
2017-04-16 05:42:56.230  INFO 8432 --- [    Test worker] o.s.d.r.w.RepositoryRestHandlerMapping   : Mapped "{[/api/ || /api],methods=[GET],produces=[application/hal+json || application/json || application/*+json;charset=UTF-8]}" onto public org.springframework.http.HttpEntity<org.springframework.data.rest.webmvc.RepositoryLinksResource> org.springframework.data.rest.webmvc.RepositoryController.listRepositories()
2017-04-16 05:42:56.230  INFO 8432 --- [    Test worker] o.s.d.r.w.RepositoryRestHandlerMapping   : Mapped "{[/api/ || /api],methods=[HEAD],produces=[application/hal+json || application/json || application/*+json;charset=UTF-8]}" onto public org.springframework.http.ResponseEntity<?> org.springframework.data.rest.webmvc.RepositoryController.headForRepositories()
2017-04-16 05:42:56.231  INFO 8432 --- [    Test worker] o.s.d.r.w.RepositoryRestHandlerMapping   : Mapped "{[/api/ || /api],methods=[OPTIONS],produces=[application/hal+json || application/json || application/*+json;charset=UTF-8]}" onto public org.springframework.http.HttpEntity<?> org.springframework.data.rest.webmvc.RepositoryController.optionsForRepositories()
2017-04-16 05:42:56.231  INFO 8432 --- [    Test worker] o.s.d.r.w.RepositoryRestHandlerMapping   : Mapped "{[/api/{repository}/{id}],methods=[PUT],produces=[application/hal+json || application/json || application/*+json;charset=UTF-8]}" onto public org.springframework.http.ResponseEntity<? extends org.springframework.hateoas.ResourceSupport> org.springframework.data.rest.webmvc.RepositoryEntityController.putItemResource(org.springframework.data.rest.webmvc.RootResourceInformation,org.springframework.data.rest.webmvc.PersistentEntityResource,java.io.Serializable,org.springframework.data.rest.webmvc.PersistentEntityResourceAssembler,org.springframework.data.rest.webmvc.support.ETag,java.lang.String) throws org.springframework.web.HttpRequestMethodNotSupportedException
2017-04-16 05:42:56.231  INFO 8432 --- [    Test worker] o.s.d.r.w.RepositoryRestHandlerMapping   : Mapped "{[/api/{repository}/{id}],methods=[GET],produces=[application/hal+json || application/json || application/*+json;charset=UTF-8]}" onto public org.springframework.http.ResponseEntity<org.springframework.hateoas.Resource<?>> org.springframework.data.rest.webmvc.RepositoryEntityController.getItemResource(org.springframework.data.rest.webmvc.RootResourceInformation,java.io.Serializable,org.springframework.data.rest.webmvc.PersistentEntityResourceAssembler,org.springframework.util.MultiValueMap<java.lang.String, java.lang.String>) throws org.springframework.web.HttpRequestMethodNotSupportedException
2017-04-16 05:42:56.231  INFO 8432 --- [    Test worker] o.s.d.r.w.RepositoryRestHandlerMapping   : Mapped "{[/api/{repository}/{id}],methods=[PATCH],produces=[application/hal+json || application/json || application/*+json;charset=UTF-8]}" onto public org.springframework.http.ResponseEntity<org.springframework.hateoas.ResourceSupport> org.springframework.data.rest.webmvc.RepositoryEntityController.patchItemResource(org.springframework.data.rest.webmvc.RootResourceInformation,org.springframework.data.rest.webmvc.PersistentEntityResource,java.io.Serializable,org.springframework.data.rest.webmvc.PersistentEntityResourceAssembler,org.springframework.data.rest.webmvc.support.ETag,java.lang.String) throws org.springframework.web.HttpRequestMethodNotSupportedException,org.springframework.data.rest.webmvc.ResourceNotFoundException
2017-04-16 05:42:56.231  INFO 8432 --- [    Test worker] o.s.d.r.w.RepositoryRestHandlerMapping   : Mapped "{[/api/{repository}/{id}],methods=[DELETE],produces=[application/hal+json || application/json || application/*+json;charset=UTF-8]}" onto public org.springframework.http.ResponseEntity<?> org.springframework.data.rest.webmvc.RepositoryEntityController.deleteItemResource(org.springframework.data.rest.webmvc.RootResourceInformation,java.io.Serializable,org.springframework.data.rest.webmvc.support.ETag) throws org.springframework.data.rest.webmvc.ResourceNotFoundException,org.springframework.web.HttpRequestMethodNotSupportedException
2017-04-16 05:42:56.231  INFO 8432 --- [    Test worker] o.s.d.r.w.RepositoryRestHandlerMapping   : Mapped "{[/api/{repository}],methods=[GET],produces=[application/x-spring-data-compact+json || text/uri-list]}" onto public org.springframework.hateoas.Resources<?> org.springframework.data.rest.webmvc.RepositoryEntityController.getCollectionResourceCompact(org.springframework.data.rest.webmvc.RootResourceInformation,org.springframework.data.rest.webmvc.support.DefaultedPageable,org.springframework.data.domain.Sort,org.springframework.data.rest.webmvc.PersistentEntityResourceAssembler) throws org.springframework.data.rest.webmvc.ResourceNotFoundException,org.springframework.web.HttpRequestMethodNotSupportedException
2017-04-16 05:42:56.231  INFO 8432 --- [    Test worker] o.s.d.r.w.RepositoryRestHandlerMapping   : Mapped "{[/api/{repository}],methods=[POST],produces=[application/hal+json || application/json || application/*+json;charset=UTF-8]}" onto public org.springframework.http.ResponseEntity<org.springframework.hateoas.ResourceSupport> org.springframework.data.rest.webmvc.RepositoryEntityController.postCollectionResource(org.springframework.data.rest.webmvc.RootResourceInformation,org.springframework.data.rest.webmvc.PersistentEntityResource,org.springframework.data.rest.webmvc.PersistentEntityResourceAssembler,java.lang.String) throws org.springframework.web.HttpRequestMethodNotSupportedException
2017-04-16 05:42:56.231  INFO 8432 --- [    Test worker] o.s.d.r.w.RepositoryRestHandlerMapping   : Mapped "{[/api/{repository}],methods=[GET],produces=[application/hal+json || application/json || application/*+json;charset=UTF-8]}" onto public org.springframework.hateoas.Resources<?> org.springframework.data.rest.webmvc.RepositoryEntityController.getCollectionResource(org.springframework.data.rest.webmvc.RootResourceInformation,org.springframework.data.rest.webmvc.support.DefaultedPageable,org.springframework.data.domain.Sort,org.springframework.data.rest.webmvc.PersistentEntityResourceAssembler) throws org.springframework.data.rest.webmvc.ResourceNotFoundException,org.springframework.web.HttpRequestMethodNotSupportedException
2017-04-16 05:42:56.232  INFO 8432 --- [    Test worker] o.s.d.r.w.RepositoryRestHandlerMapping   : Mapped "{[/api/{repository}/{id}],methods=[OPTIONS],produces=[application/hal+json || application/json || application/*+json;charset=UTF-8]}" onto public org.springframework.http.ResponseEntity<?> org.springframework.data.rest.webmvc.RepositoryEntityController.optionsForItemResource(org.springframework.data.rest.webmvc.RootResourceInformation)
2017-04-16 05:42:56.232  INFO 8432 --- [    Test worker] o.s.d.r.w.RepositoryRestHandlerMapping   : Mapped "{[/api/{repository}],methods=[OPTIONS],produces=[application/hal+json || application/json || application/*+json;charset=UTF-8]}" onto public org.springframework.http.ResponseEntity<?> org.springframework.data.rest.webmvc.RepositoryEntityController.optionsForCollectionResource(org.springframework.data.rest.webmvc.RootResourceInformation)
2017-04-16 05:42:56.232  INFO 8432 --- [    Test worker] o.s.d.r.w.RepositoryRestHandlerMapping   : Mapped "{[/api/{repository}],methods=[HEAD],produces=[application/hal+json || application/json || application/*+json;charset=UTF-8]}" onto public org.springframework.http.ResponseEntity<?> org.springframework.data.rest.webmvc.RepositoryEntityController.headCollectionResource(org.springframework.data.rest.webmvc.RootResourceInformation,org.springframework.data.rest.webmvc.support.DefaultedPageable) throws org.springframework.web.HttpRequestMethodNotSupportedException
2017-04-16 05:42:56.232  INFO 8432 --- [    Test worker] o.s.d.r.w.RepositoryRestHandlerMapping   : Mapped "{[/api/{repository}/{id}],methods=[HEAD],produces=[application/hal+json || application/json || application/*+json;charset=UTF-8]}" onto public org.springframework.http.ResponseEntity<?> org.springframework.data.rest.webmvc.RepositoryEntityController.headForItemResource(org.springframework.data.rest.webmvc.RootResourceInformation,java.io.Serializable,org.springframework.data.rest.webmvc.PersistentEntityResourceAssembler) throws org.springframework.web.HttpRequestMethodNotSupportedException
2017-04-16 05:42:56.232  INFO 8432 --- [    Test worker] o.s.d.r.w.RepositoryRestHandlerMapping   : Mapped "{[/api/{repository}/{id}/{property}/{propertyId}],methods=[DELETE],produces=[application/hal+json || application/json || application/*+json;charset=UTF-8]}" onto public org.springframework.http.ResponseEntity<org.springframework.hateoas.ResourceSupport> org.springframework.data.rest.webmvc.RepositoryPropertyReferenceController.deletePropertyReferenceId(org.springframework.data.rest.webmvc.RootResourceInformation,java.io.Serializable,java.lang.String,java.lang.String) throws java.lang.Exception
2017-04-16 05:42:56.232  INFO 8432 --- [    Test worker] o.s.d.r.w.RepositoryRestHandlerMapping   : Mapped "{[/api/{repository}/{id}/{property}/{propertyId}],methods=[GET],produces=[application/hal+json || application/json || application/*+json;charset=UTF-8]}" onto public org.springframework.http.ResponseEntity<org.springframework.hateoas.ResourceSupport> org.springframework.data.rest.webmvc.RepositoryPropertyReferenceController.followPropertyReference(org.springframework.data.rest.webmvc.RootResourceInformation,java.io.Serializable,java.lang.String,java.lang.String,org.springframework.data.rest.webmvc.PersistentEntityResourceAssembler) throws java.lang.Exception
2017-04-16 05:42:56.232  INFO 8432 --- [    Test worker] o.s.d.r.w.RepositoryRestHandlerMapping   : Mapped "{[/api/{repository}/{id}/{property}],methods=[GET],produces=[application/hal+json || application/json || application/*+json;charset=UTF-8]}" onto public org.springframework.http.ResponseEntity<org.springframework.hateoas.ResourceSupport> org.springframework.data.rest.webmvc.RepositoryPropertyReferenceController.followPropertyReference(org.springframework.data.rest.webmvc.RootResourceInformation,java.io.Serializable,java.lang.String,org.springframework.data.rest.webmvc.PersistentEntityResourceAssembler) throws java.lang.Exception
2017-04-16 05:42:56.232  INFO 8432 --- [    Test worker] o.s.d.r.w.RepositoryRestHandlerMapping   : Mapped "{[/api/{repository}/{id}/{property}],methods=[PATCH || PUT || POST],consumes=[application/json || application/x-spring-data-compact+json || text/uri-list],produces=[application/hal+json || application/json || application/*+json;charset=UTF-8]}" onto public org.springframework.http.ResponseEntity<? extends org.springframework.hateoas.ResourceSupport> org.springframework.data.rest.webmvc.RepositoryPropertyReferenceController.createPropertyReference(org.springframework.data.rest.webmvc.RootResourceInformation,org.springframework.http.HttpMethod,org.springframework.hateoas.Resources<java.lang.Object>,java.io.Serializable,java.lang.String) throws java.lang.Exception
2017-04-16 05:42:56.233  INFO 8432 --- [    Test worker] o.s.d.r.w.RepositoryRestHandlerMapping   : Mapped "{[/api/{repository}/{id}/{property}],methods=[GET],produces=[application/x-spring-data-compact+json || text/uri-list]}" onto public org.springframework.http.ResponseEntity<org.springframework.hateoas.ResourceSupport> org.springframework.data.rest.webmvc.RepositoryPropertyReferenceController.followPropertyReferenceCompact(org.springframework.data.rest.webmvc.RootResourceInformation,java.io.Serializable,java.lang.String,org.springframework.data.rest.webmvc.PersistentEntityResourceAssembler) throws java.lang.Exception
2017-04-16 05:42:56.233  INFO 8432 --- [    Test worker] o.s.d.r.w.RepositoryRestHandlerMapping   : Mapped "{[/api/{repository}/{id}/{property}],methods=[DELETE],produces=[application/hal+json || application/json || application/*+json;charset=UTF-8]}" onto public org.springframework.http.ResponseEntity<? extends org.springframework.hateoas.ResourceSupport> org.springframework.data.rest.webmvc.RepositoryPropertyReferenceController.deletePropertyReference(org.springframework.data.rest.webmvc.RootResourceInformation,java.io.Serializable,java.lang.String) throws java.lang.Exception
2017-04-16 05:42:56.233  INFO 8432 --- [    Test worker] o.s.d.r.w.RepositoryRestHandlerMapping   : Mapped "{[/api/{repository}/search],methods=[OPTIONS],produces=[application/hal+json || application/json || application/*+json;charset=UTF-8]}" onto public org.springframework.http.HttpEntity<?> org.springframework.data.rest.webmvc.RepositorySearchController.optionsForSearches(org.springframework.data.rest.webmvc.RootResourceInformation)
2017-04-16 05:42:56.233  INFO 8432 --- [    Test worker] o.s.d.r.w.RepositoryRestHandlerMapping   : Mapped "{[/api/{repository}/search/{search}],methods=[GET],produces=[application/x-spring-data-compact+json]}" onto public org.springframework.hateoas.ResourceSupport org.springframework.data.rest.webmvc.RepositorySearchController.executeSearchCompact(org.springframework.data.rest.webmvc.RootResourceInformation,org.springframework.util.MultiValueMap<java.lang.String, java.lang.Object>,java.lang.String,java.lang.String,org.springframework.data.rest.webmvc.support.DefaultedPageable,org.springframework.data.domain.Sort,org.springframework.data.rest.webmvc.PersistentEntityResourceAssembler)
2017-04-16 05:42:56.233  INFO 8432 --- [    Test worker] o.s.d.r.w.RepositoryRestHandlerMapping   : Mapped "{[/api/{repository}/search],methods=[GET],produces=[application/hal+json || application/json || application/*+json;charset=UTF-8]}" onto public org.springframework.data.rest.webmvc.RepositorySearchesResource org.springframework.data.rest.webmvc.RepositorySearchController.listSearches(org.springframework.data.rest.webmvc.RootResourceInformation)
2017-04-16 05:42:56.234  INFO 8432 --- [    Test worker] o.s.d.r.w.RepositoryRestHandlerMapping   : Mapped "{[/api/{repository}/search/{search}],methods=[HEAD],produces=[application/hal+json || application/json || application/*+json;charset=UTF-8]}" onto public org.springframework.http.ResponseEntity<java.lang.Object> org.springframework.data.rest.webmvc.RepositorySearchController.headForSearch(org.springframework.data.rest.webmvc.RootResourceInformation,java.lang.String)
2017-04-16 05:42:56.234  INFO 8432 --- [    Test worker] o.s.d.r.w.RepositoryRestHandlerMapping   : Mapped "{[/api/{repository}/search/{search}],methods=[GET],produces=[application/hal+json || application/json || application/*+json;charset=UTF-8]}" onto public org.springframework.http.ResponseEntity<java.lang.Object> org.springframework.data.rest.webmvc.RepositorySearchController.executeSearch(org.springframework.data.rest.webmvc.RootResourceInformation,org.springframework.util.MultiValueMap<java.lang.String, java.lang.Object>,java.lang.String,org.springframework.data.rest.webmvc.support.DefaultedPageable,org.springframework.data.domain.Sort,org.springframework.data.rest.webmvc.PersistentEntityResourceAssembler)
2017-04-16 05:42:56.234  INFO 8432 --- [    Test worker] o.s.d.r.w.RepositoryRestHandlerMapping   : Mapped "{[/api/{repository}/search/{search}],methods=[OPTIONS],produces=[application/hal+json || application/json || application/*+json;charset=UTF-8]}" onto public org.springframework.http.ResponseEntity<java.lang.Object> org.springframework.data.rest.webmvc.RepositorySearchController.optionsForSearch(org.springframework.data.rest.webmvc.RootResourceInformation,java.lang.String)
2017-04-16 05:42:56.234  INFO 8432 --- [    Test worker] o.s.d.r.w.RepositoryRestHandlerMapping   : Mapped "{[/api/{repository}/search],methods=[HEAD],produces=[application/hal+json || application/json || application/*+json;charset=UTF-8]}" onto public org.springframework.http.HttpEntity<?> org.springframework.data.rest.webmvc.RepositorySearchController.headForSearches(org.springframework.data.rest.webmvc.RootResourceInformation)
2017-04-16 05:42:56.236  INFO 8432 --- [    Test worker] o.s.d.r.w.BasePathAwareHandlerMapping    : Mapped "{[/api/profile/{repository}],methods=[GET],produces=[application/alps+json || */*]}" onto org.springframework.http.HttpEntity<org.springframework.data.rest.webmvc.RootResourceInformation> org.springframework.data.rest.webmvc.alps.AlpsController.descriptor(org.springframework.data.rest.webmvc.RootResourceInformation)
2017-04-16 05:42:56.236  INFO 8432 --- [    Test worker] o.s.d.r.w.BasePathAwareHandlerMapping    : Mapped "{[/api/profile/{repository}],methods=[OPTIONS],produces=[application/alps+json]}" onto org.springframework.http.HttpEntity<?> org.springframework.data.rest.webmvc.alps.AlpsController.alpsOptions()
2017-04-16 05:42:56.237  INFO 8432 --- [    Test worker] o.s.d.r.w.BasePathAwareHandlerMapping    : Mapped "{[/api/profile],methods=[OPTIONS]}" onto public org.springframework.http.HttpEntity<?> org.springframework.data.rest.webmvc.ProfileController.profileOptions()
2017-04-16 05:42:56.237  INFO 8432 --- [    Test worker] o.s.d.r.w.BasePathAwareHandlerMapping    : Mapped "{[/api/profile],methods=[GET]}" onto org.springframework.http.HttpEntity<org.springframework.hateoas.ResourceSupport> org.springframework.data.rest.webmvc.ProfileController.listAllFormsOfMetadata()
2017-04-16 05:42:56.237  INFO 8432 --- [    Test worker] o.s.d.r.w.BasePathAwareHandlerMapping    : Mapped "{[/api/profile/{repository}],methods=[GET],produces=[application/schema+json]}" onto public org.springframework.http.HttpEntity<org.springframework.data.rest.webmvc.json.JsonSchema> org.springframework.data.rest.webmvc.RepositorySchemaController.schema(org.springframework.data.rest.webmvc.RootResourceInformation)
2017-04-16 05:42:56.249  INFO 8432 --- [    Test worker] .m.m.a.ExceptionHandlerExceptionResolver : Detected @ExceptionHandler methods in repositoryRestExceptionHandler
2017-04-16 05:42:56.249  INFO 8432 --- [    Test worker] .m.m.a.ExceptionHandlerExceptionResolver : Detected ResponseBodyAdvice implementation in org.springframework.boot.actuate.autoconfigure.EndpointWebMvcHypermediaManagementContextConfiguration$ActuatorEndpointLinksAdvice
2017-04-16 05:42:56.303  INFO 8432 --- [    Test worker] o.s.b.a.e.mvc.EndpointHandlerMapping     : Mapped "{[/configprops || /configprops.json],methods=[GET],produces=[application/json]}" onto public java.lang.Object org.springframework.boot.actuate.endpoint.mvc.EndpointMvcAdapter.invoke()
2017-04-16 05:42:56.303  INFO 8432 --- [    Test worker] o.s.b.a.e.mvc.EndpointHandlerMapping     : Mapped "{[/heapdump || /heapdump.json],methods=[GET],produces=[application/octet-stream]}" onto public void org.springframework.boot.actuate.endpoint.mvc.HeapdumpMvcEndpoint.invoke(boolean,javax.servlet.http.HttpServletRequest,javax.servlet.http.HttpServletResponse) throws java.io.IOException,javax.servlet.ServletException
2017-04-16 05:42:56.303  INFO 8432 --- [    Test worker] o.s.b.a.e.mvc.EndpointHandlerMapping     : Mapped "{[/dump || /dump.json],methods=[GET],produces=[application/json]}" onto public java.lang.Object org.springframework.boot.actuate.endpoint.mvc.EndpointMvcAdapter.invoke()
2017-04-16 05:42:56.304  INFO 8432 --- [    Test worker] o.s.b.a.e.mvc.EndpointHandlerMapping     : Mapped "{[/metrics/{name:.*}],methods=[GET],produces=[application/json]}" onto public java.lang.Object org.springframework.boot.actuate.endpoint.mvc.MetricsMvcEndpoint.value(java.lang.String)
2017-04-16 05:42:56.304  INFO 8432 --- [    Test worker] o.s.b.a.e.mvc.EndpointHandlerMapping     : Mapped "{[/metrics || /metrics.json],methods=[GET],produces=[application/json]}" onto public java.lang.Object org.springframework.boot.actuate.endpoint.mvc.EndpointMvcAdapter.invoke()
2017-04-16 05:42:56.304  INFO 8432 --- [    Test worker] o.s.b.a.e.mvc.EndpointHandlerMapping     : Mapped "{[/info || /info.json],methods=[GET],produces=[application/json]}" onto public java.lang.Object org.springframework.boot.actuate.endpoint.mvc.EndpointMvcAdapter.invoke()
2017-04-16 05:42:56.304  INFO 8432 --- [    Test worker] o.s.b.a.e.mvc.EndpointHandlerMapping     : Mapped "{[/env/{name:.*}],methods=[GET],produces=[application/json]}" onto public java.lang.Object org.springframework.boot.actuate.endpoint.mvc.EnvironmentMvcEndpoint.value(java.lang.String)
2017-04-16 05:42:56.304  INFO 8432 --- [    Test worker] o.s.b.a.e.mvc.EndpointHandlerMapping     : Mapped "{[/env || /env.json],methods=[GET],produces=[application/json]}" onto public java.lang.Object org.springframework.boot.actuate.endpoint.mvc.EndpointMvcAdapter.invoke()
2017-04-16 05:42:56.304  INFO 8432 --- [    Test worker] o.s.b.a.e.mvc.EndpointHandlerMapping     : Mapped "{[/autoconfig || /autoconfig.json],methods=[GET],produces=[application/json]}" onto public java.lang.Object org.springframework.boot.actuate.endpoint.mvc.EndpointMvcAdapter.invoke()
2017-04-16 05:42:56.305  INFO 8432 --- [    Test worker] o.s.b.a.e.mvc.EndpointHandlerMapping     : Mapped "{[/actuator || /actuator.json],produces=[application/json]}" onto public org.springframework.hateoas.ResourceSupport org.springframework.boot.actuate.endpoint.mvc.HalJsonMvcEndpoint.links()
2017-04-16 05:42:56.305  INFO 8432 --- [    Test worker] o.s.b.a.e.mvc.EndpointHandlerMapping     : Mapped "{[/health || /health.json],produces=[application/json]}" onto public java.lang.Object org.springframework.boot.actuate.endpoint.mvc.HealthMvcEndpoint.invoke(java.security.Principal)
2017-04-16 05:42:56.305  INFO 8432 --- [    Test worker] o.s.b.a.e.mvc.EndpointHandlerMapping     : Mapped "{[/trace || /trace.json],methods=[GET],produces=[application/json]}" onto public java.lang.Object org.springframework.boot.actuate.endpoint.mvc.EndpointMvcAdapter.invoke()
2017-04-16 05:42:56.305  INFO 8432 --- [    Test worker] o.s.b.a.e.mvc.EndpointHandlerMapping     : Mapped "{[/mappings || /mappings.json],methods=[GET],produces=[application/json]}" onto public java.lang.Object org.springframework.boot.actuate.endpoint.mvc.EndpointMvcAdapter.invoke()
2017-04-16 05:42:56.305  INFO 8432 --- [    Test worker] o.s.b.a.e.mvc.EndpointHandlerMapping     : Mapped "{[/beans || /beans.json],methods=[GET],produces=[application/json]}" onto public java.lang.Object org.springframework.boot.actuate.endpoint.mvc.EndpointMvcAdapter.invoke()
2017-04-16 05:42:56.470  INFO 8432 --- [    Test worker] h.storage.FileSystemStorageServiceTest   : Started FileSystemStorageServiceTest in 9.221 seconds (JVM running for 587.187)
2017-04-16 05:42:56.476  INFO 8432 --- [    Test worker] o.s.w.c.s.GenericWebApplicationContext   : Closing org.springframework.web.context.support.GenericWebApplicationContext@5eb7c61b: startup date [Sun Apr 16 05:42:47 CDT 2017]; root of context hierarchy
2017-04-16 05:42:56.477  INFO 8432 --- [    Test worker] j.LocalContainerEntityManagerFactoryBean : Closing JPA EntityManagerFactory for persistence unit 'default'

  .   ____          _            __ _ _
 /\\ / ___'_ __ _ _(_)_ __  __ _ \ \ \ \
( ( )\___ | '_ | '_| | '_ \/ _` | \ \ \ \
 \\/  ___)| |_)| | | | | || (_| |  ) ) ) )
  '  |____| .__|_| |_|_| |_\__, | / / / /
 =========|_|==============|___/=/_/_/_/
 :: Spring Boot ::        (v1.4.4.RELEASE)

2017-04-16 05:42:56.512  INFO 8432 --- [    Test worker] h.storage.FileSystemStorageServiceTest   : Starting FileSystemStorageServiceTest on Puget-99033 with PID 8432 (started by Hector in D:\SHRPAS_Project)
2017-04-16 05:42:56.512  INFO 8432 --- [    Test worker] h.storage.FileSystemStorageServiceTest   : The following profiles are active: production
2017-04-16 05:42:56.513  INFO 8432 --- [    Test worker] o.s.w.c.s.GenericWebApplicationContext   : Refreshing org.springframework.web.context.support.GenericWebApplicationContext@e4c954e: startup date [Sun Apr 16 05:42:56 CDT 2017]; root of context hierarchy
2017-04-16 05:42:57.027  INFO 8432 --- [    Test worker] o.s.b.f.s.DefaultListableBeanFactory     : Overriding bean definition for bean 'managementServletContext' with a different definition: replacing [Root bean: class [null]; scope=; abstract=false; lazyInit=false; autowireMode=3; dependencyCheck=0; autowireCandidate=true; primary=false; factoryBeanName=org.springframework.boot.actuate.autoconfigure.EndpointWebMvcHypermediaManagementContextConfiguration; factoryMethodName=managementServletContext; initMethodName=null; destroyMethodName=(inferred); defined in class path resource [org/springframework/boot/actuate/autoconfigure/EndpointWebMvcHypermediaManagementContextConfiguration.class]] with [Root bean: class [null]; scope=; abstract=false; lazyInit=false; autowireMode=3; dependencyCheck=0; autowireCandidate=true; primary=false; factoryBeanName=org.springframework.boot.actuate.autoconfigure.EndpointWebMvcAutoConfiguration; factoryMethodName=managementServletContext; initMethodName=null; destroyMethodName=(inferred); defined in class path resource [org/springframework/boot/actuate/autoconfigure/EndpointWebMvcAutoConfiguration.class]]
2017-04-16 05:42:57.167  INFO 8432 --- [    Test worker] trationDelegate$BeanPostProcessorChecker : Bean 'org.springframework.transaction.annotation.ProxyTransactionManagementConfiguration' of type [class org.springframework.transaction.annotation.ProxyTransactionManagementConfiguration$$EnhancerBySpringCGLIB$$84143e54] is not eligible for getting processed by all BeanPostProcessors (for example: not eligible for auto-proxying)
2017-04-16 05:42:57.277  INFO 8432 --- [    Test worker] j.LocalContainerEntityManagerFactoryBean : Building JPA container EntityManagerFactory for persistence unit 'default'
2017-04-16 05:42:57.278  INFO 8432 --- [    Test worker] org.hibernate.ejb.Ejb3Configuration      : HHH000204: Processing PersistenceUnitInfo [
	name: default
	...]
2017-04-16 05:42:57.285  INFO 8432 --- [    Test worker] o.h.s.j.c.i.ConnectionProviderInitiator  : HHH000130: Instantiating explicit connection provider: org.hibernate.ejb.connection.InjectedDataSourceConnectionProvider
2017-04-16 05:43:01.207  INFO 8432 --- [    Test worker] org.hibernate.dialect.Dialect            : HHH000400: Using dialect: org.hibernate.dialect.MySQLDialect
2017-04-16 05:43:01.207  INFO 8432 --- [    Test worker] o.h.e.t.i.TransactionFactoryInitiator    : HHH000268: Transaction strategy: org.hibernate.engine.transaction.internal.jdbc.JdbcTransactionFactory
2017-04-16 05:43:01.207  INFO 8432 --- [    Test worker] o.h.h.i.ast.ASTQueryTranslatorFactory    : HHH000397: Using ASTQueryTranslatorFactory
2017-04-16 05:43:01.231  INFO 8432 --- [    Test worker] org.hibernate.tool.hbm2ddl.SchemaExport  : HHH000227: Running hbm2ddl schema export
2017-04-16 05:43:07.040  INFO 8432 --- [    Test worker] org.hibernate.tool.hbm2ddl.SchemaExport  : HHH000230: Schema export complete
2017-04-16 05:43:07.043  WARN 8432 --- [    Test worker] o.h.e.i.EntityManagerFactoryRegistry     : HHH000436: Entity manager factory name (default) is already registered.  If entity manager will be clustered or passivated, specify a unique value for property 'hibernate.ejb.entitymanager_factory_name'
2017-04-16 05:43:07.043  INFO 8432 --- [    Test worker] j.LocalContainerEntityManagerFactoryBean : Initialized JPA EntityManagerFactory for persistence unit 'default'
2017-04-16 05:43:07.180  INFO 8432 --- [    Test worker] o.s.b.f.config.PropertiesFactoryBean     : Loading properties file from class path resource [rest-default-messages.properties]
2017-04-16 05:43:13.974  INFO 8432 --- [    Test worker] s.w.s.m.m.a.RequestMappingHandlerAdapter : Looking for @ControllerAdvice: org.springframework.web.context.support.GenericWebApplicationContext@e4c954e: startup date [Sun Apr 16 05:42:56 CDT 2017]; root of context hierarchy
2017-04-16 05:43:13.976  INFO 8432 --- [    Test worker] s.w.s.m.m.a.RequestMappingHandlerAdapter : Detected ResponseBodyAdvice bean in org.springframework.boot.actuate.autoconfigure.EndpointWebMvcHypermediaManagementContextConfiguration$ActuatorEndpointLinksAdvice
2017-04-16 05:43:13.986  INFO 8432 --- [    Test worker] s.w.s.m.m.a.RequestMappingHandlerMapping : Mapped "{[/api/login],methods=[POST],consumes=[application/json]}" onto public hello.models.LoginResults hello.controllers.AdministratorController.login(java.lang.String,hello.models.LoginRequest,org.springframework.validation.BindingResult,javax.servlet.http.HttpServletResponse)
2017-04-16 05:43:13.986  INFO 8432 --- [    Test worker] s.w.s.m.m.a.RequestMappingHandlerMapping : Mapped "{[/rest/assessments/{id}/users],methods=[POST]}" onto public org.springframework.http.ResponseEntity<hello.models.Assessment> hello.controllers.AssessmentController.addUser(int,hello.models.User) throws java.lang.Exception
2017-04-16 05:43:13.986  INFO 8432 --- [    Test worker] s.w.s.m.m.a.RequestMappingHandlerMapping : Mapped "{[/rest/send-email-test],methods=[GET]}" onto public org.springframework.http.ResponseEntity<java.lang.String> hello.controllers.AssessmentController.sendEmailTest() throws java.lang.Exception
2017-04-16 05:43:13.986  INFO 8432 --- [    Test worker] s.w.s.m.m.a.RequestMappingHandlerMapping : Mapped "{[/rest/assessments/{id}/delete],methods=[DELETE]}" onto public org.springframework.http.ResponseEntity<java.lang.Boolean> hello.controllers.AssessmentController.deleteAssessment(int)
2017-04-16 05:43:13.987  INFO 8432 --- [    Test worker] s.w.s.m.m.a.RequestMappingHandlerMapping : Mapped "{[/rest/assessments],methods=[POST]}" onto public org.springframework.http.ResponseEntity<hello.models.Assessment> hello.controllers.AssessmentController.addAssessment(javax.servlet.http.HttpSession,hello.models.Assessment) throws java.lang.Exception
2017-04-16 05:43:13.987  INFO 8432 --- [    Test worker] s.w.s.m.m.a.RequestMappingHandlerMapping : Mapped "{[/rest/assessments/{id}],methods=[PATCH]}" onto public org.springframework.http.ResponseEntity<hello.models.Assessment> hello.controllers.AssessmentController.updateAssessment(int,hello.models.Assessment) throws java.lang.Exception
2017-04-16 05:43:13.987  INFO 8432 --- [    Test worker] s.w.s.m.m.a.RequestMappingHandlerMapping : Mapped "{[/rest/assessments/{id}/],methods=[GET]}" onto public org.springframework.http.ResponseEntity<hello.models.Assessment> hello.controllers.AssessmentController.getAssessment(int)
2017-04-16 05:43:13.987  INFO 8432 --- [    Test worker] s.w.s.m.m.a.RequestMappingHandlerMapping : Mapped "{[/rest/assessments/{id}/question],methods=[POST]}" onto public org.springframework.http.ResponseEntity<hello.models.Assessment> hello.controllers.AssessmentController.addQuestion(int,hello.models.Question) throws java.lang.Exception
2017-04-16 05:43:13.987  INFO 8432 --- [    Test worker] s.w.s.m.m.a.RequestMappingHandlerMapping : Mapped "{[/rest/assessments],methods=[GET]}" onto public java.util.ArrayList<hello.models.Assessment> hello.controllers.AssessmentController.getAllAssessments(javax.servlet.http.HttpSession) throws java.lang.Exception
2017-04-16 05:43:13.987  INFO 8432 --- [    Test worker] s.w.s.m.m.a.RequestMappingHandlerMapping : Mapped "{[/rest/assessments/{id}/question/{questionId}],methods=[POST]}" onto public org.springframework.http.ResponseEntity<hello.models.Assessment> hello.controllers.AssessmentController.addExistingQuestion(int,int)
2017-04-16 05:43:13.987  INFO 8432 --- [    Test worker] s.w.s.m.m.a.RequestMappingHandlerMapping : Mapped "{[/rest/session/login],methods=[POST]}" onto public org.springframework.http.ResponseEntity<hello.models.LoginResponse> hello.controllers.AuthenticationController.login(hello.models.LoginRequest,javax.servlet.http.HttpSession)
2017-04-16 05:43:13.987  INFO 8432 --- [    Test worker] s.w.s.m.m.a.RequestMappingHandlerMapping : Mapped "{[/rest/session],methods=[GET]}" onto public hello.models.User hello.controllers.AuthenticationController.session(javax.servlet.http.HttpSession)
2017-04-16 05:43:13.987  INFO 8432 --- [    Test worker] s.w.s.m.m.a.RequestMappingHandlerMapping : Mapped "{[/rest/session],methods=[DELETE]}" onto public void hello.controllers.AuthenticationController.logout(javax.servlet.http.HttpSession)
2017-04-16 05:43:13.987  INFO 8432 --- [    Test worker] s.w.s.m.m.a.RequestMappingHandlerMapping : Mapped "{[/rest/session/logout],methods=[POST]}" onto public org.springframework.http.ResponseEntity<hello.models.LogoutResponse> hello.controllers.AuthenticationController.logout() throws java.lang.Exception
2017-04-16 05:43:13.987  INFO 8432 --- [    Test worker] s.w.s.m.m.a.RequestMappingHandlerMapping : Mapped "{[/rest/session/is-logged-in],methods=[GET]}" onto public org.springframework.http.ResponseEntity<hello.models.LoginResponse> hello.controllers.AuthenticationController.isLoggedIn(javax.servlet.http.HttpSession)
2017-04-16 05:43:13.987  INFO 8432 --- [    Test worker] s.w.s.m.m.a.RequestMappingHandlerMapping : Mapped "{[/files/upload]}" onto public hello.models.JSONResponse hello.controllers.FileUploadController.uploadFile(org.springframework.web.multipart.MultipartFile)
2017-04-16 05:43:13.987  INFO 8432 --- [    Test worker] s.w.s.m.m.a.RequestMappingHandlerMapping : Mapped "{[/files/{filename:.+}],methods=[GET]}" onto public org.springframework.http.ResponseEntity<org.springframework.core.io.Resource> hello.controllers.FileUploadController.serveFile(java.lang.String)
2017-04-16 05:43:13.987  INFO 8432 --- [    Test worker] s.w.s.m.m.a.RequestMappingHandlerMapping : Mapped "{[/app/**]}" onto public org.springframework.web.servlet.ModelAndView hello.controllers.HomeController.index(javax.servlet.http.HttpSession,javax.servlet.http.HttpServletResponse)
2017-04-16 05:43:13.987  INFO 8432 --- [    Test worker] s.w.s.m.m.a.RequestMappingHandlerMapping : Mapped "{[]}" onto public java.lang.String hello.controllers.HomeController.home()
2017-04-16 05:43:13.988  INFO 8432 --- [    Test worker] s.w.s.m.m.a.RequestMappingHandlerMapping : Mapped "{[/rest/participants],methods=[GET]}" onto public java.util.ArrayList<hello.models.Participant> hello.controllers.ParticipantController.getParticipants()
2017-04-16 05:43:13.988  INFO 8432 --- [    Test worker] s.w.s.m.m.a.RequestMappingHandlerMapping : Mapped "{[/rest/participants],methods=[POST]}" onto public org.springframework.http.ResponseEntity<java.util.List<hello.models.Participant>> hello.controllers.ParticipantController.addParticipant(java.util.List<hello.models.Participant>)
2017-04-16 05:43:13.988  INFO 8432 --- [    Test worker] s.w.s.m.m.a.RequestMappingHandlerMapping : Mapped "{[/rest/participant],methods=[POST]}" onto public org.springframework.http.ResponseEntity<hello.models.Participant> hello.controllers.ParticipantController.addParticipant(hello.models.Participant)
2017-04-16 05:43:13.988  INFO 8432 --- [    Test worker] s.w.s.m.m.a.RequestMappingHandlerMapping : Mapped "{[/rest/participants/{id}],methods=[GET]}" onto public org.springframework.http.ResponseEntity<hello.models.Participant> hello.controllers.ParticipantController.getParticipant(int)
2017-04-16 05:43:13.988  INFO 8432 --- [    Test worker] s.w.s.m.m.a.RequestMappingHandlerMapping : Mapped "{[/rest/participants/{id}],methods=[DELETE]}" onto public org.springframework.http.ResponseEntity<java.lang.Boolean> hello.controllers.ParticipantController.deleteParticipant(int) throws java.lang.Exception
2017-04-16 05:43:13.988  INFO 8432 --- [    Test worker] s.w.s.m.m.a.RequestMappingHandlerMapping : Mapped "{[/rest/participants/{id}],methods=[PUT]}" onto public org.springframework.http.ResponseEntity<hello.models.Participant> hello.controllers.ParticipantController.updateParticipant(int,hello.models.Participant) throws java.lang.Exception
2017-04-16 05:43:13.988  INFO 8432 --- [    Test worker] s.w.s.m.m.a.RequestMappingHandlerMapping : Mapped "{[/rest/questions],methods=[POST]}" onto public org.springframework.http.ResponseEntity<hello.models.Question> hello.controllers.QuestionController.addQuestion(hello.models.Question)
2017-04-16 05:43:13.988  INFO 8432 --- [    Test worker] s.w.s.m.m.a.RequestMappingHandlerMapping : Mapped "{[/rest/questions/{id}/],methods=[GET]}" onto public org.springframework.http.ResponseEntity<hello.models.Question> hello.controllers.QuestionController.getAQuestion(int)
2017-04-16 05:43:13.988  INFO 8432 --- [    Test worker] s.w.s.m.m.a.RequestMappingHandlerMapping : Mapped "{[/rest/questions/{id}],methods=[PATCH]}" onto public org.springframework.http.ResponseEntity<hello.models.Question> hello.controllers.QuestionController.updateQuestion(int,hello.models.Question) throws java.lang.Exception
2017-04-16 05:43:13.988  INFO 8432 --- [    Test worker] s.w.s.m.m.a.RequestMappingHandlerMapping : Mapped "{[/rest/questions],methods=[GET]}" onto public java.util.ArrayList<hello.models.Question> hello.controllers.QuestionController.getQuestions()
2017-04-16 05:43:13.988  INFO 8432 --- [    Test worker] s.w.s.m.m.a.RequestMappingHandlerMapping : Mapped "{[/rest/questions/{id}],methods=[DELETE]}" onto public org.springframework.http.ResponseEntity<java.lang.Boolean> hello.controllers.QuestionController.deleteQuestion(int)
2017-04-16 05:43:13.988  INFO 8432 --- [    Test worker] s.w.s.m.m.a.RequestMappingHandlerMapping : Mapped "{[/rest/targetGroups/{id}/assessment/{assessmentid}],methods=[POST]}" onto public org.springframework.http.ResponseEntity<hello.models.TargetGroup> hello.controllers.TargetGroupController.addExistingAssessmentToTargetGroup(int,int) throws java.lang.Exception
2017-04-16 05:43:13.988  INFO 8432 --- [    Test worker] s.w.s.m.m.a.RequestMappingHandlerMapping : Mapped "{[/rest/targetGroups/{id}/participants/{participantId}],methods=[POST]}" onto public org.springframework.http.ResponseEntity<hello.models.TargetGroup> hello.controllers.TargetGroupController.addExistingParticipantToTargetGroup(int,int) throws java.lang.Exception
2017-04-16 05:43:13.988  INFO 8432 --- [    Test worker] s.w.s.m.m.a.RequestMappingHandlerMapping : Mapped "{[/rest/targetGroups],methods=[POST]}" onto public org.springframework.http.ResponseEntity<hello.models.TargetGroup> hello.controllers.TargetGroupController.addTargetGroup(javax.servlet.http.HttpSession,hello.models.TargetGroup) throws java.lang.Exception
2017-04-16 05:43:13.988  INFO 8432 --- [    Test worker] s.w.s.m.m.a.RequestMappingHandlerMapping : Mapped "{[/rest/targetGroups/{id}],methods=[GET]}" onto public org.springframework.http.ResponseEntity<hello.models.TargetGroup> hello.controllers.TargetGroupController.getTargetGroup(int)
2017-04-16 05:43:13.988  INFO 8432 --- [    Test worker] s.w.s.m.m.a.RequestMappingHandlerMapping : Mapped "{[/rest/targetGroups],methods=[GET]}" onto public java.util.ArrayList<hello.models.TargetGroup> hello.controllers.TargetGroupController.getTargetGroups() throws java.lang.Exception
2017-04-16 05:43:13.988  INFO 8432 --- [    Test worker] s.w.s.m.m.a.RequestMappingHandlerMapping : Mapped "{[/rest/targetGroups/{id}],methods=[DELETE]}" onto public org.springframework.http.ResponseEntity<java.lang.Boolean> hello.controllers.TargetGroupController.deleteTargetGroup(int) throws java.lang.Exception
2017-04-16 05:43:13.988  INFO 8432 --- [    Test worker] s.w.s.m.m.a.RequestMappingHandlerMapping : Mapped "{[/rest/targetGroups/{id}/assessment],methods=[POST]}" onto public org.springframework.http.ResponseEntity<hello.models.TargetGroup> hello.controllers.TargetGroupController.addNewAssessmentToTargetGroup(int,hello.models.Assessment) throws java.lang.Exception
2017-04-16 05:43:13.989  INFO 8432 --- [    Test worker] s.w.s.m.m.a.RequestMappingHandlerMapping : Mapped "{[/rest/targetGroups/{id}/participants],methods=[GET]}" onto public java.util.ArrayList<hello.models.Participant> hello.controllers.TargetGroupController.getParticipantsInTargetGroup(int) throws java.lang.Exception
2017-04-16 05:43:13.989  INFO 8432 --- [    Test worker] s.w.s.m.m.a.RequestMappingHandlerMapping : Mapped "{[/rest/targetGroups/{id}/participants/{participantId}],methods=[PUT]}" onto public org.springframework.http.ResponseEntity<hello.models.TargetGroup> hello.controllers.TargetGroupController.removeParticipantFromTargetGroup(int,int) throws java.lang.Exception
2017-04-16 05:43:13.989  INFO 8432 --- [    Test worker] s.w.s.m.m.a.RequestMappingHandlerMapping : Mapped "{[/rest/targetGroups/{id}/participants],methods=[POST]}" onto public org.springframework.http.ResponseEntity<hello.models.TargetGroup> hello.controllers.TargetGroupController.addNewParticipantToTargetGroup(int,hello.models.Participant) throws java.lang.Exception
2017-04-16 05:43:13.989  INFO 8432 --- [    Test worker] s.w.s.m.m.a.RequestMappingHandlerMapping : Mapped "{[/rest/targetGroups/{id}/participantList],methods=[POST]}" onto public org.springframework.http.ResponseEntity<hello.models.TargetGroup> hello.controllers.TargetGroupController.addNewParticipantsToTargetGroup(int,java.util.List<hello.models.Participant>) throws java.lang.Exception
2017-04-16 05:43:13.989  INFO 8432 --- [    Test worker] s.w.s.m.m.a.RequestMappingHandlerMapping : Mapped "{[/rest/targetGroups/{id}],methods=[PUT]}" onto public org.springframework.http.ResponseEntity<hello.models.TargetGroup> hello.controllers.TargetGroupController.updateTargetGroup(int,hello.models.TargetGroup) throws java.lang.Exception
2017-04-16 05:43:13.989  INFO 8432 --- [    Test worker] s.w.s.m.m.a.RequestMappingHandlerMapping : Mapped "{[/rest/register],methods=[POST]}" onto public org.springframework.http.ResponseEntity<hello.models.User> hello.controllers.UserController.registerUser(hello.models.User) throws java.lang.Exception
2017-04-16 05:43:13.989  INFO 8432 --- [    Test worker] s.w.s.m.m.a.RequestMappingHandlerMapping : Mapped "{[/rest/currentUser],methods=[PATCH]}" onto public org.springframework.http.ResponseEntity<hello.models.User> hello.controllers.UserController.updateUser(hello.models.User) throws java.lang.Exception
2017-04-16 05:43:13.989  INFO 8432 --- [    Test worker] s.w.s.m.m.a.RequestMappingHandlerMapping : Mapped "{[/rest/currentUser],methods=[GET]}" onto public org.springframework.http.ResponseEntity<hello.models.User> hello.controllers.UserController.getCurrentUser() throws java.lang.Exception
2017-04-16 05:43:13.989  INFO 8432 --- [    Test worker] s.w.s.m.m.a.RequestMappingHandlerMapping : Mapped "{[/error]}" onto public org.springframework.http.ResponseEntity<java.util.Map<java.lang.String, java.lang.Object>> org.springframework.boot.autoconfigure.web.BasicErrorController.error(javax.servlet.http.HttpServletRequest)
2017-04-16 05:43:13.989  INFO 8432 --- [    Test worker] s.w.s.m.m.a.RequestMappingHandlerMapping : Mapped "{[/error],produces=[text/html]}" onto public org.springframework.web.servlet.ModelAndView org.springframework.boot.autoconfigure.web.BasicErrorController.errorHtml(javax.servlet.http.HttpServletRequest,javax.servlet.http.HttpServletResponse)
2017-04-16 05:43:14.006  INFO 8432 --- [    Test worker] o.s.w.s.handler.SimpleUrlHandlerMapping  : Mapped URL path [/webjars/**] onto handler of type [class org.springframework.web.servlet.resource.ResourceHttpRequestHandler]
2017-04-16 05:43:14.007  INFO 8432 --- [    Test worker] o.s.w.s.handler.SimpleUrlHandlerMapping  : Mapped URL path [/resources/**] onto handler of type [class org.springframework.web.servlet.resource.ResourceHttpRequestHandler]
2017-04-16 05:43:14.014  INFO 8432 --- [    Test worker] .m.m.a.ExceptionHandlerExceptionResolver : Detected @ExceptionHandler methods in repositoryRestExceptionHandler
2017-04-16 05:43:14.014  INFO 8432 --- [    Test worker] .m.m.a.ExceptionHandlerExceptionResolver : Detected ResponseBodyAdvice implementation in org.springframework.boot.actuate.autoconfigure.EndpointWebMvcHypermediaManagementContextConfiguration$ActuatorEndpointLinksAdvice
2017-04-16 05:43:14.025  INFO 8432 --- [    Test worker] o.s.w.s.handler.SimpleUrlHandlerMapping  : Mapped URL path [/**/favicon.ico] onto handler of type [class org.springframework.web.servlet.resource.ResourceHttpRequestHandler]
2017-04-16 05:43:14.058  INFO 8432 --- [    Test worker] oConfiguration$WelcomePageHandlerMapping : Adding welcome page: ServletContext resource [/index.html]
2017-04-16 05:43:14.207  INFO 8432 --- [    Test worker] o.s.d.r.w.RepositoryRestHandlerAdapter   : Looking for @ControllerAdvice: org.springframework.web.context.support.GenericWebApplicationContext@e4c954e: startup date [Sun Apr 16 05:42:56 CDT 2017]; root of context hierarchy
2017-04-16 05:43:14.209  INFO 8432 --- [    Test worker] o.s.d.r.w.RepositoryRestHandlerAdapter   : Detected ResponseBodyAdvice bean in org.springframework.boot.actuate.autoconfigure.EndpointWebMvcHypermediaManagementContextConfiguration$ActuatorEndpointLinksAdvice
2017-04-16 05:43:14.210  INFO 8432 --- [    Test worker] o.s.d.r.w.RepositoryRestHandlerMapping   : Mapped "{[/api/ || /api],methods=[GET],produces=[application/hal+json || application/json || application/*+json;charset=UTF-8]}" onto public org.springframework.http.HttpEntity<org.springframework.data.rest.webmvc.RepositoryLinksResource> org.springframework.data.rest.webmvc.RepositoryController.listRepositories()
2017-04-16 05:43:14.210  INFO 8432 --- [    Test worker] o.s.d.r.w.RepositoryRestHandlerMapping   : Mapped "{[/api/ || /api],methods=[HEAD],produces=[application/hal+json || application/json || application/*+json;charset=UTF-8]}" onto public org.springframework.http.ResponseEntity<?> org.springframework.data.rest.webmvc.RepositoryController.headForRepositories()
2017-04-16 05:43:14.211  INFO 8432 --- [    Test worker] o.s.d.r.w.RepositoryRestHandlerMapping   : Mapped "{[/api/ || /api],methods=[OPTIONS],produces=[application/hal+json || application/json || application/*+json;charset=UTF-8]}" onto public org.springframework.http.HttpEntity<?> org.springframework.data.rest.webmvc.RepositoryController.optionsForRepositories()
2017-04-16 05:43:14.211  INFO 8432 --- [    Test worker] o.s.d.r.w.RepositoryRestHandlerMapping   : Mapped "{[/api/{repository}/{id}],methods=[PUT],produces=[application/hal+json || application/json || application/*+json;charset=UTF-8]}" onto public org.springframework.http.ResponseEntity<? extends org.springframework.hateoas.ResourceSupport> org.springframework.data.rest.webmvc.RepositoryEntityController.putItemResource(org.springframework.data.rest.webmvc.RootResourceInformation,org.springframework.data.rest.webmvc.PersistentEntityResource,java.io.Serializable,org.springframework.data.rest.webmvc.PersistentEntityResourceAssembler,org.springframework.data.rest.webmvc.support.ETag,java.lang.String) throws org.springframework.web.HttpRequestMethodNotSupportedException
2017-04-16 05:43:14.211  INFO 8432 --- [    Test worker] o.s.d.r.w.RepositoryRestHandlerMapping   : Mapped "{[/api/{repository}/{id}],methods=[GET],produces=[application/hal+json || application/json || application/*+json;charset=UTF-8]}" onto public org.springframework.http.ResponseEntity<org.springframework.hateoas.Resource<?>> org.springframework.data.rest.webmvc.RepositoryEntityController.getItemResource(org.springframework.data.rest.webmvc.RootResourceInformation,java.io.Serializable,org.springframework.data.rest.webmvc.PersistentEntityResourceAssembler,org.springframework.util.MultiValueMap<java.lang.String, java.lang.String>) throws org.springframework.web.HttpRequestMethodNotSupportedException
2017-04-16 05:43:14.211  INFO 8432 --- [    Test worker] o.s.d.r.w.RepositoryRestHandlerMapping   : Mapped "{[/api/{repository}/{id}],methods=[PATCH],produces=[application/hal+json || application/json || application/*+json;charset=UTF-8]}" onto public org.springframework.http.ResponseEntity<org.springframework.hateoas.ResourceSupport> org.springframework.data.rest.webmvc.RepositoryEntityController.patchItemResource(org.springframework.data.rest.webmvc.RootResourceInformation,org.springframework.data.rest.webmvc.PersistentEntityResource,java.io.Serializable,org.springframework.data.rest.webmvc.PersistentEntityResourceAssembler,org.springframework.data.rest.webmvc.support.ETag,java.lang.String) throws org.springframework.web.HttpRequestMethodNotSupportedException,org.springframework.data.rest.webmvc.ResourceNotFoundException
2017-04-16 05:43:14.211  INFO 8432 --- [    Test worker] o.s.d.r.w.RepositoryRestHandlerMapping   : Mapped "{[/api/{repository}/{id}],methods=[DELETE],produces=[application/hal+json || application/json || application/*+json;charset=UTF-8]}" onto public org.springframework.http.ResponseEntity<?> org.springframework.data.rest.webmvc.RepositoryEntityController.deleteItemResource(org.springframework.data.rest.webmvc.RootResourceInformation,java.io.Serializable,org.springframework.data.rest.webmvc.support.ETag) throws org.springframework.data.rest.webmvc.ResourceNotFoundException,org.springframework.web.HttpRequestMethodNotSupportedException
2017-04-16 05:43:14.211  INFO 8432 --- [    Test worker] o.s.d.r.w.RepositoryRestHandlerMapping   : Mapped "{[/api/{repository}],methods=[GET],produces=[application/x-spring-data-compact+json || text/uri-list]}" onto public org.springframework.hateoas.Resources<?> org.springframework.data.rest.webmvc.RepositoryEntityController.getCollectionResourceCompact(org.springframework.data.rest.webmvc.RootResourceInformation,org.springframework.data.rest.webmvc.support.DefaultedPageable,org.springframework.data.domain.Sort,org.springframework.data.rest.webmvc.PersistentEntityResourceAssembler) throws org.springframework.data.rest.webmvc.ResourceNotFoundException,org.springframework.web.HttpRequestMethodNotSupportedException
2017-04-16 05:43:14.211  INFO 8432 --- [    Test worker] o.s.d.r.w.RepositoryRestHandlerMapping   : Mapped "{[/api/{repository}],methods=[POST],produces=[application/hal+json || application/json || application/*+json;charset=UTF-8]}" onto public org.springframework.http.ResponseEntity<org.springframework.hateoas.ResourceSupport> org.springframework.data.rest.webmvc.RepositoryEntityController.postCollectionResource(org.springframework.data.rest.webmvc.RootResourceInformation,org.springframework.data.rest.webmvc.PersistentEntityResource,org.springframework.data.rest.webmvc.PersistentEntityResourceAssembler,java.lang.String) throws org.springframework.web.HttpRequestMethodNotSupportedException
2017-04-16 05:43:14.211  INFO 8432 --- [    Test worker] o.s.d.r.w.RepositoryRestHandlerMapping   : Mapped "{[/api/{repository}],methods=[GET],produces=[application/hal+json || application/json || application/*+json;charset=UTF-8]}" onto public org.springframework.hateoas.Resources<?> org.springframework.data.rest.webmvc.RepositoryEntityController.getCollectionResource(org.springframework.data.rest.webmvc.RootResourceInformation,org.springframework.data.rest.webmvc.support.DefaultedPageable,org.springframework.data.domain.Sort,org.springframework.data.rest.webmvc.PersistentEntityResourceAssembler) throws org.springframework.data.rest.webmvc.ResourceNotFoundException,org.springframework.web.HttpRequestMethodNotSupportedException
2017-04-16 05:43:14.212  INFO 8432 --- [    Test worker] o.s.d.r.w.RepositoryRestHandlerMapping   : Mapped "{[/api/{repository}/{id}],methods=[OPTIONS],produces=[application/hal+json || application/json || application/*+json;charset=UTF-8]}" onto public org.springframework.http.ResponseEntity<?> org.springframework.data.rest.webmvc.RepositoryEntityController.optionsForItemResource(org.springframework.data.rest.webmvc.RootResourceInformation)
2017-04-16 05:43:14.212  INFO 8432 --- [    Test worker] o.s.d.r.w.RepositoryRestHandlerMapping   : Mapped "{[/api/{repository}],methods=[OPTIONS],produces=[application/hal+json || application/json || application/*+json;charset=UTF-8]}" onto public org.springframework.http.ResponseEntity<?> org.springframework.data.rest.webmvc.RepositoryEntityController.optionsForCollectionResource(org.springframework.data.rest.webmvc.RootResourceInformation)
2017-04-16 05:43:14.212  INFO 8432 --- [    Test worker] o.s.d.r.w.RepositoryRestHandlerMapping   : Mapped "{[/api/{repository}],methods=[HEAD],produces=[application/hal+json || application/json || application/*+json;charset=UTF-8]}" onto public org.springframework.http.ResponseEntity<?> org.springframework.data.rest.webmvc.RepositoryEntityController.headCollectionResource(org.springframework.data.rest.webmvc.RootResourceInformation,org.springframework.data.rest.webmvc.support.DefaultedPageable) throws org.springframework.web.HttpRequestMethodNotSupportedException
2017-04-16 05:43:14.212  INFO 8432 --- [    Test worker] o.s.d.r.w.RepositoryRestHandlerMapping   : Mapped "{[/api/{repository}/{id}],methods=[HEAD],produces=[application/hal+json || application/json || application/*+json;charset=UTF-8]}" onto public org.springframework.http.ResponseEntity<?> org.springframework.data.rest.webmvc.RepositoryEntityController.headForItemResource(org.springframework.data.rest.webmvc.RootResourceInformation,java.io.Serializable,org.springframework.data.rest.webmvc.PersistentEntityResourceAssembler) throws org.springframework.web.HttpRequestMethodNotSupportedException
2017-04-16 05:43:14.212  INFO 8432 --- [    Test worker] o.s.d.r.w.RepositoryRestHandlerMapping   : Mapped "{[/api/{repository}/{id}/{property}/{propertyId}],methods=[DELETE],produces=[application/hal+json || application/json || application/*+json;charset=UTF-8]}" onto public org.springframework.http.ResponseEntity<org.springframework.hateoas.ResourceSupport> org.springframework.data.rest.webmvc.RepositoryPropertyReferenceController.deletePropertyReferenceId(org.springframework.data.rest.webmvc.RootResourceInformation,java.io.Serializable,java.lang.String,java.lang.String) throws java.lang.Exception
2017-04-16 05:43:14.212  INFO 8432 --- [    Test worker] o.s.d.r.w.RepositoryRestHandlerMapping   : Mapped "{[/api/{repository}/{id}/{property}/{propertyId}],methods=[GET],produces=[application/hal+json || application/json || application/*+json;charset=UTF-8]}" onto public org.springframework.http.ResponseEntity<org.springframework.hateoas.ResourceSupport> org.springframework.data.rest.webmvc.RepositoryPropertyReferenceController.followPropertyReference(org.springframework.data.rest.webmvc.RootResourceInformation,java.io.Serializable,java.lang.String,java.lang.String,org.springframework.data.rest.webmvc.PersistentEntityResourceAssembler) throws java.lang.Exception
2017-04-16 05:43:14.212  INFO 8432 --- [    Test worker] o.s.d.r.w.RepositoryRestHandlerMapping   : Mapped "{[/api/{repository}/{id}/{property}],methods=[GET],produces=[application/hal+json || application/json || application/*+json;charset=UTF-8]}" onto public org.springframework.http.ResponseEntity<org.springframework.hateoas.ResourceSupport> org.springframework.data.rest.webmvc.RepositoryPropertyReferenceController.followPropertyReference(org.springframework.data.rest.webmvc.RootResourceInformation,java.io.Serializable,java.lang.String,org.springframework.data.rest.webmvc.PersistentEntityResourceAssembler) throws java.lang.Exception
2017-04-16 05:43:14.212  INFO 8432 --- [    Test worker] o.s.d.r.w.RepositoryRestHandlerMapping   : Mapped "{[/api/{repository}/{id}/{property}],methods=[PATCH || PUT || POST],consumes=[application/json || application/x-spring-data-compact+json || text/uri-list],produces=[application/hal+json || application/json || application/*+json;charset=UTF-8]}" onto public org.springframework.http.ResponseEntity<? extends org.springframework.hateoas.ResourceSupport> org.springframework.data.rest.webmvc.RepositoryPropertyReferenceController.createPropertyReference(org.springframework.data.rest.webmvc.RootResourceInformation,org.springframework.http.HttpMethod,org.springframework.hateoas.Resources<java.lang.Object>,java.io.Serializable,java.lang.String) throws java.lang.Exception
2017-04-16 05:43:14.212  INFO 8432 --- [    Test worker] o.s.d.r.w.RepositoryRestHandlerMapping   : Mapped "{[/api/{repository}/{id}/{property}],methods=[GET],produces=[application/x-spring-data-compact+json || text/uri-list]}" onto public org.springframework.http.ResponseEntity<org.springframework.hateoas.ResourceSupport> org.springframework.data.rest.webmvc.RepositoryPropertyReferenceController.followPropertyReferenceCompact(org.springframework.data.rest.webmvc.RootResourceInformation,java.io.Serializable,java.lang.String,org.springframework.data.rest.webmvc.PersistentEntityResourceAssembler) throws java.lang.Exception
2017-04-16 05:43:14.212  INFO 8432 --- [    Test worker] o.s.d.r.w.RepositoryRestHandlerMapping   : Mapped "{[/api/{repository}/{id}/{property}],methods=[DELETE],produces=[application/hal+json || application/json || application/*+json;charset=UTF-8]}" onto public org.springframework.http.ResponseEntity<? extends org.springframework.hateoas.ResourceSupport> org.springframework.data.rest.webmvc.RepositoryPropertyReferenceController.deletePropertyReference(org.springframework.data.rest.webmvc.RootResourceInformation,java.io.Serializable,java.lang.String) throws java.lang.Exception
2017-04-16 05:43:14.213  INFO 8432 --- [    Test worker] o.s.d.r.w.RepositoryRestHandlerMapping   : Mapped "{[/api/{repository}/search],methods=[OPTIONS],produces=[application/hal+json || application/json || application/*+json;charset=UTF-8]}" onto public org.springframework.http.HttpEntity<?> org.springframework.data.rest.webmvc.RepositorySearchController.optionsForSearches(org.springframework.data.rest.webmvc.RootResourceInformation)
2017-04-16 05:43:14.213  INFO 8432 --- [    Test worker] o.s.d.r.w.RepositoryRestHandlerMapping   : Mapped "{[/api/{repository}/search/{search}],methods=[GET],produces=[application/x-spring-data-compact+json]}" onto public org.springframework.hateoas.ResourceSupport org.springframework.data.rest.webmvc.RepositorySearchController.executeSearchCompact(org.springframework.data.rest.webmvc.RootResourceInformation,org.springframework.util.MultiValueMap<java.lang.String, java.lang.Object>,java.lang.String,java.lang.String,org.springframework.data.rest.webmvc.support.DefaultedPageable,org.springframework.data.domain.Sort,org.springframework.data.rest.webmvc.PersistentEntityResourceAssembler)
2017-04-16 05:43:14.213  INFO 8432 --- [    Test worker] o.s.d.r.w.RepositoryRestHandlerMapping   : Mapped "{[/api/{repository}/search],methods=[GET],produces=[application/hal+json || application/json || application/*+json;charset=UTF-8]}" onto public org.springframework.data.rest.webmvc.RepositorySearchesResource org.springframework.data.rest.webmvc.RepositorySearchController.listSearches(org.springframework.data.rest.webmvc.RootResourceInformation)
2017-04-16 05:43:14.213  INFO 8432 --- [    Test worker] o.s.d.r.w.RepositoryRestHandlerMapping   : Mapped "{[/api/{repository}/search/{search}],methods=[HEAD],produces=[application/hal+json || application/json || application/*+json;charset=UTF-8]}" onto public org.springframework.http.ResponseEntity<java.lang.Object> org.springframework.data.rest.webmvc.RepositorySearchController.headForSearch(org.springframework.data.rest.webmvc.RootResourceInformation,java.lang.String)
2017-04-16 05:43:14.213  INFO 8432 --- [    Test worker] o.s.d.r.w.RepositoryRestHandlerMapping   : Mapped "{[/api/{repository}/search/{search}],methods=[GET],produces=[application/hal+json || application/json || application/*+json;charset=UTF-8]}" onto public org.springframework.http.ResponseEntity<java.lang.Object> org.springframework.data.rest.webmvc.RepositorySearchController.executeSearch(org.springframework.data.rest.webmvc.RootResourceInformation,org.springframework.util.MultiValueMap<java.lang.String, java.lang.Object>,java.lang.String,org.springframework.data.rest.webmvc.support.DefaultedPageable,org.springframework.data.domain.Sort,org.springframework.data.rest.webmvc.PersistentEntityResourceAssembler)
2017-04-16 05:43:14.213  INFO 8432 --- [    Test worker] o.s.d.r.w.RepositoryRestHandlerMapping   : Mapped "{[/api/{repository}/search/{search}],methods=[OPTIONS],produces=[application/hal+json || application/json || application/*+json;charset=UTF-8]}" onto public org.springframework.http.ResponseEntity<java.lang.Object> org.springframework.data.rest.webmvc.RepositorySearchController.optionsForSearch(org.springframework.data.rest.webmvc.RootResourceInformation,java.lang.String)
2017-04-16 05:43:14.213  INFO 8432 --- [    Test worker] o.s.d.r.w.RepositoryRestHandlerMapping   : Mapped "{[/api/{repository}/search],methods=[HEAD],produces=[application/hal+json || application/json || application/*+json;charset=UTF-8]}" onto public org.springframework.http.HttpEntity<?> org.springframework.data.rest.webmvc.RepositorySearchController.headForSearches(org.springframework.data.rest.webmvc.RootResourceInformation)
2017-04-16 05:43:14.215  INFO 8432 --- [    Test worker] o.s.d.r.w.BasePathAwareHandlerMapping    : Mapped "{[/api/profile/{repository}],methods=[GET],produces=[application/alps+json || */*]}" onto org.springframework.http.HttpEntity<org.springframework.data.rest.webmvc.RootResourceInformation> org.springframework.data.rest.webmvc.alps.AlpsController.descriptor(org.springframework.data.rest.webmvc.RootResourceInformation)
2017-04-16 05:43:14.215  INFO 8432 --- [    Test worker] o.s.d.r.w.BasePathAwareHandlerMapping    : Mapped "{[/api/profile/{repository}],methods=[OPTIONS],produces=[application/alps+json]}" onto org.springframework.http.HttpEntity<?> org.springframework.data.rest.webmvc.alps.AlpsController.alpsOptions()
2017-04-16 05:43:14.215  INFO 8432 --- [    Test worker] o.s.d.r.w.BasePathAwareHandlerMapping    : Mapped "{[/api/profile],methods=[OPTIONS]}" onto public org.springframework.http.HttpEntity<?> org.springframework.data.rest.webmvc.ProfileController.profileOptions()
2017-04-16 05:43:14.215  INFO 8432 --- [    Test worker] o.s.d.r.w.BasePathAwareHandlerMapping    : Mapped "{[/api/profile],methods=[GET]}" onto org.springframework.http.HttpEntity<org.springframework.hateoas.ResourceSupport> org.springframework.data.rest.webmvc.ProfileController.listAllFormsOfMetadata()
2017-04-16 05:43:14.215  INFO 8432 --- [    Test worker] o.s.d.r.w.BasePathAwareHandlerMapping    : Mapped "{[/api/profile/{repository}],methods=[GET],produces=[application/schema+json]}" onto public org.springframework.http.HttpEntity<org.springframework.data.rest.webmvc.json.JsonSchema> org.springframework.data.rest.webmvc.RepositorySchemaController.schema(org.springframework.data.rest.webmvc.RootResourceInformation)
2017-04-16 05:43:14.223  INFO 8432 --- [    Test worker] .m.m.a.ExceptionHandlerExceptionResolver : Detected @ExceptionHandler methods in repositoryRestExceptionHandler
2017-04-16 05:43:14.223  INFO 8432 --- [    Test worker] .m.m.a.ExceptionHandlerExceptionResolver : Detected ResponseBodyAdvice implementation in org.springframework.boot.actuate.autoconfigure.EndpointWebMvcHypermediaManagementContextConfiguration$ActuatorEndpointLinksAdvice
2017-04-16 05:43:14.263  INFO 8432 --- [    Test worker] o.s.b.a.e.mvc.EndpointHandlerMapping     : Mapped "{[/mappings || /mappings.json],methods=[GET],produces=[application/json]}" onto public java.lang.Object org.springframework.boot.actuate.endpoint.mvc.EndpointMvcAdapter.invoke()
2017-04-16 05:43:14.264  INFO 8432 --- [    Test worker] o.s.b.a.e.mvc.EndpointHandlerMapping     : Mapped "{[/trace || /trace.json],methods=[GET],produces=[application/json]}" onto public java.lang.Object org.springframework.boot.actuate.endpoint.mvc.EndpointMvcAdapter.invoke()
2017-04-16 05:43:14.264  INFO 8432 --- [    Test worker] o.s.b.a.e.mvc.EndpointHandlerMapping     : Mapped "{[/configprops || /configprops.json],methods=[GET],produces=[application/json]}" onto public java.lang.Object org.springframework.boot.actuate.endpoint.mvc.EndpointMvcAdapter.invoke()
2017-04-16 05:43:14.264  INFO 8432 --- [    Test worker] o.s.b.a.e.mvc.EndpointHandlerMapping     : Mapped "{[/beans || /beans.json],methods=[GET],produces=[application/json]}" onto public java.lang.Object org.springframework.boot.actuate.endpoint.mvc.EndpointMvcAdapter.invoke()
2017-04-16 05:43:14.264  INFO 8432 --- [    Test worker] o.s.b.a.e.mvc.EndpointHandlerMapping     : Mapped "{[/heapdump || /heapdump.json],methods=[GET],produces=[application/octet-stream]}" onto public void org.springframework.boot.actuate.endpoint.mvc.HeapdumpMvcEndpoint.invoke(boolean,javax.servlet.http.HttpServletRequest,javax.servlet.http.HttpServletResponse) throws java.io.IOException,javax.servlet.ServletException
2017-04-16 05:43:14.264  INFO 8432 --- [    Test worker] o.s.b.a.e.mvc.EndpointHandlerMapping     : Mapped "{[/actuator || /actuator.json],produces=[application/json]}" onto public org.springframework.hateoas.ResourceSupport org.springframework.boot.actuate.endpoint.mvc.HalJsonMvcEndpoint.links()
2017-04-16 05:43:14.264  INFO 8432 --- [    Test worker] o.s.b.a.e.mvc.EndpointHandlerMapping     : Mapped "{[/dump || /dump.json],methods=[GET],produces=[application/json]}" onto public java.lang.Object org.springframework.boot.actuate.endpoint.mvc.EndpointMvcAdapter.invoke()
2017-04-16 05:43:14.264  INFO 8432 --- [    Test worker] o.s.b.a.e.mvc.EndpointHandlerMapping     : Mapped "{[/info || /info.json],methods=[GET],produces=[application/json]}" onto public java.lang.Object org.springframework.boot.actuate.endpoint.mvc.EndpointMvcAdapter.invoke()
2017-04-16 05:43:14.265  INFO 8432 --- [    Test worker] o.s.b.a.e.mvc.EndpointHandlerMapping     : Mapped "{[/env/{name:.*}],methods=[GET],produces=[application/json]}" onto public java.lang.Object org.springframework.boot.actuate.endpoint.mvc.EnvironmentMvcEndpoint.value(java.lang.String)
2017-04-16 05:43:14.265  INFO 8432 --- [    Test worker] o.s.b.a.e.mvc.EndpointHandlerMapping     : Mapped "{[/env || /env.json],methods=[GET],produces=[application/json]}" onto public java.lang.Object org.springframework.boot.actuate.endpoint.mvc.EndpointMvcAdapter.invoke()
2017-04-16 05:43:14.265  INFO 8432 --- [    Test worker] o.s.b.a.e.mvc.EndpointHandlerMapping     : Mapped "{[/metrics/{name:.*}],methods=[GET],produces=[application/json]}" onto public java.lang.Object org.springframework.boot.actuate.endpoint.mvc.MetricsMvcEndpoint.value(java.lang.String)
2017-04-16 05:43:14.265  INFO 8432 --- [    Test worker] o.s.b.a.e.mvc.EndpointHandlerMapping     : Mapped "{[/metrics || /metrics.json],methods=[GET],produces=[application/json]}" onto public java.lang.Object org.springframework.boot.actuate.endpoint.mvc.EndpointMvcAdapter.invoke()
2017-04-16 05:43:14.265  INFO 8432 --- [    Test worker] o.s.b.a.e.mvc.EndpointHandlerMapping     : Mapped "{[/health || /health.json],produces=[application/json]}" onto public java.lang.Object org.springframework.boot.actuate.endpoint.mvc.HealthMvcEndpoint.invoke(java.security.Principal)
2017-04-16 05:43:14.265  INFO 8432 --- [    Test worker] o.s.b.a.e.mvc.EndpointHandlerMapping     : Mapped "{[/autoconfig || /autoconfig.json],methods=[GET],produces=[application/json]}" onto public java.lang.Object org.springframework.boot.actuate.endpoint.mvc.EndpointMvcAdapter.invoke()
2017-04-16 05:43:14.398  INFO 8432 --- [    Test worker] h.storage.FileSystemStorageServiceTest   : Started FileSystemStorageServiceTest in 17.916 seconds (JVM running for 605.114)
2017-04-16 05:43:14.404  INFO 8432 --- [    Test worker] o.s.w.c.s.GenericWebApplicationContext   : Closing org.springframework.web.context.support.GenericWebApplicationContext@e4c954e: startup date [Sun Apr 16 05:42:56 CDT 2017]; root of context hierarchy
2017-04-16 05:43:14.405  INFO 8432 --- [    Test worker] j.LocalContainerEntityManagerFactoryBean : Closing JPA EntityManagerFactory for persistence unit 'default'

  .   ____          _            __ _ _
 /\\ / ___'_ __ _ _(_)_ __  __ _ \ \ \ \
( ( )\___ | '_ | '_| | '_ \/ _` | \ \ \ \
 \\/  ___)| |_)| | | | | || (_| |  ) ) ) )
  '  |____| .__|_| |_|_| |_\__, | / / / /
 =========|_|==============|___/=/_/_/_/
 :: Spring Boot ::        (v1.4.4.RELEASE)

2017-04-16 05:43:14.435  INFO 8432 --- [    Test worker] h.storage.FileSystemStorageServiceTest   : Starting FileSystemStorageServiceTest on Puget-99033 with PID 8432 (started by Hector in D:\SHRPAS_Project)
2017-04-16 05:43:14.435  INFO 8432 --- [    Test worker] h.storage.FileSystemStorageServiceTest   : The following profiles are active: production
2017-04-16 05:43:14.436  INFO 8432 --- [    Test worker] o.s.w.c.s.GenericWebApplicationContext   : Refreshing org.springframework.web.context.support.GenericWebApplicationContext@152590cb: startup date [Sun Apr 16 05:43:14 CDT 2017]; root of context hierarchy
2017-04-16 05:43:14.936  INFO 8432 --- [    Test worker] o.s.b.f.s.DefaultListableBeanFactory     : Overriding bean definition for bean 'managementServletContext' with a different definition: replacing [Root bean: class [null]; scope=; abstract=false; lazyInit=false; autowireMode=3; dependencyCheck=0; autowireCandidate=true; primary=false; factoryBeanName=org.springframework.boot.actuate.autoconfigure.EndpointWebMvcHypermediaManagementContextConfiguration; factoryMethodName=managementServletContext; initMethodName=null; destroyMethodName=(inferred); defined in class path resource [org/springframework/boot/actuate/autoconfigure/EndpointWebMvcHypermediaManagementContextConfiguration.class]] with [Root bean: class [null]; scope=; abstract=false; lazyInit=false; autowireMode=3; dependencyCheck=0; autowireCandidate=true; primary=false; factoryBeanName=org.springframework.boot.actuate.autoconfigure.EndpointWebMvcAutoConfiguration; factoryMethodName=managementServletContext; initMethodName=null; destroyMethodName=(inferred); defined in class path resource [org/springframework/boot/actuate/autoconfigure/EndpointWebMvcAutoConfiguration.class]]
2017-04-16 05:43:15.070  INFO 8432 --- [    Test worker] trationDelegate$BeanPostProcessorChecker : Bean 'org.springframework.transaction.annotation.ProxyTransactionManagementConfiguration' of type [class org.springframework.transaction.annotation.ProxyTransactionManagementConfiguration$$EnhancerBySpringCGLIB$$84143e54] is not eligible for getting processed by all BeanPostProcessors (for example: not eligible for auto-proxying)
2017-04-16 05:43:15.179  INFO 8432 --- [    Test worker] j.LocalContainerEntityManagerFactoryBean : Building JPA container EntityManagerFactory for persistence unit 'default'
2017-04-16 05:43:15.179  INFO 8432 --- [    Test worker] org.hibernate.ejb.Ejb3Configuration      : HHH000204: Processing PersistenceUnitInfo [
	name: default
	...]
2017-04-16 05:43:15.186  INFO 8432 --- [    Test worker] o.h.s.j.c.i.ConnectionProviderInitiator  : HHH000130: Instantiating explicit connection provider: org.hibernate.ejb.connection.InjectedDataSourceConnectionProvider
2017-04-16 05:43:19.792  INFO 8432 --- [    Test worker] org.hibernate.dialect.Dialect            : HHH000400: Using dialect: org.hibernate.dialect.MySQLDialect
2017-04-16 05:43:19.792  INFO 8432 --- [    Test worker] o.h.e.t.i.TransactionFactoryInitiator    : HHH000268: Transaction strategy: org.hibernate.engine.transaction.internal.jdbc.JdbcTransactionFactory
2017-04-16 05:43:19.792  INFO 8432 --- [    Test worker] o.h.h.i.ast.ASTQueryTranslatorFactory    : HHH000397: Using ASTQueryTranslatorFactory
2017-04-16 05:43:19.817  INFO 8432 --- [    Test worker] org.hibernate.tool.hbm2ddl.SchemaExport  : HHH000227: Running hbm2ddl schema export
2017-04-16 05:43:22.727  INFO 8432 --- [    Test worker] org.hibernate.tool.hbm2ddl.SchemaExport  : HHH000230: Schema export complete
2017-04-16 05:43:22.732  WARN 8432 --- [    Test worker] o.h.e.i.EntityManagerFactoryRegistry     : HHH000436: Entity manager factory name (default) is already registered.  If entity manager will be clustered or passivated, specify a unique value for property 'hibernate.ejb.entitymanager_factory_name'
2017-04-16 05:43:22.732  INFO 8432 --- [    Test worker] j.LocalContainerEntityManagerFactoryBean : Initialized JPA EntityManagerFactory for persistence unit 'default'
2017-04-16 05:43:22.869  INFO 8432 --- [    Test worker] o.s.b.f.config.PropertiesFactoryBean     : Loading properties file from class path resource [rest-default-messages.properties]
2017-04-16 05:43:25.144  INFO 8432 --- [    Test worker] s.w.s.m.m.a.RequestMappingHandlerAdapter : Looking for @ControllerAdvice: org.springframework.web.context.support.GenericWebApplicationContext@152590cb: startup date [Sun Apr 16 05:43:14 CDT 2017]; root of context hierarchy
2017-04-16 05:43:25.146  INFO 8432 --- [    Test worker] s.w.s.m.m.a.RequestMappingHandlerAdapter : Detected ResponseBodyAdvice bean in org.springframework.boot.actuate.autoconfigure.EndpointWebMvcHypermediaManagementContextConfiguration$ActuatorEndpointLinksAdvice
2017-04-16 05:43:25.157  INFO 8432 --- [    Test worker] s.w.s.m.m.a.RequestMappingHandlerMapping : Mapped "{[/api/login],methods=[POST],consumes=[application/json]}" onto public hello.models.LoginResults hello.controllers.AdministratorController.login(java.lang.String,hello.models.LoginRequest,org.springframework.validation.BindingResult,javax.servlet.http.HttpServletResponse)
2017-04-16 05:43:25.157  INFO 8432 --- [    Test worker] s.w.s.m.m.a.RequestMappingHandlerMapping : Mapped "{[/rest/assessments/{id}/users],methods=[POST]}" onto public org.springframework.http.ResponseEntity<hello.models.Assessment> hello.controllers.AssessmentController.addUser(int,hello.models.User) throws java.lang.Exception
2017-04-16 05:43:25.157  INFO 8432 --- [    Test worker] s.w.s.m.m.a.RequestMappingHandlerMapping : Mapped "{[/rest/send-email-test],methods=[GET]}" onto public org.springframework.http.ResponseEntity<java.lang.String> hello.controllers.AssessmentController.sendEmailTest() throws java.lang.Exception
2017-04-16 05:43:25.157  INFO 8432 --- [    Test worker] s.w.s.m.m.a.RequestMappingHandlerMapping : Mapped "{[/rest/assessments/{id}/delete],methods=[DELETE]}" onto public org.springframework.http.ResponseEntity<java.lang.Boolean> hello.controllers.AssessmentController.deleteAssessment(int)
2017-04-16 05:43:25.157  INFO 8432 --- [    Test worker] s.w.s.m.m.a.RequestMappingHandlerMapping : Mapped "{[/rest/assessments],methods=[POST]}" onto public org.springframework.http.ResponseEntity<hello.models.Assessment> hello.controllers.AssessmentController.addAssessment(javax.servlet.http.HttpSession,hello.models.Assessment) throws java.lang.Exception
2017-04-16 05:43:25.157  INFO 8432 --- [    Test worker] s.w.s.m.m.a.RequestMappingHandlerMapping : Mapped "{[/rest/assessments/{id}],methods=[PATCH]}" onto public org.springframework.http.ResponseEntity<hello.models.Assessment> hello.controllers.AssessmentController.updateAssessment(int,hello.models.Assessment) throws java.lang.Exception
2017-04-16 05:43:25.157  INFO 8432 --- [    Test worker] s.w.s.m.m.a.RequestMappingHandlerMapping : Mapped "{[/rest/assessments/{id}/],methods=[GET]}" onto public org.springframework.http.ResponseEntity<hello.models.Assessment> hello.controllers.AssessmentController.getAssessment(int)
2017-04-16 05:43:25.157  INFO 8432 --- [    Test worker] s.w.s.m.m.a.RequestMappingHandlerMapping : Mapped "{[/rest/assessments/{id}/question],methods=[POST]}" onto public org.springframework.http.ResponseEntity<hello.models.Assessment> hello.controllers.AssessmentController.addQuestion(int,hello.models.Question) throws java.lang.Exception
2017-04-16 05:43:25.157  INFO 8432 --- [    Test worker] s.w.s.m.m.a.RequestMappingHandlerMapping : Mapped "{[/rest/assessments],methods=[GET]}" onto public java.util.ArrayList<hello.models.Assessment> hello.controllers.AssessmentController.getAllAssessments(javax.servlet.http.HttpSession) throws java.lang.Exception
2017-04-16 05:43:25.157  INFO 8432 --- [    Test worker] s.w.s.m.m.a.RequestMappingHandlerMapping : Mapped "{[/rest/assessments/{id}/question/{questionId}],methods=[POST]}" onto public org.springframework.http.ResponseEntity<hello.models.Assessment> hello.controllers.AssessmentController.addExistingQuestion(int,int)
2017-04-16 05:43:25.157  INFO 8432 --- [    Test worker] s.w.s.m.m.a.RequestMappingHandlerMapping : Mapped "{[/rest/session/login],methods=[POST]}" onto public org.springframework.http.ResponseEntity<hello.models.LoginResponse> hello.controllers.AuthenticationController.login(hello.models.LoginRequest,javax.servlet.http.HttpSession)
2017-04-16 05:43:25.157  INFO 8432 --- [    Test worker] s.w.s.m.m.a.RequestMappingHandlerMapping : Mapped "{[/rest/session],methods=[GET]}" onto public hello.models.User hello.controllers.AuthenticationController.session(javax.servlet.http.HttpSession)
2017-04-16 05:43:25.157  INFO 8432 --- [    Test worker] s.w.s.m.m.a.RequestMappingHandlerMapping : Mapped "{[/rest/session],methods=[DELETE]}" onto public void hello.controllers.AuthenticationController.logout(javax.servlet.http.HttpSession)
2017-04-16 05:43:25.157  INFO 8432 --- [    Test worker] s.w.s.m.m.a.RequestMappingHandlerMapping : Mapped "{[/rest/session/logout],methods=[POST]}" onto public org.springframework.http.ResponseEntity<hello.models.LogoutResponse> hello.controllers.AuthenticationController.logout() throws java.lang.Exception
2017-04-16 05:43:25.157  INFO 8432 --- [    Test worker] s.w.s.m.m.a.RequestMappingHandlerMapping : Mapped "{[/rest/session/is-logged-in],methods=[GET]}" onto public org.springframework.http.ResponseEntity<hello.models.LoginResponse> hello.controllers.AuthenticationController.isLoggedIn(javax.servlet.http.HttpSession)
2017-04-16 05:43:25.158  INFO 8432 --- [    Test worker] s.w.s.m.m.a.RequestMappingHandlerMapping : Mapped "{[/files/upload]}" onto public hello.models.JSONResponse hello.controllers.FileUploadController.uploadFile(org.springframework.web.multipart.MultipartFile)
2017-04-16 05:43:25.158  INFO 8432 --- [    Test worker] s.w.s.m.m.a.RequestMappingHandlerMapping : Mapped "{[/files/{filename:.+}],methods=[GET]}" onto public org.springframework.http.ResponseEntity<org.springframework.core.io.Resource> hello.controllers.FileUploadController.serveFile(java.lang.String)
2017-04-16 05:43:25.158  INFO 8432 --- [    Test worker] s.w.s.m.m.a.RequestMappingHandlerMapping : Mapped "{[/app/**]}" onto public org.springframework.web.servlet.ModelAndView hello.controllers.HomeController.index(javax.servlet.http.HttpSession,javax.servlet.http.HttpServletResponse)
2017-04-16 05:43:25.158  INFO 8432 --- [    Test worker] s.w.s.m.m.a.RequestMappingHandlerMapping : Mapped "{[]}" onto public java.lang.String hello.controllers.HomeController.home()
2017-04-16 05:43:25.158  INFO 8432 --- [    Test worker] s.w.s.m.m.a.RequestMappingHandlerMapping : Mapped "{[/rest/participants],methods=[GET]}" onto public java.util.ArrayList<hello.models.Participant> hello.controllers.ParticipantController.getParticipants()
2017-04-16 05:43:25.158  INFO 8432 --- [    Test worker] s.w.s.m.m.a.RequestMappingHandlerMapping : Mapped "{[/rest/participants],methods=[POST]}" onto public org.springframework.http.ResponseEntity<java.util.List<hello.models.Participant>> hello.controllers.ParticipantController.addParticipant(java.util.List<hello.models.Participant>)
2017-04-16 05:43:25.158  INFO 8432 --- [    Test worker] s.w.s.m.m.a.RequestMappingHandlerMapping : Mapped "{[/rest/participant],methods=[POST]}" onto public org.springframework.http.ResponseEntity<hello.models.Participant> hello.controllers.ParticipantController.addParticipant(hello.models.Participant)
2017-04-16 05:43:25.158  INFO 8432 --- [    Test worker] s.w.s.m.m.a.RequestMappingHandlerMapping : Mapped "{[/rest/participants/{id}],methods=[GET]}" onto public org.springframework.http.ResponseEntity<hello.models.Participant> hello.controllers.ParticipantController.getParticipant(int)
2017-04-16 05:43:25.158  INFO 8432 --- [    Test worker] s.w.s.m.m.a.RequestMappingHandlerMapping : Mapped "{[/rest/participants/{id}],methods=[DELETE]}" onto public org.springframework.http.ResponseEntity<java.lang.Boolean> hello.controllers.ParticipantController.deleteParticipant(int) throws java.lang.Exception
2017-04-16 05:43:25.158  INFO 8432 --- [    Test worker] s.w.s.m.m.a.RequestMappingHandlerMapping : Mapped "{[/rest/participants/{id}],methods=[PUT]}" onto public org.springframework.http.ResponseEntity<hello.models.Participant> hello.controllers.ParticipantController.updateParticipant(int,hello.models.Participant) throws java.lang.Exception
2017-04-16 05:43:25.158  INFO 8432 --- [    Test worker] s.w.s.m.m.a.RequestMappingHandlerMapping : Mapped "{[/rest/questions],methods=[POST]}" onto public org.springframework.http.ResponseEntity<hello.models.Question> hello.controllers.QuestionController.addQuestion(hello.models.Question)
2017-04-16 05:43:25.158  INFO 8432 --- [    Test worker] s.w.s.m.m.a.RequestMappingHandlerMapping : Mapped "{[/rest/questions/{id}/],methods=[GET]}" onto public org.springframework.http.ResponseEntity<hello.models.Question> hello.controllers.QuestionController.getAQuestion(int)
2017-04-16 05:43:25.158  INFO 8432 --- [    Test worker] s.w.s.m.m.a.RequestMappingHandlerMapping : Mapped "{[/rest/questions/{id}],methods=[PATCH]}" onto public org.springframework.http.ResponseEntity<hello.models.Question> hello.controllers.QuestionController.updateQuestion(int,hello.models.Question) throws java.lang.Exception
2017-04-16 05:43:25.158  INFO 8432 --- [    Test worker] s.w.s.m.m.a.RequestMappingHandlerMapping : Mapped "{[/rest/questions],methods=[GET]}" onto public java.util.ArrayList<hello.models.Question> hello.controllers.QuestionController.getQuestions()
2017-04-16 05:43:25.158  INFO 8432 --- [    Test worker] s.w.s.m.m.a.RequestMappingHandlerMapping : Mapped "{[/rest/questions/{id}],methods=[DELETE]}" onto public org.springframework.http.ResponseEntity<java.lang.Boolean> hello.controllers.QuestionController.deleteQuestion(int)
2017-04-16 05:43:25.159  INFO 8432 --- [    Test worker] s.w.s.m.m.a.RequestMappingHandlerMapping : Mapped "{[/rest/targetGroups/{id}/assessment/{assessmentid}],methods=[POST]}" onto public org.springframework.http.ResponseEntity<hello.models.TargetGroup> hello.controllers.TargetGroupController.addExistingAssessmentToTargetGroup(int,int) throws java.lang.Exception
2017-04-16 05:43:25.159  INFO 8432 --- [    Test worker] s.w.s.m.m.a.RequestMappingHandlerMapping : Mapped "{[/rest/targetGroups/{id}/participants/{participantId}],methods=[POST]}" onto public org.springframework.http.ResponseEntity<hello.models.TargetGroup> hello.controllers.TargetGroupController.addExistingParticipantToTargetGroup(int,int) throws java.lang.Exception
2017-04-16 05:43:25.159  INFO 8432 --- [    Test worker] s.w.s.m.m.a.RequestMappingHandlerMapping : Mapped "{[/rest/targetGroups],methods=[POST]}" onto public org.springframework.http.ResponseEntity<hello.models.TargetGroup> hello.controllers.TargetGroupController.addTargetGroup(javax.servlet.http.HttpSession,hello.models.TargetGroup) throws java.lang.Exception
2017-04-16 05:43:25.159  INFO 8432 --- [    Test worker] s.w.s.m.m.a.RequestMappingHandlerMapping : Mapped "{[/rest/targetGroups/{id}],methods=[GET]}" onto public org.springframework.http.ResponseEntity<hello.models.TargetGroup> hello.controllers.TargetGroupController.getTargetGroup(int)
2017-04-16 05:43:25.159  INFO 8432 --- [    Test worker] s.w.s.m.m.a.RequestMappingHandlerMapping : Mapped "{[/rest/targetGroups],methods=[GET]}" onto public java.util.ArrayList<hello.models.TargetGroup> hello.controllers.TargetGroupController.getTargetGroups() throws java.lang.Exception
2017-04-16 05:43:25.159  INFO 8432 --- [    Test worker] s.w.s.m.m.a.RequestMappingHandlerMapping : Mapped "{[/rest/targetGroups/{id}],methods=[DELETE]}" onto public org.springframework.http.ResponseEntity<java.lang.Boolean> hello.controllers.TargetGroupController.deleteTargetGroup(int) throws java.lang.Exception
2017-04-16 05:43:25.159  INFO 8432 --- [    Test worker] s.w.s.m.m.a.RequestMappingHandlerMapping : Mapped "{[/rest/targetGroups/{id}/assessment],methods=[POST]}" onto public org.springframework.http.ResponseEntity<hello.models.TargetGroup> hello.controllers.TargetGroupController.addNewAssessmentToTargetGroup(int,hello.models.Assessment) throws java.lang.Exception
2017-04-16 05:43:25.159  INFO 8432 --- [    Test worker] s.w.s.m.m.a.RequestMappingHandlerMapping : Mapped "{[/rest/targetGroups/{id}/participants],methods=[GET]}" onto public java.util.ArrayList<hello.models.Participant> hello.controllers.TargetGroupController.getParticipantsInTargetGroup(int) throws java.lang.Exception
2017-04-16 05:43:25.159  INFO 8432 --- [    Test worker] s.w.s.m.m.a.RequestMappingHandlerMapping : Mapped "{[/rest/targetGroups/{id}/participants/{participantId}],methods=[PUT]}" onto public org.springframework.http.ResponseEntity<hello.models.TargetGroup> hello.controllers.TargetGroupController.removeParticipantFromTargetGroup(int,int) throws java.lang.Exception
2017-04-16 05:43:25.159  INFO 8432 --- [    Test worker] s.w.s.m.m.a.RequestMappingHandlerMapping : Mapped "{[/rest/targetGroups/{id}/participants],methods=[POST]}" onto public org.springframework.http.ResponseEntity<hello.models.TargetGroup> hello.controllers.TargetGroupController.addNewParticipantToTargetGroup(int,hello.models.Participant) throws java.lang.Exception
2017-04-16 05:43:25.159  INFO 8432 --- [    Test worker] s.w.s.m.m.a.RequestMappingHandlerMapping : Mapped "{[/rest/targetGroups/{id}/participantList],methods=[POST]}" onto public org.springframework.http.ResponseEntity<hello.models.TargetGroup> hello.controllers.TargetGroupController.addNewParticipantsToTargetGroup(int,java.util.List<hello.models.Participant>) throws java.lang.Exception
2017-04-16 05:43:25.159  INFO 8432 --- [    Test worker] s.w.s.m.m.a.RequestMappingHandlerMapping : Mapped "{[/rest/targetGroups/{id}],methods=[PUT]}" onto public org.springframework.http.ResponseEntity<hello.models.TargetGroup> hello.controllers.TargetGroupController.updateTargetGroup(int,hello.models.TargetGroup) throws java.lang.Exception
2017-04-16 05:43:25.159  INFO 8432 --- [    Test worker] s.w.s.m.m.a.RequestMappingHandlerMapping : Mapped "{[/rest/register],methods=[POST]}" onto public org.springframework.http.ResponseEntity<hello.models.User> hello.controllers.UserController.registerUser(hello.models.User) throws java.lang.Exception
2017-04-16 05:43:25.159  INFO 8432 --- [    Test worker] s.w.s.m.m.a.RequestMappingHandlerMapping : Mapped "{[/rest/currentUser],methods=[PATCH]}" onto public org.springframework.http.ResponseEntity<hello.models.User> hello.controllers.UserController.updateUser(hello.models.User) throws java.lang.Exception
2017-04-16 05:43:25.159  INFO 8432 --- [    Test worker] s.w.s.m.m.a.RequestMappingHandlerMapping : Mapped "{[/rest/currentUser],methods=[GET]}" onto public org.springframework.http.ResponseEntity<hello.models.User> hello.controllers.UserController.getCurrentUser() throws java.lang.Exception
2017-04-16 05:43:25.160  INFO 8432 --- [    Test worker] s.w.s.m.m.a.RequestMappingHandlerMapping : Mapped "{[/error]}" onto public org.springframework.http.ResponseEntity<java.util.Map<java.lang.String, java.lang.Object>> org.springframework.boot.autoconfigure.web.BasicErrorController.error(javax.servlet.http.HttpServletRequest)
2017-04-16 05:43:25.160  INFO 8432 --- [    Test worker] s.w.s.m.m.a.RequestMappingHandlerMapping : Mapped "{[/error],produces=[text/html]}" onto public org.springframework.web.servlet.ModelAndView org.springframework.boot.autoconfigure.web.BasicErrorController.errorHtml(javax.servlet.http.HttpServletRequest,javax.servlet.http.HttpServletResponse)
2017-04-16 05:43:25.178  INFO 8432 --- [    Test worker] o.s.w.s.handler.SimpleUrlHandlerMapping  : Mapped URL path [/webjars/**] onto handler of type [class org.springframework.web.servlet.resource.ResourceHttpRequestHandler]
2017-04-16 05:43:25.179  INFO 8432 --- [    Test worker] o.s.w.s.handler.SimpleUrlHandlerMapping  : Mapped URL path [/resources/**] onto handler of type [class org.springframework.web.servlet.resource.ResourceHttpRequestHandler]
2017-04-16 05:43:25.187  INFO 8432 --- [    Test worker] .m.m.a.ExceptionHandlerExceptionResolver : Detected @ExceptionHandler methods in repositoryRestExceptionHandler
2017-04-16 05:43:25.187  INFO 8432 --- [    Test worker] .m.m.a.ExceptionHandlerExceptionResolver : Detected ResponseBodyAdvice implementation in org.springframework.boot.actuate.autoconfigure.EndpointWebMvcHypermediaManagementContextConfiguration$ActuatorEndpointLinksAdvice
2017-04-16 05:43:25.198  INFO 8432 --- [    Test worker] o.s.w.s.handler.SimpleUrlHandlerMapping  : Mapped URL path [/**/favicon.ico] onto handler of type [class org.springframework.web.servlet.resource.ResourceHttpRequestHandler]
2017-04-16 05:43:25.233  INFO 8432 --- [    Test worker] oConfiguration$WelcomePageHandlerMapping : Adding welcome page: ServletContext resource [/index.html]
2017-04-16 05:43:25.379  INFO 8432 --- [    Test worker] o.s.d.r.w.RepositoryRestHandlerAdapter   : Looking for @ControllerAdvice: org.springframework.web.context.support.GenericWebApplicationContext@152590cb: startup date [Sun Apr 16 05:43:14 CDT 2017]; root of context hierarchy
2017-04-16 05:43:25.380  INFO 8432 --- [    Test worker] o.s.d.r.w.RepositoryRestHandlerAdapter   : Detected ResponseBodyAdvice bean in org.springframework.boot.actuate.autoconfigure.EndpointWebMvcHypermediaManagementContextConfiguration$ActuatorEndpointLinksAdvice
2017-04-16 05:43:25.382  INFO 8432 --- [    Test worker] o.s.d.r.w.RepositoryRestHandlerMapping   : Mapped "{[/api/ || /api],methods=[GET],produces=[application/hal+json || application/json || application/*+json;charset=UTF-8]}" onto public org.springframework.http.HttpEntity<org.springframework.data.rest.webmvc.RepositoryLinksResource> org.springframework.data.rest.webmvc.RepositoryController.listRepositories()
2017-04-16 05:43:25.382  INFO 8432 --- [    Test worker] o.s.d.r.w.RepositoryRestHandlerMapping   : Mapped "{[/api/ || /api],methods=[HEAD],produces=[application/hal+json || application/json || application/*+json;charset=UTF-8]}" onto public org.springframework.http.ResponseEntity<?> org.springframework.data.rest.webmvc.RepositoryController.headForRepositories()
2017-04-16 05:43:25.382  INFO 8432 --- [    Test worker] o.s.d.r.w.RepositoryRestHandlerMapping   : Mapped "{[/api/ || /api],methods=[OPTIONS],produces=[application/hal+json || application/json || application/*+json;charset=UTF-8]}" onto public org.springframework.http.HttpEntity<?> org.springframework.data.rest.webmvc.RepositoryController.optionsForRepositories()
2017-04-16 05:43:25.383  INFO 8432 --- [    Test worker] o.s.d.r.w.RepositoryRestHandlerMapping   : Mapped "{[/api/{repository}/{id}],methods=[PUT],produces=[application/hal+json || application/json || application/*+json;charset=UTF-8]}" onto public org.springframework.http.ResponseEntity<? extends org.springframework.hateoas.ResourceSupport> org.springframework.data.rest.webmvc.RepositoryEntityController.putItemResource(org.springframework.data.rest.webmvc.RootResourceInformation,org.springframework.data.rest.webmvc.PersistentEntityResource,java.io.Serializable,org.springframework.data.rest.webmvc.PersistentEntityResourceAssembler,org.springframework.data.rest.webmvc.support.ETag,java.lang.String) throws org.springframework.web.HttpRequestMethodNotSupportedException
2017-04-16 05:43:25.383  INFO 8432 --- [    Test worker] o.s.d.r.w.RepositoryRestHandlerMapping   : Mapped "{[/api/{repository}/{id}],methods=[GET],produces=[application/hal+json || application/json || application/*+json;charset=UTF-8]}" onto public org.springframework.http.ResponseEntity<org.springframework.hateoas.Resource<?>> org.springframework.data.rest.webmvc.RepositoryEntityController.getItemResource(org.springframework.data.rest.webmvc.RootResourceInformation,java.io.Serializable,org.springframework.data.rest.webmvc.PersistentEntityResourceAssembler,org.springframework.util.MultiValueMap<java.lang.String, java.lang.String>) throws org.springframework.web.HttpRequestMethodNotSupportedException
2017-04-16 05:43:25.383  INFO 8432 --- [    Test worker] o.s.d.r.w.RepositoryRestHandlerMapping   : Mapped "{[/api/{repository}/{id}],methods=[PATCH],produces=[application/hal+json || application/json || application/*+json;charset=UTF-8]}" onto public org.springframework.http.ResponseEntity<org.springframework.hateoas.ResourceSupport> org.springframework.data.rest.webmvc.RepositoryEntityController.patchItemResource(org.springframework.data.rest.webmvc.RootResourceInformation,org.springframework.data.rest.webmvc.PersistentEntityResource,java.io.Serializable,org.springframework.data.rest.webmvc.PersistentEntityResourceAssembler,org.springframework.data.rest.webmvc.support.ETag,java.lang.String) throws org.springframework.web.HttpRequestMethodNotSupportedException,org.springframework.data.rest.webmvc.ResourceNotFoundException
2017-04-16 05:43:25.383  INFO 8432 --- [    Test worker] o.s.d.r.w.RepositoryRestHandlerMapping   : Mapped "{[/api/{repository}/{id}],methods=[DELETE],produces=[application/hal+json || application/json || application/*+json;charset=UTF-8]}" onto public org.springframework.http.ResponseEntity<?> org.springframework.data.rest.webmvc.RepositoryEntityController.deleteItemResource(org.springframework.data.rest.webmvc.RootResourceInformation,java.io.Serializable,org.springframework.data.rest.webmvc.support.ETag) throws org.springframework.data.rest.webmvc.ResourceNotFoundException,org.springframework.web.HttpRequestMethodNotSupportedException
2017-04-16 05:43:25.383  INFO 8432 --- [    Test worker] o.s.d.r.w.RepositoryRestHandlerMapping   : Mapped "{[/api/{repository}],methods=[GET],produces=[application/x-spring-data-compact+json || text/uri-list]}" onto public org.springframework.hateoas.Resources<?> org.springframework.data.rest.webmvc.RepositoryEntityController.getCollectionResourceCompact(org.springframework.data.rest.webmvc.RootResourceInformation,org.springframework.data.rest.webmvc.support.DefaultedPageable,org.springframework.data.domain.Sort,org.springframework.data.rest.webmvc.PersistentEntityResourceAssembler) throws org.springframework.data.rest.webmvc.ResourceNotFoundException,org.springframework.web.HttpRequestMethodNotSupportedException
2017-04-16 05:43:25.383  INFO 8432 --- [    Test worker] o.s.d.r.w.RepositoryRestHandlerMapping   : Mapped "{[/api/{repository}],methods=[POST],produces=[application/hal+json || application/json || application/*+json;charset=UTF-8]}" onto public org.springframework.http.ResponseEntity<org.springframework.hateoas.ResourceSupport> org.springframework.data.rest.webmvc.RepositoryEntityController.postCollectionResource(org.springframework.data.rest.webmvc.RootResourceInformation,org.springframework.data.rest.webmvc.PersistentEntityResource,org.springframework.data.rest.webmvc.PersistentEntityResourceAssembler,java.lang.String) throws org.springframework.web.HttpRequestMethodNotSupportedException
2017-04-16 05:43:25.383  INFO 8432 --- [    Test worker] o.s.d.r.w.RepositoryRestHandlerMapping   : Mapped "{[/api/{repository}],methods=[GET],produces=[application/hal+json || application/json || application/*+json;charset=UTF-8]}" onto public org.springframework.hateoas.Resources<?> org.springframework.data.rest.webmvc.RepositoryEntityController.getCollectionResource(org.springframework.data.rest.webmvc.RootResourceInformation,org.springframework.data.rest.webmvc.support.DefaultedPageable,org.springframework.data.domain.Sort,org.springframework.data.rest.webmvc.PersistentEntityResourceAssembler) throws org.springframework.data.rest.webmvc.ResourceNotFoundException,org.springframework.web.HttpRequestMethodNotSupportedException
2017-04-16 05:43:25.383  INFO 8432 --- [    Test worker] o.s.d.r.w.RepositoryRestHandlerMapping   : Mapped "{[/api/{repository}/{id}],methods=[OPTIONS],produces=[application/hal+json || application/json || application/*+json;charset=UTF-8]}" onto public org.springframework.http.ResponseEntity<?> org.springframework.data.rest.webmvc.RepositoryEntityController.optionsForItemResource(org.springframework.data.rest.webmvc.RootResourceInformation)
2017-04-16 05:43:25.383  INFO 8432 --- [    Test worker] o.s.d.r.w.RepositoryRestHandlerMapping   : Mapped "{[/api/{repository}],methods=[OPTIONS],produces=[application/hal+json || application/json || application/*+json;charset=UTF-8]}" onto public org.springframework.http.ResponseEntity<?> org.springframework.data.rest.webmvc.RepositoryEntityController.optionsForCollectionResource(org.springframework.data.rest.webmvc.RootResourceInformation)
2017-04-16 05:43:25.383  INFO 8432 --- [    Test worker] o.s.d.r.w.RepositoryRestHandlerMapping   : Mapped "{[/api/{repository}],methods=[HEAD],produces=[application/hal+json || application/json || application/*+json;charset=UTF-8]}" onto public org.springframework.http.ResponseEntity<?> org.springframework.data.rest.webmvc.RepositoryEntityController.headCollectionResource(org.springframework.data.rest.webmvc.RootResourceInformation,org.springframework.data.rest.webmvc.support.DefaultedPageable) throws org.springframework.web.HttpRequestMethodNotSupportedException
2017-04-16 05:43:25.383  INFO 8432 --- [    Test worker] o.s.d.r.w.RepositoryRestHandlerMapping   : Mapped "{[/api/{repository}/{id}],methods=[HEAD],produces=[application/hal+json || application/json || application/*+json;charset=UTF-8]}" onto public org.springframework.http.ResponseEntity<?> org.springframework.data.rest.webmvc.RepositoryEntityController.headForItemResource(org.springframework.data.rest.webmvc.RootResourceInformation,java.io.Serializable,org.springframework.data.rest.webmvc.PersistentEntityResourceAssembler) throws org.springframework.web.HttpRequestMethodNotSupportedException
2017-04-16 05:43:25.384  INFO 8432 --- [    Test worker] o.s.d.r.w.RepositoryRestHandlerMapping   : Mapped "{[/api/{repository}/{id}/{property}/{propertyId}],methods=[DELETE],produces=[application/hal+json || application/json || application/*+json;charset=UTF-8]}" onto public org.springframework.http.ResponseEntity<org.springframework.hateoas.ResourceSupport> org.springframework.data.rest.webmvc.RepositoryPropertyReferenceController.deletePropertyReferenceId(org.springframework.data.rest.webmvc.RootResourceInformation,java.io.Serializable,java.lang.String,java.lang.String) throws java.lang.Exception
2017-04-16 05:43:25.384  INFO 8432 --- [    Test worker] o.s.d.r.w.RepositoryRestHandlerMapping   : Mapped "{[/api/{repository}/{id}/{property}/{propertyId}],methods=[GET],produces=[application/hal+json || application/json || application/*+json;charset=UTF-8]}" onto public org.springframework.http.ResponseEntity<org.springframework.hateoas.ResourceSupport> org.springframework.data.rest.webmvc.RepositoryPropertyReferenceController.followPropertyReference(org.springframework.data.rest.webmvc.RootResourceInformation,java.io.Serializable,java.lang.String,java.lang.String,org.springframework.data.rest.webmvc.PersistentEntityResourceAssembler) throws java.lang.Exception
2017-04-16 05:43:25.384  INFO 8432 --- [    Test worker] o.s.d.r.w.RepositoryRestHandlerMapping   : Mapped "{[/api/{repository}/{id}/{property}],methods=[GET],produces=[application/hal+json || application/json || application/*+json;charset=UTF-8]}" onto public org.springframework.http.ResponseEntity<org.springframework.hateoas.ResourceSupport> org.springframework.data.rest.webmvc.RepositoryPropertyReferenceController.followPropertyReference(org.springframework.data.rest.webmvc.RootResourceInformation,java.io.Serializable,java.lang.String,org.springframework.data.rest.webmvc.PersistentEntityResourceAssembler) throws java.lang.Exception
2017-04-16 05:43:25.384  INFO 8432 --- [    Test worker] o.s.d.r.w.RepositoryRestHandlerMapping   : Mapped "{[/api/{repository}/{id}/{property}],methods=[PATCH || PUT || POST],consumes=[application/json || application/x-spring-data-compact+json || text/uri-list],produces=[application/hal+json || application/json || application/*+json;charset=UTF-8]}" onto public org.springframework.http.ResponseEntity<? extends org.springframework.hateoas.ResourceSupport> org.springframework.data.rest.webmvc.RepositoryPropertyReferenceController.createPropertyReference(org.springframework.data.rest.webmvc.RootResourceInformation,org.springframework.http.HttpMethod,org.springframework.hateoas.Resources<java.lang.Object>,java.io.Serializable,java.lang.String) throws java.lang.Exception
2017-04-16 05:43:25.384  INFO 8432 --- [    Test worker] o.s.d.r.w.RepositoryRestHandlerMapping   : Mapped "{[/api/{repository}/{id}/{property}],methods=[GET],produces=[application/x-spring-data-compact+json || text/uri-list]}" onto public org.springframework.http.ResponseEntity<org.springframework.hateoas.ResourceSupport> org.springframework.data.rest.webmvc.RepositoryPropertyReferenceController.followPropertyReferenceCompact(org.springframework.data.rest.webmvc.RootResourceInformation,java.io.Serializable,java.lang.String,org.springframework.data.rest.webmvc.PersistentEntityResourceAssembler) throws java.lang.Exception
2017-04-16 05:43:25.384  INFO 8432 --- [    Test worker] o.s.d.r.w.RepositoryRestHandlerMapping   : Mapped "{[/api/{repository}/{id}/{property}],methods=[DELETE],produces=[application/hal+json || application/json || application/*+json;charset=UTF-8]}" onto public org.springframework.http.ResponseEntity<? extends org.springframework.hateoas.ResourceSupport> org.springframework.data.rest.webmvc.RepositoryPropertyReferenceController.deletePropertyReference(org.springframework.data.rest.webmvc.RootResourceInformation,java.io.Serializable,java.lang.String) throws java.lang.Exception
2017-04-16 05:43:25.384  INFO 8432 --- [    Test worker] o.s.d.r.w.RepositoryRestHandlerMapping   : Mapped "{[/api/{repository}/search],methods=[OPTIONS],produces=[application/hal+json || application/json || application/*+json;charset=UTF-8]}" onto public org.springframework.http.HttpEntity<?> org.springframework.data.rest.webmvc.RepositorySearchController.optionsForSearches(org.springframework.data.rest.webmvc.RootResourceInformation)
2017-04-16 05:43:25.384  INFO 8432 --- [    Test worker] o.s.d.r.w.RepositoryRestHandlerMapping   : Mapped "{[/api/{repository}/search/{search}],methods=[GET],produces=[application/x-spring-data-compact+json]}" onto public org.springframework.hateoas.ResourceSupport org.springframework.data.rest.webmvc.RepositorySearchController.executeSearchCompact(org.springframework.data.rest.webmvc.RootResourceInformation,org.springframework.util.MultiValueMap<java.lang.String, java.lang.Object>,java.lang.String,java.lang.String,org.springframework.data.rest.webmvc.support.DefaultedPageable,org.springframework.data.domain.Sort,org.springframework.data.rest.webmvc.PersistentEntityResourceAssembler)
2017-04-16 05:43:25.384  INFO 8432 --- [    Test worker] o.s.d.r.w.RepositoryRestHandlerMapping   : Mapped "{[/api/{repository}/search],methods=[GET],produces=[application/hal+json || application/json || application/*+json;charset=UTF-8]}" onto public org.springframework.data.rest.webmvc.RepositorySearchesResource org.springframework.data.rest.webmvc.RepositorySearchController.listSearches(org.springframework.data.rest.webmvc.RootResourceInformation)
2017-04-16 05:43:25.384  INFO 8432 --- [    Test worker] o.s.d.r.w.RepositoryRestHandlerMapping   : Mapped "{[/api/{repository}/search/{search}],methods=[HEAD],produces=[application/hal+json || application/json || application/*+json;charset=UTF-8]}" onto public org.springframework.http.ResponseEntity<java.lang.Object> org.springframework.data.rest.webmvc.RepositorySearchController.headForSearch(org.springframework.data.rest.webmvc.RootResourceInformation,java.lang.String)
2017-04-16 05:43:25.384  INFO 8432 --- [    Test worker] o.s.d.r.w.RepositoryRestHandlerMapping   : Mapped "{[/api/{repository}/search/{search}],methods=[GET],produces=[application/hal+json || application/json || application/*+json;charset=UTF-8]}" onto public org.springframework.http.ResponseEntity<java.lang.Object> org.springframework.data.rest.webmvc.RepositorySearchController.executeSearch(org.springframework.data.rest.webmvc.RootResourceInformation,org.springframework.util.MultiValueMap<java.lang.String, java.lang.Object>,java.lang.String,org.springframework.data.rest.webmvc.support.DefaultedPageable,org.springframework.data.domain.Sort,org.springframework.data.rest.webmvc.PersistentEntityResourceAssembler)
2017-04-16 05:43:25.384  INFO 8432 --- [    Test worker] o.s.d.r.w.RepositoryRestHandlerMapping   : Mapped "{[/api/{repository}/search/{search}],methods=[OPTIONS],produces=[application/hal+json || application/json || application/*+json;charset=UTF-8]}" onto public org.springframework.http.ResponseEntity<java.lang.Object> org.springframework.data.rest.webmvc.RepositorySearchController.optionsForSearch(org.springframework.data.rest.webmvc.RootResourceInformation,java.lang.String)
2017-04-16 05:43:25.385  INFO 8432 --- [    Test worker] o.s.d.r.w.RepositoryRestHandlerMapping   : Mapped "{[/api/{repository}/search],methods=[HEAD],produces=[application/hal+json || application/json || application/*+json;charset=UTF-8]}" onto public org.springframework.http.HttpEntity<?> org.springframework.data.rest.webmvc.RepositorySearchController.headForSearches(org.springframework.data.rest.webmvc.RootResourceInformation)
2017-04-16 05:43:25.386  INFO 8432 --- [    Test worker] o.s.d.r.w.BasePathAwareHandlerMapping    : Mapped "{[/api/profile/{repository}],methods=[GET],produces=[application/alps+json || */*]}" onto org.springframework.http.HttpEntity<org.springframework.data.rest.webmvc.RootResourceInformation> org.springframework.data.rest.webmvc.alps.AlpsController.descriptor(org.springframework.data.rest.webmvc.RootResourceInformation)
2017-04-16 05:43:25.386  INFO 8432 --- [    Test worker] o.s.d.r.w.BasePathAwareHandlerMapping    : Mapped "{[/api/profile/{repository}],methods=[OPTIONS],produces=[application/alps+json]}" onto org.springframework.http.HttpEntity<?> org.springframework.data.rest.webmvc.alps.AlpsController.alpsOptions()
2017-04-16 05:43:25.386  INFO 8432 --- [    Test worker] o.s.d.r.w.BasePathAwareHandlerMapping    : Mapped "{[/api/profile],methods=[OPTIONS]}" onto public org.springframework.http.HttpEntity<?> org.springframework.data.rest.webmvc.ProfileController.profileOptions()
2017-04-16 05:43:25.386  INFO 8432 --- [    Test worker] o.s.d.r.w.BasePathAwareHandlerMapping    : Mapped "{[/api/profile],methods=[GET]}" onto org.springframework.http.HttpEntity<org.springframework.hateoas.ResourceSupport> org.springframework.data.rest.webmvc.ProfileController.listAllFormsOfMetadata()
2017-04-16 05:43:25.386  INFO 8432 --- [    Test worker] o.s.d.r.w.BasePathAwareHandlerMapping    : Mapped "{[/api/profile/{repository}],methods=[GET],produces=[application/schema+json]}" onto public org.springframework.http.HttpEntity<org.springframework.data.rest.webmvc.json.JsonSchema> org.springframework.data.rest.webmvc.RepositorySchemaController.schema(org.springframework.data.rest.webmvc.RootResourceInformation)
2017-04-16 05:43:25.394  INFO 8432 --- [    Test worker] .m.m.a.ExceptionHandlerExceptionResolver : Detected @ExceptionHandler methods in repositoryRestExceptionHandler
2017-04-16 05:43:25.394  INFO 8432 --- [    Test worker] .m.m.a.ExceptionHandlerExceptionResolver : Detected ResponseBodyAdvice implementation in org.springframework.boot.actuate.autoconfigure.EndpointWebMvcHypermediaManagementContextConfiguration$ActuatorEndpointLinksAdvice
2017-04-16 05:43:25.425  INFO 8432 --- [    Test worker] o.s.b.a.e.mvc.EndpointHandlerMapping     : Mapped "{[/dump || /dump.json],methods=[GET],produces=[application/json]}" onto public java.lang.Object org.springframework.boot.actuate.endpoint.mvc.EndpointMvcAdapter.invoke()
2017-04-16 05:43:25.426  INFO 8432 --- [    Test worker] o.s.b.a.e.mvc.EndpointHandlerMapping     : Mapped "{[/trace || /trace.json],methods=[GET],produces=[application/json]}" onto public java.lang.Object org.springframework.boot.actuate.endpoint.mvc.EndpointMvcAdapter.invoke()
2017-04-16 05:43:25.426  INFO 8432 --- [    Test worker] o.s.b.a.e.mvc.EndpointHandlerMapping     : Mapped "{[/health || /health.json],produces=[application/json]}" onto public java.lang.Object org.springframework.boot.actuate.endpoint.mvc.HealthMvcEndpoint.invoke(java.security.Principal)
2017-04-16 05:43:25.426  INFO 8432 --- [    Test worker] o.s.b.a.e.mvc.EndpointHandlerMapping     : Mapped "{[/env/{name:.*}],methods=[GET],produces=[application/json]}" onto public java.lang.Object org.springframework.boot.actuate.endpoint.mvc.EnvironmentMvcEndpoint.value(java.lang.String)
2017-04-16 05:43:25.426  INFO 8432 --- [    Test worker] o.s.b.a.e.mvc.EndpointHandlerMapping     : Mapped "{[/env || /env.json],methods=[GET],produces=[application/json]}" onto public java.lang.Object org.springframework.boot.actuate.endpoint.mvc.EndpointMvcAdapter.invoke()
2017-04-16 05:43:25.426  INFO 8432 --- [    Test worker] o.s.b.a.e.mvc.EndpointHandlerMapping     : Mapped "{[/metrics/{name:.*}],methods=[GET],produces=[application/json]}" onto public java.lang.Object org.springframework.boot.actuate.endpoint.mvc.MetricsMvcEndpoint.value(java.lang.String)
2017-04-16 05:43:25.426  INFO 8432 --- [    Test worker] o.s.b.a.e.mvc.EndpointHandlerMapping     : Mapped "{[/metrics || /metrics.json],methods=[GET],produces=[application/json]}" onto public java.lang.Object org.springframework.boot.actuate.endpoint.mvc.EndpointMvcAdapter.invoke()
2017-04-16 05:43:25.426  INFO 8432 --- [    Test worker] o.s.b.a.e.mvc.EndpointHandlerMapping     : Mapped "{[/info || /info.json],methods=[GET],produces=[application/json]}" onto public java.lang.Object org.springframework.boot.actuate.endpoint.mvc.EndpointMvcAdapter.invoke()
2017-04-16 05:43:25.427  INFO 8432 --- [    Test worker] o.s.b.a.e.mvc.EndpointHandlerMapping     : Mapped "{[/autoconfig || /autoconfig.json],methods=[GET],produces=[application/json]}" onto public java.lang.Object org.springframework.boot.actuate.endpoint.mvc.EndpointMvcAdapter.invoke()
2017-04-16 05:43:25.427  INFO 8432 --- [    Test worker] o.s.b.a.e.mvc.EndpointHandlerMapping     : Mapped "{[/actuator || /actuator.json],produces=[application/json]}" onto public org.springframework.hateoas.ResourceSupport org.springframework.boot.actuate.endpoint.mvc.HalJsonMvcEndpoint.links()
2017-04-16 05:43:25.427  INFO 8432 --- [    Test worker] o.s.b.a.e.mvc.EndpointHandlerMapping     : Mapped "{[/beans || /beans.json],methods=[GET],produces=[application/json]}" onto public java.lang.Object org.springframework.boot.actuate.endpoint.mvc.EndpointMvcAdapter.invoke()
2017-04-16 05:43:25.427  INFO 8432 --- [    Test worker] o.s.b.a.e.mvc.EndpointHandlerMapping     : Mapped "{[/heapdump || /heapdump.json],methods=[GET],produces=[application/octet-stream]}" onto public void org.springframework.boot.actuate.endpoint.mvc.HeapdumpMvcEndpoint.invoke(boolean,javax.servlet.http.HttpServletRequest,javax.servlet.http.HttpServletResponse) throws java.io.IOException,javax.servlet.ServletException
2017-04-16 05:43:25.427  INFO 8432 --- [    Test worker] o.s.b.a.e.mvc.EndpointHandlerMapping     : Mapped "{[/mappings || /mappings.json],methods=[GET],produces=[application/json]}" onto public java.lang.Object org.springframework.boot.actuate.endpoint.mvc.EndpointMvcAdapter.invoke()
2017-04-16 05:43:25.428  INFO 8432 --- [    Test worker] o.s.b.a.e.mvc.EndpointHandlerMapping     : Mapped "{[/configprops || /configprops.json],methods=[GET],produces=[application/json]}" onto public java.lang.Object org.springframework.boot.actuate.endpoint.mvc.EndpointMvcAdapter.invoke()
2017-04-16 05:43:25.566  INFO 8432 --- [    Test worker] h.storage.FileSystemStorageServiceTest   : Started FileSystemStorageServiceTest in 11.157 seconds (JVM running for 616.282)
2017-04-16 05:43:25.571  INFO 8432 --- [    Test worker] o.s.w.c.s.GenericWebApplicationContext   : Closing org.springframework.web.context.support.GenericWebApplicationContext@152590cb: startup date [Sun Apr 16 05:43:14 CDT 2017]; root of context hierarchy
2017-04-16 05:43:25.573  INFO 8432 --- [    Test worker] j.LocalContainerEntityManagerFactoryBean : Closing JPA EntityManagerFactory for persistence unit 'default'
]]></system-out>
  <system-err><![CDATA[]]></system-err>
</testsuite>
