<?xml version="1.0" encoding="UTF-8"?>
<testsuite name="hello.controllers.AssessmentControllerTest" tests="14" skipped="0" failures="0" errors="0" timestamp="2017-04-16T10:33:26" hostname="Puget-99033" time="11.375">
  <properties/>
  <testcase name="deletingAnAssessmentWillReturnTrueAndOkStatus" classname="hello.controllers.AssessmentControllerTest" time="1.146"/>
  <testcase name="addingAnAssessmentReturnsAnOkStatusAndAssessmentJSON" classname="hello.controllers.AssessmentControllerTest" time="1.071"/>
  <testcase name="gettingNonExistingAssessmentReturnsABadRequest" classname="hello.controllers.AssessmentControllerTest" time="0.949"/>
  <testcase name="updatingAnAssessmentShouldUpdateAssessmentAndReturnOk" classname="hello.controllers.AssessmentControllerTest" time="1.101"/>
  <testcase name="addingQuestionToNullAssessmentThrowsException" classname="hello.controllers.AssessmentControllerTest" time="0.617"/>
  <testcase name="addUserToAssessment" classname="hello.controllers.AssessmentControllerTest" time="0.254"/>
  <testcase name="getAllAssessmentsForUser" classname="hello.controllers.AssessmentControllerTest" time="0.502"/>
  <testcase name="addingExistingQuestionToNullAssessmentThrowsException" classname="hello.controllers.AssessmentControllerTest" time="0.734"/>
  <testcase name="addingExistingQuestionToAssessmentReturnsAnAssessmentWithAQuestion" classname="hello.controllers.AssessmentControllerTest" time="2.02"/>
  <testcase name="gettingAssessmentReturnsAnAssessment" classname="hello.controllers.AssessmentControllerTest" time="0.57"/>
  <testcase name="addingNullQuestionToExistingAssessmentThrowsException" classname="hello.controllers.AssessmentControllerTest" time="0.476"/>
  <testcase name="nullAssessmentShouldThrowException" classname="hello.controllers.AssessmentControllerTest" time="0.502"/>
  <testcase name="addingQuestionToAssessmentReturnsAnAssessmentWithAQuestion" classname="hello.controllers.AssessmentControllerTest" time="1.017"/>
  <testcase name="deletingANonExistingAssessmentWillThrowException" classname="hello.controllers.AssessmentControllerTest" time="0.401"/>
  <system-out><![CDATA[05:33:10.217 [Test worker] DEBUG org.springframework.test.context.junit4.SpringJUnit4ClassRunner - SpringJUnit4ClassRunner constructor called with [class hello.controllers.AssessmentControllerTest]
05:33:10.226 [Test worker] DEBUG org.springframework.test.context.BootstrapUtils - Instantiating CacheAwareContextLoaderDelegate from class [org.springframework.test.context.cache.DefaultCacheAwareContextLoaderDelegate]
05:33:10.240 [Test worker] DEBUG org.springframework.test.context.BootstrapUtils - Instantiating BootstrapContext using constructor [public org.springframework.test.context.support.DefaultBootstrapContext(java.lang.Class,org.springframework.test.context.CacheAwareContextLoaderDelegate)]
05:33:10.274 [Test worker] DEBUG org.springframework.test.context.BootstrapUtils - Instantiating TestContextBootstrapper for test class [hello.controllers.AssessmentControllerTest] from class [org.springframework.boot.test.context.SpringBootTestContextBootstrapper]
05:33:10.288 [Test worker] INFO org.springframework.boot.test.context.SpringBootTestContextBootstrapper - Neither @ContextConfiguration nor @ContextHierarchy found for test class [hello.controllers.AssessmentControllerTest], using SpringBootContextLoader
05:33:10.294 [Test worker] DEBUG org.springframework.test.context.support.AbstractContextLoader - Did not detect default resource location for test class [hello.controllers.AssessmentControllerTest]: class path resource [hello/controllers/AssessmentControllerTest-context.xml] does not exist
05:33:10.295 [Test worker] DEBUG org.springframework.test.context.support.AbstractContextLoader - Did not detect default resource location for test class [hello.controllers.AssessmentControllerTest]: class path resource [hello/controllers/AssessmentControllerTestContext.groovy] does not exist
05:33:10.295 [Test worker] INFO org.springframework.test.context.support.AbstractContextLoader - Could not detect default resource locations for test class [hello.controllers.AssessmentControllerTest]: no resource found for suffixes {-context.xml, Context.groovy}.
05:33:10.355 [Test worker] DEBUG org.springframework.test.context.support.ActiveProfilesUtils - Could not find an 'annotation declaring class' for annotation type [org.springframework.test.context.ActiveProfiles] and class [hello.controllers.AssessmentControllerTest]
05:33:10.392 [Test worker] DEBUG org.springframework.boot.test.context.SpringBootTestContextBootstrapper - @TestExecutionListeners is not present for class [hello.controllers.AssessmentControllerTest]: using defaults.
05:33:10.397 [Test worker] INFO org.springframework.boot.test.context.SpringBootTestContextBootstrapper - Loaded default TestExecutionListener class names from location [META-INF/spring.factories]: [org.springframework.test.context.web.ServletTestExecutionListener, org.springframework.test.context.support.DirtiesContextBeforeModesTestExecutionListener, org.springframework.test.context.support.DependencyInjectionTestExecutionListener, org.springframework.test.context.support.DirtiesContextTestExecutionListener, org.springframework.test.context.transaction.TransactionalTestExecutionListener, org.springframework.test.context.jdbc.SqlScriptsTestExecutionListener, org.springframework.boot.test.mock.mockito.MockitoTestExecutionListener, org.springframework.boot.test.mock.mockito.ResetMocksTestExecutionListener, org.springframework.boot.test.autoconfigure.restdocs.RestDocsTestExecutionListener, org.springframework.boot.test.autoconfigure.web.client.MockRestServiceServerResetTestExecutionListener, org.springframework.boot.test.autoconfigure.web.servlet.MockMvcPrintOnlyOnFailureTestExecutionListener, org.springframework.boot.test.autoconfigure.web.servlet.WebDriverTestExecutionListener]
05:33:10.432 [Test worker] INFO org.springframework.boot.test.context.SpringBootTestContextBootstrapper - Using TestExecutionListeners: [org.springframework.test.context.web.ServletTestExecutionListener@46078365, org.springframework.test.context.support.DirtiesContextBeforeModesTestExecutionListener@63b74d6b, org.springframework.boot.test.autoconfigure.SpringBootDependencyInjectionTestExecutionListener@24650aaf, org.springframework.test.context.support.DirtiesContextTestExecutionListener@7e2ab17f, org.springframework.test.context.transaction.TransactionalTestExecutionListener@44c0974, org.springframework.test.context.jdbc.SqlScriptsTestExecutionListener@5d49c083, org.springframework.boot.test.autoconfigure.web.servlet.WebDriverTestExecutionListener@51f599f7, org.springframework.boot.test.autoconfigure.restdocs.RestDocsTestExecutionListener@7a7f7bff, org.springframework.boot.test.autoconfigure.web.servlet.MockMvcPrintOnlyOnFailureTestExecutionListener@1e1cda6d, org.springframework.boot.test.mock.mockito.ResetMocksTestExecutionListener@dc24cf5, org.springframework.boot.test.mock.mockito.MockitoTestExecutionListener@7005469b, org.springframework.boot.test.autoconfigure.web.client.MockRestServiceServerResetTestExecutionListener@71246be7]
05:33:10.437 [Test worker] DEBUG org.springframework.test.annotation.ProfileValueUtils - Retrieved @ProfileValueSourceConfiguration [null] for test class [hello.controllers.AssessmentControllerTest]
05:33:10.437 [Test worker] DEBUG org.springframework.test.annotation.ProfileValueUtils - Retrieved ProfileValueSource type [class org.springframework.test.annotation.SystemProfileValueSource] for class [hello.controllers.AssessmentControllerTest]
05:33:10.439 [Test worker] DEBUG org.springframework.test.annotation.ProfileValueUtils - Retrieved @ProfileValueSourceConfiguration [null] for test class [hello.controllers.AssessmentControllerTest]
05:33:10.439 [Test worker] DEBUG org.springframework.test.annotation.ProfileValueUtils - Retrieved ProfileValueSource type [class org.springframework.test.annotation.SystemProfileValueSource] for class [hello.controllers.AssessmentControllerTest]
05:33:10.446 [Test worker] DEBUG org.springframework.test.context.support.AbstractDirtiesContextTestExecutionListener - Before test class: context [DefaultTestContext@481eb2c2 testClass = AssessmentControllerTest, testInstance = [null], testMethod = [null], testException = [null], mergedContextConfiguration = [WebMergedContextConfiguration@6c93aa40 testClass = AssessmentControllerTest, locations = '{}', classes = '{class hello.Application, class hello.Application}', contextInitializerClasses = '[]', activeProfiles = '{}', propertySourceLocations = '{}', propertySourceProperties = '{org.springframework.boot.test.context.SpringBootTestContextBootstrapper=true}', contextCustomizers = set[org.springframework.test.context.web.socket.MockServerContainerContextCustomizer@7404b0a8, org.springframework.boot.test.context.SpringBootTestContextCustomizer@5dfed338, org.springframework.boot.test.context.filter.ExcludeFilterContextCustomizer@6addc39f, org.springframework.boot.test.mock.mockito.MockitoContextCustomizer@0, org.springframework.boot.test.autoconfigure.properties.PropertyMappingContextCustomizer@0, org.springframework.boot.test.autoconfigure.web.servlet.WebDriverContextCustomizerFactory$Customizer@29c2ae0], resourceBasePath = 'src/main/webapp', contextLoader = 'org.springframework.boot.test.context.SpringBootContextLoader', parent = [null]]], class annotated with @DirtiesContext [true] with mode [AFTER_CLASS].
05:33:10.447 [Test worker] DEBUG org.springframework.test.annotation.ProfileValueUtils - Retrieved @ProfileValueSourceConfiguration [null] for test class [hello.controllers.AssessmentControllerTest]
05:33:10.447 [Test worker] DEBUG org.springframework.test.annotation.ProfileValueUtils - Retrieved ProfileValueSource type [class org.springframework.test.annotation.SystemProfileValueSource] for class [hello.controllers.AssessmentControllerTest]
05:33:10.582 [Test worker] DEBUG org.springframework.core.env.StandardEnvironment - Adding [systemProperties] PropertySource with lowest search precedence
05:33:10.582 [Test worker] DEBUG org.springframework.core.env.StandardEnvironment - Adding [systemEnvironment] PropertySource with lowest search precedence
05:33:10.583 [Test worker] DEBUG org.springframework.core.env.StandardEnvironment - Initialized StandardEnvironment with PropertySources [systemProperties,systemEnvironment]
05:33:10.584 [Test worker] DEBUG org.springframework.test.context.support.TestPropertySourceUtils - Adding inlined properties to environment: {spring.jmx.enabled=false, org.springframework.boot.test.context.SpringBootTestContextBootstrapper=true, server.port=-1}
05:33:10.585 [Test worker] DEBUG org.springframework.core.env.StandardEnvironment - Adding [Inlined Test Properties] PropertySource with highest search precedence

  .   ____          _            __ _ _
 /\\ / ___'_ __ _ _(_)_ __  __ _ \ \ \ \
( ( )\___ | '_ | '_| | '_ \/ _` | \ \ \ \
 \\/  ___)| |_)| | | | | || (_| |  ) ) ) )
  '  |____| .__|_| |_|_| |_\__, | / / / /
 =========|_|==============|___/=/_/_/_/
 :: Spring Boot ::        (v1.4.4.RELEASE)

2017-04-16 05:33:11.302  INFO 8432 --- [    Test worker] h.controllers.AssessmentControllerTest   : Starting AssessmentControllerTest on Puget-99033 with PID 8432 (started by Hector in D:\SHRPAS_Project)
2017-04-16 05:33:11.304  INFO 8432 --- [    Test worker] h.controllers.AssessmentControllerTest   : The following profiles are active: production
2017-04-16 05:33:11.684  INFO 8432 --- [    Test worker] o.s.w.c.s.GenericWebApplicationContext   : Refreshing org.springframework.web.context.support.GenericWebApplicationContext@6158ccea: startup date [Sun Apr 16 05:33:11 CDT 2017]; root of context hierarchy
2017-04-16 05:33:13.298  INFO 8432 --- [    Test worker] o.s.b.f.s.DefaultListableBeanFactory     : Overriding bean definition for bean 'managementServletContext' with a different definition: replacing [Root bean: class [null]; scope=; abstract=false; lazyInit=false; autowireMode=3; dependencyCheck=0; autowireCandidate=true; primary=false; factoryBeanName=org.springframework.boot.actuate.autoconfigure.EndpointWebMvcHypermediaManagementContextConfiguration; factoryMethodName=managementServletContext; initMethodName=null; destroyMethodName=(inferred); defined in class path resource [org/springframework/boot/actuate/autoconfigure/EndpointWebMvcHypermediaManagementContextConfiguration.class]] with [Root bean: class [null]; scope=; abstract=false; lazyInit=false; autowireMode=3; dependencyCheck=0; autowireCandidate=true; primary=false; factoryBeanName=org.springframework.boot.actuate.autoconfigure.EndpointWebMvcAutoConfiguration; factoryMethodName=managementServletContext; initMethodName=null; destroyMethodName=(inferred); defined in class path resource [org/springframework/boot/actuate/autoconfigure/EndpointWebMvcAutoConfiguration.class]]
2017-04-16 05:33:14.227  INFO 8432 --- [    Test worker] trationDelegate$BeanPostProcessorChecker : Bean 'org.springframework.transaction.annotation.ProxyTransactionManagementConfiguration' of type [class org.springframework.transaction.annotation.ProxyTransactionManagementConfiguration$$EnhancerBySpringCGLIB$$84143e54] is not eligible for getting processed by all BeanPostProcessors (for example: not eligible for auto-proxying)
2017-04-16 05:33:14.711  INFO 8432 --- [    Test worker] j.LocalContainerEntityManagerFactoryBean : Building JPA container EntityManagerFactory for persistence unit 'default'
2017-04-16 05:33:14.865  INFO 8432 --- [    Test worker] o.hibernate.annotations.common.Version   : HCANN000001: Hibernate Commons Annotations {4.0.1.Final}
2017-04-16 05:33:14.871  INFO 8432 --- [    Test worker] org.hibernate.Version                    : HHH000412: Hibernate Core {4.1.0.Final}
2017-04-16 05:33:14.873  INFO 8432 --- [    Test worker] org.hibernate.cfg.Environment            : HHH000205: Loaded properties from resource hibernate.properties: {spring.jpa.hibernate.naming.implicit-strategy=org.hibernate.boot.model.naming.ImplicitNamingStrategyLegacyJpaImpl, hibernate.bytecode.use_reflection_optimizer=false, spring.jpa.hibernate.naming.physical-strategy=org.hibernate.boot.model.naming.PhysicalNamingStrategyStandardImpl}
2017-04-16 05:33:14.874  INFO 8432 --- [    Test worker] org.hibernate.cfg.Environment            : HHH000021: Bytecode provider name : javassist
2017-04-16 05:33:14.896  INFO 8432 --- [    Test worker] org.hibernate.ejb.Ejb3Configuration      : HHH000204: Processing PersistenceUnitInfo [
	name: default
	...]
2017-04-16 05:33:15.140  INFO 8432 --- [    Test worker] o.h.s.j.c.i.ConnectionProviderInitiator  : HHH000130: Instantiating explicit connection provider: org.hibernate.ejb.connection.InjectedDataSourceConnectionProvider
2017-04-16 05:33:18.091  INFO 8432 --- [    Test worker] org.hibernate.dialect.Dialect            : HHH000400: Using dialect: org.hibernate.dialect.MySQLDialect
2017-04-16 05:33:18.107  INFO 8432 --- [    Test worker] o.h.e.t.i.TransactionFactoryInitiator    : HHH000268: Transaction strategy: org.hibernate.engine.transaction.internal.jdbc.JdbcTransactionFactory
2017-04-16 05:33:18.107  INFO 8432 --- [    Test worker] o.h.h.i.ast.ASTQueryTranslatorFactory    : HHH000397: Using ASTQueryTranslatorFactory
2017-04-16 05:33:18.392  INFO 8432 --- [    Test worker] org.hibernate.tool.hbm2ddl.SchemaExport  : HHH000227: Running hbm2ddl schema export
2017-04-16 05:33:21.151  INFO 8432 --- [    Test worker] org.hibernate.tool.hbm2ddl.SchemaExport  : HHH000230: Schema export complete
2017-04-16 05:33:21.214  INFO 8432 --- [    Test worker] j.LocalContainerEntityManagerFactoryBean : Initialized JPA EntityManagerFactory for persistence unit 'default'
2017-04-16 05:33:22.016  INFO 8432 --- [    Test worker] o.s.b.f.config.PropertiesFactoryBean     : Loading properties file from class path resource [rest-default-messages.properties]
2017-04-16 05:33:24.837  INFO 8432 --- [    Test worker] s.w.s.m.m.a.RequestMappingHandlerAdapter : Looking for @ControllerAdvice: org.springframework.web.context.support.GenericWebApplicationContext@6158ccea: startup date [Sun Apr 16 05:33:11 CDT 2017]; root of context hierarchy
2017-04-16 05:33:24.849  INFO 8432 --- [    Test worker] s.w.s.m.m.a.RequestMappingHandlerAdapter : Detected ResponseBodyAdvice bean in org.springframework.boot.actuate.autoconfigure.EndpointWebMvcHypermediaManagementContextConfiguration$ActuatorEndpointLinksAdvice
2017-04-16 05:33:24.937  INFO 8432 --- [    Test worker] s.w.s.m.m.a.RequestMappingHandlerMapping : Mapped "{[/api/login],methods=[POST],consumes=[application/json]}" onto public hello.models.LoginResults hello.controllers.AdministratorController.login(java.lang.String,hello.models.LoginRequest,org.springframework.validation.BindingResult,javax.servlet.http.HttpServletResponse)
2017-04-16 05:33:24.940  INFO 8432 --- [    Test worker] s.w.s.m.m.a.RequestMappingHandlerMapping : Mapped "{[/rest/assessments/{id}/users],methods=[POST]}" onto public org.springframework.http.ResponseEntity<hello.models.Assessment> hello.controllers.AssessmentController.addUser(int,hello.models.User) throws java.lang.Exception
2017-04-16 05:33:24.940  INFO 8432 --- [    Test worker] s.w.s.m.m.a.RequestMappingHandlerMapping : Mapped "{[/rest/send-email-test],methods=[GET]}" onto public org.springframework.http.ResponseEntity<java.lang.String> hello.controllers.AssessmentController.sendEmailTest() throws java.lang.Exception
2017-04-16 05:33:24.940  INFO 8432 --- [    Test worker] s.w.s.m.m.a.RequestMappingHandlerMapping : Mapped "{[/rest/assessments/{id}/delete],methods=[DELETE]}" onto public org.springframework.http.ResponseEntity<java.lang.Boolean> hello.controllers.AssessmentController.deleteAssessment(int)
2017-04-16 05:33:24.941  INFO 8432 --- [    Test worker] s.w.s.m.m.a.RequestMappingHandlerMapping : Mapped "{[/rest/assessments],methods=[POST]}" onto public org.springframework.http.ResponseEntity<hello.models.Assessment> hello.controllers.AssessmentController.addAssessment(javax.servlet.http.HttpSession,hello.models.Assessment) throws java.lang.Exception
2017-04-16 05:33:24.941  INFO 8432 --- [    Test worker] s.w.s.m.m.a.RequestMappingHandlerMapping : Mapped "{[/rest/assessments/{id}],methods=[PATCH]}" onto public org.springframework.http.ResponseEntity<hello.models.Assessment> hello.controllers.AssessmentController.updateAssessment(int,hello.models.Assessment) throws java.lang.Exception
2017-04-16 05:33:24.941  INFO 8432 --- [    Test worker] s.w.s.m.m.a.RequestMappingHandlerMapping : Mapped "{[/rest/assessments/{id}/],methods=[GET]}" onto public org.springframework.http.ResponseEntity<hello.models.Assessment> hello.controllers.AssessmentController.getAssessment(int)
2017-04-16 05:33:24.941  INFO 8432 --- [    Test worker] s.w.s.m.m.a.RequestMappingHandlerMapping : Mapped "{[/rest/assessments/{id}/question],methods=[POST]}" onto public org.springframework.http.ResponseEntity<hello.models.Assessment> hello.controllers.AssessmentController.addQuestion(int,hello.models.Question) throws java.lang.Exception
2017-04-16 05:33:24.942  INFO 8432 --- [    Test worker] s.w.s.m.m.a.RequestMappingHandlerMapping : Mapped "{[/rest/assessments],methods=[GET]}" onto public java.util.ArrayList<hello.models.Assessment> hello.controllers.AssessmentController.getAllAssessments(javax.servlet.http.HttpSession) throws java.lang.Exception
2017-04-16 05:33:24.942  INFO 8432 --- [    Test worker] s.w.s.m.m.a.RequestMappingHandlerMapping : Mapped "{[/rest/assessments/{id}/question/{questionId}],methods=[POST]}" onto public org.springframework.http.ResponseEntity<hello.models.Assessment> hello.controllers.AssessmentController.addExistingQuestion(int,int)
2017-04-16 05:33:24.945  INFO 8432 --- [    Test worker] s.w.s.m.m.a.RequestMappingHandlerMapping : Mapped "{[/rest/session/login],methods=[POST]}" onto public org.springframework.http.ResponseEntity<hello.models.LoginResponse> hello.controllers.AuthenticationController.login(hello.models.LoginRequest,javax.servlet.http.HttpSession)
2017-04-16 05:33:24.946  INFO 8432 --- [    Test worker] s.w.s.m.m.a.RequestMappingHandlerMapping : Mapped "{[/rest/session],methods=[GET]}" onto public hello.models.User hello.controllers.AuthenticationController.session(javax.servlet.http.HttpSession)
2017-04-16 05:33:24.946  INFO 8432 --- [    Test worker] s.w.s.m.m.a.RequestMappingHandlerMapping : Mapped "{[/rest/session],methods=[DELETE]}" onto public void hello.controllers.AuthenticationController.logout(javax.servlet.http.HttpSession)
2017-04-16 05:33:24.946  INFO 8432 --- [    Test worker] s.w.s.m.m.a.RequestMappingHandlerMapping : Mapped "{[/rest/session/logout],methods=[POST]}" onto public org.springframework.http.ResponseEntity<hello.models.LogoutResponse> hello.controllers.AuthenticationController.logout() throws java.lang.Exception
2017-04-16 05:33:24.947  INFO 8432 --- [    Test worker] s.w.s.m.m.a.RequestMappingHandlerMapping : Mapped "{[/rest/session/is-logged-in],methods=[GET]}" onto public org.springframework.http.ResponseEntity<hello.models.LoginResponse> hello.controllers.AuthenticationController.isLoggedIn(javax.servlet.http.HttpSession)
2017-04-16 05:33:24.951  INFO 8432 --- [    Test worker] s.w.s.m.m.a.RequestMappingHandlerMapping : Mapped "{[/files/upload]}" onto public hello.models.JSONResponse hello.controllers.FileUploadController.uploadFile(org.springframework.web.multipart.MultipartFile)
2017-04-16 05:33:24.951  INFO 8432 --- [    Test worker] s.w.s.m.m.a.RequestMappingHandlerMapping : Mapped "{[/files/{filename:.+}],methods=[GET]}" onto public org.springframework.http.ResponseEntity<org.springframework.core.io.Resource> hello.controllers.FileUploadController.serveFile(java.lang.String)
2017-04-16 05:33:24.952  INFO 8432 --- [    Test worker] s.w.s.m.m.a.RequestMappingHandlerMapping : Mapped "{[/app/**]}" onto public org.springframework.web.servlet.ModelAndView hello.controllers.HomeController.index(javax.servlet.http.HttpSession,javax.servlet.http.HttpServletResponse)
2017-04-16 05:33:24.952  INFO 8432 --- [    Test worker] s.w.s.m.m.a.RequestMappingHandlerMapping : Mapped "{[]}" onto public java.lang.String hello.controllers.HomeController.home()
2017-04-16 05:33:24.953  INFO 8432 --- [    Test worker] s.w.s.m.m.a.RequestMappingHandlerMapping : Mapped "{[/rest/participants],methods=[GET]}" onto public java.util.ArrayList<hello.models.Participant> hello.controllers.ParticipantController.getParticipants()
2017-04-16 05:33:24.953  INFO 8432 --- [    Test worker] s.w.s.m.m.a.RequestMappingHandlerMapping : Mapped "{[/rest/participants],methods=[POST]}" onto public org.springframework.http.ResponseEntity<java.util.List<hello.models.Participant>> hello.controllers.ParticipantController.addParticipant(java.util.List<hello.models.Participant>)
2017-04-16 05:33:24.954  INFO 8432 --- [    Test worker] s.w.s.m.m.a.RequestMappingHandlerMapping : Mapped "{[/rest/participant],methods=[POST]}" onto public org.springframework.http.ResponseEntity<hello.models.Participant> hello.controllers.ParticipantController.addParticipant(hello.models.Participant)
2017-04-16 05:33:24.954  INFO 8432 --- [    Test worker] s.w.s.m.m.a.RequestMappingHandlerMapping : Mapped "{[/rest/participants/{id}],methods=[GET]}" onto public org.springframework.http.ResponseEntity<hello.models.Participant> hello.controllers.ParticipantController.getParticipant(int)
2017-04-16 05:33:24.954  INFO 8432 --- [    Test worker] s.w.s.m.m.a.RequestMappingHandlerMapping : Mapped "{[/rest/participants/{id}],methods=[DELETE]}" onto public org.springframework.http.ResponseEntity<java.lang.Boolean> hello.controllers.ParticipantController.deleteParticipant(int) throws java.lang.Exception
2017-04-16 05:33:24.955  INFO 8432 --- [    Test worker] s.w.s.m.m.a.RequestMappingHandlerMapping : Mapped "{[/rest/participants/{id}],methods=[PUT]}" onto public org.springframework.http.ResponseEntity<hello.models.Participant> hello.controllers.ParticipantController.updateParticipant(int,hello.models.Participant) throws java.lang.Exception
2017-04-16 05:33:24.956  INFO 8432 --- [    Test worker] s.w.s.m.m.a.RequestMappingHandlerMapping : Mapped "{[/rest/questions],methods=[POST]}" onto public org.springframework.http.ResponseEntity<hello.models.Question> hello.controllers.QuestionController.addQuestion(hello.models.Question)
2017-04-16 05:33:24.956  INFO 8432 --- [    Test worker] s.w.s.m.m.a.RequestMappingHandlerMapping : Mapped "{[/rest/questions/{id}/],methods=[GET]}" onto public org.springframework.http.ResponseEntity<hello.models.Question> hello.controllers.QuestionController.getAQuestion(int)
2017-04-16 05:33:24.956  INFO 8432 --- [    Test worker] s.w.s.m.m.a.RequestMappingHandlerMapping : Mapped "{[/rest/questions/{id}],methods=[PATCH]}" onto public org.springframework.http.ResponseEntity<hello.models.Question> hello.controllers.QuestionController.updateQuestion(int,hello.models.Question) throws java.lang.Exception
2017-04-16 05:33:24.957  INFO 8432 --- [    Test worker] s.w.s.m.m.a.RequestMappingHandlerMapping : Mapped "{[/rest/questions],methods=[GET]}" onto public java.util.ArrayList<hello.models.Question> hello.controllers.QuestionController.getQuestions()
2017-04-16 05:33:24.957  INFO 8432 --- [    Test worker] s.w.s.m.m.a.RequestMappingHandlerMapping : Mapped "{[/rest/questions/{id}],methods=[DELETE]}" onto public org.springframework.http.ResponseEntity<java.lang.Boolean> hello.controllers.QuestionController.deleteQuestion(int)
2017-04-16 05:33:24.958  INFO 8432 --- [    Test worker] s.w.s.m.m.a.RequestMappingHandlerMapping : Mapped "{[/rest/targetGroups/{id}/assessment/{assessmentid}],methods=[POST]}" onto public org.springframework.http.ResponseEntity<hello.models.TargetGroup> hello.controllers.TargetGroupController.addExistingAssessmentToTargetGroup(int,int) throws java.lang.Exception
2017-04-16 05:33:24.958  INFO 8432 --- [    Test worker] s.w.s.m.m.a.RequestMappingHandlerMapping : Mapped "{[/rest/targetGroups/{id}/participants/{participantId}],methods=[POST]}" onto public org.springframework.http.ResponseEntity<hello.models.TargetGroup> hello.controllers.TargetGroupController.addExistingParticipantToTargetGroup(int,int) throws java.lang.Exception
2017-04-16 05:33:24.958  INFO 8432 --- [    Test worker] s.w.s.m.m.a.RequestMappingHandlerMapping : Mapped "{[/rest/targetGroups],methods=[POST]}" onto public org.springframework.http.ResponseEntity<hello.models.TargetGroup> hello.controllers.TargetGroupController.addTargetGroup(javax.servlet.http.HttpSession,hello.models.TargetGroup) throws java.lang.Exception
2017-04-16 05:33:24.959  INFO 8432 --- [    Test worker] s.w.s.m.m.a.RequestMappingHandlerMapping : Mapped "{[/rest/targetGroups/{id}],methods=[GET]}" onto public org.springframework.http.ResponseEntity<hello.models.TargetGroup> hello.controllers.TargetGroupController.getTargetGroup(int)
2017-04-16 05:33:24.959  INFO 8432 --- [    Test worker] s.w.s.m.m.a.RequestMappingHandlerMapping : Mapped "{[/rest/targetGroups],methods=[GET]}" onto public java.util.ArrayList<hello.models.TargetGroup> hello.controllers.TargetGroupController.getTargetGroups() throws java.lang.Exception
2017-04-16 05:33:24.959  INFO 8432 --- [    Test worker] s.w.s.m.m.a.RequestMappingHandlerMapping : Mapped "{[/rest/targetGroups/{id}],methods=[DELETE]}" onto public org.springframework.http.ResponseEntity<java.lang.Boolean> hello.controllers.TargetGroupController.deleteTargetGroup(int) throws java.lang.Exception
2017-04-16 05:33:24.959  INFO 8432 --- [    Test worker] s.w.s.m.m.a.RequestMappingHandlerMapping : Mapped "{[/rest/targetGroups/{id}/assessment],methods=[POST]}" onto public org.springframework.http.ResponseEntity<hello.models.TargetGroup> hello.controllers.TargetGroupController.addNewAssessmentToTargetGroup(int,hello.models.Assessment) throws java.lang.Exception
2017-04-16 05:33:24.960  INFO 8432 --- [    Test worker] s.w.s.m.m.a.RequestMappingHandlerMapping : Mapped "{[/rest/targetGroups/{id}/participants],methods=[GET]}" onto public java.util.ArrayList<hello.models.Participant> hello.controllers.TargetGroupController.getParticipantsInTargetGroup(int) throws java.lang.Exception
2017-04-16 05:33:24.960  INFO 8432 --- [    Test worker] s.w.s.m.m.a.RequestMappingHandlerMapping : Mapped "{[/rest/targetGroups/{id}/participants/{participantId}],methods=[PUT]}" onto public org.springframework.http.ResponseEntity<hello.models.TargetGroup> hello.controllers.TargetGroupController.removeParticipantFromTargetGroup(int,int) throws java.lang.Exception
2017-04-16 05:33:24.960  INFO 8432 --- [    Test worker] s.w.s.m.m.a.RequestMappingHandlerMapping : Mapped "{[/rest/targetGroups/{id}/participants],methods=[POST]}" onto public org.springframework.http.ResponseEntity<hello.models.TargetGroup> hello.controllers.TargetGroupController.addNewParticipantToTargetGroup(int,hello.models.Participant) throws java.lang.Exception
2017-04-16 05:33:24.960  INFO 8432 --- [    Test worker] s.w.s.m.m.a.RequestMappingHandlerMapping : Mapped "{[/rest/targetGroups/{id}/participantList],methods=[POST]}" onto public org.springframework.http.ResponseEntity<hello.models.TargetGroup> hello.controllers.TargetGroupController.addNewParticipantsToTargetGroup(int,java.util.List<hello.models.Participant>) throws java.lang.Exception
2017-04-16 05:33:24.961  INFO 8432 --- [    Test worker] s.w.s.m.m.a.RequestMappingHandlerMapping : Mapped "{[/rest/targetGroups/{id}],methods=[PUT]}" onto public org.springframework.http.ResponseEntity<hello.models.TargetGroup> hello.controllers.TargetGroupController.updateTargetGroup(int,hello.models.TargetGroup) throws java.lang.Exception
2017-04-16 05:33:24.961  INFO 8432 --- [    Test worker] s.w.s.m.m.a.RequestMappingHandlerMapping : Mapped "{[/rest/register],methods=[POST]}" onto public org.springframework.http.ResponseEntity<hello.models.User> hello.controllers.UserController.registerUser(hello.models.User) throws java.lang.Exception
2017-04-16 05:33:24.961  INFO 8432 --- [    Test worker] s.w.s.m.m.a.RequestMappingHandlerMapping : Mapped "{[/rest/currentUser],methods=[PATCH]}" onto public org.springframework.http.ResponseEntity<hello.models.User> hello.controllers.UserController.updateUser(hello.models.User) throws java.lang.Exception
2017-04-16 05:33:24.962  INFO 8432 --- [    Test worker] s.w.s.m.m.a.RequestMappingHandlerMapping : Mapped "{[/rest/currentUser],methods=[GET]}" onto public org.springframework.http.ResponseEntity<hello.models.User> hello.controllers.UserController.getCurrentUser() throws java.lang.Exception
2017-04-16 05:33:24.963  INFO 8432 --- [    Test worker] s.w.s.m.m.a.RequestMappingHandlerMapping : Mapped "{[/error]}" onto public org.springframework.http.ResponseEntity<java.util.Map<java.lang.String, java.lang.Object>> org.springframework.boot.autoconfigure.web.BasicErrorController.error(javax.servlet.http.HttpServletRequest)
2017-04-16 05:33:24.963  INFO 8432 --- [    Test worker] s.w.s.m.m.a.RequestMappingHandlerMapping : Mapped "{[/error],produces=[text/html]}" onto public org.springframework.web.servlet.ModelAndView org.springframework.boot.autoconfigure.web.BasicErrorController.errorHtml(javax.servlet.http.HttpServletRequest,javax.servlet.http.HttpServletResponse)
2017-04-16 05:33:25.000  INFO 8432 --- [    Test worker] o.s.w.s.handler.SimpleUrlHandlerMapping  : Mapped URL path [/webjars/**] onto handler of type [class org.springframework.web.servlet.resource.ResourceHttpRequestHandler]
2017-04-16 05:33:25.000  INFO 8432 --- [    Test worker] o.s.w.s.handler.SimpleUrlHandlerMapping  : Mapped URL path [/resources/**] onto handler of type [class org.springframework.web.servlet.resource.ResourceHttpRequestHandler]
2017-04-16 05:33:25.018  INFO 8432 --- [    Test worker] .m.m.a.ExceptionHandlerExceptionResolver : Detected @ExceptionHandler methods in repositoryRestExceptionHandler
2017-04-16 05:33:25.018  INFO 8432 --- [    Test worker] .m.m.a.ExceptionHandlerExceptionResolver : Detected ResponseBodyAdvice implementation in org.springframework.boot.actuate.autoconfigure.EndpointWebMvcHypermediaManagementContextConfiguration$ActuatorEndpointLinksAdvice
2017-04-16 05:33:25.047  INFO 8432 --- [    Test worker] o.s.w.s.handler.SimpleUrlHandlerMapping  : Mapped URL path [/**/favicon.ico] onto handler of type [class org.springframework.web.servlet.resource.ResourceHttpRequestHandler]
2017-04-16 05:33:25.558  INFO 8432 --- [    Test worker] oConfiguration$WelcomePageHandlerMapping : Adding welcome page: ServletContext resource [/index.html]
2017-04-16 05:33:25.938  INFO 8432 --- [    Test worker] o.s.d.r.w.RepositoryRestHandlerAdapter   : Looking for @ControllerAdvice: org.springframework.web.context.support.GenericWebApplicationContext@6158ccea: startup date [Sun Apr 16 05:33:11 CDT 2017]; root of context hierarchy
2017-04-16 05:33:25.941  INFO 8432 --- [    Test worker] o.s.d.r.w.RepositoryRestHandlerAdapter   : Detected ResponseBodyAdvice bean in org.springframework.boot.actuate.autoconfigure.EndpointWebMvcHypermediaManagementContextConfiguration$ActuatorEndpointLinksAdvice
2017-04-16 05:33:25.950  INFO 8432 --- [    Test worker] o.s.d.r.w.RepositoryRestHandlerMapping   : Mapped "{[/api/ || /api],methods=[GET],produces=[application/hal+json || application/json || application/*+json;charset=UTF-8]}" onto public org.springframework.http.HttpEntity<org.springframework.data.rest.webmvc.RepositoryLinksResource> org.springframework.data.rest.webmvc.RepositoryController.listRepositories()
2017-04-16 05:33:25.951  INFO 8432 --- [    Test worker] o.s.d.r.w.RepositoryRestHandlerMapping   : Mapped "{[/api/ || /api],methods=[HEAD],produces=[application/hal+json || application/json || application/*+json;charset=UTF-8]}" onto public org.springframework.http.ResponseEntity<?> org.springframework.data.rest.webmvc.RepositoryController.headForRepositories()
2017-04-16 05:33:25.951  INFO 8432 --- [    Test worker] o.s.d.r.w.RepositoryRestHandlerMapping   : Mapped "{[/api/ || /api],methods=[OPTIONS],produces=[application/hal+json || application/json || application/*+json;charset=UTF-8]}" onto public org.springframework.http.HttpEntity<?> org.springframework.data.rest.webmvc.RepositoryController.optionsForRepositories()
2017-04-16 05:33:25.954  INFO 8432 --- [    Test worker] o.s.d.r.w.RepositoryRestHandlerMapping   : Mapped "{[/api/{repository}/{id}],methods=[PUT],produces=[application/hal+json || application/json || application/*+json;charset=UTF-8]}" onto public org.springframework.http.ResponseEntity<? extends org.springframework.hateoas.ResourceSupport> org.springframework.data.rest.webmvc.RepositoryEntityController.putItemResource(org.springframework.data.rest.webmvc.RootResourceInformation,org.springframework.data.rest.webmvc.PersistentEntityResource,java.io.Serializable,org.springframework.data.rest.webmvc.PersistentEntityResourceAssembler,org.springframework.data.rest.webmvc.support.ETag,java.lang.String) throws org.springframework.web.HttpRequestMethodNotSupportedException
2017-04-16 05:33:25.954  INFO 8432 --- [    Test worker] o.s.d.r.w.RepositoryRestHandlerMapping   : Mapped "{[/api/{repository}/{id}],methods=[GET],produces=[application/hal+json || application/json || application/*+json;charset=UTF-8]}" onto public org.springframework.http.ResponseEntity<org.springframework.hateoas.Resource<?>> org.springframework.data.rest.webmvc.RepositoryEntityController.getItemResource(org.springframework.data.rest.webmvc.RootResourceInformation,java.io.Serializable,org.springframework.data.rest.webmvc.PersistentEntityResourceAssembler,org.springframework.util.MultiValueMap<java.lang.String, java.lang.String>) throws org.springframework.web.HttpRequestMethodNotSupportedException
2017-04-16 05:33:25.954  INFO 8432 --- [    Test worker] o.s.d.r.w.RepositoryRestHandlerMapping   : Mapped "{[/api/{repository}/{id}],methods=[PATCH],produces=[application/hal+json || application/json || application/*+json;charset=UTF-8]}" onto public org.springframework.http.ResponseEntity<org.springframework.hateoas.ResourceSupport> org.springframework.data.rest.webmvc.RepositoryEntityController.patchItemResource(org.springframework.data.rest.webmvc.RootResourceInformation,org.springframework.data.rest.webmvc.PersistentEntityResource,java.io.Serializable,org.springframework.data.rest.webmvc.PersistentEntityResourceAssembler,org.springframework.data.rest.webmvc.support.ETag,java.lang.String) throws org.springframework.web.HttpRequestMethodNotSupportedException,org.springframework.data.rest.webmvc.ResourceNotFoundException
2017-04-16 05:33:25.955  INFO 8432 --- [    Test worker] o.s.d.r.w.RepositoryRestHandlerMapping   : Mapped "{[/api/{repository}/{id}],methods=[DELETE],produces=[application/hal+json || application/json || application/*+json;charset=UTF-8]}" onto public org.springframework.http.ResponseEntity<?> org.springframework.data.rest.webmvc.RepositoryEntityController.deleteItemResource(org.springframework.data.rest.webmvc.RootResourceInformation,java.io.Serializable,org.springframework.data.rest.webmvc.support.ETag) throws org.springframework.data.rest.webmvc.ResourceNotFoundException,org.springframework.web.HttpRequestMethodNotSupportedException
2017-04-16 05:33:25.955  INFO 8432 --- [    Test worker] o.s.d.r.w.RepositoryRestHandlerMapping   : Mapped "{[/api/{repository}],methods=[GET],produces=[application/x-spring-data-compact+json || text/uri-list]}" onto public org.springframework.hateoas.Resources<?> org.springframework.data.rest.webmvc.RepositoryEntityController.getCollectionResourceCompact(org.springframework.data.rest.webmvc.RootResourceInformation,org.springframework.data.rest.webmvc.support.DefaultedPageable,org.springframework.data.domain.Sort,org.springframework.data.rest.webmvc.PersistentEntityResourceAssembler) throws org.springframework.data.rest.webmvc.ResourceNotFoundException,org.springframework.web.HttpRequestMethodNotSupportedException
2017-04-16 05:33:25.955  INFO 8432 --- [    Test worker] o.s.d.r.w.RepositoryRestHandlerMapping   : Mapped "{[/api/{repository}],methods=[POST],produces=[application/hal+json || application/json || application/*+json;charset=UTF-8]}" onto public org.springframework.http.ResponseEntity<org.springframework.hateoas.ResourceSupport> org.springframework.data.rest.webmvc.RepositoryEntityController.postCollectionResource(org.springframework.data.rest.webmvc.RootResourceInformation,org.springframework.data.rest.webmvc.PersistentEntityResource,org.springframework.data.rest.webmvc.PersistentEntityResourceAssembler,java.lang.String) throws org.springframework.web.HttpRequestMethodNotSupportedException
2017-04-16 05:33:25.956  INFO 8432 --- [    Test worker] o.s.d.r.w.RepositoryRestHandlerMapping   : Mapped "{[/api/{repository}],methods=[GET],produces=[application/hal+json || application/json || application/*+json;charset=UTF-8]}" onto public org.springframework.hateoas.Resources<?> org.springframework.data.rest.webmvc.RepositoryEntityController.getCollectionResource(org.springframework.data.rest.webmvc.RootResourceInformation,org.springframework.data.rest.webmvc.support.DefaultedPageable,org.springframework.data.domain.Sort,org.springframework.data.rest.webmvc.PersistentEntityResourceAssembler) throws org.springframework.data.rest.webmvc.ResourceNotFoundException,org.springframework.web.HttpRequestMethodNotSupportedException
2017-04-16 05:33:25.956  INFO 8432 --- [    Test worker] o.s.d.r.w.RepositoryRestHandlerMapping   : Mapped "{[/api/{repository}/{id}],methods=[OPTIONS],produces=[application/hal+json || application/json || application/*+json;charset=UTF-8]}" onto public org.springframework.http.ResponseEntity<?> org.springframework.data.rest.webmvc.RepositoryEntityController.optionsForItemResource(org.springframework.data.rest.webmvc.RootResourceInformation)
2017-04-16 05:33:25.956  INFO 8432 --- [    Test worker] o.s.d.r.w.RepositoryRestHandlerMapping   : Mapped "{[/api/{repository}],methods=[OPTIONS],produces=[application/hal+json || application/json || application/*+json;charset=UTF-8]}" onto public org.springframework.http.ResponseEntity<?> org.springframework.data.rest.webmvc.RepositoryEntityController.optionsForCollectionResource(org.springframework.data.rest.webmvc.RootResourceInformation)
2017-04-16 05:33:25.956  INFO 8432 --- [    Test worker] o.s.d.r.w.RepositoryRestHandlerMapping   : Mapped "{[/api/{repository}],methods=[HEAD],produces=[application/hal+json || application/json || application/*+json;charset=UTF-8]}" onto public org.springframework.http.ResponseEntity<?> org.springframework.data.rest.webmvc.RepositoryEntityController.headCollectionResource(org.springframework.data.rest.webmvc.RootResourceInformation,org.springframework.data.rest.webmvc.support.DefaultedPageable) throws org.springframework.web.HttpRequestMethodNotSupportedException
2017-04-16 05:33:25.957  INFO 8432 --- [    Test worker] o.s.d.r.w.RepositoryRestHandlerMapping   : Mapped "{[/api/{repository}/{id}],methods=[HEAD],produces=[application/hal+json || application/json || application/*+json;charset=UTF-8]}" onto public org.springframework.http.ResponseEntity<?> org.springframework.data.rest.webmvc.RepositoryEntityController.headForItemResource(org.springframework.data.rest.webmvc.RootResourceInformation,java.io.Serializable,org.springframework.data.rest.webmvc.PersistentEntityResourceAssembler) throws org.springframework.web.HttpRequestMethodNotSupportedException
2017-04-16 05:33:25.959  INFO 8432 --- [    Test worker] o.s.d.r.w.RepositoryRestHandlerMapping   : Mapped "{[/api/{repository}/{id}/{property}/{propertyId}],methods=[DELETE],produces=[application/hal+json || application/json || application/*+json;charset=UTF-8]}" onto public org.springframework.http.ResponseEntity<org.springframework.hateoas.ResourceSupport> org.springframework.data.rest.webmvc.RepositoryPropertyReferenceController.deletePropertyReferenceId(org.springframework.data.rest.webmvc.RootResourceInformation,java.io.Serializable,java.lang.String,java.lang.String) throws java.lang.Exception
2017-04-16 05:33:25.959  INFO 8432 --- [    Test worker] o.s.d.r.w.RepositoryRestHandlerMapping   : Mapped "{[/api/{repository}/{id}/{property}/{propertyId}],methods=[GET],produces=[application/hal+json || application/json || application/*+json;charset=UTF-8]}" onto public org.springframework.http.ResponseEntity<org.springframework.hateoas.ResourceSupport> org.springframework.data.rest.webmvc.RepositoryPropertyReferenceController.followPropertyReference(org.springframework.data.rest.webmvc.RootResourceInformation,java.io.Serializable,java.lang.String,java.lang.String,org.springframework.data.rest.webmvc.PersistentEntityResourceAssembler) throws java.lang.Exception
2017-04-16 05:33:25.959  INFO 8432 --- [    Test worker] o.s.d.r.w.RepositoryRestHandlerMapping   : Mapped "{[/api/{repository}/{id}/{property}],methods=[GET],produces=[application/hal+json || application/json || application/*+json;charset=UTF-8]}" onto public org.springframework.http.ResponseEntity<org.springframework.hateoas.ResourceSupport> org.springframework.data.rest.webmvc.RepositoryPropertyReferenceController.followPropertyReference(org.springframework.data.rest.webmvc.RootResourceInformation,java.io.Serializable,java.lang.String,org.springframework.data.rest.webmvc.PersistentEntityResourceAssembler) throws java.lang.Exception
2017-04-16 05:33:25.960  INFO 8432 --- [    Test worker] o.s.d.r.w.RepositoryRestHandlerMapping   : Mapped "{[/api/{repository}/{id}/{property}],methods=[PATCH || PUT || POST],consumes=[application/json || application/x-spring-data-compact+json || text/uri-list],produces=[application/hal+json || application/json || application/*+json;charset=UTF-8]}" onto public org.springframework.http.ResponseEntity<? extends org.springframework.hateoas.ResourceSupport> org.springframework.data.rest.webmvc.RepositoryPropertyReferenceController.createPropertyReference(org.springframework.data.rest.webmvc.RootResourceInformation,org.springframework.http.HttpMethod,org.springframework.hateoas.Resources<java.lang.Object>,java.io.Serializable,java.lang.String) throws java.lang.Exception
2017-04-16 05:33:25.960  INFO 8432 --- [    Test worker] o.s.d.r.w.RepositoryRestHandlerMapping   : Mapped "{[/api/{repository}/{id}/{property}],methods=[GET],produces=[application/x-spring-data-compact+json || text/uri-list]}" onto public org.springframework.http.ResponseEntity<org.springframework.hateoas.ResourceSupport> org.springframework.data.rest.webmvc.RepositoryPropertyReferenceController.followPropertyReferenceCompact(org.springframework.data.rest.webmvc.RootResourceInformation,java.io.Serializable,java.lang.String,org.springframework.data.rest.webmvc.PersistentEntityResourceAssembler) throws java.lang.Exception
2017-04-16 05:33:25.960  INFO 8432 --- [    Test worker] o.s.d.r.w.RepositoryRestHandlerMapping   : Mapped "{[/api/{repository}/{id}/{property}],methods=[DELETE],produces=[application/hal+json || application/json || application/*+json;charset=UTF-8]}" onto public org.springframework.http.ResponseEntity<? extends org.springframework.hateoas.ResourceSupport> org.springframework.data.rest.webmvc.RepositoryPropertyReferenceController.deletePropertyReference(org.springframework.data.rest.webmvc.RootResourceInformation,java.io.Serializable,java.lang.String) throws java.lang.Exception
2017-04-16 05:33:25.962  INFO 8432 --- [    Test worker] o.s.d.r.w.RepositoryRestHandlerMapping   : Mapped "{[/api/{repository}/search],methods=[OPTIONS],produces=[application/hal+json || application/json || application/*+json;charset=UTF-8]}" onto public org.springframework.http.HttpEntity<?> org.springframework.data.rest.webmvc.RepositorySearchController.optionsForSearches(org.springframework.data.rest.webmvc.RootResourceInformation)
2017-04-16 05:33:25.963  INFO 8432 --- [    Test worker] o.s.d.r.w.RepositoryRestHandlerMapping   : Mapped "{[/api/{repository}/search/{search}],methods=[GET],produces=[application/x-spring-data-compact+json]}" onto public org.springframework.hateoas.ResourceSupport org.springframework.data.rest.webmvc.RepositorySearchController.executeSearchCompact(org.springframework.data.rest.webmvc.RootResourceInformation,org.springframework.util.MultiValueMap<java.lang.String, java.lang.Object>,java.lang.String,java.lang.String,org.springframework.data.rest.webmvc.support.DefaultedPageable,org.springframework.data.domain.Sort,org.springframework.data.rest.webmvc.PersistentEntityResourceAssembler)
2017-04-16 05:33:25.964  INFO 8432 --- [    Test worker] o.s.d.r.w.RepositoryRestHandlerMapping   : Mapped "{[/api/{repository}/search],methods=[GET],produces=[application/hal+json || application/json || application/*+json;charset=UTF-8]}" onto public org.springframework.data.rest.webmvc.RepositorySearchesResource org.springframework.data.rest.webmvc.RepositorySearchController.listSearches(org.springframework.data.rest.webmvc.RootResourceInformation)
2017-04-16 05:33:25.964  INFO 8432 --- [    Test worker] o.s.d.r.w.RepositoryRestHandlerMapping   : Mapped "{[/api/{repository}/search/{search}],methods=[HEAD],produces=[application/hal+json || application/json || application/*+json;charset=UTF-8]}" onto public org.springframework.http.ResponseEntity<java.lang.Object> org.springframework.data.rest.webmvc.RepositorySearchController.headForSearch(org.springframework.data.rest.webmvc.RootResourceInformation,java.lang.String)
2017-04-16 05:33:25.965  INFO 8432 --- [    Test worker] o.s.d.r.w.RepositoryRestHandlerMapping   : Mapped "{[/api/{repository}/search/{search}],methods=[GET],produces=[application/hal+json || application/json || application/*+json;charset=UTF-8]}" onto public org.springframework.http.ResponseEntity<java.lang.Object> org.springframework.data.rest.webmvc.RepositorySearchController.executeSearch(org.springframework.data.rest.webmvc.RootResourceInformation,org.springframework.util.MultiValueMap<java.lang.String, java.lang.Object>,java.lang.String,org.springframework.data.rest.webmvc.support.DefaultedPageable,org.springframework.data.domain.Sort,org.springframework.data.rest.webmvc.PersistentEntityResourceAssembler)
2017-04-16 05:33:25.965  INFO 8432 --- [    Test worker] o.s.d.r.w.RepositoryRestHandlerMapping   : Mapped "{[/api/{repository}/search/{search}],methods=[OPTIONS],produces=[application/hal+json || application/json || application/*+json;charset=UTF-8]}" onto public org.springframework.http.ResponseEntity<java.lang.Object> org.springframework.data.rest.webmvc.RepositorySearchController.optionsForSearch(org.springframework.data.rest.webmvc.RootResourceInformation,java.lang.String)
2017-04-16 05:33:25.966  INFO 8432 --- [    Test worker] o.s.d.r.w.RepositoryRestHandlerMapping   : Mapped "{[/api/{repository}/search],methods=[HEAD],produces=[application/hal+json || application/json || application/*+json;charset=UTF-8]}" onto public org.springframework.http.HttpEntity<?> org.springframework.data.rest.webmvc.RepositorySearchController.headForSearches(org.springframework.data.rest.webmvc.RootResourceInformation)
2017-04-16 05:33:25.968  INFO 8432 --- [    Test worker] o.s.d.r.w.BasePathAwareHandlerMapping    : Mapped "{[/api/profile/{repository}],methods=[GET],produces=[application/alps+json || */*]}" onto org.springframework.http.HttpEntity<org.springframework.data.rest.webmvc.RootResourceInformation> org.springframework.data.rest.webmvc.alps.AlpsController.descriptor(org.springframework.data.rest.webmvc.RootResourceInformation)
2017-04-16 05:33:25.969  INFO 8432 --- [    Test worker] o.s.d.r.w.BasePathAwareHandlerMapping    : Mapped "{[/api/profile/{repository}],methods=[OPTIONS],produces=[application/alps+json]}" onto org.springframework.http.HttpEntity<?> org.springframework.data.rest.webmvc.alps.AlpsController.alpsOptions()
2017-04-16 05:33:25.969  INFO 8432 --- [    Test worker] o.s.d.r.w.BasePathAwareHandlerMapping    : Mapped "{[/api/profile],methods=[OPTIONS]}" onto public org.springframework.http.HttpEntity<?> org.springframework.data.rest.webmvc.ProfileController.profileOptions()
2017-04-16 05:33:25.969  INFO 8432 --- [    Test worker] o.s.d.r.w.BasePathAwareHandlerMapping    : Mapped "{[/api/profile],methods=[GET]}" onto org.springframework.http.HttpEntity<org.springframework.hateoas.ResourceSupport> org.springframework.data.rest.webmvc.ProfileController.listAllFormsOfMetadata()
2017-04-16 05:33:25.970  INFO 8432 --- [    Test worker] o.s.d.r.w.BasePathAwareHandlerMapping    : Mapped "{[/api/profile/{repository}],methods=[GET],produces=[application/schema+json]}" onto public org.springframework.http.HttpEntity<org.springframework.data.rest.webmvc.json.JsonSchema> org.springframework.data.rest.webmvc.RepositorySchemaController.schema(org.springframework.data.rest.webmvc.RootResourceInformation)
2017-04-16 05:33:25.983  INFO 8432 --- [    Test worker] .m.m.a.ExceptionHandlerExceptionResolver : Detected @ExceptionHandler methods in repositoryRestExceptionHandler
2017-04-16 05:33:25.983  INFO 8432 --- [    Test worker] .m.m.a.ExceptionHandlerExceptionResolver : Detected ResponseBodyAdvice implementation in org.springframework.boot.actuate.autoconfigure.EndpointWebMvcHypermediaManagementContextConfiguration$ActuatorEndpointLinksAdvice
2017-04-16 05:33:26.059  INFO 8432 --- [    Test worker] o.s.b.a.e.mvc.EndpointHandlerMapping     : Mapped "{[/health || /health.json],produces=[application/json]}" onto public java.lang.Object org.springframework.boot.actuate.endpoint.mvc.HealthMvcEndpoint.invoke(java.security.Principal)
2017-04-16 05:33:26.060  INFO 8432 --- [    Test worker] o.s.b.a.e.mvc.EndpointHandlerMapping     : Mapped "{[/heapdump || /heapdump.json],methods=[GET],produces=[application/octet-stream]}" onto public void org.springframework.boot.actuate.endpoint.mvc.HeapdumpMvcEndpoint.invoke(boolean,javax.servlet.http.HttpServletRequest,javax.servlet.http.HttpServletResponse) throws java.io.IOException,javax.servlet.ServletException
2017-04-16 05:33:26.061  INFO 8432 --- [    Test worker] o.s.b.a.e.mvc.EndpointHandlerMapping     : Mapped "{[/autoconfig || /autoconfig.json],methods=[GET],produces=[application/json]}" onto public java.lang.Object org.springframework.boot.actuate.endpoint.mvc.EndpointMvcAdapter.invoke()
2017-04-16 05:33:26.062  INFO 8432 --- [    Test worker] o.s.b.a.e.mvc.EndpointHandlerMapping     : Mapped "{[/dump || /dump.json],methods=[GET],produces=[application/json]}" onto public java.lang.Object org.springframework.boot.actuate.endpoint.mvc.EndpointMvcAdapter.invoke()
2017-04-16 05:33:26.062  INFO 8432 --- [    Test worker] o.s.b.a.e.mvc.EndpointHandlerMapping     : Mapped "{[/mappings || /mappings.json],methods=[GET],produces=[application/json]}" onto public java.lang.Object org.springframework.boot.actuate.endpoint.mvc.EndpointMvcAdapter.invoke()
2017-04-16 05:33:26.063  INFO 8432 --- [    Test worker] o.s.b.a.e.mvc.EndpointHandlerMapping     : Mapped "{[/trace || /trace.json],methods=[GET],produces=[application/json]}" onto public java.lang.Object org.springframework.boot.actuate.endpoint.mvc.EndpointMvcAdapter.invoke()
2017-04-16 05:33:26.064  INFO 8432 --- [    Test worker] o.s.b.a.e.mvc.EndpointHandlerMapping     : Mapped "{[/actuator || /actuator.json],produces=[application/json]}" onto public org.springframework.hateoas.ResourceSupport org.springframework.boot.actuate.endpoint.mvc.HalJsonMvcEndpoint.links()
2017-04-16 05:33:26.065  INFO 8432 --- [    Test worker] o.s.b.a.e.mvc.EndpointHandlerMapping     : Mapped "{[/metrics/{name:.*}],methods=[GET],produces=[application/json]}" onto public java.lang.Object org.springframework.boot.actuate.endpoint.mvc.MetricsMvcEndpoint.value(java.lang.String)
2017-04-16 05:33:26.065  INFO 8432 --- [    Test worker] o.s.b.a.e.mvc.EndpointHandlerMapping     : Mapped "{[/metrics || /metrics.json],methods=[GET],produces=[application/json]}" onto public java.lang.Object org.springframework.boot.actuate.endpoint.mvc.EndpointMvcAdapter.invoke()
2017-04-16 05:33:26.066  INFO 8432 --- [    Test worker] o.s.b.a.e.mvc.EndpointHandlerMapping     : Mapped "{[/configprops || /configprops.json],methods=[GET],produces=[application/json]}" onto public java.lang.Object org.springframework.boot.actuate.endpoint.mvc.EndpointMvcAdapter.invoke()
2017-04-16 05:33:26.069  INFO 8432 --- [    Test worker] o.s.b.a.e.mvc.EndpointHandlerMapping     : Mapped "{[/beans || /beans.json],methods=[GET],produces=[application/json]}" onto public java.lang.Object org.springframework.boot.actuate.endpoint.mvc.EndpointMvcAdapter.invoke()
2017-04-16 05:33:26.070  INFO 8432 --- [    Test worker] o.s.b.a.e.mvc.EndpointHandlerMapping     : Mapped "{[/env/{name:.*}],methods=[GET],produces=[application/json]}" onto public java.lang.Object org.springframework.boot.actuate.endpoint.mvc.EnvironmentMvcEndpoint.value(java.lang.String)
2017-04-16 05:33:26.071  INFO 8432 --- [    Test worker] o.s.b.a.e.mvc.EndpointHandlerMapping     : Mapped "{[/env || /env.json],methods=[GET],produces=[application/json]}" onto public java.lang.Object org.springframework.boot.actuate.endpoint.mvc.EndpointMvcAdapter.invoke()
2017-04-16 05:33:26.072  INFO 8432 --- [    Test worker] o.s.b.a.e.mvc.EndpointHandlerMapping     : Mapped "{[/info || /info.json],methods=[GET],produces=[application/json]}" onto public java.lang.Object org.springframework.boot.actuate.endpoint.mvc.EndpointMvcAdapter.invoke()
2017-04-16 05:33:26.397  INFO 8432 --- [    Test worker] h.controllers.AssessmentControllerTest   : Started AssessmentControllerTest in 15.789 seconds (JVM running for 17.113)
2017-04-16 05:33:26.445  INFO 8432 --- [    Test worker] o.s.b.t.m.w.SpringBootMockServletContext : Initializing Spring FrameworkServlet ''
2017-04-16 05:33:26.446  INFO 8432 --- [    Test worker] o.s.t.web.servlet.TestDispatcherServlet  : FrameworkServlet '': initialization started
2017-04-16 05:33:26.462  INFO 8432 --- [    Test worker] o.s.t.web.servlet.TestDispatcherServlet  : FrameworkServlet '': initialization completed in 16 ms
2017-04-16 05:33:27.353  WARN 8432 --- [    Test worker] o.s.orm.jpa.vendor.HibernateJpaDialect   : JDBC Connection to reset not identical to originally prepared Connection - please make sure to use connection release mode ON_CLOSE (the default) and to run against Hibernate 4.2+ (or switch HibernateJpaDialect's prepareConnection flag to false
2017-04-16 05:33:27.568  INFO 8432 --- [    Test worker] o.s.b.t.m.w.SpringBootMockServletContext : Initializing Spring FrameworkServlet ''
2017-04-16 05:33:27.568  INFO 8432 --- [    Test worker] o.s.t.web.servlet.TestDispatcherServlet  : FrameworkServlet '': initialization started
2017-04-16 05:33:27.568  INFO 8432 --- [    Test worker] o.s.t.web.servlet.TestDispatcherServlet  : FrameworkServlet '': initialization completed in 0 ms
2017-04-16 05:33:28.154  WARN 8432 --- [    Test worker] o.s.orm.jpa.vendor.HibernateJpaDialect   : JDBC Connection to reset not identical to originally prepared Connection - please make sure to use connection release mode ON_CLOSE (the default) and to run against Hibernate 4.2+ (or switch HibernateJpaDialect's prepareConnection flag to false
2017-04-16 05:33:28.308  WARN 8432 --- [    Test worker] o.s.orm.jpa.vendor.HibernateJpaDialect   : JDBC Connection to reset not identical to originally prepared Connection - please make sure to use connection release mode ON_CLOSE (the default) and to run against Hibernate 4.2+ (or switch HibernateJpaDialect's prepareConnection flag to false
2017-04-16 05:33:28.639  INFO 8432 --- [    Test worker] o.s.b.t.m.w.SpringBootMockServletContext : Initializing Spring FrameworkServlet ''
2017-04-16 05:33:28.639  INFO 8432 --- [    Test worker] o.s.t.web.servlet.TestDispatcherServlet  : FrameworkServlet '': initialization started
2017-04-16 05:33:28.655  INFO 8432 --- [    Test worker] o.s.t.web.servlet.TestDispatcherServlet  : FrameworkServlet '': initialization completed in 16 ms
2017-04-16 05:33:29.588  WARN 8432 --- [    Test worker] o.s.orm.jpa.vendor.HibernateJpaDialect   : JDBC Connection to reset not identical to originally prepared Connection - please make sure to use connection release mode ON_CLOSE (the default) and to run against Hibernate 4.2+ (or switch HibernateJpaDialect's prepareConnection flag to false
2017-04-16 05:33:29.588  INFO 8432 --- [    Test worker] o.s.b.t.m.w.SpringBootMockServletContext : Initializing Spring FrameworkServlet ''
2017-04-16 05:33:29.588  INFO 8432 --- [    Test worker] o.s.t.web.servlet.TestDispatcherServlet  : FrameworkServlet '': initialization started
2017-04-16 05:33:29.609  INFO 8432 --- [    Test worker] o.s.t.web.servlet.TestDispatcherServlet  : FrameworkServlet '': initialization completed in 21 ms
2017-04-16 05:33:30.327  WARN 8432 --- [    Test worker] o.s.orm.jpa.vendor.HibernateJpaDialect   : JDBC Connection to reset not identical to originally prepared Connection - please make sure to use connection release mode ON_CLOSE (the default) and to run against Hibernate 4.2+ (or switch HibernateJpaDialect's prepareConnection flag to false
2017-04-16 05:33:30.705  INFO 8432 --- [    Test worker] o.s.b.t.m.w.SpringBootMockServletContext : Initializing Spring FrameworkServlet ''
2017-04-16 05:33:30.705  INFO 8432 --- [    Test worker] o.s.t.web.servlet.TestDispatcherServlet  : FrameworkServlet '': initialization started
2017-04-16 05:33:30.705  INFO 8432 --- [    Test worker] o.s.t.web.servlet.TestDispatcherServlet  : FrameworkServlet '': initialization completed in 0 ms
2017-04-16 05:33:31.291  WARN 8432 --- [    Test worker] o.s.orm.jpa.vendor.HibernateJpaDialect   : JDBC Connection to reset not identical to originally prepared Connection - please make sure to use connection release mode ON_CLOSE (the default) and to run against Hibernate 4.2+ (or switch HibernateJpaDialect's prepareConnection flag to false
2017-04-16 05:33:31.306  INFO 8432 --- [    Test worker] o.s.b.t.m.w.SpringBootMockServletContext : Initializing Spring FrameworkServlet ''
2017-04-16 05:33:31.306  INFO 8432 --- [    Test worker] o.s.t.web.servlet.TestDispatcherServlet  : FrameworkServlet '': initialization started
2017-04-16 05:33:31.306  INFO 8432 --- [    Test worker] o.s.t.web.servlet.TestDispatcherServlet  : FrameworkServlet '': initialization completed in 0 ms
2017-04-16 05:33:31.560  INFO 8432 --- [    Test worker] o.s.b.t.m.w.SpringBootMockServletContext : Initializing Spring FrameworkServlet ''
2017-04-16 05:33:31.560  INFO 8432 --- [    Test worker] o.s.t.web.servlet.TestDispatcherServlet  : FrameworkServlet '': initialization started
2017-04-16 05:33:31.560  INFO 8432 --- [    Test worker] o.s.t.web.servlet.TestDispatcherServlet  : FrameworkServlet '': initialization completed in 0 ms
2017-04-16 05:33:31.924  WARN 8432 --- [    Test worker] o.s.orm.jpa.vendor.HibernateJpaDialect   : JDBC Connection to reset not identical to originally prepared Connection - please make sure to use connection release mode ON_CLOSE (the default) and to run against Hibernate 4.2+ (or switch HibernateJpaDialect's prepareConnection flag to false
2017-04-16 05:33:31.977  WARN 8432 --- [    Test worker] o.s.orm.jpa.vendor.HibernateJpaDialect   : JDBC Connection to reset not identical to originally prepared Connection - please make sure to use connection release mode ON_CLOSE (the default) and to run against Hibernate 4.2+ (or switch HibernateJpaDialect's prepareConnection flag to false
2017-04-16 05:33:32.077  INFO 8432 --- [    Test worker] o.s.b.t.m.w.SpringBootMockServletContext : Initializing Spring FrameworkServlet ''
2017-04-16 05:33:32.077  INFO 8432 --- [    Test worker] o.s.t.web.servlet.TestDispatcherServlet  : FrameworkServlet '': initialization started
2017-04-16 05:33:32.077  INFO 8432 --- [    Test worker] o.s.t.web.servlet.TestDispatcherServlet  : FrameworkServlet '': initialization completed in 0 ms
2017-04-16 05:33:32.811  WARN 8432 --- [    Test worker] o.s.orm.jpa.vendor.HibernateJpaDialect   : JDBC Connection to reset not identical to originally prepared Connection - please make sure to use connection release mode ON_CLOSE (the default) and to run against Hibernate 4.2+ (or switch HibernateJpaDialect's prepareConnection flag to false
2017-04-16 05:33:32.811  INFO 8432 --- [    Test worker] o.s.b.t.m.w.SpringBootMockServletContext : Initializing Spring FrameworkServlet ''
2017-04-16 05:33:32.811  INFO 8432 --- [    Test worker] o.s.t.web.servlet.TestDispatcherServlet  : FrameworkServlet '': initialization started
2017-04-16 05:33:32.826  INFO 8432 --- [    Test worker] o.s.t.web.servlet.TestDispatcherServlet  : FrameworkServlet '': initialization completed in 15 ms
Question ID: 2
Assessment ID: 4
2017-04-16 05:33:34.198  WARN 8432 --- [    Test worker] o.s.orm.jpa.vendor.HibernateJpaDialect   : JDBC Connection to reset not identical to originally prepared Connection - please make sure to use connection release mode ON_CLOSE (the default) and to run against Hibernate 4.2+ (or switch HibernateJpaDialect's prepareConnection flag to false
2017-04-16 05:33:34.267  WARN 8432 --- [    Test worker] o.s.orm.jpa.vendor.HibernateJpaDialect   : JDBC Connection to reset not identical to originally prepared Connection - please make sure to use connection release mode ON_CLOSE (the default) and to run against Hibernate 4.2+ (or switch HibernateJpaDialect's prepareConnection flag to false
2017-04-16 05:33:34.831  INFO 8432 --- [    Test worker] o.s.b.t.m.w.SpringBootMockServletContext : Initializing Spring FrameworkServlet ''
2017-04-16 05:33:34.831  INFO 8432 --- [    Test worker] o.s.t.web.servlet.TestDispatcherServlet  : FrameworkServlet '': initialization started
2017-04-16 05:33:34.848  INFO 8432 --- [    Test worker] o.s.t.web.servlet.TestDispatcherServlet  : FrameworkServlet '': initialization completed in 17 ms
2017-04-16 05:33:35.354  WARN 8432 --- [    Test worker] o.s.orm.jpa.vendor.HibernateJpaDialect   : JDBC Connection to reset not identical to originally prepared Connection - please make sure to use connection release mode ON_CLOSE (the default) and to run against Hibernate 4.2+ (or switch HibernateJpaDialect's prepareConnection flag to false
2017-04-16 05:33:35.401  INFO 8432 --- [    Test worker] o.s.b.t.m.w.SpringBootMockServletContext : Initializing Spring FrameworkServlet ''
2017-04-16 05:33:35.401  INFO 8432 --- [    Test worker] o.s.t.web.servlet.TestDispatcherServlet  : FrameworkServlet '': initialization started
2017-04-16 05:33:35.401  INFO 8432 --- [    Test worker] o.s.t.web.servlet.TestDispatcherServlet  : FrameworkServlet '': initialization completed in 0 ms
2017-04-16 05:33:35.808  WARN 8432 --- [    Test worker] o.s.orm.jpa.vendor.HibernateJpaDialect   : JDBC Connection to reset not identical to originally prepared Connection - please make sure to use connection release mode ON_CLOSE (the default) and to run against Hibernate 4.2+ (or switch HibernateJpaDialect's prepareConnection flag to false
2017-04-16 05:33:35.862  WARN 8432 --- [    Test worker] o.s.orm.jpa.vendor.HibernateJpaDialect   : JDBC Connection to reset not identical to originally prepared Connection - please make sure to use connection release mode ON_CLOSE (the default) and to run against Hibernate 4.2+ (or switch HibernateJpaDialect's prepareConnection flag to false
2017-04-16 05:33:35.877  INFO 8432 --- [    Test worker] o.s.b.t.m.w.SpringBootMockServletContext : Initializing Spring FrameworkServlet ''
2017-04-16 05:33:35.877  INFO 8432 --- [    Test worker] o.s.t.web.servlet.TestDispatcherServlet  : FrameworkServlet '': initialization started
2017-04-16 05:33:35.877  INFO 8432 --- [    Test worker] o.s.t.web.servlet.TestDispatcherServlet  : FrameworkServlet '': initialization completed in 0 ms
2017-04-16 05:33:36.379  WARN 8432 --- [    Test worker] o.s.orm.jpa.vendor.HibernateJpaDialect   : JDBC Connection to reset not identical to originally prepared Connection - please make sure to use connection release mode ON_CLOSE (the default) and to run against Hibernate 4.2+ (or switch HibernateJpaDialect's prepareConnection flag to false
2017-04-16 05:33:36.394  INFO 8432 --- [    Test worker] o.s.b.t.m.w.SpringBootMockServletContext : Initializing Spring FrameworkServlet ''
2017-04-16 05:33:36.394  INFO 8432 --- [    Test worker] o.s.t.web.servlet.TestDispatcherServlet  : FrameworkServlet '': initialization started
2017-04-16 05:33:36.394  INFO 8432 --- [    Test worker] o.s.t.web.servlet.TestDispatcherServlet  : FrameworkServlet '': initialization completed in 0 ms
2017-04-16 05:33:36.948  WARN 8432 --- [    Test worker] o.s.orm.jpa.vendor.HibernateJpaDialect   : JDBC Connection to reset not identical to originally prepared Connection - please make sure to use connection release mode ON_CLOSE (the default) and to run against Hibernate 4.2+ (or switch HibernateJpaDialect's prepareConnection flag to false
2017-04-16 05:33:37.396  INFO 8432 --- [    Test worker] o.s.b.t.m.w.SpringBootMockServletContext : Initializing Spring FrameworkServlet ''
2017-04-16 05:33:37.396  INFO 8432 --- [    Test worker] o.s.t.web.servlet.TestDispatcherServlet  : FrameworkServlet '': initialization started
2017-04-16 05:33:37.396  INFO 8432 --- [    Test worker] o.s.t.web.servlet.TestDispatcherServlet  : FrameworkServlet '': initialization completed in 0 ms
2017-04-16 05:33:37.797  WARN 8432 --- [    Test worker] o.s.orm.jpa.vendor.HibernateJpaDialect   : JDBC Connection to reset not identical to originally prepared Connection - please make sure to use connection release mode ON_CLOSE (the default) and to run against Hibernate 4.2+ (or switch HibernateJpaDialect's prepareConnection flag to false
2017-04-16 05:33:37.797  INFO 8432 --- [    Test worker] o.s.w.c.s.GenericWebApplicationContext   : Closing org.springframework.web.context.support.GenericWebApplicationContext@6158ccea: startup date [Sun Apr 16 05:33:11 CDT 2017]; root of context hierarchy
2017-04-16 05:33:37.818  INFO 8432 --- [    Test worker] j.LocalContainerEntityManagerFactoryBean : Closing JPA EntityManagerFactory for persistence unit 'default'
]]></system-out>
  <system-err><![CDATA[]]></system-err>
</testsuite>
