<?xml version="1.0" encoding="UTF-8"?>
<testsuite name="hello.storage.StoragePropertiesTest" tests="4" skipped="0" failures="0" errors="0" timestamp="2017-03-18T22:44:18" hostname="Puget-99033" time="0.001">
  <properties/>
  <testcase name="canary" classname="hello.storage.StoragePropertiesTest" time="0.0"/>
  <testcase name="setVideoDirectoryTest" classname="hello.storage.StoragePropertiesTest" time="0.0"/>
  <testcase name="setAudioDirectoryTest" classname="hello.storage.StoragePropertiesTest" time="0.0"/>
  <testcase name="setDirectoryTest" classname="hello.storage.StoragePropertiesTest" time="0.0"/>
  <system-out><![CDATA[]]></system-out>
  <system-err><![CDATA[]]></system-err>
</testsuite>
