<?xml version="1.0" encoding="UTF-8"?>
<testsuite name="hello.repositories.QuestionRepositoryTests" tests="1" skipped="0" failures="0" errors="0" timestamp="2017-03-18T22:43:16" hostname="Puget-99033" time="0.585">
  <properties/>
  <testcase name="testQuestionRepository" classname="hello.repositories.QuestionRepositoryTests" time="0.585"/>
  <system-out><![CDATA[2017-03-18 17:43:09.015  INFO 17360 --- [    Test worker] .b.t.c.SpringBootTestContextBootstrapper : Neither @ContextConfiguration nor @ContextHierarchy found for test class [hello.repositories.QuestionRepositoryTests], using SpringBootContextLoader
2017-03-18 17:43:09.016  INFO 17360 --- [    Test worker] o.s.t.c.support.AbstractContextLoader    : Could not detect default resource locations for test class [hello.repositories.QuestionRepositoryTests]: no resource found for suffixes {-context.xml, Context.groovy}.
2017-03-18 17:43:09.016  INFO 17360 --- [    Test worker] t.c.s.AnnotationConfigContextLoaderUtils : Could not detect default configuration classes for test class [hello.repositories.QuestionRepositoryTests]: QuestionRepositoryTests does not declare any static, non-private, non-final, nested classes annotated with @Configuration.
2017-03-18 17:43:09.022  INFO 17360 --- [    Test worker] .b.t.c.SpringBootTestContextBootstrapper : Found @SpringBootConfiguration hello.Application for test class hello.repositories.QuestionRepositoryTests
2017-03-18 17:43:09.025  INFO 17360 --- [    Test worker] .b.t.c.SpringBootTestContextBootstrapper : Loaded default TestExecutionListener class names from location [META-INF/spring.factories]: [org.springframework.test.context.web.ServletTestExecutionListener, org.springframework.test.context.support.DirtiesContextBeforeModesTestExecutionListener, org.springframework.test.context.support.DependencyInjectionTestExecutionListener, org.springframework.test.context.support.DirtiesContextTestExecutionListener, org.springframework.test.context.transaction.TransactionalTestExecutionListener, org.springframework.test.context.jdbc.SqlScriptsTestExecutionListener, org.springframework.boot.test.mock.mockito.MockitoTestExecutionListener, org.springframework.boot.test.mock.mockito.ResetMocksTestExecutionListener, org.springframework.boot.test.autoconfigure.restdocs.RestDocsTestExecutionListener, org.springframework.boot.test.autoconfigure.web.client.MockRestServiceServerResetTestExecutionListener, org.springframework.boot.test.autoconfigure.web.servlet.MockMvcPrintOnlyOnFailureTestExecutionListener, org.springframework.boot.test.autoconfigure.web.servlet.WebDriverTestExecutionListener]
2017-03-18 17:43:09.027  INFO 17360 --- [    Test worker] .b.t.c.SpringBootTestContextBootstrapper : Using TestExecutionListeners: [org.springframework.test.context.web.ServletTestExecutionListener@4d4e6b1b, org.springframework.test.context.support.DirtiesContextBeforeModesTestExecutionListener@3bbcc3fd, org.springframework.boot.test.autoconfigure.SpringBootDependencyInjectionTestExecutionListener@4340336f, org.springframework.test.context.support.DirtiesContextTestExecutionListener@6c3fc83, org.springframework.test.context.transaction.TransactionalTestExecutionListener@38eb59f3, org.springframework.test.context.jdbc.SqlScriptsTestExecutionListener@6595d638, org.springframework.boot.test.autoconfigure.web.client.MockRestServiceServerResetTestExecutionListener@278c5aae, org.springframework.boot.test.mock.mockito.MockitoTestExecutionListener@3eb29d38, org.springframework.boot.test.autoconfigure.web.servlet.WebDriverTestExecutionListener@5cf47fdc, org.springframework.boot.test.autoconfigure.web.servlet.MockMvcPrintOnlyOnFailureTestExecutionListener@179b466c, org.springframework.boot.test.autoconfigure.restdocs.RestDocsTestExecutionListener@5287371b, org.springframework.boot.test.mock.mockito.ResetMocksTestExecutionListener@78763b2e]

  .   ____          _            __ _ _
 /\\ / ___'_ __ _ _(_)_ __  __ _ \ \ \ \
( ( )\___ | '_ | '_| | '_ \/ _` | \ \ \ \
 \\/  ___)| |_)| | | | | || (_| |  ) ) ) )
  '  |____| .__|_| |_|_| |_\__, | / / / /
 =========|_|==============|___/=/_/_/_/
 :: Spring Boot ::        (v1.4.4.RELEASE)

2017-03-18 17:43:09.083  INFO 17360 --- [    Test worker] h.repositories.QuestionRepositoryTests   : Starting QuestionRepositoryTests on Puget-99033 with PID 17360 (started by Hector in D:\SHRPAS_Project)
2017-03-18 17:43:09.083  INFO 17360 --- [    Test worker] h.repositories.QuestionRepositoryTests   : No active profile set, falling back to default profiles: default
2017-03-18 17:43:09.085  INFO 17360 --- [    Test worker] s.c.a.AnnotationConfigApplicationContext : Refreshing org.springframework.context.annotation.AnnotationConfigApplicationContext@5fdf7931: startup date [Sat Mar 18 17:43:09 CDT 2017]; root of context hierarchy
2017-03-18 17:43:09.229  INFO 17360 --- [    Test worker] .s.d.r.c.RepositoryConfigurationDelegate : Multiple Spring Data modules found, entering strict repository configuration mode!
2017-03-18 17:43:09.462  INFO 17360 --- [    Test worker] j.LocalContainerEntityManagerFactoryBean : Building JPA container EntityManagerFactory for persistence unit 'default'
2017-03-18 17:43:09.462  INFO 17360 --- [    Test worker] org.hibernate.ejb.Ejb3Configuration      : HHH000204: Processing PersistenceUnitInfo [
	name: default
	...]
2017-03-18 17:43:09.476  WARN 17360 --- [    Test worker] org.hibernate.mapping.RootClass          : HHH000038: Composite-id class does not override equals(): hello.models.AsssessmentQuestion
2017-03-18 17:43:09.476  WARN 17360 --- [    Test worker] org.hibernate.mapping.RootClass          : HHH000039: Composite-id class does not override hashCode(): hello.models.AsssessmentQuestion
2017-03-18 17:43:09.476  INFO 17360 --- [    Test worker] o.h.s.j.c.i.ConnectionProviderInitiator  : HHH000130: Instantiating explicit connection provider: org.hibernate.ejb.connection.InjectedDataSourceConnectionProvider
2017-03-18 17:43:13.677  INFO 17360 --- [    Test worker] org.hibernate.dialect.Dialect            : HHH000400: Using dialect: org.hibernate.dialect.MySQLDialect
2017-03-18 17:43:13.678  INFO 17360 --- [    Test worker] o.h.e.t.i.TransactionFactoryInitiator    : HHH000268: Transaction strategy: org.hibernate.engine.transaction.internal.jdbc.JdbcTransactionFactory
2017-03-18 17:43:13.678  INFO 17360 --- [    Test worker] o.h.h.i.ast.ASTQueryTranslatorFactory    : HHH000397: Using ASTQueryTranslatorFactory
2017-03-18 17:43:13.721  INFO 17360 --- [    Test worker] org.hibernate.tool.hbm2ddl.SchemaExport  : HHH000227: Running hbm2ddl schema export
Hibernate: alter table User drop foreign key FK285FEB3EF04E78
Hibernate: alter table UserSession drop foreign key FKC7BC0C2BB8387F34
Hibernate: alter table assessment_question drop foreign key FK4C78B0C37B9A9682
Hibernate: alter table assessment_question drop foreign key FK4C78B0C343BE3602
Hibernate: drop table if exists JSONResponse
Hibernate: drop table if exists Question
Hibernate: drop table if exists Quiz
Hibernate: drop table if exists Role
Hibernate: drop table if exists User
Hibernate: drop table if exists UserSession
Hibernate: drop table if exists assessment
Hibernate: drop table if exists assessment_question
Hibernate: create table JSONResponse (id integer not null auto_increment, resourceName varchar(255), resourceType varchar(255), status varchar(255), primary key (id))
Hibernate: create table Question (id integer not null auto_increment, content varchar(255), status varchar(255), type varchar(255), primary key (id))
Hibernate: create table Quiz (id integer not null auto_increment, Content varchar(255), Status varchar(255), Type varchar(255), primary key (id))
Hibernate: create table Role (RoleId varchar(255) not null, Description varchar(255), primary key (RoleId))
Hibernate: create table User (UserID varchar(255) not null, Email varchar(255), Organization varchar(255), Password varchar(255), Title varchar(255), Role_RoleId varchar(255), primary key (UserID))
Hibernate: create table UserSession (SessionID CHAR(40) not null, LinkedUser_UserID varchar(255), primary key (SessionID))
Hibernate: create table assessment (id integer not null auto_increment, name varchar(255) not null, subtitle varchar(255), primary key (id))
Hibernate: create table assessment_question (question_id integer not null, assessment_id integer not null, primary key (question_id, assessment_id))
Hibernate: alter table User add index FK285FEB3EF04E78 (Role_RoleId), add constraint FK285FEB3EF04E78 foreign key (Role_RoleId) references Role (RoleId)
Hibernate: alter table UserSession add index FKC7BC0C2BB8387F34 (LinkedUser_UserID), add constraint FKC7BC0C2BB8387F34 foreign key (LinkedUser_UserID) references User (UserID)
Hibernate: alter table assessment_question add index FK4C78B0C37B9A9682 (assessment_id), add constraint FK4C78B0C37B9A9682 foreign key (assessment_id) references assessment (id)
Hibernate: alter table assessment_question add index FK4C78B0C343BE3602 (question_id), add constraint FK4C78B0C343BE3602 foreign key (question_id) references Question (id)
2017-03-18 17:43:16.011  INFO 17360 --- [    Test worker] org.hibernate.tool.hbm2ddl.SchemaExport  : HHH000230: Schema export complete
2017-03-18 17:43:16.016  INFO 17360 --- [    Test worker] j.LocalContainerEntityManagerFactoryBean : Initialized JPA EntityManagerFactory for persistence unit 'default'
2017-03-18 17:43:16.148  INFO 17360 --- [    Test worker] h.repositories.QuestionRepositoryTests   : Started QuestionRepositoryTests in 7.116 seconds (JVM running for 50.823)
2017-03-18 17:43:16.241  INFO 17360 --- [    Test worker] o.s.t.c.transaction.TransactionContext   : Began transaction (1) for test context [DefaultTestContext@536f6a54 testClass = QuestionRepositoryTests, testInstance = hello.repositories.QuestionRepositoryTests@3d6552d7, testMethod = testQuestionRepository@QuestionRepositoryTests, testException = [null], mergedContextConfiguration = [MergedContextConfiguration@6b7b2d41 testClass = QuestionRepositoryTests, locations = '{}', classes = '{class hello.Application}', contextInitializerClasses = '[]', activeProfiles = '{}', propertySourceLocations = '{}', propertySourceProperties = '{org.springframework.boot.test.context.SpringBootTestContextBootstrapper=true}', contextCustomizers = set[org.springframework.boot.test.context.ImportsContextCustomizer@cf0833d2, org.springframework.boot.test.context.filter.ExcludeFilterContextCustomizer@565b1810, org.springframework.boot.test.mock.mockito.MockitoContextCustomizer@4e3953f5, org.springframework.boot.test.autoconfigure.OverrideAutoConfigurationContextCustomizerFactory$DisableAutoConfigurationContextCustomizer@7564086, org.springframework.boot.test.autoconfigure.filter.TypeExcludeFiltersContextCustomizer@4a6156f5, org.springframework.boot.test.autoconfigure.properties.PropertyMappingContextCustomizer@68268e95, org.springframework.boot.test.autoconfigure.web.servlet.WebDriverContextCustomizerFactory$Customizer@4f95a300], contextLoader = 'org.springframework.boot.test.context.SpringBootContextLoader', parent = [null]]]; transaction manager [org.springframework.orm.jpa.JpaTransactionManager@2d4994df]; rollback [true]
Hibernate: select question0_.id as id51_1_, question0_.content as content51_1_, question0_.status as status51_1_, question0_.type as type51_1_, asssessmen1_.question_id as question1_51_3_, asssessmen1_.question_id as question1_3_, asssessmen1_.assessment_id as assessment2_3_, asssessmen1_.question_id as question1_49_0_, asssessmen1_.assessment_id as assessment2_49_0_ from Question question0_ left outer join assessment_question asssessmen1_ on question0_.id=asssessmen1_.question_id where question0_.id=?
Hibernate: insert into Question (content, status, type) values (?, ?, ?)
Hibernate: select count(*) as col_0_0_ from Question question0_ limit ?
2017-03-18 17:43:16.741  INFO 17360 --- [    Test worker] o.s.t.c.transaction.TransactionContext   : Rolled back transaction for test context [DefaultTestContext@536f6a54 testClass = QuestionRepositoryTests, testInstance = hello.repositories.QuestionRepositoryTests@3d6552d7, testMethod = testQuestionRepository@QuestionRepositoryTests, testException = [null], mergedContextConfiguration = [MergedContextConfiguration@6b7b2d41 testClass = QuestionRepositoryTests, locations = '{}', classes = '{class hello.Application}', contextInitializerClasses = '[]', activeProfiles = '{}', propertySourceLocations = '{}', propertySourceProperties = '{org.springframework.boot.test.context.SpringBootTestContextBootstrapper=true}', contextCustomizers = set[org.springframework.boot.test.context.ImportsContextCustomizer@cf0833d2, org.springframework.boot.test.context.filter.ExcludeFilterContextCustomizer@565b1810, org.springframework.boot.test.mock.mockito.MockitoContextCustomizer@4e3953f5, org.springframework.boot.test.autoconfigure.OverrideAutoConfigurationContextCustomizerFactory$DisableAutoConfigurationContextCustomizer@7564086, org.springframework.boot.test.autoconfigure.filter.TypeExcludeFiltersContextCustomizer@4a6156f5, org.springframework.boot.test.autoconfigure.properties.PropertyMappingContextCustomizer@68268e95, org.springframework.boot.test.autoconfigure.web.servlet.WebDriverContextCustomizerFactory$Customizer@4f95a300], contextLoader = 'org.springframework.boot.test.context.SpringBootContextLoader', parent = [null]]].
2017-03-18 17:43:16.742  INFO 17360 --- [    Test worker] s.c.a.AnnotationConfigApplicationContext : Closing org.springframework.context.annotation.AnnotationConfigApplicationContext@5fdf7931: startup date [Sat Mar 18 17:43:09 CDT 2017]; root of context hierarchy
2017-03-18 17:43:16.743  INFO 17360 --- [    Test worker] j.LocalContainerEntityManagerFactoryBean : Closing JPA EntityManagerFactory for persistence unit 'default'
]]></system-out>
  <system-err><![CDATA[]]></system-err>
</testsuite>
